[2024-10-31T09:57:22.323+0000] {processor.py:186} INFO - Started process (PID=251) to work on /home/airflow/.local/lib/python3.12/site-packages/airflow/example_dags/example_datasets.py
[2024-10-31T09:57:22.366+0000] {processor.py:914} INFO - Processing file /home/airflow/.local/lib/python3.12/site-packages/airflow/example_dags/example_datasets.py for tasks to queue
[2024-10-31T09:57:22.506+0000] {logging_mixin.py:190} INFO - [2024-10-31T09:57:22.486+0000] {dagbag.py:588} INFO - Filling up the DagBag from /home/airflow/.local/lib/python3.12/site-packages/airflow/example_dags/example_datasets.py
[2024-10-31T09:57:28.253+0000] {processor.py:925} INFO - DAG(s) 'consume_1_and_2_with_dataset_expressions', 'conditional_dataset_and_time_based_timetable', 'consume_1_or_2_with_dataset_expressions', 'dataset_produces_1', 'consume_1_or_both_2_and_3_with_dataset_expressions', 'dataset_produces_2', 'dataset_consumes_unknown_never_scheduled', 'dataset_consumes_1', 'dataset_consumes_1_never_scheduled', 'dataset_consumes_1_and_2' retrieved from /home/airflow/.local/lib/python3.12/site-packages/airflow/example_dags/example_datasets.py
[2024-10-31T09:57:33.502+0000] {logging_mixin.py:190} INFO - [2024-10-31T09:57:33.466+0000] {override.py:1900} INFO - Created Permission View: can read on DAG:consume_1_and_2_with_dataset_expressions
[2024-10-31T09:57:34.542+0000] {logging_mixin.py:190} INFO - [2024-10-31T09:57:34.525+0000] {override.py:1900} INFO - Created Permission View: can edit on DAG:consume_1_and_2_with_dataset_expressions
[2024-10-31T09:57:35.082+0000] {logging_mixin.py:190} INFO - [2024-10-31T09:57:35.079+0000] {override.py:1900} INFO - Created Permission View: can delete on DAG:consume_1_and_2_with_dataset_expressions
[2024-10-31T09:57:35.469+0000] {logging_mixin.py:190} INFO - [2024-10-31T09:57:35.455+0000] {override.py:1900} INFO - Created Permission View: can read on DAG Run:consume_1_and_2_with_dataset_expressions
[2024-10-31T09:57:35.956+0000] {logging_mixin.py:190} INFO - [2024-10-31T09:57:35.941+0000] {override.py:1900} INFO - Created Permission View: menu access on DAG Run:consume_1_and_2_with_dataset_expressions
[2024-10-31T09:57:36.251+0000] {logging_mixin.py:190} INFO - [2024-10-31T09:57:36.236+0000] {override.py:1900} INFO - Created Permission View: can delete on DAG Run:consume_1_and_2_with_dataset_expressions
[2024-10-31T09:57:36.534+0000] {logging_mixin.py:190} INFO - [2024-10-31T09:57:36.526+0000] {override.py:1900} INFO - Created Permission View: can create on DAG Run:consume_1_and_2_with_dataset_expressions
[2024-10-31T09:57:36.905+0000] {logging_mixin.py:190} INFO - [2024-10-31T09:57:36.894+0000] {override.py:1900} INFO - Created Permission View: can read on DAG:conditional_dataset_and_time_based_timetable
[2024-10-31T09:57:37.104+0000] {logging_mixin.py:190} INFO - [2024-10-31T09:57:37.101+0000] {override.py:1900} INFO - Created Permission View: can edit on DAG:conditional_dataset_and_time_based_timetable
[2024-10-31T09:57:37.328+0000] {logging_mixin.py:190} INFO - [2024-10-31T09:57:37.323+0000] {override.py:1900} INFO - Created Permission View: can delete on DAG:conditional_dataset_and_time_based_timetable
[2024-10-31T09:57:37.492+0000] {logging_mixin.py:190} INFO - [2024-10-31T09:57:37.485+0000] {override.py:1900} INFO - Created Permission View: can read on DAG Run:conditional_dataset_and_time_based_timetable
[2024-10-31T09:57:37.662+0000] {logging_mixin.py:190} INFO - [2024-10-31T09:57:37.649+0000] {override.py:1900} INFO - Created Permission View: menu access on DAG Run:conditional_dataset_and_time_based_timetable
[2024-10-31T09:57:37.820+0000] {logging_mixin.py:190} INFO - [2024-10-31T09:57:37.813+0000] {override.py:1900} INFO - Created Permission View: can delete on DAG Run:conditional_dataset_and_time_based_timetable
[2024-10-31T09:57:37.961+0000] {logging_mixin.py:190} INFO - [2024-10-31T09:57:37.947+0000] {override.py:1900} INFO - Created Permission View: can create on DAG Run:conditional_dataset_and_time_based_timetable
[2024-10-31T09:57:38.276+0000] {logging_mixin.py:190} INFO - [2024-10-31T09:57:38.266+0000] {override.py:1900} INFO - Created Permission View: can read on DAG:consume_1_or_2_with_dataset_expressions
[2024-10-31T09:57:38.475+0000] {logging_mixin.py:190} INFO - [2024-10-31T09:57:38.469+0000] {override.py:1900} INFO - Created Permission View: can edit on DAG:consume_1_or_2_with_dataset_expressions
[2024-10-31T09:57:38.614+0000] {logging_mixin.py:190} INFO - [2024-10-31T09:57:38.611+0000] {override.py:1900} INFO - Created Permission View: can delete on DAG:consume_1_or_2_with_dataset_expressions
[2024-10-31T09:57:38.858+0000] {logging_mixin.py:190} INFO - [2024-10-31T09:57:38.850+0000] {override.py:1900} INFO - Created Permission View: can read on DAG Run:consume_1_or_2_with_dataset_expressions
[2024-10-31T09:57:39.165+0000] {logging_mixin.py:190} INFO - [2024-10-31T09:57:39.162+0000] {override.py:1900} INFO - Created Permission View: menu access on DAG Run:consume_1_or_2_with_dataset_expressions
[2024-10-31T09:57:39.385+0000] {logging_mixin.py:190} INFO - [2024-10-31T09:57:39.382+0000] {override.py:1900} INFO - Created Permission View: can delete on DAG Run:consume_1_or_2_with_dataset_expressions
[2024-10-31T09:57:39.937+0000] {logging_mixin.py:190} INFO - [2024-10-31T09:57:39.924+0000] {override.py:1900} INFO - Created Permission View: can create on DAG Run:consume_1_or_2_with_dataset_expressions
[2024-10-31T09:57:40.788+0000] {logging_mixin.py:190} INFO - [2024-10-31T09:57:40.773+0000] {override.py:1900} INFO - Created Permission View: can read on DAG:dataset_produces_1
[2024-10-31T09:57:41.273+0000] {logging_mixin.py:190} INFO - [2024-10-31T09:57:41.263+0000] {override.py:1900} INFO - Created Permission View: can edit on DAG:dataset_produces_1
[2024-10-31T09:57:41.599+0000] {logging_mixin.py:190} INFO - [2024-10-31T09:57:41.591+0000] {override.py:1900} INFO - Created Permission View: can delete on DAG:dataset_produces_1
[2024-10-31T09:57:41.813+0000] {logging_mixin.py:190} INFO - [2024-10-31T09:57:41.803+0000] {override.py:1900} INFO - Created Permission View: can read on DAG Run:dataset_produces_1
[2024-10-31T09:57:41.903+0000] {logging_mixin.py:190} INFO - [2024-10-31T09:57:41.899+0000] {override.py:1900} INFO - Created Permission View: menu access on DAG Run:dataset_produces_1
[2024-10-31T09:57:42.067+0000] {logging_mixin.py:190} INFO - [2024-10-31T09:57:42.062+0000] {override.py:1900} INFO - Created Permission View: can delete on DAG Run:dataset_produces_1
[2024-10-31T09:57:42.246+0000] {logging_mixin.py:190} INFO - [2024-10-31T09:57:42.240+0000] {override.py:1900} INFO - Created Permission View: can create on DAG Run:dataset_produces_1
[2024-10-31T09:57:42.455+0000] {logging_mixin.py:190} INFO - [2024-10-31T09:57:42.452+0000] {override.py:1900} INFO - Created Permission View: can read on DAG:consume_1_or_both_2_and_3_with_dataset_expressions
[2024-10-31T09:57:42.699+0000] {logging_mixin.py:190} INFO - [2024-10-31T09:57:42.675+0000] {override.py:1900} INFO - Created Permission View: can edit on DAG:consume_1_or_both_2_and_3_with_dataset_expressions
[2024-10-31T09:57:43.149+0000] {logging_mixin.py:190} INFO - [2024-10-31T09:57:43.119+0000] {override.py:1900} INFO - Created Permission View: can delete on DAG:consume_1_or_both_2_and_3_with_dataset_expressions
[2024-10-31T09:57:43.418+0000] {logging_mixin.py:190} INFO - [2024-10-31T09:57:43.416+0000] {override.py:1900} INFO - Created Permission View: can read on DAG Run:consume_1_or_both_2_and_3_with_dataset_expressions
[2024-10-31T09:57:43.785+0000] {logging_mixin.py:190} INFO - [2024-10-31T09:57:43.756+0000] {override.py:1900} INFO - Created Permission View: menu access on DAG Run:consume_1_or_both_2_and_3_with_dataset_expressions
[2024-10-31T09:57:44.207+0000] {logging_mixin.py:190} INFO - [2024-10-31T09:57:44.204+0000] {override.py:1900} INFO - Created Permission View: can delete on DAG Run:consume_1_or_both_2_and_3_with_dataset_expressions
[2024-10-31T09:57:44.516+0000] {logging_mixin.py:190} INFO - [2024-10-31T09:57:44.513+0000] {override.py:1900} INFO - Created Permission View: can create on DAG Run:consume_1_or_both_2_and_3_with_dataset_expressions
[2024-10-31T09:57:45.605+0000] {logging_mixin.py:190} INFO - [2024-10-31T09:57:45.595+0000] {override.py:1900} INFO - Created Permission View: can read on DAG:dataset_produces_2
[2024-10-31T09:57:45.849+0000] {logging_mixin.py:190} INFO - [2024-10-31T09:57:45.838+0000] {override.py:1900} INFO - Created Permission View: can edit on DAG:dataset_produces_2
[2024-10-31T09:57:46.046+0000] {logging_mixin.py:190} INFO - [2024-10-31T09:57:46.044+0000] {override.py:1900} INFO - Created Permission View: can delete on DAG:dataset_produces_2
[2024-10-31T09:57:46.440+0000] {logging_mixin.py:190} INFO - [2024-10-31T09:57:46.399+0000] {override.py:1900} INFO - Created Permission View: can read on DAG Run:dataset_produces_2
[2024-10-31T09:57:46.768+0000] {logging_mixin.py:190} INFO - [2024-10-31T09:57:46.739+0000] {override.py:1900} INFO - Created Permission View: menu access on DAG Run:dataset_produces_2
[2024-10-31T09:57:46.900+0000] {logging_mixin.py:190} INFO - [2024-10-31T09:57:46.896+0000] {override.py:1900} INFO - Created Permission View: can delete on DAG Run:dataset_produces_2
[2024-10-31T09:57:47.057+0000] {logging_mixin.py:190} INFO - [2024-10-31T09:57:47.049+0000] {override.py:1900} INFO - Created Permission View: can create on DAG Run:dataset_produces_2
[2024-10-31T09:57:47.263+0000] {logging_mixin.py:190} INFO - [2024-10-31T09:57:47.260+0000] {override.py:1900} INFO - Created Permission View: can read on DAG:dataset_consumes_unknown_never_scheduled
[2024-10-31T09:57:47.384+0000] {logging_mixin.py:190} INFO - [2024-10-31T09:57:47.381+0000] {override.py:1900} INFO - Created Permission View: can edit on DAG:dataset_consumes_unknown_never_scheduled
[2024-10-31T09:57:47.487+0000] {logging_mixin.py:190} INFO - [2024-10-31T09:57:47.477+0000] {override.py:1900} INFO - Created Permission View: can delete on DAG:dataset_consumes_unknown_never_scheduled
[2024-10-31T09:57:47.631+0000] {logging_mixin.py:190} INFO - [2024-10-31T09:57:47.628+0000] {override.py:1900} INFO - Created Permission View: can read on DAG Run:dataset_consumes_unknown_never_scheduled
[2024-10-31T09:57:47.774+0000] {logging_mixin.py:190} INFO - [2024-10-31T09:57:47.771+0000] {override.py:1900} INFO - Created Permission View: menu access on DAG Run:dataset_consumes_unknown_never_scheduled
[2024-10-31T09:57:47.910+0000] {logging_mixin.py:190} INFO - [2024-10-31T09:57:47.907+0000] {override.py:1900} INFO - Created Permission View: can delete on DAG Run:dataset_consumes_unknown_never_scheduled
[2024-10-31T09:57:47.998+0000] {logging_mixin.py:190} INFO - [2024-10-31T09:57:47.993+0000] {override.py:1900} INFO - Created Permission View: can create on DAG Run:dataset_consumes_unknown_never_scheduled
[2024-10-31T09:57:48.253+0000] {logging_mixin.py:190} INFO - [2024-10-31T09:57:48.240+0000] {override.py:1900} INFO - Created Permission View: can read on DAG:dataset_consumes_1
[2024-10-31T09:57:48.496+0000] {logging_mixin.py:190} INFO - [2024-10-31T09:57:48.475+0000] {override.py:1900} INFO - Created Permission View: can edit on DAG:dataset_consumes_1
[2024-10-31T09:57:48.693+0000] {logging_mixin.py:190} INFO - [2024-10-31T09:57:48.665+0000] {override.py:1900} INFO - Created Permission View: can delete on DAG:dataset_consumes_1
[2024-10-31T09:57:48.873+0000] {logging_mixin.py:190} INFO - [2024-10-31T09:57:48.863+0000] {override.py:1900} INFO - Created Permission View: can read on DAG Run:dataset_consumes_1
[2024-10-31T09:57:49.137+0000] {logging_mixin.py:190} INFO - [2024-10-31T09:57:49.133+0000] {override.py:1900} INFO - Created Permission View: menu access on DAG Run:dataset_consumes_1
[2024-10-31T09:57:49.333+0000] {logging_mixin.py:190} INFO - [2024-10-31T09:57:49.316+0000] {override.py:1900} INFO - Created Permission View: can delete on DAG Run:dataset_consumes_1
[2024-10-31T09:57:49.536+0000] {logging_mixin.py:190} INFO - [2024-10-31T09:57:49.520+0000] {override.py:1900} INFO - Created Permission View: can create on DAG Run:dataset_consumes_1
[2024-10-31T09:57:50.190+0000] {logging_mixin.py:190} INFO - [2024-10-31T09:57:50.187+0000] {override.py:1900} INFO - Created Permission View: can read on DAG:dataset_consumes_1_never_scheduled
[2024-10-31T09:57:50.865+0000] {logging_mixin.py:190} INFO - [2024-10-31T09:57:50.829+0000] {override.py:1900} INFO - Created Permission View: can edit on DAG:dataset_consumes_1_never_scheduled
[2024-10-31T09:57:51.323+0000] {logging_mixin.py:190} INFO - [2024-10-31T09:57:51.294+0000] {override.py:1900} INFO - Created Permission View: can delete on DAG:dataset_consumes_1_never_scheduled
[2024-10-31T09:57:51.916+0000] {logging_mixin.py:190} INFO - [2024-10-31T09:57:51.856+0000] {override.py:1900} INFO - Created Permission View: can read on DAG Run:dataset_consumes_1_never_scheduled
[2024-10-31T09:57:52.370+0000] {logging_mixin.py:190} INFO - [2024-10-31T09:57:52.367+0000] {override.py:1900} INFO - Created Permission View: menu access on DAG Run:dataset_consumes_1_never_scheduled
[2024-10-31T09:57:53.021+0000] {logging_mixin.py:190} INFO - [2024-10-31T09:57:52.963+0000] {override.py:1900} INFO - Created Permission View: can delete on DAG Run:dataset_consumes_1_never_scheduled
[2024-10-31T09:57:53.491+0000] {logging_mixin.py:190} INFO - [2024-10-31T09:57:53.489+0000] {override.py:1900} INFO - Created Permission View: can create on DAG Run:dataset_consumes_1_never_scheduled
[2024-10-31T09:57:54.214+0000] {logging_mixin.py:190} INFO - [2024-10-31T09:57:54.210+0000] {override.py:1900} INFO - Created Permission View: can read on DAG:dataset_consumes_1_and_2
[2024-10-31T09:57:54.379+0000] {logging_mixin.py:190} INFO - [2024-10-31T09:57:54.371+0000] {override.py:1900} INFO - Created Permission View: can edit on DAG:dataset_consumes_1_and_2
[2024-10-31T09:57:54.499+0000] {logging_mixin.py:190} INFO - [2024-10-31T09:57:54.496+0000] {override.py:1900} INFO - Created Permission View: can delete on DAG:dataset_consumes_1_and_2
[2024-10-31T09:57:54.631+0000] {logging_mixin.py:190} INFO - [2024-10-31T09:57:54.628+0000] {override.py:1900} INFO - Created Permission View: can read on DAG Run:dataset_consumes_1_and_2
[2024-10-31T09:57:54.770+0000] {logging_mixin.py:190} INFO - [2024-10-31T09:57:54.767+0000] {override.py:1900} INFO - Created Permission View: menu access on DAG Run:dataset_consumes_1_and_2
[2024-10-31T09:57:54.872+0000] {logging_mixin.py:190} INFO - [2024-10-31T09:57:54.870+0000] {override.py:1900} INFO - Created Permission View: can delete on DAG Run:dataset_consumes_1_and_2
[2024-10-31T09:57:55.088+0000] {logging_mixin.py:190} INFO - [2024-10-31T09:57:55.080+0000] {override.py:1900} INFO - Created Permission View: can create on DAG Run:dataset_consumes_1_and_2
[2024-10-31T09:57:55.108+0000] {logging_mixin.py:190} INFO - [2024-10-31T09:57:55.102+0000] {dag.py:3239} INFO - Sync 10 DAGs
[2024-10-31T09:57:55.791+0000] {logging_mixin.py:190} INFO - [2024-10-31T09:57:55.782+0000] {dag.py:3262} INFO - Creating ORM DAG for consume_1_and_2_with_dataset_expressions
[2024-10-31T09:57:55.814+0000] {logging_mixin.py:190} INFO - [2024-10-31T09:57:55.810+0000] {dag.py:3262} INFO - Creating ORM DAG for dataset_consumes_1_and_2
[2024-10-31T09:57:55.836+0000] {logging_mixin.py:190} INFO - [2024-10-31T09:57:55.834+0000] {dag.py:3262} INFO - Creating ORM DAG for conditional_dataset_and_time_based_timetable
[2024-10-31T09:57:55.876+0000] {logging_mixin.py:190} INFO - [2024-10-31T09:57:55.873+0000] {dag.py:3262} INFO - Creating ORM DAG for consume_1_or_both_2_and_3_with_dataset_expressions
[2024-10-31T09:57:55.961+0000] {logging_mixin.py:190} INFO - [2024-10-31T09:57:55.948+0000] {dag.py:3262} INFO - Creating ORM DAG for dataset_consumes_unknown_never_scheduled
[2024-10-31T09:57:56.196+0000] {logging_mixin.py:190} INFO - [2024-10-31T09:57:56.194+0000] {dag.py:3262} INFO - Creating ORM DAG for dataset_produces_2
[2024-10-31T09:57:56.293+0000] {logging_mixin.py:190} INFO - [2024-10-31T09:57:56.290+0000] {dag.py:3262} INFO - Creating ORM DAG for dataset_consumes_1
[2024-10-31T09:57:56.387+0000] {logging_mixin.py:190} INFO - [2024-10-31T09:57:56.325+0000] {dag.py:3262} INFO - Creating ORM DAG for dataset_consumes_1_never_scheduled
[2024-10-31T09:57:56.475+0000] {logging_mixin.py:190} INFO - [2024-10-31T09:57:56.473+0000] {dag.py:3262} INFO - Creating ORM DAG for consume_1_or_2_with_dataset_expressions
[2024-10-31T09:57:56.645+0000] {logging_mixin.py:190} INFO - [2024-10-31T09:57:56.630+0000] {dag.py:3262} INFO - Creating ORM DAG for dataset_produces_1
[2024-10-31T09:57:57.767+0000] {logging_mixin.py:190} INFO - [2024-10-31T09:57:57.751+0000] {dag.py:4180} INFO - Setting next_dagrun for conditional_dataset_and_time_based_timetable to 2024-10-30 01:00:00+00:00, run_after=2024-10-30 01:00:00+00:00
[2024-10-31T09:57:57.874+0000] {logging_mixin.py:190} INFO - [2024-10-31T09:57:57.868+0000] {dag.py:4180} INFO - Setting next_dagrun for consume_1_and_2_with_dataset_expressions to None, run_after=None
[2024-10-31T09:57:57.931+0000] {logging_mixin.py:190} INFO - [2024-10-31T09:57:57.923+0000] {dag.py:4180} INFO - Setting next_dagrun for consume_1_or_2_with_dataset_expressions to None, run_after=None
[2024-10-31T09:57:57.976+0000] {logging_mixin.py:190} INFO - [2024-10-31T09:57:57.974+0000] {dag.py:4180} INFO - Setting next_dagrun for consume_1_or_both_2_and_3_with_dataset_expressions to None, run_after=None
[2024-10-31T09:57:58.024+0000] {logging_mixin.py:190} INFO - [2024-10-31T09:57:58.022+0000] {dag.py:4180} INFO - Setting next_dagrun for dataset_consumes_1 to None, run_after=None
[2024-10-31T09:57:58.104+0000] {logging_mixin.py:190} INFO - [2024-10-31T09:57:58.073+0000] {dag.py:4180} INFO - Setting next_dagrun for dataset_consumes_1_and_2 to None, run_after=None
[2024-10-31T09:57:58.152+0000] {logging_mixin.py:190} INFO - [2024-10-31T09:57:58.137+0000] {dag.py:4180} INFO - Setting next_dagrun for dataset_consumes_1_never_scheduled to None, run_after=None
[2024-10-31T09:57:58.199+0000] {logging_mixin.py:190} INFO - [2024-10-31T09:57:58.197+0000] {dag.py:4180} INFO - Setting next_dagrun for dataset_consumes_unknown_never_scheduled to None, run_after=None
[2024-10-31T09:57:58.359+0000] {logging_mixin.py:190} INFO - [2024-10-31T09:57:58.330+0000] {dag.py:4180} INFO - Setting next_dagrun for dataset_produces_1 to 2024-10-30 00:00:00+00:00, run_after=2024-10-31 00:00:00+00:00
[2024-10-31T09:57:58.453+0000] {logging_mixin.py:190} INFO - [2024-10-31T09:57:58.424+0000] {dag.py:4180} INFO - Setting next_dagrun for dataset_produces_2 to None, run_after=None
[2024-10-31T09:58:01.690+0000] {processor.py:208} INFO - Processing /home/airflow/.local/lib/python3.12/site-packages/airflow/example_dags/example_datasets.py took 39.709 seconds
[2024-10-31T10:01:46.155+0000] {processor.py:186} INFO - Started process (PID=355) to work on /home/airflow/.local/lib/python3.12/site-packages/airflow/example_dags/example_datasets.py
[2024-10-31T10:01:46.210+0000] {processor.py:914} INFO - Processing file /home/airflow/.local/lib/python3.12/site-packages/airflow/example_dags/example_datasets.py for tasks to queue
[2024-10-31T10:01:46.326+0000] {logging_mixin.py:190} INFO - [2024-10-31T10:01:46.309+0000] {dagbag.py:588} INFO - Filling up the DagBag from /home/airflow/.local/lib/python3.12/site-packages/airflow/example_dags/example_datasets.py
[2024-10-31T10:01:51.433+0000] {processor.py:925} INFO - DAG(s) 'dataset_consumes_1', 'dataset_produces_1', 'dataset_consumes_1_never_scheduled', 'consume_1_and_2_with_dataset_expressions', 'dataset_consumes_1_and_2', 'dataset_consumes_unknown_never_scheduled', 'dataset_produces_2', 'consume_1_or_both_2_and_3_with_dataset_expressions', 'conditional_dataset_and_time_based_timetable', 'consume_1_or_2_with_dataset_expressions' retrieved from /home/airflow/.local/lib/python3.12/site-packages/airflow/example_dags/example_datasets.py
[2024-10-31T10:01:52.646+0000] {logging_mixin.py:190} INFO - [2024-10-31T10:01:52.643+0000] {dag.py:3239} INFO - Sync 10 DAGs
[2024-10-31T10:01:54.202+0000] {logging_mixin.py:190} INFO - [2024-10-31T10:01:54.200+0000] {dag.py:4180} INFO - Setting next_dagrun for conditional_dataset_and_time_based_timetable to 2024-10-30 01:00:00+00:00, run_after=2024-10-30 01:00:00+00:00
[2024-10-31T10:01:54.264+0000] {logging_mixin.py:190} INFO - [2024-10-31T10:01:54.261+0000] {dag.py:4180} INFO - Setting next_dagrun for consume_1_and_2_with_dataset_expressions to None, run_after=None
[2024-10-31T10:01:54.359+0000] {logging_mixin.py:190} INFO - [2024-10-31T10:01:54.330+0000] {dag.py:4180} INFO - Setting next_dagrun for consume_1_or_2_with_dataset_expressions to None, run_after=None
[2024-10-31T10:01:54.408+0000] {logging_mixin.py:190} INFO - [2024-10-31T10:01:54.395+0000] {dag.py:4180} INFO - Setting next_dagrun for consume_1_or_both_2_and_3_with_dataset_expressions to None, run_after=None
[2024-10-31T10:01:54.468+0000] {logging_mixin.py:190} INFO - [2024-10-31T10:01:54.466+0000] {dag.py:4180} INFO - Setting next_dagrun for dataset_consumes_1 to None, run_after=None
[2024-10-31T10:01:54.533+0000] {logging_mixin.py:190} INFO - [2024-10-31T10:01:54.531+0000] {dag.py:4180} INFO - Setting next_dagrun for dataset_consumes_1_and_2 to None, run_after=None
[2024-10-31T10:01:54.594+0000] {logging_mixin.py:190} INFO - [2024-10-31T10:01:54.592+0000] {dag.py:4180} INFO - Setting next_dagrun for dataset_consumes_1_never_scheduled to None, run_after=None
[2024-10-31T10:01:54.655+0000] {logging_mixin.py:190} INFO - [2024-10-31T10:01:54.636+0000] {dag.py:4180} INFO - Setting next_dagrun for dataset_consumes_unknown_never_scheduled to None, run_after=None
[2024-10-31T10:01:54.769+0000] {logging_mixin.py:190} INFO - [2024-10-31T10:01:54.766+0000] {dag.py:4180} INFO - Setting next_dagrun for dataset_produces_1 to 2024-10-30 00:00:00+00:00, run_after=2024-10-31 00:00:00+00:00
[2024-10-31T10:01:54.804+0000] {logging_mixin.py:190} INFO - [2024-10-31T10:01:54.793+0000] {dag.py:4180} INFO - Setting next_dagrun for dataset_produces_2 to None, run_after=None
[2024-10-31T10:01:56.447+0000] {processor.py:208} INFO - Processing /home/airflow/.local/lib/python3.12/site-packages/airflow/example_dags/example_datasets.py took 10.380 seconds
[2024-10-31T10:04:15.992+0000] {processor.py:186} INFO - Started process (PID=459) to work on /home/airflow/.local/lib/python3.12/site-packages/airflow/example_dags/example_datasets.py
[2024-10-31T10:04:16.005+0000] {processor.py:914} INFO - Processing file /home/airflow/.local/lib/python3.12/site-packages/airflow/example_dags/example_datasets.py for tasks to queue
[2024-10-31T10:04:16.047+0000] {logging_mixin.py:190} INFO - [2024-10-31T10:04:16.035+0000] {dagbag.py:588} INFO - Filling up the DagBag from /home/airflow/.local/lib/python3.12/site-packages/airflow/example_dags/example_datasets.py
[2024-10-31T10:04:18.600+0000] {processor.py:925} INFO - DAG(s) 'dataset_consumes_1_and_2', 'dataset_consumes_1_never_scheduled', 'consume_1_or_2_with_dataset_expressions', 'dataset_consumes_unknown_never_scheduled', 'dataset_produces_2', 'consume_1_or_both_2_and_3_with_dataset_expressions', 'dataset_produces_1', 'dataset_consumes_1', 'conditional_dataset_and_time_based_timetable', 'consume_1_and_2_with_dataset_expressions' retrieved from /home/airflow/.local/lib/python3.12/site-packages/airflow/example_dags/example_datasets.py
[2024-10-31T10:04:19.548+0000] {logging_mixin.py:190} INFO - [2024-10-31T10:04:19.541+0000] {dag.py:3239} INFO - Sync 10 DAGs
[2024-10-31T10:04:20.081+0000] {logging_mixin.py:190} INFO - [2024-10-31T10:04:20.078+0000] {dag.py:4180} INFO - Setting next_dagrun for conditional_dataset_and_time_based_timetable to 2024-10-30 01:00:00+00:00, run_after=2024-10-30 01:00:00+00:00
[2024-10-31T10:04:20.149+0000] {logging_mixin.py:190} INFO - [2024-10-31T10:04:20.142+0000] {dag.py:4180} INFO - Setting next_dagrun for consume_1_and_2_with_dataset_expressions to None, run_after=None
[2024-10-31T10:04:20.173+0000] {logging_mixin.py:190} INFO - [2024-10-31T10:04:20.170+0000] {dag.py:4180} INFO - Setting next_dagrun for consume_1_or_2_with_dataset_expressions to None, run_after=None
[2024-10-31T10:04:20.200+0000] {logging_mixin.py:190} INFO - [2024-10-31T10:04:20.197+0000] {dag.py:4180} INFO - Setting next_dagrun for consume_1_or_both_2_and_3_with_dataset_expressions to None, run_after=None
[2024-10-31T10:04:20.225+0000] {logging_mixin.py:190} INFO - [2024-10-31T10:04:20.222+0000] {dag.py:4180} INFO - Setting next_dagrun for dataset_consumes_1 to None, run_after=None
[2024-10-31T10:04:20.266+0000] {logging_mixin.py:190} INFO - [2024-10-31T10:04:20.262+0000] {dag.py:4180} INFO - Setting next_dagrun for dataset_consumes_1_and_2 to None, run_after=None
[2024-10-31T10:04:20.290+0000] {logging_mixin.py:190} INFO - [2024-10-31T10:04:20.288+0000] {dag.py:4180} INFO - Setting next_dagrun for dataset_consumes_1_never_scheduled to None, run_after=None
[2024-10-31T10:04:20.323+0000] {logging_mixin.py:190} INFO - [2024-10-31T10:04:20.320+0000] {dag.py:4180} INFO - Setting next_dagrun for dataset_consumes_unknown_never_scheduled to None, run_after=None
[2024-10-31T10:04:20.396+0000] {logging_mixin.py:190} INFO - [2024-10-31T10:04:20.380+0000] {dag.py:4180} INFO - Setting next_dagrun for dataset_produces_1 to 2024-10-30 00:00:00+00:00, run_after=2024-10-31 00:00:00+00:00
[2024-10-31T10:04:20.425+0000] {logging_mixin.py:190} INFO - [2024-10-31T10:04:20.422+0000] {dag.py:4180} INFO - Setting next_dagrun for dataset_produces_2 to None, run_after=None
[2024-10-31T10:04:21.595+0000] {processor.py:208} INFO - Processing /home/airflow/.local/lib/python3.12/site-packages/airflow/example_dags/example_datasets.py took 5.675 seconds
[2024-10-31T10:12:56.164+0000] {processor.py:186} INFO - Started process (PID=86) to work on /home/airflow/.local/lib/python3.12/site-packages/airflow/example_dags/example_datasets.py
[2024-10-31T10:12:56.166+0000] {processor.py:914} INFO - Processing file /home/airflow/.local/lib/python3.12/site-packages/airflow/example_dags/example_datasets.py for tasks to queue
[2024-10-31T10:12:56.169+0000] {logging_mixin.py:190} INFO - [2024-10-31T10:12:56.169+0000] {dagbag.py:588} INFO - Filling up the DagBag from /home/airflow/.local/lib/python3.12/site-packages/airflow/example_dags/example_datasets.py
[2024-10-31T10:12:56.537+0000] {processor.py:925} INFO - DAG(s) 'dataset_consumes_1', 'dataset_consumes_unknown_never_scheduled', 'dataset_produces_1', 'dataset_consumes_1_never_scheduled', 'consume_1_or_both_2_and_3_with_dataset_expressions', 'dataset_produces_2', 'consume_1_or_2_with_dataset_expressions', 'consume_1_and_2_with_dataset_expressions', 'conditional_dataset_and_time_based_timetable', 'dataset_consumes_1_and_2' retrieved from /home/airflow/.local/lib/python3.12/site-packages/airflow/example_dags/example_datasets.py
[2024-10-31T10:12:56.619+0000] {logging_mixin.py:190} INFO - [2024-10-31T10:12:56.618+0000] {dag.py:3239} INFO - Sync 10 DAGs
[2024-10-31T10:12:56.674+0000] {logging_mixin.py:190} INFO - [2024-10-31T10:12:56.674+0000] {dag.py:4180} INFO - Setting next_dagrun for conditional_dataset_and_time_based_timetable to 2024-10-30 01:00:00+00:00, run_after=2024-10-30 01:00:00+00:00
[2024-10-31T10:12:56.682+0000] {logging_mixin.py:190} INFO - [2024-10-31T10:12:56.682+0000] {dag.py:4180} INFO - Setting next_dagrun for consume_1_and_2_with_dataset_expressions to None, run_after=None
[2024-10-31T10:12:56.685+0000] {logging_mixin.py:190} INFO - [2024-10-31T10:12:56.685+0000] {dag.py:4180} INFO - Setting next_dagrun for consume_1_or_2_with_dataset_expressions to None, run_after=None
[2024-10-31T10:12:56.689+0000] {logging_mixin.py:190} INFO - [2024-10-31T10:12:56.689+0000] {dag.py:4180} INFO - Setting next_dagrun for consume_1_or_both_2_and_3_with_dataset_expressions to None, run_after=None
[2024-10-31T10:12:56.693+0000] {logging_mixin.py:190} INFO - [2024-10-31T10:12:56.692+0000] {dag.py:4180} INFO - Setting next_dagrun for dataset_consumes_1 to None, run_after=None
[2024-10-31T10:12:56.695+0000] {logging_mixin.py:190} INFO - [2024-10-31T10:12:56.695+0000] {dag.py:4180} INFO - Setting next_dagrun for dataset_consumes_1_and_2 to None, run_after=None
[2024-10-31T10:12:56.699+0000] {logging_mixin.py:190} INFO - [2024-10-31T10:12:56.698+0000] {dag.py:4180} INFO - Setting next_dagrun for dataset_consumes_1_never_scheduled to None, run_after=None
[2024-10-31T10:12:56.703+0000] {logging_mixin.py:190} INFO - [2024-10-31T10:12:56.702+0000] {dag.py:4180} INFO - Setting next_dagrun for dataset_consumes_unknown_never_scheduled to None, run_after=None
[2024-10-31T10:12:56.709+0000] {logging_mixin.py:190} INFO - [2024-10-31T10:12:56.709+0000] {dag.py:4180} INFO - Setting next_dagrun for dataset_produces_1 to 2024-10-30 00:00:00+00:00, run_after=2024-10-31 00:00:00+00:00
[2024-10-31T10:12:56.713+0000] {logging_mixin.py:190} INFO - [2024-10-31T10:12:56.713+0000] {dag.py:4180} INFO - Setting next_dagrun for dataset_produces_2 to None, run_after=None
[2024-10-31T10:12:56.783+0000] {processor.py:208} INFO - Processing /home/airflow/.local/lib/python3.12/site-packages/airflow/example_dags/example_datasets.py took 0.628 seconds
[2024-10-31T10:13:56.244+0000] {processor.py:186} INFO - Started process (PID=150) to work on /home/airflow/.local/lib/python3.12/site-packages/airflow/example_dags/example_datasets.py
[2024-10-31T10:13:56.246+0000] {processor.py:914} INFO - Processing file /home/airflow/.local/lib/python3.12/site-packages/airflow/example_dags/example_datasets.py for tasks to queue
[2024-10-31T10:13:56.249+0000] {logging_mixin.py:190} INFO - [2024-10-31T10:13:56.249+0000] {dagbag.py:588} INFO - Filling up the DagBag from /home/airflow/.local/lib/python3.12/site-packages/airflow/example_dags/example_datasets.py
[2024-10-31T10:13:56.628+0000] {processor.py:925} INFO - DAG(s) 'dataset_produces_2', 'consume_1_and_2_with_dataset_expressions', 'dataset_consumes_1_never_scheduled', 'dataset_consumes_unknown_never_scheduled', 'dataset_consumes_1_and_2', 'conditional_dataset_and_time_based_timetable', 'dataset_produces_1', 'dataset_consumes_1', 'consume_1_or_both_2_and_3_with_dataset_expressions', 'consume_1_or_2_with_dataset_expressions' retrieved from /home/airflow/.local/lib/python3.12/site-packages/airflow/example_dags/example_datasets.py
[2024-10-31T10:13:56.721+0000] {logging_mixin.py:190} INFO - [2024-10-31T10:13:56.720+0000] {dag.py:3239} INFO - Sync 10 DAGs
[2024-10-31T10:13:56.778+0000] {logging_mixin.py:190} INFO - [2024-10-31T10:13:56.778+0000] {dag.py:4180} INFO - Setting next_dagrun for conditional_dataset_and_time_based_timetable to 2024-10-30 01:00:00+00:00, run_after=2024-10-30 01:00:00+00:00
[2024-10-31T10:13:56.786+0000] {logging_mixin.py:190} INFO - [2024-10-31T10:13:56.786+0000] {dag.py:4180} INFO - Setting next_dagrun for consume_1_and_2_with_dataset_expressions to None, run_after=None
[2024-10-31T10:13:56.791+0000] {logging_mixin.py:190} INFO - [2024-10-31T10:13:56.791+0000] {dag.py:4180} INFO - Setting next_dagrun for consume_1_or_2_with_dataset_expressions to None, run_after=None
[2024-10-31T10:13:56.795+0000] {logging_mixin.py:190} INFO - [2024-10-31T10:13:56.795+0000] {dag.py:4180} INFO - Setting next_dagrun for consume_1_or_both_2_and_3_with_dataset_expressions to None, run_after=None
[2024-10-31T10:13:56.798+0000] {logging_mixin.py:190} INFO - [2024-10-31T10:13:56.798+0000] {dag.py:4180} INFO - Setting next_dagrun for dataset_consumes_1 to None, run_after=None
[2024-10-31T10:13:56.802+0000] {logging_mixin.py:190} INFO - [2024-10-31T10:13:56.802+0000] {dag.py:4180} INFO - Setting next_dagrun for dataset_consumes_1_and_2 to None, run_after=None
[2024-10-31T10:13:56.805+0000] {logging_mixin.py:190} INFO - [2024-10-31T10:13:56.805+0000] {dag.py:4180} INFO - Setting next_dagrun for dataset_consumes_1_never_scheduled to None, run_after=None
[2024-10-31T10:13:56.809+0000] {logging_mixin.py:190} INFO - [2024-10-31T10:13:56.808+0000] {dag.py:4180} INFO - Setting next_dagrun for dataset_consumes_unknown_never_scheduled to None, run_after=None
[2024-10-31T10:13:56.815+0000] {logging_mixin.py:190} INFO - [2024-10-31T10:13:56.815+0000] {dag.py:4180} INFO - Setting next_dagrun for dataset_produces_1 to 2024-10-30 00:00:00+00:00, run_after=2024-10-31 00:00:00+00:00
[2024-10-31T10:13:56.819+0000] {logging_mixin.py:190} INFO - [2024-10-31T10:13:56.818+0000] {dag.py:4180} INFO - Setting next_dagrun for dataset_produces_2 to None, run_after=None
[2024-10-31T10:13:56.880+0000] {processor.py:208} INFO - Processing /home/airflow/.local/lib/python3.12/site-packages/airflow/example_dags/example_datasets.py took 0.645 seconds
[2024-10-31T10:20:56.871+0000] {processor.py:186} INFO - Started process (PID=211) to work on /home/airflow/.local/lib/python3.12/site-packages/airflow/example_dags/example_datasets.py
[2024-10-31T10:20:56.907+0000] {processor.py:914} INFO - Processing file /home/airflow/.local/lib/python3.12/site-packages/airflow/example_dags/example_datasets.py for tasks to queue
[2024-10-31T10:20:56.929+0000] {logging_mixin.py:190} INFO - [2024-10-31T10:20:56.926+0000] {dagbag.py:588} INFO - Filling up the DagBag from /home/airflow/.local/lib/python3.12/site-packages/airflow/example_dags/example_datasets.py
[2024-10-31T10:21:00.232+0000] {processor.py:925} INFO - DAG(s) 'dataset_consumes_1_never_scheduled', 'dataset_consumes_1_and_2', 'dataset_consumes_unknown_never_scheduled', 'dataset_produces_1', 'consume_1_or_2_with_dataset_expressions', 'consume_1_or_both_2_and_3_with_dataset_expressions', 'conditional_dataset_and_time_based_timetable', 'dataset_consumes_1', 'consume_1_and_2_with_dataset_expressions', 'dataset_produces_2' retrieved from /home/airflow/.local/lib/python3.12/site-packages/airflow/example_dags/example_datasets.py
[2024-10-31T10:21:01.036+0000] {logging_mixin.py:190} INFO - [2024-10-31T10:21:01.032+0000] {dag.py:3239} INFO - Sync 10 DAGs
[2024-10-31T10:21:01.853+0000] {logging_mixin.py:190} INFO - [2024-10-31T10:21:01.848+0000] {dag.py:4180} INFO - Setting next_dagrun for conditional_dataset_and_time_based_timetable to 2024-10-30 01:00:00+00:00, run_after=2024-10-30 01:00:00+00:00
[2024-10-31T10:21:01.944+0000] {logging_mixin.py:190} INFO - [2024-10-31T10:21:01.941+0000] {dag.py:4180} INFO - Setting next_dagrun for consume_1_and_2_with_dataset_expressions to None, run_after=None
[2024-10-31T10:21:02.008+0000] {logging_mixin.py:190} INFO - [2024-10-31T10:21:02.006+0000] {dag.py:4180} INFO - Setting next_dagrun for consume_1_or_2_with_dataset_expressions to None, run_after=None
[2024-10-31T10:21:02.048+0000] {logging_mixin.py:190} INFO - [2024-10-31T10:21:02.046+0000] {dag.py:4180} INFO - Setting next_dagrun for consume_1_or_both_2_and_3_with_dataset_expressions to None, run_after=None
[2024-10-31T10:21:02.096+0000] {logging_mixin.py:190} INFO - [2024-10-31T10:21:02.082+0000] {dag.py:4180} INFO - Setting next_dagrun for dataset_consumes_1 to None, run_after=None
[2024-10-31T10:21:02.143+0000] {logging_mixin.py:190} INFO - [2024-10-31T10:21:02.139+0000] {dag.py:4180} INFO - Setting next_dagrun for dataset_consumes_1_and_2 to None, run_after=None
[2024-10-31T10:21:02.174+0000] {logging_mixin.py:190} INFO - [2024-10-31T10:21:02.171+0000] {dag.py:4180} INFO - Setting next_dagrun for dataset_consumes_1_never_scheduled to None, run_after=None
[2024-10-31T10:21:02.206+0000] {logging_mixin.py:190} INFO - [2024-10-31T10:21:02.203+0000] {dag.py:4180} INFO - Setting next_dagrun for dataset_consumes_unknown_never_scheduled to None, run_after=None
[2024-10-31T10:21:02.316+0000] {logging_mixin.py:190} INFO - [2024-10-31T10:21:02.314+0000] {dag.py:4180} INFO - Setting next_dagrun for dataset_produces_1 to 2024-10-30 00:00:00+00:00, run_after=2024-10-31 00:00:00+00:00
[2024-10-31T10:21:02.351+0000] {logging_mixin.py:190} INFO - [2024-10-31T10:21:02.349+0000] {dag.py:4180} INFO - Setting next_dagrun for dataset_produces_2 to None, run_after=None
[2024-10-31T10:21:03.093+0000] {processor.py:208} INFO - Processing /home/airflow/.local/lib/python3.12/site-packages/airflow/example_dags/example_datasets.py took 6.291 seconds
[2024-10-31T11:25:26.238+0000] {processor.py:186} INFO - Started process (PID=152) to work on /home/airflow/.local/lib/python3.12/site-packages/airflow/example_dags/example_datasets.py
[2024-10-31T11:25:26.812+0000] {processor.py:914} INFO - Processing file /home/airflow/.local/lib/python3.12/site-packages/airflow/example_dags/example_datasets.py for tasks to queue
[2024-10-31T11:25:29.303+0000] {logging_mixin.py:190} INFO - [2024-10-31T11:25:29.193+0000] {dagbag.py:588} INFO - Filling up the DagBag from /home/airflow/.local/lib/python3.12/site-packages/airflow/example_dags/example_datasets.py
[2024-10-31T11:54:16.169+0000] {processor.py:186} INFO - Started process (PID=201) to work on /home/airflow/.local/lib/python3.12/site-packages/airflow/example_dags/example_datasets.py
[2024-10-31T11:54:16.238+0000] {processor.py:914} INFO - Processing file /home/airflow/.local/lib/python3.12/site-packages/airflow/example_dags/example_datasets.py for tasks to queue
[2024-10-31T11:54:16.304+0000] {logging_mixin.py:190} INFO - [2024-10-31T11:54:16.289+0000] {dagbag.py:588} INFO - Filling up the DagBag from /home/airflow/.local/lib/python3.12/site-packages/airflow/example_dags/example_datasets.py
[2024-10-31T11:54:22.678+0000] {processor.py:925} INFO - DAG(s) 'consume_1_or_2_with_dataset_expressions', 'dataset_produces_2', 'dataset_consumes_1', 'dataset_produces_1', 'consume_1_and_2_with_dataset_expressions', 'dataset_consumes_unknown_never_scheduled', 'consume_1_or_both_2_and_3_with_dataset_expressions', 'dataset_consumes_1_never_scheduled', 'conditional_dataset_and_time_based_timetable', 'dataset_consumes_1_and_2' retrieved from /home/airflow/.local/lib/python3.12/site-packages/airflow/example_dags/example_datasets.py
[2024-10-31T11:54:24.594+0000] {logging_mixin.py:190} INFO - [2024-10-31T11:54:24.591+0000] {dag.py:3239} INFO - Sync 10 DAGs
[2024-10-31T11:54:25.678+0000] {logging_mixin.py:190} INFO - [2024-10-31T11:54:25.671+0000] {dag.py:4180} INFO - Setting next_dagrun for conditional_dataset_and_time_based_timetable to 2024-10-30 01:00:00+00:00, run_after=2024-10-30 01:00:00+00:00
[2024-10-31T11:54:25.877+0000] {logging_mixin.py:190} INFO - [2024-10-31T11:54:25.863+0000] {dag.py:4180} INFO - Setting next_dagrun for consume_1_and_2_with_dataset_expressions to None, run_after=None
[2024-10-31T11:54:25.968+0000] {logging_mixin.py:190} INFO - [2024-10-31T11:54:25.955+0000] {dag.py:4180} INFO - Setting next_dagrun for consume_1_or_2_with_dataset_expressions to None, run_after=None
[2024-10-31T11:54:26.048+0000] {logging_mixin.py:190} INFO - [2024-10-31T11:54:26.046+0000] {dag.py:4180} INFO - Setting next_dagrun for consume_1_or_both_2_and_3_with_dataset_expressions to None, run_after=None
[2024-10-31T11:54:26.184+0000] {logging_mixin.py:190} INFO - [2024-10-31T11:54:26.181+0000] {dag.py:4180} INFO - Setting next_dagrun for dataset_consumes_1 to None, run_after=None
[2024-10-31T11:54:26.290+0000] {logging_mixin.py:190} INFO - [2024-10-31T11:54:26.282+0000] {dag.py:4180} INFO - Setting next_dagrun for dataset_consumes_1_and_2 to None, run_after=None
[2024-10-31T11:54:26.356+0000] {logging_mixin.py:190} INFO - [2024-10-31T11:54:26.343+0000] {dag.py:4180} INFO - Setting next_dagrun for dataset_consumes_1_never_scheduled to None, run_after=None
[2024-10-31T11:54:26.419+0000] {logging_mixin.py:190} INFO - [2024-10-31T11:54:26.417+0000] {dag.py:4180} INFO - Setting next_dagrun for dataset_consumes_unknown_never_scheduled to None, run_after=None
[2024-10-31T11:54:26.514+0000] {logging_mixin.py:190} INFO - [2024-10-31T11:54:26.511+0000] {dag.py:4180} INFO - Setting next_dagrun for dataset_produces_1 to 2024-10-30 00:00:00+00:00, run_after=2024-10-31 00:00:00+00:00
[2024-10-31T11:54:26.580+0000] {logging_mixin.py:190} INFO - [2024-10-31T11:54:26.566+0000] {dag.py:4180} INFO - Setting next_dagrun for dataset_produces_2 to None, run_after=None
[2024-10-31T11:54:27.905+0000] {processor.py:208} INFO - Processing /home/airflow/.local/lib/python3.12/site-packages/airflow/example_dags/example_datasets.py took 11.983 seconds
