[2024-10-31T09:54:00.241+0000] {processor.py:186} INFO - Started process (PID=195) to work on /home/airflow/.local/lib/python3.12/site-packages/airflow/example_dags/example_bash_operator.py
[2024-10-31T09:54:00.344+0000] {processor.py:914} INFO - Processing file /home/airflow/.local/lib/python3.12/site-packages/airflow/example_dags/example_bash_operator.py for tasks to queue
[2024-10-31T09:54:00.513+0000] {logging_mixin.py:190} INFO - [2024-10-31T09:54:00.468+0000] {dagbag.py:588} INFO - Filling up the DagBag from /home/airflow/.local/lib/python3.12/site-packages/airflow/example_dags/example_bash_operator.py
[2024-10-31T09:54:01.910+0000] {processor.py:925} INFO - DAG(s) 'example_bash_operator' retrieved from /home/airflow/.local/lib/python3.12/site-packages/airflow/example_dags/example_bash_operator.py
[2024-10-31T09:54:06.752+0000] {logging_mixin.py:190} INFO - [2024-10-31T09:54:06.717+0000] {override.py:1900} INFO - Created Permission View: can read on DAG:example_bash_operator
[2024-10-31T09:54:07.457+0000] {logging_mixin.py:190} INFO - [2024-10-31T09:54:07.454+0000] {override.py:1900} INFO - Created Permission View: can edit on DAG:example_bash_operator
[2024-10-31T09:54:08.144+0000] {logging_mixin.py:190} INFO - [2024-10-31T09:54:08.114+0000] {override.py:1900} INFO - Created Permission View: can delete on DAG:example_bash_operator
[2024-10-31T09:54:08.689+0000] {logging_mixin.py:190} INFO - [2024-10-31T09:54:08.672+0000] {override.py:1900} INFO - Created Permission View: can read on DAG Run:example_bash_operator
[2024-10-31T09:54:09.315+0000] {logging_mixin.py:190} INFO - [2024-10-31T09:54:09.312+0000] {override.py:1900} INFO - Created Permission View: menu access on DAG Run:example_bash_operator
[2024-10-31T09:54:09.837+0000] {logging_mixin.py:190} INFO - [2024-10-31T09:54:09.834+0000] {override.py:1900} INFO - Created Permission View: can delete on DAG Run:example_bash_operator
[2024-10-31T09:54:10.843+0000] {logging_mixin.py:190} INFO - [2024-10-31T09:54:10.813+0000] {override.py:1900} INFO - Created Permission View: can create on DAG Run:example_bash_operator
[2024-10-31T09:54:10.889+0000] {logging_mixin.py:190} INFO - [2024-10-31T09:54:10.875+0000] {dag.py:3239} INFO - Sync 1 DAGs
[2024-10-31T09:54:11.786+0000] {logging_mixin.py:190} INFO - [2024-10-31T09:54:11.757+0000] {dag.py:3262} INFO - Creating ORM DAG for example_bash_operator
[2024-10-31T09:54:12.585+0000] {logging_mixin.py:190} INFO - [2024-10-31T09:54:12.570+0000] {dag.py:4180} INFO - Setting next_dagrun for example_bash_operator to 2024-10-30 00:00:00+00:00, run_after=2024-10-31 00:00:00+00:00
[2024-10-31T09:54:13.504+0000] {processor.py:208} INFO - Processing /home/airflow/.local/lib/python3.12/site-packages/airflow/example_dags/example_bash_operator.py took 13.515 seconds
[2024-10-31T10:00:47.956+0000] {processor.py:186} INFO - Started process (PID=322) to work on /home/airflow/.local/lib/python3.12/site-packages/airflow/example_dags/example_bash_operator.py
[2024-10-31T10:00:47.978+0000] {processor.py:914} INFO - Processing file /home/airflow/.local/lib/python3.12/site-packages/airflow/example_dags/example_bash_operator.py for tasks to queue
[2024-10-31T10:00:48.065+0000] {logging_mixin.py:190} INFO - [2024-10-31T10:00:48.047+0000] {dagbag.py:588} INFO - Filling up the DagBag from /home/airflow/.local/lib/python3.12/site-packages/airflow/example_dags/example_bash_operator.py
[2024-10-31T10:00:48.661+0000] {processor.py:925} INFO - DAG(s) 'example_bash_operator' retrieved from /home/airflow/.local/lib/python3.12/site-packages/airflow/example_dags/example_bash_operator.py
[2024-10-31T10:00:49.422+0000] {logging_mixin.py:190} INFO - [2024-10-31T10:00:49.414+0000] {dag.py:3239} INFO - Sync 1 DAGs
[2024-10-31T10:00:50.692+0000] {logging_mixin.py:190} INFO - [2024-10-31T10:00:50.690+0000] {dag.py:4180} INFO - Setting next_dagrun for example_bash_operator to 2024-10-30 00:00:00+00:00, run_after=2024-10-31 00:00:00+00:00
[2024-10-31T10:00:51.205+0000] {processor.py:208} INFO - Processing /home/airflow/.local/lib/python3.12/site-packages/airflow/example_dags/example_bash_operator.py took 3.323 seconds
[2024-10-31T10:02:32.639+0000] {processor.py:186} INFO - Started process (PID=392) to work on /home/airflow/.local/lib/python3.12/site-packages/airflow/example_dags/example_bash_operator.py
[2024-10-31T10:02:32.693+0000] {processor.py:914} INFO - Processing file /home/airflow/.local/lib/python3.12/site-packages/airflow/example_dags/example_bash_operator.py for tasks to queue
[2024-10-31T10:02:32.819+0000] {logging_mixin.py:190} INFO - [2024-10-31T10:02:32.804+0000] {dagbag.py:588} INFO - Filling up the DagBag from /home/airflow/.local/lib/python3.12/site-packages/airflow/example_dags/example_bash_operator.py
[2024-10-31T10:02:33.337+0000] {processor.py:925} INFO - DAG(s) 'example_bash_operator' retrieved from /home/airflow/.local/lib/python3.12/site-packages/airflow/example_dags/example_bash_operator.py
[2024-10-31T10:02:34.395+0000] {logging_mixin.py:190} INFO - [2024-10-31T10:02:34.390+0000] {dag.py:3239} INFO - Sync 1 DAGs
[2024-10-31T10:02:35.513+0000] {logging_mixin.py:190} INFO - [2024-10-31T10:02:35.510+0000] {dag.py:4180} INFO - Setting next_dagrun for example_bash_operator to 2024-10-30 00:00:00+00:00, run_after=2024-10-31 00:00:00+00:00
[2024-10-31T10:02:35.957+0000] {processor.py:208} INFO - Processing /home/airflow/.local/lib/python3.12/site-packages/airflow/example_dags/example_bash_operator.py took 3.443 seconds
[2024-10-31T10:03:53.902+0000] {processor.py:186} INFO - Started process (PID=440) to work on /home/airflow/.local/lib/python3.12/site-packages/airflow/example_dags/example_bash_operator.py
[2024-10-31T10:03:53.963+0000] {processor.py:914} INFO - Processing file /home/airflow/.local/lib/python3.12/site-packages/airflow/example_dags/example_bash_operator.py for tasks to queue
[2024-10-31T10:03:54.143+0000] {logging_mixin.py:190} INFO - [2024-10-31T10:03:54.136+0000] {dagbag.py:588} INFO - Filling up the DagBag from /home/airflow/.local/lib/python3.12/site-packages/airflow/example_dags/example_bash_operator.py
[2024-10-31T10:03:54.531+0000] {processor.py:925} INFO - DAG(s) 'example_bash_operator' retrieved from /home/airflow/.local/lib/python3.12/site-packages/airflow/example_dags/example_bash_operator.py
[2024-10-31T10:03:55.290+0000] {logging_mixin.py:190} INFO - [2024-10-31T10:03:55.287+0000] {dag.py:3239} INFO - Sync 1 DAGs
[2024-10-31T10:03:56.049+0000] {logging_mixin.py:190} INFO - [2024-10-31T10:03:56.047+0000] {dag.py:4180} INFO - Setting next_dagrun for example_bash_operator to 2024-10-30 00:00:00+00:00, run_after=2024-10-31 00:00:00+00:00
[2024-10-31T10:03:56.422+0000] {processor.py:208} INFO - Processing /home/airflow/.local/lib/python3.12/site-packages/airflow/example_dags/example_bash_operator.py took 2.694 seconds
[2024-10-31T10:04:54.191+0000] {processor.py:186} INFO - Started process (PID=488) to work on /home/airflow/.local/lib/python3.12/site-packages/airflow/example_dags/example_bash_operator.py
[2024-10-31T10:04:54.216+0000] {processor.py:914} INFO - Processing file /home/airflow/.local/lib/python3.12/site-packages/airflow/example_dags/example_bash_operator.py for tasks to queue
[2024-10-31T10:04:54.284+0000] {logging_mixin.py:190} INFO - [2024-10-31T10:04:54.275+0000] {dagbag.py:588} INFO - Filling up the DagBag from /home/airflow/.local/lib/python3.12/site-packages/airflow/example_dags/example_bash_operator.py
[2024-10-31T10:04:54.545+0000] {processor.py:925} INFO - DAG(s) 'example_bash_operator' retrieved from /home/airflow/.local/lib/python3.12/site-packages/airflow/example_dags/example_bash_operator.py
[2024-10-31T10:04:55.000+0000] {logging_mixin.py:190} INFO - [2024-10-31T10:04:54.997+0000] {dag.py:3239} INFO - Sync 1 DAGs
[2024-10-31T10:04:55.603+0000] {logging_mixin.py:190} INFO - [2024-10-31T10:04:55.598+0000] {dag.py:4180} INFO - Setting next_dagrun for example_bash_operator to 2024-10-30 00:00:00+00:00, run_after=2024-10-31 00:00:00+00:00
[2024-10-31T10:04:56.669+0000] {processor.py:208} INFO - Processing /home/airflow/.local/lib/python3.12/site-packages/airflow/example_dags/example_bash_operator.py took 2.596 seconds
[2024-10-31T10:12:53.155+0000] {processor.py:186} INFO - Started process (PID=65) to work on /home/airflow/.local/lib/python3.12/site-packages/airflow/example_dags/example_bash_operator.py
[2024-10-31T10:12:53.158+0000] {processor.py:914} INFO - Processing file /home/airflow/.local/lib/python3.12/site-packages/airflow/example_dags/example_bash_operator.py for tasks to queue
[2024-10-31T10:12:53.162+0000] {logging_mixin.py:190} INFO - [2024-10-31T10:12:53.161+0000] {dagbag.py:588} INFO - Filling up the DagBag from /home/airflow/.local/lib/python3.12/site-packages/airflow/example_dags/example_bash_operator.py
[2024-10-31T10:12:53.192+0000] {processor.py:925} INFO - DAG(s) 'example_bash_operator' retrieved from /home/airflow/.local/lib/python3.12/site-packages/airflow/example_dags/example_bash_operator.py
[2024-10-31T10:12:53.300+0000] {logging_mixin.py:190} INFO - [2024-10-31T10:12:53.299+0000] {dag.py:3239} INFO - Sync 1 DAGs
[2024-10-31T10:12:53.374+0000] {logging_mixin.py:190} INFO - [2024-10-31T10:12:53.373+0000] {dag.py:4180} INFO - Setting next_dagrun for example_bash_operator to 2024-10-30 00:00:00+00:00, run_after=2024-10-31 00:00:00+00:00
[2024-10-31T10:12:53.412+0000] {processor.py:208} INFO - Processing /home/airflow/.local/lib/python3.12/site-packages/airflow/example_dags/example_bash_operator.py took 0.274 seconds
[2024-10-31T10:13:53.394+0000] {processor.py:186} INFO - Started process (PID=127) to work on /home/airflow/.local/lib/python3.12/site-packages/airflow/example_dags/example_bash_operator.py
[2024-10-31T10:13:53.396+0000] {processor.py:914} INFO - Processing file /home/airflow/.local/lib/python3.12/site-packages/airflow/example_dags/example_bash_operator.py for tasks to queue
[2024-10-31T10:13:53.399+0000] {logging_mixin.py:190} INFO - [2024-10-31T10:13:53.399+0000] {dagbag.py:588} INFO - Filling up the DagBag from /home/airflow/.local/lib/python3.12/site-packages/airflow/example_dags/example_bash_operator.py
[2024-10-31T10:13:53.427+0000] {processor.py:925} INFO - DAG(s) 'example_bash_operator' retrieved from /home/airflow/.local/lib/python3.12/site-packages/airflow/example_dags/example_bash_operator.py
[2024-10-31T10:13:53.472+0000] {logging_mixin.py:190} INFO - [2024-10-31T10:13:53.471+0000] {dag.py:3239} INFO - Sync 1 DAGs
[2024-10-31T10:13:53.543+0000] {logging_mixin.py:190} INFO - [2024-10-31T10:13:53.542+0000] {dag.py:4180} INFO - Setting next_dagrun for example_bash_operator to 2024-10-30 00:00:00+00:00, run_after=2024-10-31 00:00:00+00:00
[2024-10-31T10:13:53.591+0000] {processor.py:208} INFO - Processing /home/airflow/.local/lib/python3.12/site-packages/airflow/example_dags/example_bash_operator.py took 0.206 seconds
[2024-10-31T10:20:24.591+0000] {processor.py:186} INFO - Started process (PID=185) to work on /home/airflow/.local/lib/python3.12/site-packages/airflow/example_dags/example_bash_operator.py
[2024-10-31T10:20:24.604+0000] {processor.py:914} INFO - Processing file /home/airflow/.local/lib/python3.12/site-packages/airflow/example_dags/example_bash_operator.py for tasks to queue
[2024-10-31T10:20:24.632+0000] {logging_mixin.py:190} INFO - [2024-10-31T10:20:24.628+0000] {dagbag.py:588} INFO - Filling up the DagBag from /home/airflow/.local/lib/python3.12/site-packages/airflow/example_dags/example_bash_operator.py
[2024-10-31T10:20:24.845+0000] {processor.py:925} INFO - DAG(s) 'example_bash_operator' retrieved from /home/airflow/.local/lib/python3.12/site-packages/airflow/example_dags/example_bash_operator.py
[2024-10-31T10:20:25.329+0000] {logging_mixin.py:190} INFO - [2024-10-31T10:20:25.327+0000] {dag.py:3239} INFO - Sync 1 DAGs
[2024-10-31T10:20:25.831+0000] {logging_mixin.py:190} INFO - [2024-10-31T10:20:25.829+0000] {dag.py:4180} INFO - Setting next_dagrun for example_bash_operator to 2024-10-30 00:00:00+00:00, run_after=2024-10-31 00:00:00+00:00
[2024-10-31T10:20:26.165+0000] {processor.py:208} INFO - Processing /home/airflow/.local/lib/python3.12/site-packages/airflow/example_dags/example_bash_operator.py took 1.653 seconds
[2024-10-31T10:43:43.339+0000] {processor.py:186} INFO - Started process (PID=118) to work on /home/airflow/.local/lib/python3.12/site-packages/airflow/example_dags/example_bash_operator.py
[2024-10-31T10:43:43.361+0000] {processor.py:914} INFO - Processing file /home/airflow/.local/lib/python3.12/site-packages/airflow/example_dags/example_bash_operator.py for tasks to queue
[2024-10-31T10:43:43.386+0000] {logging_mixin.py:190} INFO - [2024-10-31T10:43:43.384+0000] {dagbag.py:588} INFO - Filling up the DagBag from /home/airflow/.local/lib/python3.12/site-packages/airflow/example_dags/example_bash_operator.py
[2024-10-31T10:43:43.557+0000] {processor.py:925} INFO - DAG(s) 'example_bash_operator' retrieved from /home/airflow/.local/lib/python3.12/site-packages/airflow/example_dags/example_bash_operator.py
[2024-10-31T10:43:44.326+0000] {logging_mixin.py:190} INFO - [2024-10-31T10:43:44.322+0000] {dag.py:3239} INFO - Sync 1 DAGs
[2024-10-31T10:43:44.864+0000] {logging_mixin.py:190} INFO - [2024-10-31T10:43:44.862+0000] {dag.py:4180} INFO - Setting next_dagrun for example_bash_operator to 2024-10-30 00:00:00+00:00, run_after=2024-10-31 00:00:00+00:00
[2024-10-31T10:43:45.389+0000] {processor.py:208} INFO - Processing /home/airflow/.local/lib/python3.12/site-packages/airflow/example_dags/example_bash_operator.py took 2.111 seconds
[2024-10-31T11:05:08.658+0000] {processor.py:186} INFO - Started process (PID=120) to work on /home/airflow/.local/lib/python3.12/site-packages/airflow/example_dags/example_bash_operator.py
[2024-10-31T11:05:08.687+0000] {processor.py:914} INFO - Processing file /home/airflow/.local/lib/python3.12/site-packages/airflow/example_dags/example_bash_operator.py for tasks to queue
[2024-10-31T11:05:08.753+0000] {logging_mixin.py:190} INFO - [2024-10-31T11:05:08.733+0000] {dagbag.py:588} INFO - Filling up the DagBag from /home/airflow/.local/lib/python3.12/site-packages/airflow/example_dags/example_bash_operator.py
[2024-10-31T11:05:09.156+0000] {processor.py:925} INFO - DAG(s) 'example_bash_operator' retrieved from /home/airflow/.local/lib/python3.12/site-packages/airflow/example_dags/example_bash_operator.py
[2024-10-31T11:05:10.382+0000] {logging_mixin.py:190} INFO - [2024-10-31T11:05:10.380+0000] {dag.py:3239} INFO - Sync 1 DAGs
[2024-10-31T11:05:10.979+0000] {logging_mixin.py:190} INFO - [2024-10-31T11:05:10.977+0000] {dag.py:4180} INFO - Setting next_dagrun for example_bash_operator to 2024-10-30 00:00:00+00:00, run_after=2024-10-31 00:00:00+00:00
[2024-10-31T11:05:11.514+0000] {processor.py:208} INFO - Processing /home/airflow/.local/lib/python3.12/site-packages/airflow/example_dags/example_bash_operator.py took 3.020 seconds
[2024-10-31T11:21:48.554+0000] {processor.py:186} INFO - Started process (PID=125) to work on /home/airflow/.local/lib/python3.12/site-packages/airflow/example_dags/example_bash_operator.py
[2024-10-31T11:21:48.573+0000] {processor.py:914} INFO - Processing file /home/airflow/.local/lib/python3.12/site-packages/airflow/example_dags/example_bash_operator.py for tasks to queue
[2024-10-31T11:21:48.603+0000] {logging_mixin.py:190} INFO - [2024-10-31T11:21:48.599+0000] {dagbag.py:588} INFO - Filling up the DagBag from /home/airflow/.local/lib/python3.12/site-packages/airflow/example_dags/example_bash_operator.py
[2024-10-31T11:21:48.792+0000] {processor.py:925} INFO - DAG(s) 'example_bash_operator' retrieved from /home/airflow/.local/lib/python3.12/site-packages/airflow/example_dags/example_bash_operator.py
[2024-10-31T11:21:49.350+0000] {logging_mixin.py:190} INFO - [2024-10-31T11:21:49.346+0000] {dag.py:3239} INFO - Sync 1 DAGs
[2024-10-31T11:21:49.987+0000] {logging_mixin.py:190} INFO - [2024-10-31T11:21:49.985+0000] {dag.py:4180} INFO - Setting next_dagrun for example_bash_operator to 2024-10-30 00:00:00+00:00, run_after=2024-10-31 00:00:00+00:00
[2024-10-31T11:21:50.472+0000] {processor.py:208} INFO - Processing /home/airflow/.local/lib/python3.12/site-packages/airflow/example_dags/example_bash_operator.py took 2.005 seconds
[2024-10-31T11:51:14.973+0000] {processor.py:186} INFO - Started process (PID=168) to work on /home/airflow/.local/lib/python3.12/site-packages/airflow/example_dags/example_bash_operator.py
[2024-10-31T11:51:15.049+0000] {processor.py:914} INFO - Processing file /home/airflow/.local/lib/python3.12/site-packages/airflow/example_dags/example_bash_operator.py for tasks to queue
[2024-10-31T11:51:15.102+0000] {logging_mixin.py:190} INFO - [2024-10-31T11:51:15.083+0000] {dagbag.py:588} INFO - Filling up the DagBag from /home/airflow/.local/lib/python3.12/site-packages/airflow/example_dags/example_bash_operator.py
[2024-10-31T11:51:15.814+0000] {processor.py:925} INFO - DAG(s) 'example_bash_operator' retrieved from /home/airflow/.local/lib/python3.12/site-packages/airflow/example_dags/example_bash_operator.py
[2024-10-31T11:51:19.472+0000] {logging_mixin.py:190} INFO - [2024-10-31T11:51:19.297+0000] {dag.py:3239} INFO - Sync 1 DAGs
[2024-10-31T11:51:21.483+0000] {logging_mixin.py:190} INFO - [2024-10-31T11:51:21.481+0000] {dag.py:4180} INFO - Setting next_dagrun for example_bash_operator to 2024-10-30 00:00:00+00:00, run_after=2024-10-31 00:00:00+00:00
[2024-10-31T11:51:23.866+0000] {processor.py:208} INFO - Processing /home/airflow/.local/lib/python3.12/site-packages/airflow/example_dags/example_bash_operator.py took 9.106 seconds
[2024-10-31T12:38:55.908+0000] {processor.py:186} INFO - Started process (PID=143) to work on /home/airflow/.local/lib/python3.12/site-packages/airflow/example_dags/example_bash_operator.py
[2024-10-31T12:38:55.911+0000] {processor.py:914} INFO - Processing file /home/airflow/.local/lib/python3.12/site-packages/airflow/example_dags/example_bash_operator.py for tasks to queue
[2024-10-31T12:38:55.916+0000] {logging_mixin.py:190} INFO - [2024-10-31T12:38:55.916+0000] {dagbag.py:588} INFO - Filling up the DagBag from /home/airflow/.local/lib/python3.12/site-packages/airflow/example_dags/example_bash_operator.py
[2024-10-31T12:38:55.966+0000] {processor.py:925} INFO - DAG(s) 'example_bash_operator' retrieved from /home/airflow/.local/lib/python3.12/site-packages/airflow/example_dags/example_bash_operator.py
[2024-10-31T12:38:56.058+0000] {logging_mixin.py:190} INFO - [2024-10-31T12:38:56.057+0000] {dag.py:3239} INFO - Sync 1 DAGs
[2024-10-31T12:38:56.103+0000] {logging_mixin.py:190} INFO - [2024-10-31T12:38:56.103+0000] {dag.py:4180} INFO - Setting next_dagrun for example_bash_operator to 2024-10-30 00:00:00+00:00, run_after=2024-10-31 00:00:00+00:00
[2024-10-31T12:38:56.127+0000] {processor.py:208} INFO - Processing /home/airflow/.local/lib/python3.12/site-packages/airflow/example_dags/example_bash_operator.py took 0.225 seconds
[2024-10-31T12:39:26.260+0000] {processor.py:186} INFO - Started process (PID=205) to work on /home/airflow/.local/lib/python3.12/site-packages/airflow/example_dags/example_bash_operator.py
[2024-10-31T12:39:26.261+0000] {processor.py:914} INFO - Processing file /home/airflow/.local/lib/python3.12/site-packages/airflow/example_dags/example_bash_operator.py for tasks to queue
[2024-10-31T12:39:26.265+0000] {logging_mixin.py:190} INFO - [2024-10-31T12:39:26.265+0000] {dagbag.py:588} INFO - Filling up the DagBag from /home/airflow/.local/lib/python3.12/site-packages/airflow/example_dags/example_bash_operator.py
[2024-10-31T12:39:26.283+0000] {processor.py:925} INFO - DAG(s) 'example_bash_operator' retrieved from /home/airflow/.local/lib/python3.12/site-packages/airflow/example_dags/example_bash_operator.py
[2024-10-31T12:39:26.314+0000] {logging_mixin.py:190} INFO - [2024-10-31T12:39:26.313+0000] {dag.py:3239} INFO - Sync 1 DAGs
[2024-10-31T12:39:26.341+0000] {logging_mixin.py:190} INFO - [2024-10-31T12:39:26.341+0000] {dag.py:4180} INFO - Setting next_dagrun for example_bash_operator to 2024-10-30 00:00:00+00:00, run_after=2024-10-31 00:00:00+00:00
[2024-10-31T12:39:26.363+0000] {processor.py:208} INFO - Processing /home/airflow/.local/lib/python3.12/site-packages/airflow/example_dags/example_bash_operator.py took 0.110 seconds
[2024-10-31T12:39:56.876+0000] {processor.py:186} INFO - Started process (PID=267) to work on /home/airflow/.local/lib/python3.12/site-packages/airflow/example_dags/example_bash_operator.py
[2024-10-31T12:39:56.879+0000] {processor.py:914} INFO - Processing file /home/airflow/.local/lib/python3.12/site-packages/airflow/example_dags/example_bash_operator.py for tasks to queue
[2024-10-31T12:39:56.884+0000] {logging_mixin.py:190} INFO - [2024-10-31T12:39:56.883+0000] {dagbag.py:588} INFO - Filling up the DagBag from /home/airflow/.local/lib/python3.12/site-packages/airflow/example_dags/example_bash_operator.py
[2024-10-31T12:39:56.897+0000] {processor.py:925} INFO - DAG(s) 'example_bash_operator' retrieved from /home/airflow/.local/lib/python3.12/site-packages/airflow/example_dags/example_bash_operator.py
[2024-10-31T12:39:56.932+0000] {logging_mixin.py:190} INFO - [2024-10-31T12:39:56.932+0000] {dag.py:3239} INFO - Sync 1 DAGs
[2024-10-31T12:39:56.958+0000] {logging_mixin.py:190} INFO - [2024-10-31T12:39:56.958+0000] {dag.py:4180} INFO - Setting next_dagrun for example_bash_operator to 2024-10-30 00:00:00+00:00, run_after=2024-10-31 00:00:00+00:00
[2024-10-31T12:39:56.982+0000] {processor.py:208} INFO - Processing /home/airflow/.local/lib/python3.12/site-packages/airflow/example_dags/example_bash_operator.py took 0.112 seconds
[2024-10-31T12:40:27.597+0000] {processor.py:186} INFO - Started process (PID=329) to work on /home/airflow/.local/lib/python3.12/site-packages/airflow/example_dags/example_bash_operator.py
[2024-10-31T12:40:27.598+0000] {processor.py:914} INFO - Processing file /home/airflow/.local/lib/python3.12/site-packages/airflow/example_dags/example_bash_operator.py for tasks to queue
[2024-10-31T12:40:27.601+0000] {logging_mixin.py:190} INFO - [2024-10-31T12:40:27.601+0000] {dagbag.py:588} INFO - Filling up the DagBag from /home/airflow/.local/lib/python3.12/site-packages/airflow/example_dags/example_bash_operator.py
[2024-10-31T12:40:27.615+0000] {processor.py:925} INFO - DAG(s) 'example_bash_operator' retrieved from /home/airflow/.local/lib/python3.12/site-packages/airflow/example_dags/example_bash_operator.py
[2024-10-31T12:40:27.641+0000] {logging_mixin.py:190} INFO - [2024-10-31T12:40:27.641+0000] {dag.py:3239} INFO - Sync 1 DAGs
[2024-10-31T12:40:27.673+0000] {logging_mixin.py:190} INFO - [2024-10-31T12:40:27.673+0000] {dag.py:4180} INFO - Setting next_dagrun for example_bash_operator to 2024-10-30 00:00:00+00:00, run_after=2024-10-31 00:00:00+00:00
[2024-10-31T12:40:27.696+0000] {processor.py:208} INFO - Processing /home/airflow/.local/lib/python3.12/site-packages/airflow/example_dags/example_bash_operator.py took 0.103 seconds
[2024-10-31T12:43:53.859+0000] {processor.py:186} INFO - Started process (PID=391) to work on /home/airflow/.local/lib/python3.12/site-packages/airflow/example_dags/example_bash_operator.py
[2024-10-31T12:43:53.861+0000] {processor.py:914} INFO - Processing file /home/airflow/.local/lib/python3.12/site-packages/airflow/example_dags/example_bash_operator.py for tasks to queue
[2024-10-31T12:43:53.868+0000] {logging_mixin.py:190} INFO - [2024-10-31T12:43:53.867+0000] {dagbag.py:588} INFO - Filling up the DagBag from /home/airflow/.local/lib/python3.12/site-packages/airflow/example_dags/example_bash_operator.py
[2024-10-31T12:43:53.966+0000] {processor.py:925} INFO - DAG(s) 'example_bash_operator' retrieved from /home/airflow/.local/lib/python3.12/site-packages/airflow/example_dags/example_bash_operator.py
[2024-10-31T12:43:54.019+0000] {logging_mixin.py:190} INFO - [2024-10-31T12:43:54.018+0000] {dag.py:3239} INFO - Sync 1 DAGs
[2024-10-31T12:43:54.082+0000] {logging_mixin.py:190} INFO - [2024-10-31T12:43:54.081+0000] {dag.py:4180} INFO - Setting next_dagrun for example_bash_operator to 2024-10-30 00:00:00+00:00, run_after=2024-10-31 00:00:00+00:00
[2024-10-31T12:43:54.137+0000] {processor.py:208} INFO - Processing /home/airflow/.local/lib/python3.12/site-packages/airflow/example_dags/example_bash_operator.py took 0.288 seconds
[2024-10-31T12:44:26.735+0000] {processor.py:186} INFO - Started process (PID=452) to work on /home/airflow/.local/lib/python3.12/site-packages/airflow/example_dags/example_bash_operator.py
[2024-10-31T12:44:26.737+0000] {processor.py:914} INFO - Processing file /home/airflow/.local/lib/python3.12/site-packages/airflow/example_dags/example_bash_operator.py for tasks to queue
[2024-10-31T12:44:26.746+0000] {logging_mixin.py:190} INFO - [2024-10-31T12:44:26.746+0000] {dagbag.py:588} INFO - Filling up the DagBag from /home/airflow/.local/lib/python3.12/site-packages/airflow/example_dags/example_bash_operator.py
[2024-10-31T12:44:26.772+0000] {processor.py:925} INFO - DAG(s) 'example_bash_operator' retrieved from /home/airflow/.local/lib/python3.12/site-packages/airflow/example_dags/example_bash_operator.py
[2024-10-31T12:44:26.824+0000] {logging_mixin.py:190} INFO - [2024-10-31T12:44:26.824+0000] {dag.py:3239} INFO - Sync 1 DAGs
[2024-10-31T12:44:26.876+0000] {logging_mixin.py:190} INFO - [2024-10-31T12:44:26.876+0000] {dag.py:4180} INFO - Setting next_dagrun for example_bash_operator to 2024-10-30 00:00:00+00:00, run_after=2024-10-31 00:00:00+00:00
[2024-10-31T12:44:26.912+0000] {processor.py:208} INFO - Processing /home/airflow/.local/lib/python3.12/site-packages/airflow/example_dags/example_bash_operator.py took 0.186 seconds
[2024-10-31T12:48:11.054+0000] {processor.py:186} INFO - Started process (PID=495) to work on /home/airflow/.local/lib/python3.12/site-packages/airflow/example_dags/example_bash_operator.py
[2024-10-31T12:48:11.158+0000] {processor.py:914} INFO - Processing file /home/airflow/.local/lib/python3.12/site-packages/airflow/example_dags/example_bash_operator.py for tasks to queue
[2024-10-31T12:48:11.449+0000] {logging_mixin.py:190} INFO - [2024-10-31T12:48:11.321+0000] {dagbag.py:588} INFO - Filling up the DagBag from /home/airflow/.local/lib/python3.12/site-packages/airflow/example_dags/example_bash_operator.py
[2024-10-31T12:48:13.509+0000] {processor.py:925} INFO - DAG(s) 'example_bash_operator' retrieved from /home/airflow/.local/lib/python3.12/site-packages/airflow/example_dags/example_bash_operator.py
[2024-10-31T12:48:21.560+0000] {logging_mixin.py:190} INFO - [2024-10-31T12:48:21.421+0000] {dag.py:3239} INFO - Sync 1 DAGs
[2024-10-31T12:51:35.947+0000] {logging_mixin.py:190} INFO - [2024-10-31T12:51:35.794+0000] {dag.py:4180} INFO - Setting next_dagrun for example_bash_operator to 2024-10-30 00:00:00+00:00, run_after=2024-10-31 00:00:00+00:00
[2024-10-31T12:57:23.623+0000] {processor.py:186} INFO - Started process (PID=59) to work on /home/airflow/.local/lib/python3.12/site-packages/airflow/example_dags/example_bash_operator.py
[2024-10-31T12:57:23.624+0000] {processor.py:914} INFO - Processing file /home/airflow/.local/lib/python3.12/site-packages/airflow/example_dags/example_bash_operator.py for tasks to queue
[2024-10-31T12:57:23.627+0000] {logging_mixin.py:190} INFO - [2024-10-31T12:57:23.626+0000] {dagbag.py:588} INFO - Filling up the DagBag from /home/airflow/.local/lib/python3.12/site-packages/airflow/example_dags/example_bash_operator.py
[2024-10-31T12:57:23.639+0000] {processor.py:925} INFO - DAG(s) 'example_bash_operator' retrieved from /home/airflow/.local/lib/python3.12/site-packages/airflow/example_dags/example_bash_operator.py
[2024-10-31T12:57:23.675+0000] {logging_mixin.py:190} INFO - [2024-10-31T12:57:23.675+0000] {dag.py:3239} INFO - Sync 1 DAGs
[2024-10-31T12:57:23.698+0000] {logging_mixin.py:190} INFO - [2024-10-31T12:57:23.698+0000] {dag.py:4180} INFO - Setting next_dagrun for example_bash_operator to 2024-10-30 00:00:00+00:00, run_after=2024-10-31 00:00:00+00:00
[2024-10-31T12:57:23.718+0000] {processor.py:208} INFO - Processing /home/airflow/.local/lib/python3.12/site-packages/airflow/example_dags/example_bash_operator.py took 0.101 seconds
[2024-10-31T12:57:54.387+0000] {processor.py:186} INFO - Started process (PID=120) to work on /home/airflow/.local/lib/python3.12/site-packages/airflow/example_dags/example_bash_operator.py
[2024-10-31T12:57:54.389+0000] {processor.py:914} INFO - Processing file /home/airflow/.local/lib/python3.12/site-packages/airflow/example_dags/example_bash_operator.py for tasks to queue
[2024-10-31T12:57:54.395+0000] {logging_mixin.py:190} INFO - [2024-10-31T12:57:54.394+0000] {dagbag.py:588} INFO - Filling up the DagBag from /home/airflow/.local/lib/python3.12/site-packages/airflow/example_dags/example_bash_operator.py
[2024-10-31T12:57:54.771+0000] {processor.py:925} INFO - DAG(s) 'example_bash_operator' retrieved from /home/airflow/.local/lib/python3.12/site-packages/airflow/example_dags/example_bash_operator.py
[2024-10-31T12:57:57.318+0000] {logging_mixin.py:190} INFO - [2024-10-31T12:57:57.302+0000] {dag.py:3239} INFO - Sync 1 DAGs
[2024-10-31T12:57:59.017+0000] {logging_mixin.py:190} INFO - [2024-10-31T12:57:59.011+0000] {dag.py:4180} INFO - Setting next_dagrun for example_bash_operator to 2024-10-30 00:00:00+00:00, run_after=2024-10-31 00:00:00+00:00
[2024-10-31T12:57:59.063+0000] {processor.py:208} INFO - Processing /home/airflow/.local/lib/python3.12/site-packages/airflow/example_dags/example_bash_operator.py took 4.686 seconds
[2024-10-31T12:58:29.618+0000] {processor.py:186} INFO - Started process (PID=182) to work on /home/airflow/.local/lib/python3.12/site-packages/airflow/example_dags/example_bash_operator.py
[2024-10-31T12:58:29.619+0000] {processor.py:914} INFO - Processing file /home/airflow/.local/lib/python3.12/site-packages/airflow/example_dags/example_bash_operator.py for tasks to queue
[2024-10-31T12:58:29.622+0000] {logging_mixin.py:190} INFO - [2024-10-31T12:58:29.622+0000] {dagbag.py:588} INFO - Filling up the DagBag from /home/airflow/.local/lib/python3.12/site-packages/airflow/example_dags/example_bash_operator.py
[2024-10-31T12:58:29.634+0000] {processor.py:925} INFO - DAG(s) 'example_bash_operator' retrieved from /home/airflow/.local/lib/python3.12/site-packages/airflow/example_dags/example_bash_operator.py
[2024-10-31T12:58:29.659+0000] {logging_mixin.py:190} INFO - [2024-10-31T12:58:29.659+0000] {dag.py:3239} INFO - Sync 1 DAGs
[2024-10-31T12:58:29.682+0000] {logging_mixin.py:190} INFO - [2024-10-31T12:58:29.682+0000] {dag.py:4180} INFO - Setting next_dagrun for example_bash_operator to 2024-10-30 00:00:00+00:00, run_after=2024-10-31 00:00:00+00:00
[2024-10-31T12:58:29.702+0000] {processor.py:208} INFO - Processing /home/airflow/.local/lib/python3.12/site-packages/airflow/example_dags/example_bash_operator.py took 0.092 seconds
[2024-10-31T12:59:00.661+0000] {processor.py:186} INFO - Started process (PID=244) to work on /home/airflow/.local/lib/python3.12/site-packages/airflow/example_dags/example_bash_operator.py
[2024-10-31T12:59:00.663+0000] {processor.py:914} INFO - Processing file /home/airflow/.local/lib/python3.12/site-packages/airflow/example_dags/example_bash_operator.py for tasks to queue
[2024-10-31T12:59:00.666+0000] {logging_mixin.py:190} INFO - [2024-10-31T12:59:00.666+0000] {dagbag.py:588} INFO - Filling up the DagBag from /home/airflow/.local/lib/python3.12/site-packages/airflow/example_dags/example_bash_operator.py
[2024-10-31T12:59:00.678+0000] {processor.py:925} INFO - DAG(s) 'example_bash_operator' retrieved from /home/airflow/.local/lib/python3.12/site-packages/airflow/example_dags/example_bash_operator.py
[2024-10-31T12:59:00.705+0000] {logging_mixin.py:190} INFO - [2024-10-31T12:59:00.705+0000] {dag.py:3239} INFO - Sync 1 DAGs
[2024-10-31T12:59:00.732+0000] {logging_mixin.py:190} INFO - [2024-10-31T12:59:00.731+0000] {dag.py:4180} INFO - Setting next_dagrun for example_bash_operator to 2024-10-30 00:00:00+00:00, run_after=2024-10-31 00:00:00+00:00
[2024-10-31T12:59:00.752+0000] {processor.py:208} INFO - Processing /home/airflow/.local/lib/python3.12/site-packages/airflow/example_dags/example_bash_operator.py took 0.096 seconds
[2024-10-31T12:59:30.847+0000] {processor.py:186} INFO - Started process (PID=305) to work on /home/airflow/.local/lib/python3.12/site-packages/airflow/example_dags/example_bash_operator.py
[2024-10-31T12:59:30.849+0000] {processor.py:914} INFO - Processing file /home/airflow/.local/lib/python3.12/site-packages/airflow/example_dags/example_bash_operator.py for tasks to queue
[2024-10-31T12:59:30.852+0000] {logging_mixin.py:190} INFO - [2024-10-31T12:59:30.851+0000] {dagbag.py:588} INFO - Filling up the DagBag from /home/airflow/.local/lib/python3.12/site-packages/airflow/example_dags/example_bash_operator.py
[2024-10-31T12:59:30.870+0000] {processor.py:925} INFO - DAG(s) 'example_bash_operator' retrieved from /home/airflow/.local/lib/python3.12/site-packages/airflow/example_dags/example_bash_operator.py
[2024-10-31T12:59:30.929+0000] {logging_mixin.py:190} INFO - [2024-10-31T12:59:30.929+0000] {dag.py:3239} INFO - Sync 1 DAGs
[2024-10-31T12:59:30.956+0000] {logging_mixin.py:190} INFO - [2024-10-31T12:59:30.955+0000] {dag.py:4180} INFO - Setting next_dagrun for example_bash_operator to 2024-10-30 00:00:00+00:00, run_after=2024-10-31 00:00:00+00:00
[2024-10-31T12:59:30.978+0000] {processor.py:208} INFO - Processing /home/airflow/.local/lib/python3.12/site-packages/airflow/example_dags/example_bash_operator.py took 0.139 seconds
[2024-10-31T13:01:37.254+0000] {processor.py:186} INFO - Started process (PID=329) to work on /home/airflow/.local/lib/python3.12/site-packages/airflow/example_dags/example_bash_operator.py
[2024-10-31T13:01:37.255+0000] {processor.py:914} INFO - Processing file /home/airflow/.local/lib/python3.12/site-packages/airflow/example_dags/example_bash_operator.py for tasks to queue
[2024-10-31T13:01:37.260+0000] {logging_mixin.py:190} INFO - [2024-10-31T13:01:37.259+0000] {dagbag.py:588} INFO - Filling up the DagBag from /home/airflow/.local/lib/python3.12/site-packages/airflow/example_dags/example_bash_operator.py
[2024-10-31T13:01:37.280+0000] {processor.py:925} INFO - DAG(s) 'example_bash_operator' retrieved from /home/airflow/.local/lib/python3.12/site-packages/airflow/example_dags/example_bash_operator.py
[2024-10-31T13:01:37.321+0000] {logging_mixin.py:190} INFO - [2024-10-31T13:01:37.320+0000] {dag.py:3239} INFO - Sync 1 DAGs
[2024-10-31T13:01:37.352+0000] {logging_mixin.py:190} INFO - [2024-10-31T13:01:37.351+0000] {dag.py:4180} INFO - Setting next_dagrun for example_bash_operator to 2024-10-30 00:00:00+00:00, run_after=2024-10-31 00:00:00+00:00
[2024-10-31T13:01:37.379+0000] {processor.py:208} INFO - Processing /home/airflow/.local/lib/python3.12/site-packages/airflow/example_dags/example_bash_operator.py took 0.134 seconds
[2024-10-31T13:02:15.644+0000] {processor.py:186} INFO - Started process (PID=376) to work on /home/airflow/.local/lib/python3.12/site-packages/airflow/example_dags/example_bash_operator.py
[2024-10-31T13:02:15.646+0000] {processor.py:914} INFO - Processing file /home/airflow/.local/lib/python3.12/site-packages/airflow/example_dags/example_bash_operator.py for tasks to queue
[2024-10-31T13:02:15.650+0000] {logging_mixin.py:190} INFO - [2024-10-31T13:02:15.650+0000] {dagbag.py:588} INFO - Filling up the DagBag from /home/airflow/.local/lib/python3.12/site-packages/airflow/example_dags/example_bash_operator.py
[2024-10-31T13:02:15.670+0000] {processor.py:925} INFO - DAG(s) 'example_bash_operator' retrieved from /home/airflow/.local/lib/python3.12/site-packages/airflow/example_dags/example_bash_operator.py
[2024-10-31T13:02:15.715+0000] {logging_mixin.py:190} INFO - [2024-10-31T13:02:15.715+0000] {dag.py:3239} INFO - Sync 1 DAGs
[2024-10-31T13:02:15.758+0000] {logging_mixin.py:190} INFO - [2024-10-31T13:02:15.758+0000] {dag.py:4180} INFO - Setting next_dagrun for example_bash_operator to 2024-10-30 00:00:00+00:00, run_after=2024-10-31 00:00:00+00:00
[2024-10-31T13:02:15.786+0000] {processor.py:208} INFO - Processing /home/airflow/.local/lib/python3.12/site-packages/airflow/example_dags/example_bash_operator.py took 0.153 seconds
[2024-10-31T13:02:52.863+0000] {processor.py:186} INFO - Started process (PID=438) to work on /home/airflow/.local/lib/python3.12/site-packages/airflow/example_dags/example_bash_operator.py
[2024-10-31T13:02:52.864+0000] {processor.py:914} INFO - Processing file /home/airflow/.local/lib/python3.12/site-packages/airflow/example_dags/example_bash_operator.py for tasks to queue
[2024-10-31T13:02:52.867+0000] {logging_mixin.py:190} INFO - [2024-10-31T13:02:52.866+0000] {dagbag.py:588} INFO - Filling up the DagBag from /home/airflow/.local/lib/python3.12/site-packages/airflow/example_dags/example_bash_operator.py
[2024-10-31T13:02:52.883+0000] {processor.py:925} INFO - DAG(s) 'example_bash_operator' retrieved from /home/airflow/.local/lib/python3.12/site-packages/airflow/example_dags/example_bash_operator.py
[2024-10-31T13:02:52.918+0000] {logging_mixin.py:190} INFO - [2024-10-31T13:02:52.918+0000] {dag.py:3239} INFO - Sync 1 DAGs
[2024-10-31T13:02:52.950+0000] {logging_mixin.py:190} INFO - [2024-10-31T13:02:52.950+0000] {dag.py:4180} INFO - Setting next_dagrun for example_bash_operator to 2024-10-30 00:00:00+00:00, run_after=2024-10-31 00:00:00+00:00
[2024-10-31T13:02:52.975+0000] {processor.py:208} INFO - Processing /home/airflow/.local/lib/python3.12/site-packages/airflow/example_dags/example_bash_operator.py took 0.118 seconds
[2024-10-31T13:03:48.411+0000] {processor.py:186} INFO - Started process (PID=499) to work on /home/airflow/.local/lib/python3.12/site-packages/airflow/example_dags/example_bash_operator.py
[2024-10-31T13:03:48.428+0000] {processor.py:914} INFO - Processing file /home/airflow/.local/lib/python3.12/site-packages/airflow/example_dags/example_bash_operator.py for tasks to queue
[2024-10-31T13:03:48.468+0000] {logging_mixin.py:190} INFO - [2024-10-31T13:03:48.457+0000] {dagbag.py:588} INFO - Filling up the DagBag from /home/airflow/.local/lib/python3.12/site-packages/airflow/example_dags/example_bash_operator.py
[2024-10-31T13:03:48.731+0000] {processor.py:925} INFO - DAG(s) 'example_bash_operator' retrieved from /home/airflow/.local/lib/python3.12/site-packages/airflow/example_dags/example_bash_operator.py
[2024-10-31T13:03:49.288+0000] {logging_mixin.py:190} INFO - [2024-10-31T13:03:49.285+0000] {dag.py:3239} INFO - Sync 1 DAGs
[2024-10-31T13:03:49.811+0000] {logging_mixin.py:190} INFO - [2024-10-31T13:03:49.809+0000] {dag.py:4180} INFO - Setting next_dagrun for example_bash_operator to 2024-10-30 00:00:00+00:00, run_after=2024-10-31 00:00:00+00:00
[2024-10-31T13:03:50.171+0000] {processor.py:208} INFO - Processing /home/airflow/.local/lib/python3.12/site-packages/airflow/example_dags/example_bash_operator.py took 1.927 seconds
