[2024-10-31T09:53:42.223+0000] {processor.py:186} INFO - Started process (PID=194) to work on /home/airflow/.local/lib/python3.12/site-packages/airflow/example_dags/example_branch_operator.py
[2024-10-31T09:53:42.479+0000] {processor.py:914} INFO - Processing file /home/airflow/.local/lib/python3.12/site-packages/airflow/example_dags/example_branch_operator.py for tasks to queue
[2024-10-31T09:53:42.622+0000] {logging_mixin.py:190} INFO - [2024-10-31T09:53:42.619+0000] {dagbag.py:588} INFO - Filling up the DagBag from /home/airflow/.local/lib/python3.12/site-packages/airflow/example_dags/example_branch_operator.py
[2024-10-31T09:53:45.608+0000] {processor.py:925} INFO - DAG(s) 'example_branch_operator' retrieved from /home/airflow/.local/lib/python3.12/site-packages/airflow/example_dags/example_branch_operator.py
[2024-10-31T09:53:51.363+0000] {logging_mixin.py:190} INFO - [2024-10-31T09:53:51.314+0000] {override.py:1900} INFO - Created Permission View: can read on DAG:example_branch_operator
[2024-10-31T09:53:51.938+0000] {logging_mixin.py:190} INFO - [2024-10-31T09:53:51.935+0000] {override.py:1900} INFO - Created Permission View: can edit on DAG:example_branch_operator
[2024-10-31T09:53:52.418+0000] {logging_mixin.py:190} INFO - [2024-10-31T09:53:52.415+0000] {override.py:1900} INFO - Created Permission View: can delete on DAG:example_branch_operator
[2024-10-31T09:53:52.751+0000] {logging_mixin.py:190} INFO - [2024-10-31T09:53:52.734+0000] {override.py:1900} INFO - Created Permission View: can read on DAG Run:example_branch_operator
[2024-10-31T09:53:53.139+0000] {logging_mixin.py:190} INFO - [2024-10-31T09:53:53.136+0000] {override.py:1900} INFO - Created Permission View: menu access on DAG Run:example_branch_operator
[2024-10-31T09:53:53.437+0000] {logging_mixin.py:190} INFO - [2024-10-31T09:53:53.434+0000] {override.py:1900} INFO - Created Permission View: can delete on DAG Run:example_branch_operator
[2024-10-31T09:53:53.889+0000] {logging_mixin.py:190} INFO - [2024-10-31T09:53:53.859+0000] {override.py:1900} INFO - Created Permission View: can create on DAG Run:example_branch_operator
[2024-10-31T09:53:53.922+0000] {logging_mixin.py:190} INFO - [2024-10-31T09:53:53.908+0000] {dag.py:3239} INFO - Sync 1 DAGs
[2024-10-31T09:53:54.655+0000] {logging_mixin.py:190} INFO - [2024-10-31T09:53:54.652+0000] {dag.py:3262} INFO - Creating ORM DAG for example_branch_operator
[2024-10-31T09:53:56.296+0000] {logging_mixin.py:190} INFO - [2024-10-31T09:53:56.263+0000] {dag.py:4180} INFO - Setting next_dagrun for example_branch_operator to 2024-10-30 00:00:00+00:00, run_after=2024-10-31 00:00:00+00:00
[2024-10-31T09:53:57.544+0000] {processor.py:208} INFO - Processing /home/airflow/.local/lib/python3.12/site-packages/airflow/example_dags/example_branch_operator.py took 15.728 seconds
[2024-10-31T10:00:47.667+0000] {processor.py:186} INFO - Started process (PID=321) to work on /home/airflow/.local/lib/python3.12/site-packages/airflow/example_dags/example_branch_operator.py
[2024-10-31T10:00:47.684+0000] {processor.py:914} INFO - Processing file /home/airflow/.local/lib/python3.12/site-packages/airflow/example_dags/example_branch_operator.py for tasks to queue
[2024-10-31T10:00:47.755+0000] {logging_mixin.py:190} INFO - [2024-10-31T10:00:47.751+0000] {dagbag.py:588} INFO - Filling up the DagBag from /home/airflow/.local/lib/python3.12/site-packages/airflow/example_dags/example_branch_operator.py
[2024-10-31T10:00:48.752+0000] {processor.py:925} INFO - DAG(s) 'example_branch_operator' retrieved from /home/airflow/.local/lib/python3.12/site-packages/airflow/example_dags/example_branch_operator.py
[2024-10-31T10:00:49.700+0000] {logging_mixin.py:190} INFO - [2024-10-31T10:00:49.692+0000] {dag.py:3239} INFO - Sync 1 DAGs
[2024-10-31T10:00:50.887+0000] {logging_mixin.py:190} INFO - [2024-10-31T10:00:50.881+0000] {dag.py:4180} INFO - Setting next_dagrun for example_branch_operator to 2024-10-30 00:00:00+00:00, run_after=2024-10-31 00:00:00+00:00
[2024-10-31T10:00:51.355+0000] {processor.py:208} INFO - Processing /home/airflow/.local/lib/python3.12/site-packages/airflow/example_dags/example_branch_operator.py took 3.848 seconds
[2024-10-31T10:02:32.405+0000] {processor.py:186} INFO - Started process (PID=391) to work on /home/airflow/.local/lib/python3.12/site-packages/airflow/example_dags/example_branch_operator.py
[2024-10-31T10:02:32.431+0000] {processor.py:914} INFO - Processing file /home/airflow/.local/lib/python3.12/site-packages/airflow/example_dags/example_branch_operator.py for tasks to queue
[2024-10-31T10:02:32.486+0000] {logging_mixin.py:190} INFO - [2024-10-31T10:02:32.482+0000] {dagbag.py:588} INFO - Filling up the DagBag from /home/airflow/.local/lib/python3.12/site-packages/airflow/example_dags/example_branch_operator.py
[2024-10-31T10:02:33.261+0000] {processor.py:925} INFO - DAG(s) 'example_branch_operator' retrieved from /home/airflow/.local/lib/python3.12/site-packages/airflow/example_dags/example_branch_operator.py
[2024-10-31T10:02:34.809+0000] {logging_mixin.py:190} INFO - [2024-10-31T10:02:34.807+0000] {dag.py:3239} INFO - Sync 1 DAGs
[2024-10-31T10:02:35.889+0000] {logging_mixin.py:190} INFO - [2024-10-31T10:02:35.874+0000] {dag.py:4180} INFO - Setting next_dagrun for example_branch_operator to 2024-10-30 00:00:00+00:00, run_after=2024-10-31 00:00:00+00:00
[2024-10-31T10:02:36.746+0000] {processor.py:208} INFO - Processing /home/airflow/.local/lib/python3.12/site-packages/airflow/example_dags/example_branch_operator.py took 4.458 seconds
[2024-10-31T10:03:52.845+0000] {processor.py:186} INFO - Started process (PID=439) to work on /home/airflow/.local/lib/python3.12/site-packages/airflow/example_dags/example_branch_operator.py
[2024-10-31T10:03:52.865+0000] {processor.py:914} INFO - Processing file /home/airflow/.local/lib/python3.12/site-packages/airflow/example_dags/example_branch_operator.py for tasks to queue
[2024-10-31T10:03:53.115+0000] {logging_mixin.py:190} INFO - [2024-10-31T10:03:53.084+0000] {dagbag.py:588} INFO - Filling up the DagBag from /home/airflow/.local/lib/python3.12/site-packages/airflow/example_dags/example_branch_operator.py
[2024-10-31T10:03:54.099+0000] {processor.py:925} INFO - DAG(s) 'example_branch_operator' retrieved from /home/airflow/.local/lib/python3.12/site-packages/airflow/example_dags/example_branch_operator.py
[2024-10-31T10:03:54.810+0000] {logging_mixin.py:190} INFO - [2024-10-31T10:03:54.806+0000] {dag.py:3239} INFO - Sync 1 DAGs
[2024-10-31T10:03:55.471+0000] {logging_mixin.py:190} INFO - [2024-10-31T10:03:55.467+0000] {dag.py:4180} INFO - Setting next_dagrun for example_branch_operator to 2024-10-30 00:00:00+00:00, run_after=2024-10-31 00:00:00+00:00
[2024-10-31T10:03:56.127+0000] {processor.py:208} INFO - Processing /home/airflow/.local/lib/python3.12/site-packages/airflow/example_dags/example_branch_operator.py took 3.391 seconds
[2024-10-31T10:04:53.524+0000] {processor.py:186} INFO - Started process (PID=487) to work on /home/airflow/.local/lib/python3.12/site-packages/airflow/example_dags/example_branch_operator.py
[2024-10-31T10:04:53.547+0000] {processor.py:914} INFO - Processing file /home/airflow/.local/lib/python3.12/site-packages/airflow/example_dags/example_branch_operator.py for tasks to queue
[2024-10-31T10:04:53.584+0000] {logging_mixin.py:190} INFO - [2024-10-31T10:04:53.580+0000] {dagbag.py:588} INFO - Filling up the DagBag from /home/airflow/.local/lib/python3.12/site-packages/airflow/example_dags/example_branch_operator.py
[2024-10-31T10:04:53.976+0000] {processor.py:925} INFO - DAG(s) 'example_branch_operator' retrieved from /home/airflow/.local/lib/python3.12/site-packages/airflow/example_dags/example_branch_operator.py
[2024-10-31T10:04:54.543+0000] {logging_mixin.py:190} INFO - [2024-10-31T10:04:54.540+0000] {dag.py:3239} INFO - Sync 1 DAGs
[2024-10-31T10:04:55.068+0000] {logging_mixin.py:190} INFO - [2024-10-31T10:04:55.066+0000] {dag.py:4180} INFO - Setting next_dagrun for example_branch_operator to 2024-10-30 00:00:00+00:00, run_after=2024-10-31 00:00:00+00:00
[2024-10-31T10:04:55.488+0000] {processor.py:208} INFO - Processing /home/airflow/.local/lib/python3.12/site-packages/airflow/example_dags/example_branch_operator.py took 2.065 seconds
[2024-10-31T10:12:52.196+0000] {processor.py:186} INFO - Started process (PID=64) to work on /home/airflow/.local/lib/python3.12/site-packages/airflow/example_dags/example_branch_operator.py
[2024-10-31T10:12:52.200+0000] {processor.py:914} INFO - Processing file /home/airflow/.local/lib/python3.12/site-packages/airflow/example_dags/example_branch_operator.py for tasks to queue
[2024-10-31T10:12:52.211+0000] {logging_mixin.py:190} INFO - [2024-10-31T10:12:52.207+0000] {dagbag.py:588} INFO - Filling up the DagBag from /home/airflow/.local/lib/python3.12/site-packages/airflow/example_dags/example_branch_operator.py
[2024-10-31T10:12:52.532+0000] {processor.py:925} INFO - DAG(s) 'example_branch_operator' retrieved from /home/airflow/.local/lib/python3.12/site-packages/airflow/example_dags/example_branch_operator.py
[2024-10-31T10:12:53.315+0000] {logging_mixin.py:190} INFO - [2024-10-31T10:12:53.314+0000] {dag.py:3239} INFO - Sync 1 DAGs
[2024-10-31T10:12:53.382+0000] {logging_mixin.py:190} INFO - [2024-10-31T10:12:53.381+0000] {dag.py:4180} INFO - Setting next_dagrun for example_branch_operator to 2024-10-30 00:00:00+00:00, run_after=2024-10-31 00:00:00+00:00
[2024-10-31T10:12:53.432+0000] {processor.py:208} INFO - Processing /home/airflow/.local/lib/python3.12/site-packages/airflow/example_dags/example_branch_operator.py took 1.258 seconds
[2024-10-31T10:13:53.064+0000] {processor.py:186} INFO - Started process (PID=120) to work on /home/airflow/.local/lib/python3.12/site-packages/airflow/example_dags/example_branch_operator.py
[2024-10-31T10:13:53.072+0000] {processor.py:914} INFO - Processing file /home/airflow/.local/lib/python3.12/site-packages/airflow/example_dags/example_branch_operator.py for tasks to queue
[2024-10-31T10:13:53.083+0000] {logging_mixin.py:190} INFO - [2024-10-31T10:13:53.083+0000] {dagbag.py:588} INFO - Filling up the DagBag from /home/airflow/.local/lib/python3.12/site-packages/airflow/example_dags/example_branch_operator.py
[2024-10-31T10:13:53.180+0000] {processor.py:925} INFO - DAG(s) 'example_branch_operator' retrieved from /home/airflow/.local/lib/python3.12/site-packages/airflow/example_dags/example_branch_operator.py
[2024-10-31T10:13:53.271+0000] {logging_mixin.py:190} INFO - [2024-10-31T10:13:53.270+0000] {dag.py:3239} INFO - Sync 1 DAGs
[2024-10-31T10:13:53.329+0000] {logging_mixin.py:190} INFO - [2024-10-31T10:13:53.328+0000] {dag.py:4180} INFO - Setting next_dagrun for example_branch_operator to 2024-10-30 00:00:00+00:00, run_after=2024-10-31 00:00:00+00:00
[2024-10-31T10:13:53.367+0000] {processor.py:208} INFO - Processing /home/airflow/.local/lib/python3.12/site-packages/airflow/example_dags/example_branch_operator.py took 0.331 seconds
[2024-10-31T10:20:23.904+0000] {processor.py:186} INFO - Started process (PID=184) to work on /home/airflow/.local/lib/python3.12/site-packages/airflow/example_dags/example_branch_operator.py
[2024-10-31T10:20:23.918+0000] {processor.py:914} INFO - Processing file /home/airflow/.local/lib/python3.12/site-packages/airflow/example_dags/example_branch_operator.py for tasks to queue
[2024-10-31T10:20:23.942+0000] {logging_mixin.py:190} INFO - [2024-10-31T10:20:23.939+0000] {dagbag.py:588} INFO - Filling up the DagBag from /home/airflow/.local/lib/python3.12/site-packages/airflow/example_dags/example_branch_operator.py
[2024-10-31T10:20:24.259+0000] {processor.py:925} INFO - DAG(s) 'example_branch_operator' retrieved from /home/airflow/.local/lib/python3.12/site-packages/airflow/example_dags/example_branch_operator.py
[2024-10-31T10:20:24.811+0000] {logging_mixin.py:190} INFO - [2024-10-31T10:20:24.807+0000] {dag.py:3239} INFO - Sync 1 DAGs
[2024-10-31T10:20:25.324+0000] {logging_mixin.py:190} INFO - [2024-10-31T10:20:25.316+0000] {dag.py:4180} INFO - Setting next_dagrun for example_branch_operator to 2024-10-30 00:00:00+00:00, run_after=2024-10-31 00:00:00+00:00
[2024-10-31T10:20:25.624+0000] {processor.py:208} INFO - Processing /home/airflow/.local/lib/python3.12/site-packages/airflow/example_dags/example_branch_operator.py took 1.833 seconds
[2024-10-31T10:43:39.841+0000] {processor.py:186} INFO - Started process (PID=117) to work on /home/airflow/.local/lib/python3.12/site-packages/airflow/example_dags/example_branch_operator.py
[2024-10-31T10:43:39.867+0000] {processor.py:914} INFO - Processing file /home/airflow/.local/lib/python3.12/site-packages/airflow/example_dags/example_branch_operator.py for tasks to queue
[2024-10-31T10:43:39.911+0000] {logging_mixin.py:190} INFO - [2024-10-31T10:43:39.907+0000] {dagbag.py:588} INFO - Filling up the DagBag from /home/airflow/.local/lib/python3.12/site-packages/airflow/example_dags/example_branch_operator.py
[2024-10-31T10:43:40.222+0000] {processor.py:925} INFO - DAG(s) 'example_branch_operator' retrieved from /home/airflow/.local/lib/python3.12/site-packages/airflow/example_dags/example_branch_operator.py
[2024-10-31T10:43:42.327+0000] {logging_mixin.py:190} INFO - [2024-10-31T10:43:42.324+0000] {dag.py:3239} INFO - Sync 1 DAGs
[2024-10-31T10:43:42.771+0000] {logging_mixin.py:190} INFO - [2024-10-31T10:43:42.769+0000] {dag.py:4180} INFO - Setting next_dagrun for example_branch_operator to 2024-10-30 00:00:00+00:00, run_after=2024-10-31 00:00:00+00:00
[2024-10-31T10:43:43.029+0000] {processor.py:208} INFO - Processing /home/airflow/.local/lib/python3.12/site-packages/airflow/example_dags/example_branch_operator.py took 3.252 seconds
[2024-10-31T11:05:01.311+0000] {processor.py:186} INFO - Started process (PID=113) to work on /home/airflow/.local/lib/python3.12/site-packages/airflow/example_dags/example_branch_operator.py
[2024-10-31T11:05:02.274+0000] {processor.py:914} INFO - Processing file /home/airflow/.local/lib/python3.12/site-packages/airflow/example_dags/example_branch_operator.py for tasks to queue
[2024-10-31T11:05:02.791+0000] {logging_mixin.py:190} INFO - [2024-10-31T11:05:02.722+0000] {dagbag.py:588} INFO - Filling up the DagBag from /home/airflow/.local/lib/python3.12/site-packages/airflow/example_dags/example_branch_operator.py
[2024-10-31T11:05:04.865+0000] {processor.py:925} INFO - DAG(s) 'example_branch_operator' retrieved from /home/airflow/.local/lib/python3.12/site-packages/airflow/example_dags/example_branch_operator.py
[2024-10-31T11:05:11.848+0000] {logging_mixin.py:190} INFO - [2024-10-31T11:05:11.841+0000] {dag.py:3239} INFO - Sync 1 DAGs
[2024-10-31T11:05:13.727+0000] {logging_mixin.py:190} INFO - [2024-10-31T11:05:13.696+0000] {dag.py:4180} INFO - Setting next_dagrun for example_branch_operator to 2024-10-30 00:00:00+00:00, run_after=2024-10-31 00:00:00+00:00
[2024-10-31T11:05:14.682+0000] {processor.py:208} INFO - Processing /home/airflow/.local/lib/python3.12/site-packages/airflow/example_dags/example_branch_operator.py took 12.601 seconds
[2024-10-31T11:21:47.585+0000] {processor.py:186} INFO - Started process (PID=124) to work on /home/airflow/.local/lib/python3.12/site-packages/airflow/example_dags/example_branch_operator.py
[2024-10-31T11:21:47.603+0000] {processor.py:914} INFO - Processing file /home/airflow/.local/lib/python3.12/site-packages/airflow/example_dags/example_branch_operator.py for tasks to queue
[2024-10-31T11:21:47.650+0000] {logging_mixin.py:190} INFO - [2024-10-31T11:21:47.644+0000] {dagbag.py:588} INFO - Filling up the DagBag from /home/airflow/.local/lib/python3.12/site-packages/airflow/example_dags/example_branch_operator.py
[2024-10-31T11:21:48.004+0000] {processor.py:925} INFO - DAG(s) 'example_branch_operator' retrieved from /home/airflow/.local/lib/python3.12/site-packages/airflow/example_dags/example_branch_operator.py
[2024-10-31T11:21:50.390+0000] {logging_mixin.py:190} INFO - [2024-10-31T11:21:50.382+0000] {dag.py:3239} INFO - Sync 1 DAGs
[2024-10-31T11:21:50.988+0000] {logging_mixin.py:190} INFO - [2024-10-31T11:21:50.983+0000] {dag.py:4180} INFO - Setting next_dagrun for example_branch_operator to 2024-10-30 00:00:00+00:00, run_after=2024-10-31 00:00:00+00:00
[2024-10-31T11:21:51.367+0000] {processor.py:208} INFO - Processing /home/airflow/.local/lib/python3.12/site-packages/airflow/example_dags/example_branch_operator.py took 3.852 seconds
[2024-10-31T11:40:22.230+0000] {processor.py:186} INFO - Started process (PID=167) to work on /home/airflow/.local/lib/python3.12/site-packages/airflow/example_dags/example_branch_operator.py
[2024-10-31T11:40:22.673+0000] {processor.py:914} INFO - Processing file /home/airflow/.local/lib/python3.12/site-packages/airflow/example_dags/example_branch_operator.py for tasks to queue
[2024-10-31T11:40:23.059+0000] {logging_mixin.py:190} INFO - [2024-10-31T11:40:23.015+0000] {dagbag.py:588} INFO - Filling up the DagBag from /home/airflow/.local/lib/python3.12/site-packages/airflow/example_dags/example_branch_operator.py
[2024-10-31T11:40:25.103+0000] {processor.py:925} INFO - DAG(s) 'example_branch_operator' retrieved from /home/airflow/.local/lib/python3.12/site-packages/airflow/example_dags/example_branch_operator.py
[2024-10-31T11:51:06.864+0000] {logging_mixin.py:190} INFO - [2024-10-31T11:51:06.860+0000] {dag.py:3239} INFO - Sync 1 DAGs
[2024-10-31T11:51:08.736+0000] {logging_mixin.py:190} INFO - [2024-10-31T11:51:08.721+0000] {dag.py:4180} INFO - Setting next_dagrun for example_branch_operator to 2024-10-30 00:00:00+00:00, run_after=2024-10-31 00:00:00+00:00
[2024-10-31T11:51:10.002+0000] {processor.py:208} INFO - Processing /home/airflow/.local/lib/python3.12/site-packages/airflow/example_dags/example_branch_operator.py took 648.318 seconds
