[2024-10-31T10:00:18.867+0000] {processor.py:186} INFO - Started process (PID=306) to work on /home/airflow/.local/lib/python3.12/site-packages/airflow/example_dags/example_setup_teardown.py
[2024-10-31T10:00:18.908+0000] {processor.py:914} INFO - Processing file /home/airflow/.local/lib/python3.12/site-packages/airflow/example_dags/example_setup_teardown.py for tasks to queue
[2024-10-31T10:00:18.983+0000] {logging_mixin.py:190} INFO - [2024-10-31T10:00:18.974+0000] {dagbag.py:588} INFO - Filling up the DagBag from /home/airflow/.local/lib/python3.12/site-packages/airflow/example_dags/example_setup_teardown.py
[2024-10-31T10:00:19.284+0000] {processor.py:925} INFO - DAG(s) 'example_setup_teardown' retrieved from /home/airflow/.local/lib/python3.12/site-packages/airflow/example_dags/example_setup_teardown.py
[2024-10-31T10:00:23.113+0000] {logging_mixin.py:190} INFO - [2024-10-31T10:00:23.094+0000] {override.py:1900} INFO - Created Permission View: can read on DAG:example_setup_teardown
[2024-10-31T10:00:23.631+0000] {logging_mixin.py:190} INFO - [2024-10-31T10:00:23.628+0000] {override.py:1900} INFO - Created Permission View: can edit on DAG:example_setup_teardown
[2024-10-31T10:00:23.893+0000] {logging_mixin.py:190} INFO - [2024-10-31T10:00:23.882+0000] {override.py:1900} INFO - Created Permission View: can delete on DAG:example_setup_teardown
[2024-10-31T10:00:24.109+0000] {logging_mixin.py:190} INFO - [2024-10-31T10:00:24.105+0000] {override.py:1900} INFO - Created Permission View: can read on DAG Run:example_setup_teardown
[2024-10-31T10:00:24.424+0000] {logging_mixin.py:190} INFO - [2024-10-31T10:00:24.409+0000] {override.py:1900} INFO - Created Permission View: menu access on DAG Run:example_setup_teardown
[2024-10-31T10:00:24.655+0000] {logging_mixin.py:190} INFO - [2024-10-31T10:00:24.648+0000] {override.py:1900} INFO - Created Permission View: can delete on DAG Run:example_setup_teardown
[2024-10-31T10:00:24.977+0000] {logging_mixin.py:190} INFO - [2024-10-31T10:00:24.966+0000] {override.py:1900} INFO - Created Permission View: can create on DAG Run:example_setup_teardown
[2024-10-31T10:00:24.997+0000] {logging_mixin.py:190} INFO - [2024-10-31T10:00:24.995+0000] {dag.py:3239} INFO - Sync 1 DAGs
[2024-10-31T10:00:25.733+0000] {logging_mixin.py:190} INFO - [2024-10-31T10:00:25.730+0000] {dag.py:3262} INFO - Creating ORM DAG for example_setup_teardown
[2024-10-31T10:00:25.792+0000] {logging_mixin.py:190} INFO - [2024-10-31T10:00:25.790+0000] {dag.py:4180} INFO - Setting next_dagrun for example_setup_teardown to None, run_after=None
[2024-10-31T10:00:26.458+0000] {processor.py:208} INFO - Processing /home/airflow/.local/lib/python3.12/site-packages/airflow/example_dags/example_setup_teardown.py took 7.712 seconds
[2024-10-31T10:03:40.886+0000] {processor.py:186} INFO - Started process (PID=430) to work on /home/airflow/.local/lib/python3.12/site-packages/airflow/example_dags/example_setup_teardown.py
[2024-10-31T10:03:40.899+0000] {processor.py:914} INFO - Processing file /home/airflow/.local/lib/python3.12/site-packages/airflow/example_dags/example_setup_teardown.py for tasks to queue
[2024-10-31T10:03:40.976+0000] {logging_mixin.py:190} INFO - [2024-10-31T10:03:40.954+0000] {dagbag.py:588} INFO - Filling up the DagBag from /home/airflow/.local/lib/python3.12/site-packages/airflow/example_dags/example_setup_teardown.py
[2024-10-31T10:03:41.296+0000] {processor.py:925} INFO - DAG(s) 'example_setup_teardown' retrieved from /home/airflow/.local/lib/python3.12/site-packages/airflow/example_dags/example_setup_teardown.py
[2024-10-31T10:03:42.086+0000] {logging_mixin.py:190} INFO - [2024-10-31T10:03:42.084+0000] {dag.py:3239} INFO - Sync 1 DAGs
[2024-10-31T10:03:42.502+0000] {logging_mixin.py:190} INFO - [2024-10-31T10:03:42.500+0000] {dag.py:4180} INFO - Setting next_dagrun for example_setup_teardown to None, run_after=None
[2024-10-31T10:03:42.982+0000] {processor.py:208} INFO - Processing /home/airflow/.local/lib/python3.12/site-packages/airflow/example_dags/example_setup_teardown.py took 2.162 seconds
[2024-10-31T10:12:58.971+0000] {processor.py:186} INFO - Started process (PID=111) to work on /home/airflow/.local/lib/python3.12/site-packages/airflow/example_dags/example_setup_teardown.py
[2024-10-31T10:12:58.974+0000] {processor.py:914} INFO - Processing file /home/airflow/.local/lib/python3.12/site-packages/airflow/example_dags/example_setup_teardown.py for tasks to queue
[2024-10-31T10:12:58.976+0000] {logging_mixin.py:190} INFO - [2024-10-31T10:12:58.976+0000] {dagbag.py:588} INFO - Filling up the DagBag from /home/airflow/.local/lib/python3.12/site-packages/airflow/example_dags/example_setup_teardown.py
[2024-10-31T10:12:58.993+0000] {processor.py:925} INFO - DAG(s) 'example_setup_teardown' retrieved from /home/airflow/.local/lib/python3.12/site-packages/airflow/example_dags/example_setup_teardown.py
[2024-10-31T10:12:59.023+0000] {logging_mixin.py:190} INFO - [2024-10-31T10:12:59.023+0000] {dag.py:3239} INFO - Sync 1 DAGs
[2024-10-31T10:12:59.047+0000] {logging_mixin.py:190} INFO - [2024-10-31T10:12:59.047+0000] {dag.py:4180} INFO - Setting next_dagrun for example_setup_teardown to None, run_after=None
[2024-10-31T10:12:59.074+0000] {processor.py:208} INFO - Processing /home/airflow/.local/lib/python3.12/site-packages/airflow/example_dags/example_setup_teardown.py took 0.110 seconds
[2024-10-31T10:20:16.590+0000] {processor.py:186} INFO - Started process (PID=175) to work on /home/airflow/.local/lib/python3.12/site-packages/airflow/example_dags/example_setup_teardown.py
[2024-10-31T10:20:16.610+0000] {processor.py:914} INFO - Processing file /home/airflow/.local/lib/python3.12/site-packages/airflow/example_dags/example_setup_teardown.py for tasks to queue
[2024-10-31T10:20:16.632+0000] {logging_mixin.py:190} INFO - [2024-10-31T10:20:16.629+0000] {dagbag.py:588} INFO - Filling up the DagBag from /home/airflow/.local/lib/python3.12/site-packages/airflow/example_dags/example_setup_teardown.py
[2024-10-31T10:20:16.801+0000] {processor.py:925} INFO - DAG(s) 'example_setup_teardown' retrieved from /home/airflow/.local/lib/python3.12/site-packages/airflow/example_dags/example_setup_teardown.py
[2024-10-31T10:20:17.132+0000] {logging_mixin.py:190} INFO - [2024-10-31T10:20:17.130+0000] {dag.py:3239} INFO - Sync 1 DAGs
[2024-10-31T10:20:17.437+0000] {logging_mixin.py:190} INFO - [2024-10-31T10:20:17.430+0000] {dag.py:4180} INFO - Setting next_dagrun for example_setup_teardown to None, run_after=None
[2024-10-31T10:20:17.649+0000] {processor.py:208} INFO - Processing /home/airflow/.local/lib/python3.12/site-packages/airflow/example_dags/example_setup_teardown.py took 1.160 seconds
[2024-10-31T12:39:03.044+0000] {processor.py:186} INFO - Started process (PID=189) to work on /home/airflow/.local/lib/python3.12/site-packages/airflow/example_dags/example_setup_teardown.py
[2024-10-31T12:39:03.049+0000] {processor.py:914} INFO - Processing file /home/airflow/.local/lib/python3.12/site-packages/airflow/example_dags/example_setup_teardown.py for tasks to queue
[2024-10-31T12:39:03.055+0000] {logging_mixin.py:190} INFO - [2024-10-31T12:39:03.055+0000] {dagbag.py:588} INFO - Filling up the DagBag from /home/airflow/.local/lib/python3.12/site-packages/airflow/example_dags/example_setup_teardown.py
[2024-10-31T12:39:03.073+0000] {processor.py:925} INFO - DAG(s) 'example_setup_teardown' retrieved from /home/airflow/.local/lib/python3.12/site-packages/airflow/example_dags/example_setup_teardown.py
[2024-10-31T12:39:03.115+0000] {logging_mixin.py:190} INFO - [2024-10-31T12:39:03.114+0000] {dag.py:3239} INFO - Sync 1 DAGs
[2024-10-31T12:39:03.145+0000] {logging_mixin.py:190} INFO - [2024-10-31T12:39:03.145+0000] {dag.py:4180} INFO - Setting next_dagrun for example_setup_teardown to None, run_after=None
[2024-10-31T12:39:03.184+0000] {processor.py:208} INFO - Processing /home/airflow/.local/lib/python3.12/site-packages/airflow/example_dags/example_setup_teardown.py took 0.148 seconds
[2024-10-31T12:39:33.409+0000] {processor.py:186} INFO - Started process (PID=251) to work on /home/airflow/.local/lib/python3.12/site-packages/airflow/example_dags/example_setup_teardown.py
[2024-10-31T12:39:33.412+0000] {processor.py:914} INFO - Processing file /home/airflow/.local/lib/python3.12/site-packages/airflow/example_dags/example_setup_teardown.py for tasks to queue
[2024-10-31T12:39:33.415+0000] {logging_mixin.py:190} INFO - [2024-10-31T12:39:33.414+0000] {dagbag.py:588} INFO - Filling up the DagBag from /home/airflow/.local/lib/python3.12/site-packages/airflow/example_dags/example_setup_teardown.py
[2024-10-31T12:39:33.423+0000] {processor.py:925} INFO - DAG(s) 'example_setup_teardown' retrieved from /home/airflow/.local/lib/python3.12/site-packages/airflow/example_dags/example_setup_teardown.py
[2024-10-31T12:39:33.446+0000] {logging_mixin.py:190} INFO - [2024-10-31T12:39:33.446+0000] {dag.py:3239} INFO - Sync 1 DAGs
[2024-10-31T12:39:33.461+0000] {logging_mixin.py:190} INFO - [2024-10-31T12:39:33.460+0000] {dag.py:4180} INFO - Setting next_dagrun for example_setup_teardown to None, run_after=None
[2024-10-31T12:39:33.479+0000] {processor.py:208} INFO - Processing /home/airflow/.local/lib/python3.12/site-packages/airflow/example_dags/example_setup_teardown.py took 0.076 seconds
[2024-10-31T12:40:04.486+0000] {processor.py:186} INFO - Started process (PID=313) to work on /home/airflow/.local/lib/python3.12/site-packages/airflow/example_dags/example_setup_teardown.py
[2024-10-31T12:40:04.489+0000] {processor.py:914} INFO - Processing file /home/airflow/.local/lib/python3.12/site-packages/airflow/example_dags/example_setup_teardown.py for tasks to queue
[2024-10-31T12:40:04.493+0000] {logging_mixin.py:190} INFO - [2024-10-31T12:40:04.492+0000] {dagbag.py:588} INFO - Filling up the DagBag from /home/airflow/.local/lib/python3.12/site-packages/airflow/example_dags/example_setup_teardown.py
[2024-10-31T12:40:04.509+0000] {processor.py:925} INFO - DAG(s) 'example_setup_teardown' retrieved from /home/airflow/.local/lib/python3.12/site-packages/airflow/example_dags/example_setup_teardown.py
[2024-10-31T12:40:04.538+0000] {logging_mixin.py:190} INFO - [2024-10-31T12:40:04.538+0000] {dag.py:3239} INFO - Sync 1 DAGs
[2024-10-31T12:40:04.567+0000] {logging_mixin.py:190} INFO - [2024-10-31T12:40:04.565+0000] {dag.py:4180} INFO - Setting next_dagrun for example_setup_teardown to None, run_after=None
[2024-10-31T12:40:04.602+0000] {processor.py:208} INFO - Processing /home/airflow/.local/lib/python3.12/site-packages/airflow/example_dags/example_setup_teardown.py took 0.126 seconds
[2024-10-31T12:40:35.666+0000] {processor.py:186} INFO - Started process (PID=375) to work on /home/airflow/.local/lib/python3.12/site-packages/airflow/example_dags/example_setup_teardown.py
[2024-10-31T12:40:35.668+0000] {processor.py:914} INFO - Processing file /home/airflow/.local/lib/python3.12/site-packages/airflow/example_dags/example_setup_teardown.py for tasks to queue
[2024-10-31T12:40:35.674+0000] {logging_mixin.py:190} INFO - [2024-10-31T12:40:35.673+0000] {dagbag.py:588} INFO - Filling up the DagBag from /home/airflow/.local/lib/python3.12/site-packages/airflow/example_dags/example_setup_teardown.py
[2024-10-31T12:40:35.685+0000] {processor.py:925} INFO - DAG(s) 'example_setup_teardown' retrieved from /home/airflow/.local/lib/python3.12/site-packages/airflow/example_dags/example_setup_teardown.py
[2024-10-31T12:40:35.720+0000] {logging_mixin.py:190} INFO - [2024-10-31T12:40:35.720+0000] {dag.py:3239} INFO - Sync 1 DAGs
[2024-10-31T12:40:35.742+0000] {logging_mixin.py:190} INFO - [2024-10-31T12:40:35.742+0000] {dag.py:4180} INFO - Setting next_dagrun for example_setup_teardown to None, run_after=None
[2024-10-31T12:40:35.767+0000] {processor.py:208} INFO - Processing /home/airflow/.local/lib/python3.12/site-packages/airflow/example_dags/example_setup_teardown.py took 0.107 seconds
[2024-10-31T12:44:00.081+0000] {processor.py:186} INFO - Started process (PID=437) to work on /home/airflow/.local/lib/python3.12/site-packages/airflow/example_dags/example_setup_teardown.py
[2024-10-31T12:44:00.083+0000] {processor.py:914} INFO - Processing file /home/airflow/.local/lib/python3.12/site-packages/airflow/example_dags/example_setup_teardown.py for tasks to queue
[2024-10-31T12:44:00.091+0000] {logging_mixin.py:190} INFO - [2024-10-31T12:44:00.091+0000] {dagbag.py:588} INFO - Filling up the DagBag from /home/airflow/.local/lib/python3.12/site-packages/airflow/example_dags/example_setup_teardown.py
[2024-10-31T12:44:00.105+0000] {processor.py:925} INFO - DAG(s) 'example_setup_teardown' retrieved from /home/airflow/.local/lib/python3.12/site-packages/airflow/example_dags/example_setup_teardown.py
[2024-10-31T12:44:00.140+0000] {logging_mixin.py:190} INFO - [2024-10-31T12:44:00.140+0000] {dag.py:3239} INFO - Sync 1 DAGs
[2024-10-31T12:44:00.158+0000] {logging_mixin.py:190} INFO - [2024-10-31T12:44:00.158+0000] {dag.py:4180} INFO - Setting next_dagrun for example_setup_teardown to None, run_after=None
[2024-10-31T12:44:00.183+0000] {processor.py:208} INFO - Processing /home/airflow/.local/lib/python3.12/site-packages/airflow/example_dags/example_setup_teardown.py took 0.108 seconds
[2024-10-31T12:57:28.315+0000] {processor.py:186} INFO - Started process (PID=105) to work on /home/airflow/.local/lib/python3.12/site-packages/airflow/example_dags/example_setup_teardown.py
[2024-10-31T12:57:28.317+0000] {processor.py:914} INFO - Processing file /home/airflow/.local/lib/python3.12/site-packages/airflow/example_dags/example_setup_teardown.py for tasks to queue
[2024-10-31T12:57:28.320+0000] {logging_mixin.py:190} INFO - [2024-10-31T12:57:28.320+0000] {dagbag.py:588} INFO - Filling up the DagBag from /home/airflow/.local/lib/python3.12/site-packages/airflow/example_dags/example_setup_teardown.py
[2024-10-31T12:57:28.333+0000] {processor.py:925} INFO - DAG(s) 'example_setup_teardown' retrieved from /home/airflow/.local/lib/python3.12/site-packages/airflow/example_dags/example_setup_teardown.py
[2024-10-31T12:57:28.357+0000] {logging_mixin.py:190} INFO - [2024-10-31T12:57:28.357+0000] {dag.py:3239} INFO - Sync 1 DAGs
[2024-10-31T12:57:28.373+0000] {logging_mixin.py:190} INFO - [2024-10-31T12:57:28.373+0000] {dag.py:4180} INFO - Setting next_dagrun for example_setup_teardown to None, run_after=None
[2024-10-31T12:57:28.402+0000] {processor.py:208} INFO - Processing /home/airflow/.local/lib/python3.12/site-packages/airflow/example_dags/example_setup_teardown.py took 0.092 seconds
[2024-10-31T12:58:14.919+0000] {processor.py:186} INFO - Started process (PID=167) to work on /home/airflow/.local/lib/python3.12/site-packages/airflow/example_dags/example_setup_teardown.py
[2024-10-31T12:58:14.921+0000] {processor.py:914} INFO - Processing file /home/airflow/.local/lib/python3.12/site-packages/airflow/example_dags/example_setup_teardown.py for tasks to queue
[2024-10-31T12:58:14.925+0000] {logging_mixin.py:190} INFO - [2024-10-31T12:58:14.924+0000] {dagbag.py:588} INFO - Filling up the DagBag from /home/airflow/.local/lib/python3.12/site-packages/airflow/example_dags/example_setup_teardown.py
[2024-10-31T12:58:14.940+0000] {processor.py:925} INFO - DAG(s) 'example_setup_teardown' retrieved from /home/airflow/.local/lib/python3.12/site-packages/airflow/example_dags/example_setup_teardown.py
[2024-10-31T12:58:14.974+0000] {logging_mixin.py:190} INFO - [2024-10-31T12:58:14.973+0000] {dag.py:3239} INFO - Sync 1 DAGs
[2024-10-31T12:58:14.998+0000] {logging_mixin.py:190} INFO - [2024-10-31T12:58:14.998+0000] {dag.py:4180} INFO - Setting next_dagrun for example_setup_teardown to None, run_after=None
[2024-10-31T12:58:15.033+0000] {processor.py:208} INFO - Processing /home/airflow/.local/lib/python3.12/site-packages/airflow/example_dags/example_setup_teardown.py took 0.122 seconds
[2024-10-31T12:58:46.011+0000] {processor.py:186} INFO - Started process (PID=229) to work on /home/airflow/.local/lib/python3.12/site-packages/airflow/example_dags/example_setup_teardown.py
[2024-10-31T12:58:46.012+0000] {processor.py:914} INFO - Processing file /home/airflow/.local/lib/python3.12/site-packages/airflow/example_dags/example_setup_teardown.py for tasks to queue
[2024-10-31T12:58:46.016+0000] {logging_mixin.py:190} INFO - [2024-10-31T12:58:46.015+0000] {dagbag.py:588} INFO - Filling up the DagBag from /home/airflow/.local/lib/python3.12/site-packages/airflow/example_dags/example_setup_teardown.py
[2024-10-31T12:58:46.024+0000] {processor.py:925} INFO - DAG(s) 'example_setup_teardown' retrieved from /home/airflow/.local/lib/python3.12/site-packages/airflow/example_dags/example_setup_teardown.py
[2024-10-31T12:58:46.043+0000] {logging_mixin.py:190} INFO - [2024-10-31T12:58:46.043+0000] {dag.py:3239} INFO - Sync 1 DAGs
[2024-10-31T12:58:46.062+0000] {logging_mixin.py:190} INFO - [2024-10-31T12:58:46.062+0000] {dag.py:4180} INFO - Setting next_dagrun for example_setup_teardown to None, run_after=None
[2024-10-31T12:58:46.080+0000] {processor.py:208} INFO - Processing /home/airflow/.local/lib/python3.12/site-packages/airflow/example_dags/example_setup_teardown.py took 0.076 seconds
[2024-10-31T12:59:22.267+0000] {processor.py:186} INFO - Started process (PID=297) to work on /home/airflow/.local/lib/python3.12/site-packages/airflow/example_dags/example_setup_teardown.py
[2024-10-31T12:59:22.269+0000] {processor.py:914} INFO - Processing file /home/airflow/.local/lib/python3.12/site-packages/airflow/example_dags/example_setup_teardown.py for tasks to queue
[2024-10-31T12:59:22.272+0000] {logging_mixin.py:190} INFO - [2024-10-31T12:59:22.272+0000] {dagbag.py:588} INFO - Filling up the DagBag from /home/airflow/.local/lib/python3.12/site-packages/airflow/example_dags/example_setup_teardown.py
[2024-10-31T12:59:22.287+0000] {processor.py:925} INFO - DAG(s) 'example_setup_teardown' retrieved from /home/airflow/.local/lib/python3.12/site-packages/airflow/example_dags/example_setup_teardown.py
[2024-10-31T12:59:22.333+0000] {logging_mixin.py:190} INFO - [2024-10-31T12:59:22.333+0000] {dag.py:3239} INFO - Sync 1 DAGs
[2024-10-31T12:59:22.358+0000] {logging_mixin.py:190} INFO - [2024-10-31T12:59:22.358+0000] {dag.py:4180} INFO - Setting next_dagrun for example_setup_teardown to None, run_after=None
[2024-10-31T12:59:22.386+0000] {processor.py:208} INFO - Processing /home/airflow/.local/lib/python3.12/site-packages/airflow/example_dags/example_setup_teardown.py took 0.125 seconds
[2024-10-31T13:01:40.847+0000] {processor.py:186} INFO - Started process (PID=361) to work on /home/airflow/.local/lib/python3.12/site-packages/airflow/example_dags/example_setup_teardown.py
[2024-10-31T13:01:40.849+0000] {processor.py:914} INFO - Processing file /home/airflow/.local/lib/python3.12/site-packages/airflow/example_dags/example_setup_teardown.py for tasks to queue
[2024-10-31T13:01:40.855+0000] {logging_mixin.py:190} INFO - [2024-10-31T13:01:40.854+0000] {dagbag.py:588} INFO - Filling up the DagBag from /home/airflow/.local/lib/python3.12/site-packages/airflow/example_dags/example_setup_teardown.py
[2024-10-31T13:01:40.872+0000] {processor.py:925} INFO - DAG(s) 'example_setup_teardown' retrieved from /home/airflow/.local/lib/python3.12/site-packages/airflow/example_dags/example_setup_teardown.py
[2024-10-31T13:01:40.908+0000] {logging_mixin.py:190} INFO - [2024-10-31T13:01:40.907+0000] {dag.py:3239} INFO - Sync 1 DAGs
[2024-10-31T13:01:40.937+0000] {logging_mixin.py:190} INFO - [2024-10-31T13:01:40.937+0000] {dag.py:4180} INFO - Setting next_dagrun for example_setup_teardown to None, run_after=None
[2024-10-31T13:01:40.974+0000] {processor.py:208} INFO - Processing /home/airflow/.local/lib/python3.12/site-packages/airflow/example_dags/example_setup_teardown.py took 0.137 seconds
[2024-10-31T13:02:51.656+0000] {processor.py:186} INFO - Started process (PID=428) to work on /home/airflow/.local/lib/python3.12/site-packages/airflow/example_dags/example_setup_teardown.py
[2024-10-31T13:02:51.658+0000] {processor.py:914} INFO - Processing file /home/airflow/.local/lib/python3.12/site-packages/airflow/example_dags/example_setup_teardown.py for tasks to queue
[2024-10-31T13:02:51.663+0000] {logging_mixin.py:190} INFO - [2024-10-31T13:02:51.661+0000] {dagbag.py:588} INFO - Filling up the DagBag from /home/airflow/.local/lib/python3.12/site-packages/airflow/example_dags/example_setup_teardown.py
[2024-10-31T13:02:51.676+0000] {processor.py:925} INFO - DAG(s) 'example_setup_teardown' retrieved from /home/airflow/.local/lib/python3.12/site-packages/airflow/example_dags/example_setup_teardown.py
[2024-10-31T13:02:51.711+0000] {logging_mixin.py:190} INFO - [2024-10-31T13:02:51.711+0000] {dag.py:3239} INFO - Sync 1 DAGs
[2024-10-31T13:02:51.735+0000] {logging_mixin.py:190} INFO - [2024-10-31T13:02:51.734+0000] {dag.py:4180} INFO - Setting next_dagrun for example_setup_teardown to None, run_after=None
[2024-10-31T13:02:51.769+0000] {processor.py:208} INFO - Processing /home/airflow/.local/lib/python3.12/site-packages/airflow/example_dags/example_setup_teardown.py took 0.126 seconds
[2024-10-31T13:03:27.992+0000] {processor.py:186} INFO - Started process (PID=489) to work on /home/airflow/.local/lib/python3.12/site-packages/airflow/example_dags/example_setup_teardown.py
[2024-10-31T13:03:28.113+0000] {processor.py:914} INFO - Processing file /home/airflow/.local/lib/python3.12/site-packages/airflow/example_dags/example_setup_teardown.py for tasks to queue
[2024-10-31T13:03:28.187+0000] {logging_mixin.py:190} INFO - [2024-10-31T13:03:28.180+0000] {dagbag.py:588} INFO - Filling up the DagBag from /home/airflow/.local/lib/python3.12/site-packages/airflow/example_dags/example_setup_teardown.py
[2024-10-31T13:03:28.408+0000] {processor.py:925} INFO - DAG(s) 'example_setup_teardown' retrieved from /home/airflow/.local/lib/python3.12/site-packages/airflow/example_dags/example_setup_teardown.py
[2024-10-31T13:03:28.818+0000] {logging_mixin.py:190} INFO - [2024-10-31T13:03:28.813+0000] {dag.py:3239} INFO - Sync 1 DAGs
[2024-10-31T13:03:29.156+0000] {logging_mixin.py:190} INFO - [2024-10-31T13:03:29.152+0000] {dag.py:4180} INFO - Setting next_dagrun for example_setup_teardown to None, run_after=None
[2024-10-31T13:03:29.525+0000] {processor.py:208} INFO - Processing /home/airflow/.local/lib/python3.12/site-packages/airflow/example_dags/example_setup_teardown.py took 1.714 seconds
