[2024-10-31T09:58:43.578+0000] {processor.py:186} INFO - Started process (PID=271) to work on /home/airflow/.local/lib/python3.12/site-packages/airflow/example_dags/example_trigger_controller_dag.py
[2024-10-31T09:58:43.696+0000] {processor.py:914} INFO - Processing file /home/airflow/.local/lib/python3.12/site-packages/airflow/example_dags/example_trigger_controller_dag.py for tasks to queue
[2024-10-31T09:58:44.376+0000] {logging_mixin.py:190} INFO - [2024-10-31T09:58:44.168+0000] {dagbag.py:588} INFO - Filling up the DagBag from /home/airflow/.local/lib/python3.12/site-packages/airflow/example_dags/example_trigger_controller_dag.py
[2024-10-31T09:58:47.520+0000] {processor.py:925} INFO - DAG(s) 'example_trigger_controller_dag' retrieved from /home/airflow/.local/lib/python3.12/site-packages/airflow/example_dags/example_trigger_controller_dag.py
[2024-10-31T09:58:59.157+0000] {logging_mixin.py:190} INFO - [2024-10-31T09:58:59.123+0000] {override.py:1900} INFO - Created Permission View: can read on DAG:example_trigger_controller_dag
[2024-10-31T09:58:59.738+0000] {logging_mixin.py:190} INFO - [2024-10-31T09:58:59.726+0000] {override.py:1900} INFO - Created Permission View: can edit on DAG:example_trigger_controller_dag
[2024-10-31T09:59:00.020+0000] {logging_mixin.py:190} INFO - [2024-10-31T09:59:00.017+0000] {override.py:1900} INFO - Created Permission View: can delete on DAG:example_trigger_controller_dag
[2024-10-31T09:59:00.207+0000] {logging_mixin.py:190} INFO - [2024-10-31T09:59:00.204+0000] {override.py:1900} INFO - Created Permission View: can read on DAG Run:example_trigger_controller_dag
[2024-10-31T09:59:00.476+0000] {logging_mixin.py:190} INFO - [2024-10-31T09:59:00.473+0000] {override.py:1900} INFO - Created Permission View: menu access on DAG Run:example_trigger_controller_dag
[2024-10-31T09:59:00.655+0000] {logging_mixin.py:190} INFO - [2024-10-31T09:59:00.651+0000] {override.py:1900} INFO - Created Permission View: can delete on DAG Run:example_trigger_controller_dag
[2024-10-31T09:59:00.914+0000] {logging_mixin.py:190} INFO - [2024-10-31T09:59:00.907+0000] {override.py:1900} INFO - Created Permission View: can create on DAG Run:example_trigger_controller_dag
[2024-10-31T09:59:00.980+0000] {logging_mixin.py:190} INFO - [2024-10-31T09:59:00.978+0000] {dag.py:3239} INFO - Sync 1 DAGs
[2024-10-31T09:59:01.504+0000] {logging_mixin.py:190} INFO - [2024-10-31T09:59:01.497+0000] {dag.py:3262} INFO - Creating ORM DAG for example_trigger_controller_dag
[2024-10-31T09:59:01.835+0000] {logging_mixin.py:190} INFO - [2024-10-31T09:59:01.830+0000] {dag.py:4180} INFO - Setting next_dagrun for example_trigger_controller_dag to 2021-01-01 00:00:00+00:00, run_after=2021-01-01 00:00:00+00:00
[2024-10-31T09:59:02.646+0000] {processor.py:208} INFO - Processing /home/airflow/.local/lib/python3.12/site-packages/airflow/example_dags/example_trigger_controller_dag.py took 20.411 seconds
[2024-10-31T10:02:00.643+0000] {processor.py:186} INFO - Started process (PID=369) to work on /home/airflow/.local/lib/python3.12/site-packages/airflow/example_dags/example_trigger_controller_dag.py
[2024-10-31T10:02:00.682+0000] {processor.py:914} INFO - Processing file /home/airflow/.local/lib/python3.12/site-packages/airflow/example_dags/example_trigger_controller_dag.py for tasks to queue
[2024-10-31T10:02:00.772+0000] {logging_mixin.py:190} INFO - [2024-10-31T10:02:00.756+0000] {dagbag.py:588} INFO - Filling up the DagBag from /home/airflow/.local/lib/python3.12/site-packages/airflow/example_dags/example_trigger_controller_dag.py
[2024-10-31T10:02:01.064+0000] {processor.py:925} INFO - DAG(s) 'example_trigger_controller_dag' retrieved from /home/airflow/.local/lib/python3.12/site-packages/airflow/example_dags/example_trigger_controller_dag.py
[2024-10-31T10:02:01.678+0000] {logging_mixin.py:190} INFO - [2024-10-31T10:02:01.654+0000] {dag.py:3239} INFO - Sync 1 DAGs
[2024-10-31T10:02:02.614+0000] {logging_mixin.py:190} INFO - [2024-10-31T10:02:02.608+0000] {dag.py:4180} INFO - Setting next_dagrun for example_trigger_controller_dag to 2021-01-01 00:00:00+00:00, run_after=2021-01-01 00:00:00+00:00
[2024-10-31T10:02:03.178+0000] {processor.py:208} INFO - Processing /home/airflow/.local/lib/python3.12/site-packages/airflow/example_dags/example_trigger_controller_dag.py took 2.792 seconds
[2024-10-31T10:04:24.821+0000] {processor.py:186} INFO - Started process (PID=465) to work on /home/airflow/.local/lib/python3.12/site-packages/airflow/example_dags/example_trigger_controller_dag.py
[2024-10-31T10:04:24.840+0000] {processor.py:914} INFO - Processing file /home/airflow/.local/lib/python3.12/site-packages/airflow/example_dags/example_trigger_controller_dag.py for tasks to queue
[2024-10-31T10:04:24.951+0000] {logging_mixin.py:190} INFO - [2024-10-31T10:04:24.934+0000] {dagbag.py:588} INFO - Filling up the DagBag from /home/airflow/.local/lib/python3.12/site-packages/airflow/example_dags/example_trigger_controller_dag.py
[2024-10-31T10:04:25.065+0000] {processor.py:925} INFO - DAG(s) 'example_trigger_controller_dag' retrieved from /home/airflow/.local/lib/python3.12/site-packages/airflow/example_dags/example_trigger_controller_dag.py
[2024-10-31T10:04:25.509+0000] {logging_mixin.py:190} INFO - [2024-10-31T10:04:25.506+0000] {dag.py:3239} INFO - Sync 1 DAGs
[2024-10-31T10:04:25.897+0000] {logging_mixin.py:190} INFO - [2024-10-31T10:04:25.891+0000] {dag.py:4180} INFO - Setting next_dagrun for example_trigger_controller_dag to 2021-01-01 00:00:00+00:00, run_after=2021-01-01 00:00:00+00:00
[2024-10-31T10:04:26.285+0000] {processor.py:208} INFO - Processing /home/airflow/.local/lib/python3.12/site-packages/airflow/example_dags/example_trigger_controller_dag.py took 1.583 seconds
[2024-10-31T10:12:57.130+0000] {processor.py:186} INFO - Started process (PID=93) to work on /home/airflow/.local/lib/python3.12/site-packages/airflow/example_dags/example_trigger_controller_dag.py
[2024-10-31T10:12:57.132+0000] {processor.py:914} INFO - Processing file /home/airflow/.local/lib/python3.12/site-packages/airflow/example_dags/example_trigger_controller_dag.py for tasks to queue
[2024-10-31T10:12:57.135+0000] {logging_mixin.py:190} INFO - [2024-10-31T10:12:57.134+0000] {dagbag.py:588} INFO - Filling up the DagBag from /home/airflow/.local/lib/python3.12/site-packages/airflow/example_dags/example_trigger_controller_dag.py
[2024-10-31T10:12:57.146+0000] {processor.py:925} INFO - DAG(s) 'example_trigger_controller_dag' retrieved from /home/airflow/.local/lib/python3.12/site-packages/airflow/example_dags/example_trigger_controller_dag.py
[2024-10-31T10:12:57.188+0000] {logging_mixin.py:190} INFO - [2024-10-31T10:12:57.187+0000] {dag.py:3239} INFO - Sync 1 DAGs
[2024-10-31T10:12:57.255+0000] {logging_mixin.py:190} INFO - [2024-10-31T10:12:57.255+0000] {dag.py:4180} INFO - Setting next_dagrun for example_trigger_controller_dag to 2021-01-01 00:00:00+00:00, run_after=2021-01-01 00:00:00+00:00
[2024-10-31T10:12:57.296+0000] {processor.py:208} INFO - Processing /home/airflow/.local/lib/python3.12/site-packages/airflow/example_dags/example_trigger_controller_dag.py took 0.177 seconds
[2024-10-31T10:13:57.130+0000] {processor.py:186} INFO - Started process (PID=157) to work on /home/airflow/.local/lib/python3.12/site-packages/airflow/example_dags/example_trigger_controller_dag.py
[2024-10-31T10:13:57.133+0000] {processor.py:914} INFO - Processing file /home/airflow/.local/lib/python3.12/site-packages/airflow/example_dags/example_trigger_controller_dag.py for tasks to queue
[2024-10-31T10:13:57.136+0000] {logging_mixin.py:190} INFO - [2024-10-31T10:13:57.135+0000] {dagbag.py:588} INFO - Filling up the DagBag from /home/airflow/.local/lib/python3.12/site-packages/airflow/example_dags/example_trigger_controller_dag.py
[2024-10-31T10:13:57.149+0000] {processor.py:925} INFO - DAG(s) 'example_trigger_controller_dag' retrieved from /home/airflow/.local/lib/python3.12/site-packages/airflow/example_dags/example_trigger_controller_dag.py
[2024-10-31T10:13:57.181+0000] {logging_mixin.py:190} INFO - [2024-10-31T10:13:57.181+0000] {dag.py:3239} INFO - Sync 1 DAGs
[2024-10-31T10:13:57.234+0000] {logging_mixin.py:190} INFO - [2024-10-31T10:13:57.233+0000] {dag.py:4180} INFO - Setting next_dagrun for example_trigger_controller_dag to 2021-01-01 00:00:00+00:00, run_after=2021-01-01 00:00:00+00:00
[2024-10-31T10:13:57.276+0000] {processor.py:208} INFO - Processing /home/airflow/.local/lib/python3.12/site-packages/airflow/example_dags/example_trigger_controller_dag.py took 0.156 seconds
[2024-10-31T10:21:07.910+0000] {processor.py:186} INFO - Started process (PID=224) to work on /home/airflow/.local/lib/python3.12/site-packages/airflow/example_dags/example_trigger_controller_dag.py
[2024-10-31T10:21:07.940+0000] {processor.py:914} INFO - Processing file /home/airflow/.local/lib/python3.12/site-packages/airflow/example_dags/example_trigger_controller_dag.py for tasks to queue
[2024-10-31T10:21:07.981+0000] {logging_mixin.py:190} INFO - [2024-10-31T10:21:07.977+0000] {dagbag.py:588} INFO - Filling up the DagBag from /home/airflow/.local/lib/python3.12/site-packages/airflow/example_dags/example_trigger_controller_dag.py
[2024-10-31T10:21:08.093+0000] {processor.py:925} INFO - DAG(s) 'example_trigger_controller_dag' retrieved from /home/airflow/.local/lib/python3.12/site-packages/airflow/example_dags/example_trigger_controller_dag.py
[2024-10-31T10:21:08.549+0000] {logging_mixin.py:190} INFO - [2024-10-31T10:21:08.547+0000] {dag.py:3239} INFO - Sync 1 DAGs
[2024-10-31T10:21:09.153+0000] {logging_mixin.py:190} INFO - [2024-10-31T10:21:09.150+0000] {dag.py:4180} INFO - Setting next_dagrun for example_trigger_controller_dag to 2021-01-01 00:00:00+00:00, run_after=2021-01-01 00:00:00+00:00
[2024-10-31T10:21:09.932+0000] {processor.py:208} INFO - Processing /home/airflow/.local/lib/python3.12/site-packages/airflow/example_dags/example_trigger_controller_dag.py took 2.118 seconds
[2024-10-31T11:54:39.312+0000] {processor.py:186} INFO - Started process (PID=214) to work on /home/airflow/.local/lib/python3.12/site-packages/airflow/example_dags/example_trigger_controller_dag.py
[2024-10-31T11:54:39.363+0000] {processor.py:914} INFO - Processing file /home/airflow/.local/lib/python3.12/site-packages/airflow/example_dags/example_trigger_controller_dag.py for tasks to queue
[2024-10-31T11:54:39.460+0000] {logging_mixin.py:190} INFO - [2024-10-31T11:54:39.457+0000] {dagbag.py:588} INFO - Filling up the DagBag from /home/airflow/.local/lib/python3.12/site-packages/airflow/example_dags/example_trigger_controller_dag.py
[2024-10-31T11:54:39.780+0000] {processor.py:925} INFO - DAG(s) 'example_trigger_controller_dag' retrieved from /home/airflow/.local/lib/python3.12/site-packages/airflow/example_dags/example_trigger_controller_dag.py
[2024-10-31T11:54:40.744+0000] {logging_mixin.py:190} INFO - [2024-10-31T11:54:40.741+0000] {dag.py:3239} INFO - Sync 1 DAGs
[2024-10-31T11:54:41.895+0000] {logging_mixin.py:190} INFO - [2024-10-31T11:54:41.893+0000] {dag.py:4180} INFO - Setting next_dagrun for example_trigger_controller_dag to 2021-01-01 00:00:00+00:00, run_after=2021-01-01 00:00:00+00:00
[2024-10-31T11:54:43.039+0000] {processor.py:208} INFO - Processing /home/airflow/.local/lib/python3.12/site-packages/airflow/example_dags/example_trigger_controller_dag.py took 3.934 seconds
[2024-10-31T12:38:59.882+0000] {processor.py:186} INFO - Started process (PID=171) to work on /home/airflow/.local/lib/python3.12/site-packages/airflow/example_dags/example_trigger_controller_dag.py
[2024-10-31T12:38:59.885+0000] {processor.py:914} INFO - Processing file /home/airflow/.local/lib/python3.12/site-packages/airflow/example_dags/example_trigger_controller_dag.py for tasks to queue
[2024-10-31T12:38:59.889+0000] {logging_mixin.py:190} INFO - [2024-10-31T12:38:59.889+0000] {dagbag.py:588} INFO - Filling up the DagBag from /home/airflow/.local/lib/python3.12/site-packages/airflow/example_dags/example_trigger_controller_dag.py
[2024-10-31T12:38:59.902+0000] {processor.py:925} INFO - DAG(s) 'example_trigger_controller_dag' retrieved from /home/airflow/.local/lib/python3.12/site-packages/airflow/example_dags/example_trigger_controller_dag.py
[2024-10-31T12:38:59.939+0000] {logging_mixin.py:190} INFO - [2024-10-31T12:38:59.939+0000] {dag.py:3239} INFO - Sync 1 DAGs
[2024-10-31T12:38:59.986+0000] {logging_mixin.py:190} INFO - [2024-10-31T12:38:59.985+0000] {dag.py:4180} INFO - Setting next_dagrun for example_trigger_controller_dag to 2021-01-01 00:00:00+00:00, run_after=2021-01-01 00:00:00+00:00
[2024-10-31T12:39:00.029+0000] {processor.py:208} INFO - Processing /home/airflow/.local/lib/python3.12/site-packages/airflow/example_dags/example_trigger_controller_dag.py took 0.156 seconds
[2024-10-31T12:39:31.674+0000] {processor.py:186} INFO - Started process (PID=233) to work on /home/airflow/.local/lib/python3.12/site-packages/airflow/example_dags/example_trigger_controller_dag.py
[2024-10-31T12:39:31.677+0000] {processor.py:914} INFO - Processing file /home/airflow/.local/lib/python3.12/site-packages/airflow/example_dags/example_trigger_controller_dag.py for tasks to queue
[2024-10-31T12:39:31.680+0000] {logging_mixin.py:190} INFO - [2024-10-31T12:39:31.680+0000] {dagbag.py:588} INFO - Filling up the DagBag from /home/airflow/.local/lib/python3.12/site-packages/airflow/example_dags/example_trigger_controller_dag.py
[2024-10-31T12:39:31.687+0000] {processor.py:925} INFO - DAG(s) 'example_trigger_controller_dag' retrieved from /home/airflow/.local/lib/python3.12/site-packages/airflow/example_dags/example_trigger_controller_dag.py
[2024-10-31T12:39:31.707+0000] {logging_mixin.py:190} INFO - [2024-10-31T12:39:31.707+0000] {dag.py:3239} INFO - Sync 1 DAGs
[2024-10-31T12:39:31.733+0000] {logging_mixin.py:190} INFO - [2024-10-31T12:39:31.733+0000] {dag.py:4180} INFO - Setting next_dagrun for example_trigger_controller_dag to 2021-01-01 00:00:00+00:00, run_after=2021-01-01 00:00:00+00:00
[2024-10-31T12:39:31.753+0000] {processor.py:208} INFO - Processing /home/airflow/.local/lib/python3.12/site-packages/airflow/example_dags/example_trigger_controller_dag.py took 0.084 seconds
[2024-10-31T12:40:02.807+0000] {processor.py:186} INFO - Started process (PID=295) to work on /home/airflow/.local/lib/python3.12/site-packages/airflow/example_dags/example_trigger_controller_dag.py
[2024-10-31T12:40:02.809+0000] {processor.py:914} INFO - Processing file /home/airflow/.local/lib/python3.12/site-packages/airflow/example_dags/example_trigger_controller_dag.py for tasks to queue
[2024-10-31T12:40:02.812+0000] {logging_mixin.py:190} INFO - [2024-10-31T12:40:02.811+0000] {dagbag.py:588} INFO - Filling up the DagBag from /home/airflow/.local/lib/python3.12/site-packages/airflow/example_dags/example_trigger_controller_dag.py
[2024-10-31T12:40:02.822+0000] {processor.py:925} INFO - DAG(s) 'example_trigger_controller_dag' retrieved from /home/airflow/.local/lib/python3.12/site-packages/airflow/example_dags/example_trigger_controller_dag.py
[2024-10-31T12:40:02.848+0000] {logging_mixin.py:190} INFO - [2024-10-31T12:40:02.848+0000] {dag.py:3239} INFO - Sync 1 DAGs
[2024-10-31T12:40:02.879+0000] {logging_mixin.py:190} INFO - [2024-10-31T12:40:02.879+0000] {dag.py:4180} INFO - Setting next_dagrun for example_trigger_controller_dag to 2021-01-01 00:00:00+00:00, run_after=2021-01-01 00:00:00+00:00
[2024-10-31T12:40:02.909+0000] {processor.py:208} INFO - Processing /home/airflow/.local/lib/python3.12/site-packages/airflow/example_dags/example_trigger_controller_dag.py took 0.108 seconds
[2024-10-31T12:40:33.843+0000] {processor.py:186} INFO - Started process (PID=357) to work on /home/airflow/.local/lib/python3.12/site-packages/airflow/example_dags/example_trigger_controller_dag.py
[2024-10-31T12:40:33.845+0000] {processor.py:914} INFO - Processing file /home/airflow/.local/lib/python3.12/site-packages/airflow/example_dags/example_trigger_controller_dag.py for tasks to queue
[2024-10-31T12:40:33.849+0000] {logging_mixin.py:190} INFO - [2024-10-31T12:40:33.849+0000] {dagbag.py:588} INFO - Filling up the DagBag from /home/airflow/.local/lib/python3.12/site-packages/airflow/example_dags/example_trigger_controller_dag.py
[2024-10-31T12:40:33.861+0000] {processor.py:925} INFO - DAG(s) 'example_trigger_controller_dag' retrieved from /home/airflow/.local/lib/python3.12/site-packages/airflow/example_dags/example_trigger_controller_dag.py
[2024-10-31T12:40:33.890+0000] {logging_mixin.py:190} INFO - [2024-10-31T12:40:33.890+0000] {dag.py:3239} INFO - Sync 1 DAGs
[2024-10-31T12:40:33.925+0000] {logging_mixin.py:190} INFO - [2024-10-31T12:40:33.924+0000] {dag.py:4180} INFO - Setting next_dagrun for example_trigger_controller_dag to 2021-01-01 00:00:00+00:00, run_after=2021-01-01 00:00:00+00:00
[2024-10-31T12:40:33.956+0000] {processor.py:208} INFO - Processing /home/airflow/.local/lib/python3.12/site-packages/airflow/example_dags/example_trigger_controller_dag.py took 0.121 seconds
[2024-10-31T12:43:58.153+0000] {processor.py:186} INFO - Started process (PID=419) to work on /home/airflow/.local/lib/python3.12/site-packages/airflow/example_dags/example_trigger_controller_dag.py
[2024-10-31T12:43:58.157+0000] {processor.py:914} INFO - Processing file /home/airflow/.local/lib/python3.12/site-packages/airflow/example_dags/example_trigger_controller_dag.py for tasks to queue
[2024-10-31T12:43:58.162+0000] {logging_mixin.py:190} INFO - [2024-10-31T12:43:58.161+0000] {dagbag.py:588} INFO - Filling up the DagBag from /home/airflow/.local/lib/python3.12/site-packages/airflow/example_dags/example_trigger_controller_dag.py
[2024-10-31T12:43:58.176+0000] {processor.py:925} INFO - DAG(s) 'example_trigger_controller_dag' retrieved from /home/airflow/.local/lib/python3.12/site-packages/airflow/example_dags/example_trigger_controller_dag.py
[2024-10-31T12:43:58.208+0000] {logging_mixin.py:190} INFO - [2024-10-31T12:43:58.207+0000] {dag.py:3239} INFO - Sync 1 DAGs
[2024-10-31T12:43:58.243+0000] {logging_mixin.py:190} INFO - [2024-10-31T12:43:58.242+0000] {dag.py:4180} INFO - Setting next_dagrun for example_trigger_controller_dag to 2021-01-01 00:00:00+00:00, run_after=2021-01-01 00:00:00+00:00
[2024-10-31T12:43:58.279+0000] {processor.py:208} INFO - Processing /home/airflow/.local/lib/python3.12/site-packages/airflow/example_dags/example_trigger_controller_dag.py took 0.136 seconds
[2024-10-31T12:47:09.905+0000] {processor.py:186} INFO - Started process (PID=480) to work on /home/airflow/.local/lib/python3.12/site-packages/airflow/example_dags/example_trigger_controller_dag.py
[2024-10-31T12:47:09.981+0000] {processor.py:914} INFO - Processing file /home/airflow/.local/lib/python3.12/site-packages/airflow/example_dags/example_trigger_controller_dag.py for tasks to queue
[2024-10-31T12:47:10.042+0000] {logging_mixin.py:190} INFO - [2024-10-31T12:47:10.038+0000] {dagbag.py:588} INFO - Filling up the DagBag from /home/airflow/.local/lib/python3.12/site-packages/airflow/example_dags/example_trigger_controller_dag.py
[2024-10-31T12:47:10.457+0000] {processor.py:925} INFO - DAG(s) 'example_trigger_controller_dag' retrieved from /home/airflow/.local/lib/python3.12/site-packages/airflow/example_dags/example_trigger_controller_dag.py
[2024-10-31T12:47:11.184+0000] {logging_mixin.py:190} INFO - [2024-10-31T12:47:11.171+0000] {dag.py:3239} INFO - Sync 1 DAGs
[2024-10-31T12:47:12.266+0000] {logging_mixin.py:190} INFO - [2024-10-31T12:47:12.248+0000] {dag.py:4180} INFO - Setting next_dagrun for example_trigger_controller_dag to 2021-01-01 00:00:00+00:00, run_after=2021-01-01 00:00:00+00:00
[2024-10-31T12:47:13.295+0000] {processor.py:208} INFO - Processing /home/airflow/.local/lib/python3.12/site-packages/airflow/example_dags/example_trigger_controller_dag.py took 3.560 seconds
[2024-10-31T12:57:26.925+0000] {processor.py:186} INFO - Started process (PID=87) to work on /home/airflow/.local/lib/python3.12/site-packages/airflow/example_dags/example_trigger_controller_dag.py
[2024-10-31T12:57:26.927+0000] {processor.py:914} INFO - Processing file /home/airflow/.local/lib/python3.12/site-packages/airflow/example_dags/example_trigger_controller_dag.py for tasks to queue
[2024-10-31T12:57:26.930+0000] {logging_mixin.py:190} INFO - [2024-10-31T12:57:26.930+0000] {dagbag.py:588} INFO - Filling up the DagBag from /home/airflow/.local/lib/python3.12/site-packages/airflow/example_dags/example_trigger_controller_dag.py
[2024-10-31T12:57:26.939+0000] {processor.py:925} INFO - DAG(s) 'example_trigger_controller_dag' retrieved from /home/airflow/.local/lib/python3.12/site-packages/airflow/example_dags/example_trigger_controller_dag.py
[2024-10-31T12:57:26.963+0000] {logging_mixin.py:190} INFO - [2024-10-31T12:57:26.963+0000] {dag.py:3239} INFO - Sync 1 DAGs
[2024-10-31T12:57:26.993+0000] {logging_mixin.py:190} INFO - [2024-10-31T12:57:26.992+0000] {dag.py:4180} INFO - Setting next_dagrun for example_trigger_controller_dag to 2021-01-01 00:00:00+00:00, run_after=2021-01-01 00:00:00+00:00
[2024-10-31T12:57:27.016+0000] {processor.py:208} INFO - Processing /home/airflow/.local/lib/python3.12/site-packages/airflow/example_dags/example_trigger_controller_dag.py took 0.097 seconds
[2024-10-31T12:58:13.466+0000] {processor.py:186} INFO - Started process (PID=149) to work on /home/airflow/.local/lib/python3.12/site-packages/airflow/example_dags/example_trigger_controller_dag.py
[2024-10-31T12:58:13.468+0000] {processor.py:914} INFO - Processing file /home/airflow/.local/lib/python3.12/site-packages/airflow/example_dags/example_trigger_controller_dag.py for tasks to queue
[2024-10-31T12:58:13.470+0000] {logging_mixin.py:190} INFO - [2024-10-31T12:58:13.470+0000] {dagbag.py:588} INFO - Filling up the DagBag from /home/airflow/.local/lib/python3.12/site-packages/airflow/example_dags/example_trigger_controller_dag.py
[2024-10-31T12:58:13.478+0000] {processor.py:925} INFO - DAG(s) 'example_trigger_controller_dag' retrieved from /home/airflow/.local/lib/python3.12/site-packages/airflow/example_dags/example_trigger_controller_dag.py
[2024-10-31T12:58:13.500+0000] {logging_mixin.py:190} INFO - [2024-10-31T12:58:13.500+0000] {dag.py:3239} INFO - Sync 1 DAGs
[2024-10-31T12:58:13.531+0000] {logging_mixin.py:190} INFO - [2024-10-31T12:58:13.531+0000] {dag.py:4180} INFO - Setting next_dagrun for example_trigger_controller_dag to 2021-01-01 00:00:00+00:00, run_after=2021-01-01 00:00:00+00:00
[2024-10-31T12:58:13.556+0000] {processor.py:208} INFO - Processing /home/airflow/.local/lib/python3.12/site-packages/airflow/example_dags/example_trigger_controller_dag.py took 0.097 seconds
[2024-10-31T12:58:43.871+0000] {processor.py:186} INFO - Started process (PID=211) to work on /home/airflow/.local/lib/python3.12/site-packages/airflow/example_dags/example_trigger_controller_dag.py
[2024-10-31T12:58:43.873+0000] {processor.py:914} INFO - Processing file /home/airflow/.local/lib/python3.12/site-packages/airflow/example_dags/example_trigger_controller_dag.py for tasks to queue
[2024-10-31T12:58:43.875+0000] {logging_mixin.py:190} INFO - [2024-10-31T12:58:43.875+0000] {dagbag.py:588} INFO - Filling up the DagBag from /home/airflow/.local/lib/python3.12/site-packages/airflow/example_dags/example_trigger_controller_dag.py
[2024-10-31T12:58:43.882+0000] {processor.py:925} INFO - DAG(s) 'example_trigger_controller_dag' retrieved from /home/airflow/.local/lib/python3.12/site-packages/airflow/example_dags/example_trigger_controller_dag.py
[2024-10-31T12:58:43.903+0000] {logging_mixin.py:190} INFO - [2024-10-31T12:58:43.903+0000] {dag.py:3239} INFO - Sync 1 DAGs
[2024-10-31T12:58:43.925+0000] {logging_mixin.py:190} INFO - [2024-10-31T12:58:43.925+0000] {dag.py:4180} INFO - Setting next_dagrun for example_trigger_controller_dag to 2021-01-01 00:00:00+00:00, run_after=2021-01-01 00:00:00+00:00
[2024-10-31T12:58:43.946+0000] {processor.py:208} INFO - Processing /home/airflow/.local/lib/python3.12/site-packages/airflow/example_dags/example_trigger_controller_dag.py took 0.079 seconds
[2024-10-31T12:59:15.146+0000] {processor.py:186} INFO - Started process (PID=273) to work on /home/airflow/.local/lib/python3.12/site-packages/airflow/example_dags/example_trigger_controller_dag.py
[2024-10-31T12:59:15.153+0000] {processor.py:914} INFO - Processing file /home/airflow/.local/lib/python3.12/site-packages/airflow/example_dags/example_trigger_controller_dag.py for tasks to queue
[2024-10-31T12:59:15.159+0000] {logging_mixin.py:190} INFO - [2024-10-31T12:59:15.157+0000] {dagbag.py:588} INFO - Filling up the DagBag from /home/airflow/.local/lib/python3.12/site-packages/airflow/example_dags/example_trigger_controller_dag.py
[2024-10-31T12:59:15.187+0000] {processor.py:925} INFO - DAG(s) 'example_trigger_controller_dag' retrieved from /home/airflow/.local/lib/python3.12/site-packages/airflow/example_dags/example_trigger_controller_dag.py
[2024-10-31T12:59:15.321+0000] {logging_mixin.py:190} INFO - [2024-10-31T12:59:15.316+0000] {dag.py:3239} INFO - Sync 1 DAGs
[2024-10-31T12:59:15.539+0000] {logging_mixin.py:190} INFO - [2024-10-31T12:59:15.528+0000] {dag.py:4180} INFO - Setting next_dagrun for example_trigger_controller_dag to 2021-01-01 00:00:00+00:00, run_after=2021-01-01 00:00:00+00:00
[2024-10-31T12:59:16.681+0000] {processor.py:208} INFO - Processing /home/airflow/.local/lib/python3.12/site-packages/airflow/example_dags/example_trigger_controller_dag.py took 1.545 seconds
[2024-10-31T13:01:38.855+0000] {processor.py:186} INFO - Started process (PID=343) to work on /home/airflow/.local/lib/python3.12/site-packages/airflow/example_dags/example_trigger_controller_dag.py
[2024-10-31T13:01:38.857+0000] {processor.py:914} INFO - Processing file /home/airflow/.local/lib/python3.12/site-packages/airflow/example_dags/example_trigger_controller_dag.py for tasks to queue
[2024-10-31T13:01:38.862+0000] {logging_mixin.py:190} INFO - [2024-10-31T13:01:38.861+0000] {dagbag.py:588} INFO - Filling up the DagBag from /home/airflow/.local/lib/python3.12/site-packages/airflow/example_dags/example_trigger_controller_dag.py
[2024-10-31T13:01:38.877+0000] {processor.py:925} INFO - DAG(s) 'example_trigger_controller_dag' retrieved from /home/airflow/.local/lib/python3.12/site-packages/airflow/example_dags/example_trigger_controller_dag.py
[2024-10-31T13:01:38.921+0000] {logging_mixin.py:190} INFO - [2024-10-31T13:01:38.920+0000] {dag.py:3239} INFO - Sync 1 DAGs
[2024-10-31T13:01:38.968+0000] {logging_mixin.py:190} INFO - [2024-10-31T13:01:38.968+0000] {dag.py:4180} INFO - Setting next_dagrun for example_trigger_controller_dag to 2021-01-01 00:00:00+00:00, run_after=2021-01-01 00:00:00+00:00
[2024-10-31T13:01:39.015+0000] {processor.py:208} INFO - Processing /home/airflow/.local/lib/python3.12/site-packages/airflow/example_dags/example_trigger_controller_dag.py took 0.169 seconds
[2024-10-31T13:02:18.878+0000] {processor.py:186} INFO - Started process (PID=404) to work on /home/airflow/.local/lib/python3.12/site-packages/airflow/example_dags/example_trigger_controller_dag.py
[2024-10-31T13:02:18.880+0000] {processor.py:914} INFO - Processing file /home/airflow/.local/lib/python3.12/site-packages/airflow/example_dags/example_trigger_controller_dag.py for tasks to queue
[2024-10-31T13:02:18.884+0000] {logging_mixin.py:190} INFO - [2024-10-31T13:02:18.883+0000] {dagbag.py:588} INFO - Filling up the DagBag from /home/airflow/.local/lib/python3.12/site-packages/airflow/example_dags/example_trigger_controller_dag.py
[2024-10-31T13:02:18.894+0000] {processor.py:925} INFO - DAG(s) 'example_trigger_controller_dag' retrieved from /home/airflow/.local/lib/python3.12/site-packages/airflow/example_dags/example_trigger_controller_dag.py
[2024-10-31T13:02:18.923+0000] {logging_mixin.py:190} INFO - [2024-10-31T13:02:18.923+0000] {dag.py:3239} INFO - Sync 1 DAGs
[2024-10-31T13:02:18.962+0000] {logging_mixin.py:190} INFO - [2024-10-31T13:02:18.962+0000] {dag.py:4180} INFO - Setting next_dagrun for example_trigger_controller_dag to 2021-01-01 00:00:00+00:00, run_after=2021-01-01 00:00:00+00:00
[2024-10-31T13:02:18.995+0000] {processor.py:208} INFO - Processing /home/airflow/.local/lib/python3.12/site-packages/airflow/example_dags/example_trigger_controller_dag.py took 0.124 seconds
[2024-10-31T13:02:55.813+0000] {processor.py:186} INFO - Started process (PID=466) to work on /home/airflow/.local/lib/python3.12/site-packages/airflow/example_dags/example_trigger_controller_dag.py
[2024-10-31T13:02:55.816+0000] {processor.py:914} INFO - Processing file /home/airflow/.local/lib/python3.12/site-packages/airflow/example_dags/example_trigger_controller_dag.py for tasks to queue
[2024-10-31T13:02:55.820+0000] {logging_mixin.py:190} INFO - [2024-10-31T13:02:55.820+0000] {dagbag.py:588} INFO - Filling up the DagBag from /home/airflow/.local/lib/python3.12/site-packages/airflow/example_dags/example_trigger_controller_dag.py
[2024-10-31T13:02:55.828+0000] {processor.py:925} INFO - DAG(s) 'example_trigger_controller_dag' retrieved from /home/airflow/.local/lib/python3.12/site-packages/airflow/example_dags/example_trigger_controller_dag.py
[2024-10-31T13:02:55.846+0000] {logging_mixin.py:190} INFO - [2024-10-31T13:02:55.846+0000] {dag.py:3239} INFO - Sync 1 DAGs
[2024-10-31T13:02:55.872+0000] {logging_mixin.py:190} INFO - [2024-10-31T13:02:55.872+0000] {dag.py:4180} INFO - Setting next_dagrun for example_trigger_controller_dag to 2021-01-01 00:00:00+00:00, run_after=2021-01-01 00:00:00+00:00
[2024-10-31T13:02:55.894+0000] {processor.py:208} INFO - Processing /home/airflow/.local/lib/python3.12/site-packages/airflow/example_dags/example_trigger_controller_dag.py took 0.087 seconds
[2024-10-31T13:04:34.628+0000] {processor.py:186} INFO - Started process (PID=538) to work on /home/airflow/.local/lib/python3.12/site-packages/airflow/example_dags/example_trigger_controller_dag.py
[2024-10-31T13:04:34.640+0000] {processor.py:914} INFO - Processing file /home/airflow/.local/lib/python3.12/site-packages/airflow/example_dags/example_trigger_controller_dag.py for tasks to queue
[2024-10-31T13:04:34.650+0000] {logging_mixin.py:190} INFO - [2024-10-31T13:04:34.649+0000] {dagbag.py:588} INFO - Filling up the DagBag from /home/airflow/.local/lib/python3.12/site-packages/airflow/example_dags/example_trigger_controller_dag.py
[2024-10-31T13:04:34.684+0000] {processor.py:925} INFO - DAG(s) 'example_trigger_controller_dag' retrieved from /home/airflow/.local/lib/python3.12/site-packages/airflow/example_dags/example_trigger_controller_dag.py
[2024-10-31T13:04:34.733+0000] {logging_mixin.py:190} INFO - [2024-10-31T13:04:34.732+0000] {dag.py:3239} INFO - Sync 1 DAGs
[2024-10-31T13:04:34.818+0000] {logging_mixin.py:190} INFO - [2024-10-31T13:04:34.818+0000] {dag.py:4180} INFO - Setting next_dagrun for example_trigger_controller_dag to 2021-01-01 00:00:00+00:00, run_after=2021-01-01 00:00:00+00:00
[2024-10-31T13:04:34.912+0000] {processor.py:208} INFO - Processing /home/airflow/.local/lib/python3.12/site-packages/airflow/example_dags/example_trigger_controller_dag.py took 0.301 seconds
