[2024-10-31T09:59:30.114+0000] {processor.py:186} INFO - Started process (PID=290) to work on /home/airflow/.local/lib/python3.12/site-packages/airflow/example_dags/example_dataset_alias_with_no_taskflow.py
[2024-10-31T09:59:30.151+0000] {processor.py:914} INFO - Processing file /home/airflow/.local/lib/python3.12/site-packages/airflow/example_dags/example_dataset_alias_with_no_taskflow.py for tasks to queue
[2024-10-31T09:59:30.242+0000] {logging_mixin.py:190} INFO - [2024-10-31T09:59:30.227+0000] {dagbag.py:588} INFO - Filling up the DagBag from /home/airflow/.local/lib/python3.12/site-packages/airflow/example_dags/example_dataset_alias_with_no_taskflow.py
[2024-10-31T09:59:40.807+0000] {processor.py:925} INFO - DAG(s) 'dataset_s3_bucket_producer_with_no_taskflow', 'dataset_alias_example_alias_producer_with_no_taskflow', 'dataset_s3_bucket_consumer_with_no_taskflow', 'dataset_alias_example_alias_consumer_with_no_taskflow' retrieved from /home/airflow/.local/lib/python3.12/site-packages/airflow/example_dags/example_dataset_alias_with_no_taskflow.py
[2024-10-31T09:59:44.424+0000] {logging_mixin.py:190} INFO - [2024-10-31T09:59:44.411+0000] {override.py:1900} INFO - Created Permission View: can read on DAG:dataset_s3_bucket_producer_with_no_taskflow
[2024-10-31T09:59:44.795+0000] {logging_mixin.py:190} INFO - [2024-10-31T09:59:44.776+0000] {override.py:1900} INFO - Created Permission View: can edit on DAG:dataset_s3_bucket_producer_with_no_taskflow
[2024-10-31T09:59:44.972+0000] {logging_mixin.py:190} INFO - [2024-10-31T09:59:44.970+0000] {override.py:1900} INFO - Created Permission View: can delete on DAG:dataset_s3_bucket_producer_with_no_taskflow
[2024-10-31T09:59:45.187+0000] {logging_mixin.py:190} INFO - [2024-10-31T09:59:45.172+0000] {override.py:1900} INFO - Created Permission View: can read on DAG Run:dataset_s3_bucket_producer_with_no_taskflow
[2024-10-31T09:59:45.357+0000] {logging_mixin.py:190} INFO - [2024-10-31T09:59:45.354+0000] {override.py:1900} INFO - Created Permission View: menu access on DAG Run:dataset_s3_bucket_producer_with_no_taskflow
[2024-10-31T09:59:45.565+0000] {logging_mixin.py:190} INFO - [2024-10-31T09:59:45.550+0000] {override.py:1900} INFO - Created Permission View: can delete on DAG Run:dataset_s3_bucket_producer_with_no_taskflow
[2024-10-31T09:59:45.746+0000] {logging_mixin.py:190} INFO - [2024-10-31T09:59:45.729+0000] {override.py:1900} INFO - Created Permission View: can create on DAG Run:dataset_s3_bucket_producer_with_no_taskflow
[2024-10-31T09:59:46.119+0000] {logging_mixin.py:190} INFO - [2024-10-31T09:59:46.106+0000] {override.py:1900} INFO - Created Permission View: can read on DAG:dataset_alias_example_alias_producer_with_no_taskflow
[2024-10-31T09:59:46.383+0000] {logging_mixin.py:190} INFO - [2024-10-31T09:59:46.379+0000] {override.py:1900} INFO - Created Permission View: can edit on DAG:dataset_alias_example_alias_producer_with_no_taskflow
[2024-10-31T09:59:46.691+0000] {logging_mixin.py:190} INFO - [2024-10-31T09:59:46.684+0000] {override.py:1900} INFO - Created Permission View: can delete on DAG:dataset_alias_example_alias_producer_with_no_taskflow
[2024-10-31T09:59:46.862+0000] {logging_mixin.py:190} INFO - [2024-10-31T09:59:46.855+0000] {override.py:1900} INFO - Created Permission View: can read on DAG Run:dataset_alias_example_alias_producer_with_no_taskflow
[2024-10-31T09:59:46.944+0000] {logging_mixin.py:190} INFO - [2024-10-31T09:59:46.941+0000] {override.py:1900} INFO - Created Permission View: menu access on DAG Run:dataset_alias_example_alias_producer_with_no_taskflow
[2024-10-31T09:59:47.085+0000] {logging_mixin.py:190} INFO - [2024-10-31T09:59:47.079+0000] {override.py:1900} INFO - Created Permission View: can delete on DAG Run:dataset_alias_example_alias_producer_with_no_taskflow
[2024-10-31T09:59:47.254+0000] {logging_mixin.py:190} INFO - [2024-10-31T09:59:47.251+0000] {override.py:1900} INFO - Created Permission View: can create on DAG Run:dataset_alias_example_alias_producer_with_no_taskflow
[2024-10-31T09:59:47.505+0000] {logging_mixin.py:190} INFO - [2024-10-31T09:59:47.495+0000] {override.py:1900} INFO - Created Permission View: can read on DAG:dataset_s3_bucket_consumer_with_no_taskflow
[2024-10-31T09:59:47.614+0000] {logging_mixin.py:190} INFO - [2024-10-31T09:59:47.610+0000] {override.py:1900} INFO - Created Permission View: can edit on DAG:dataset_s3_bucket_consumer_with_no_taskflow
[2024-10-31T09:59:47.820+0000] {logging_mixin.py:190} INFO - [2024-10-31T09:59:47.806+0000] {override.py:1900} INFO - Created Permission View: can delete on DAG:dataset_s3_bucket_consumer_with_no_taskflow
[2024-10-31T09:59:48.115+0000] {logging_mixin.py:190} INFO - [2024-10-31T09:59:48.085+0000] {override.py:1900} INFO - Created Permission View: can read on DAG Run:dataset_s3_bucket_consumer_with_no_taskflow
[2024-10-31T09:59:48.331+0000] {logging_mixin.py:190} INFO - [2024-10-31T09:59:48.320+0000] {override.py:1900} INFO - Created Permission View: menu access on DAG Run:dataset_s3_bucket_consumer_with_no_taskflow
[2024-10-31T09:59:48.702+0000] {logging_mixin.py:190} INFO - [2024-10-31T09:59:48.671+0000] {override.py:1900} INFO - Created Permission View: can delete on DAG Run:dataset_s3_bucket_consumer_with_no_taskflow
[2024-10-31T09:59:49.070+0000] {logging_mixin.py:190} INFO - [2024-10-31T09:59:49.067+0000] {override.py:1900} INFO - Created Permission View: can create on DAG Run:dataset_s3_bucket_consumer_with_no_taskflow
[2024-10-31T09:59:49.391+0000] {logging_mixin.py:190} INFO - [2024-10-31T09:59:49.387+0000] {override.py:1900} INFO - Created Permission View: can read on DAG:dataset_alias_example_alias_consumer_with_no_taskflow
[2024-10-31T09:59:49.559+0000] {logging_mixin.py:190} INFO - [2024-10-31T09:59:49.556+0000] {override.py:1900} INFO - Created Permission View: can edit on DAG:dataset_alias_example_alias_consumer_with_no_taskflow
[2024-10-31T09:59:49.688+0000] {logging_mixin.py:190} INFO - [2024-10-31T09:59:49.680+0000] {override.py:1900} INFO - Created Permission View: can delete on DAG:dataset_alias_example_alias_consumer_with_no_taskflow
[2024-10-31T09:59:49.853+0000] {logging_mixin.py:190} INFO - [2024-10-31T09:59:49.850+0000] {override.py:1900} INFO - Created Permission View: can read on DAG Run:dataset_alias_example_alias_consumer_with_no_taskflow
[2024-10-31T09:59:50.103+0000] {logging_mixin.py:190} INFO - [2024-10-31T09:59:50.091+0000] {override.py:1900} INFO - Created Permission View: menu access on DAG Run:dataset_alias_example_alias_consumer_with_no_taskflow
[2024-10-31T09:59:50.330+0000] {logging_mixin.py:190} INFO - [2024-10-31T09:59:50.322+0000] {override.py:1900} INFO - Created Permission View: can delete on DAG Run:dataset_alias_example_alias_consumer_with_no_taskflow
[2024-10-31T09:59:50.627+0000] {logging_mixin.py:190} INFO - [2024-10-31T09:59:50.624+0000] {override.py:1900} INFO - Created Permission View: can create on DAG Run:dataset_alias_example_alias_consumer_with_no_taskflow
[2024-10-31T09:59:50.663+0000] {logging_mixin.py:190} INFO - [2024-10-31T09:59:50.655+0000] {dag.py:3239} INFO - Sync 4 DAGs
[2024-10-31T09:59:51.023+0000] {logging_mixin.py:190} INFO - [2024-10-31T09:59:51.013+0000] {dag.py:3262} INFO - Creating ORM DAG for dataset_s3_bucket_producer_with_no_taskflow
[2024-10-31T09:59:51.048+0000] {logging_mixin.py:190} INFO - [2024-10-31T09:59:51.046+0000] {dag.py:3262} INFO - Creating ORM DAG for dataset_s3_bucket_consumer_with_no_taskflow
[2024-10-31T09:59:51.072+0000] {logging_mixin.py:190} INFO - [2024-10-31T09:59:51.068+0000] {dag.py:3262} INFO - Creating ORM DAG for dataset_alias_example_alias_producer_with_no_taskflow
[2024-10-31T09:59:51.095+0000] {logging_mixin.py:190} INFO - [2024-10-31T09:59:51.093+0000] {dag.py:3262} INFO - Creating ORM DAG for dataset_alias_example_alias_consumer_with_no_taskflow
[2024-10-31T09:59:51.441+0000] {logging_mixin.py:190} INFO - [2024-10-31T09:59:51.438+0000] {dag.py:4180} INFO - Setting next_dagrun for dataset_alias_example_alias_consumer_with_no_taskflow to None, run_after=None
[2024-10-31T09:59:51.542+0000] {logging_mixin.py:190} INFO - [2024-10-31T09:59:51.508+0000] {dag.py:4180} INFO - Setting next_dagrun for dataset_alias_example_alias_producer_with_no_taskflow to None, run_after=None
[2024-10-31T09:59:51.599+0000] {logging_mixin.py:190} INFO - [2024-10-31T09:59:51.586+0000] {dag.py:4180} INFO - Setting next_dagrun for dataset_s3_bucket_consumer_with_no_taskflow to None, run_after=None
[2024-10-31T09:59:51.626+0000] {logging_mixin.py:190} INFO - [2024-10-31T09:59:51.624+0000] {dag.py:4180} INFO - Setting next_dagrun for dataset_s3_bucket_producer_with_no_taskflow to None, run_after=None
[2024-10-31T09:59:53.214+0000] {processor.py:208} INFO - Processing /home/airflow/.local/lib/python3.12/site-packages/airflow/example_dags/example_dataset_alias_with_no_taskflow.py took 23.183 seconds
[2024-10-31T10:02:13.489+0000] {processor.py:186} INFO - Started process (PID=377) to work on /home/airflow/.local/lib/python3.12/site-packages/airflow/example_dags/example_dataset_alias_with_no_taskflow.py
[2024-10-31T10:02:13.508+0000] {processor.py:914} INFO - Processing file /home/airflow/.local/lib/python3.12/site-packages/airflow/example_dags/example_dataset_alias_with_no_taskflow.py for tasks to queue
[2024-10-31T10:02:13.566+0000] {logging_mixin.py:190} INFO - [2024-10-31T10:02:13.562+0000] {dagbag.py:588} INFO - Filling up the DagBag from /home/airflow/.local/lib/python3.12/site-packages/airflow/example_dags/example_dataset_alias_with_no_taskflow.py
[2024-10-31T10:02:17.465+0000] {processor.py:925} INFO - DAG(s) 'dataset_alias_example_alias_consumer_with_no_taskflow', 'dataset_s3_bucket_producer_with_no_taskflow', 'dataset_alias_example_alias_producer_with_no_taskflow', 'dataset_s3_bucket_consumer_with_no_taskflow' retrieved from /home/airflow/.local/lib/python3.12/site-packages/airflow/example_dags/example_dataset_alias_with_no_taskflow.py
[2024-10-31T10:02:18.300+0000] {logging_mixin.py:190} INFO - [2024-10-31T10:02:18.298+0000] {dag.py:3239} INFO - Sync 4 DAGs
[2024-10-31T10:02:19.058+0000] {logging_mixin.py:190} INFO - [2024-10-31T10:02:19.056+0000] {dag.py:4180} INFO - Setting next_dagrun for dataset_alias_example_alias_consumer_with_no_taskflow to None, run_after=None
[2024-10-31T10:02:19.139+0000] {logging_mixin.py:190} INFO - [2024-10-31T10:02:19.137+0000] {dag.py:4180} INFO - Setting next_dagrun for dataset_alias_example_alias_producer_with_no_taskflow to None, run_after=None
[2024-10-31T10:02:19.186+0000] {logging_mixin.py:190} INFO - [2024-10-31T10:02:19.179+0000] {dag.py:4180} INFO - Setting next_dagrun for dataset_s3_bucket_consumer_with_no_taskflow to None, run_after=None
[2024-10-31T10:02:19.242+0000] {logging_mixin.py:190} INFO - [2024-10-31T10:02:19.227+0000] {dag.py:4180} INFO - Setting next_dagrun for dataset_s3_bucket_producer_with_no_taskflow to None, run_after=None
[2024-10-31T10:02:19.805+0000] {processor.py:208} INFO - Processing /home/airflow/.local/lib/python3.12/site-packages/airflow/example_dags/example_dataset_alias_with_no_taskflow.py took 6.557 seconds
[2024-10-31T10:04:38.331+0000] {processor.py:186} INFO - Started process (PID=479) to work on /home/airflow/.local/lib/python3.12/site-packages/airflow/example_dags/example_dataset_alias_with_no_taskflow.py
[2024-10-31T10:04:38.394+0000] {processor.py:914} INFO - Processing file /home/airflow/.local/lib/python3.12/site-packages/airflow/example_dags/example_dataset_alias_with_no_taskflow.py for tasks to queue
[2024-10-31T10:04:38.463+0000] {logging_mixin.py:190} INFO - [2024-10-31T10:04:38.449+0000] {dagbag.py:588} INFO - Filling up the DagBag from /home/airflow/.local/lib/python3.12/site-packages/airflow/example_dags/example_dataset_alias_with_no_taskflow.py
[2024-10-31T10:04:41.457+0000] {processor.py:925} INFO - DAG(s) 'dataset_s3_bucket_consumer_with_no_taskflow', 'dataset_s3_bucket_producer_with_no_taskflow', 'dataset_alias_example_alias_producer_with_no_taskflow', 'dataset_alias_example_alias_consumer_with_no_taskflow' retrieved from /home/airflow/.local/lib/python3.12/site-packages/airflow/example_dags/example_dataset_alias_with_no_taskflow.py
[2024-10-31T10:04:42.011+0000] {logging_mixin.py:190} INFO - [2024-10-31T10:04:42.009+0000] {dag.py:3239} INFO - Sync 4 DAGs
[2024-10-31T10:04:42.931+0000] {logging_mixin.py:190} INFO - [2024-10-31T10:04:42.927+0000] {dag.py:4180} INFO - Setting next_dagrun for dataset_alias_example_alias_consumer_with_no_taskflow to None, run_after=None
[2024-10-31T10:04:43.045+0000] {logging_mixin.py:190} INFO - [2024-10-31T10:04:43.043+0000] {dag.py:4180} INFO - Setting next_dagrun for dataset_alias_example_alias_producer_with_no_taskflow to None, run_after=None
[2024-10-31T10:04:43.111+0000] {logging_mixin.py:190} INFO - [2024-10-31T10:04:43.109+0000] {dag.py:4180} INFO - Setting next_dagrun for dataset_s3_bucket_consumer_with_no_taskflow to None, run_after=None
[2024-10-31T10:04:43.185+0000] {logging_mixin.py:190} INFO - [2024-10-31T10:04:43.171+0000] {dag.py:4180} INFO - Setting next_dagrun for dataset_s3_bucket_producer_with_no_taskflow to None, run_after=None
[2024-10-31T10:04:43.942+0000] {processor.py:208} INFO - Processing /home/airflow/.local/lib/python3.12/site-packages/airflow/example_dags/example_dataset_alias_with_no_taskflow.py took 5.808 seconds
[2024-10-31T10:12:57.894+0000] {processor.py:186} INFO - Started process (PID=101) to work on /home/airflow/.local/lib/python3.12/site-packages/airflow/example_dags/example_dataset_alias_with_no_taskflow.py
[2024-10-31T10:12:57.896+0000] {processor.py:914} INFO - Processing file /home/airflow/.local/lib/python3.12/site-packages/airflow/example_dags/example_dataset_alias_with_no_taskflow.py for tasks to queue
[2024-10-31T10:12:57.899+0000] {logging_mixin.py:190} INFO - [2024-10-31T10:12:57.899+0000] {dagbag.py:588} INFO - Filling up the DagBag from /home/airflow/.local/lib/python3.12/site-packages/airflow/example_dags/example_dataset_alias_with_no_taskflow.py
[2024-10-31T10:12:58.139+0000] {processor.py:925} INFO - DAG(s) 'dataset_s3_bucket_consumer_with_no_taskflow', 'dataset_alias_example_alias_consumer_with_no_taskflow', 'dataset_s3_bucket_producer_with_no_taskflow', 'dataset_alias_example_alias_producer_with_no_taskflow' retrieved from /home/airflow/.local/lib/python3.12/site-packages/airflow/example_dags/example_dataset_alias_with_no_taskflow.py
[2024-10-31T10:12:58.168+0000] {logging_mixin.py:190} INFO - [2024-10-31T10:12:58.168+0000] {dag.py:3239} INFO - Sync 4 DAGs
[2024-10-31T10:12:58.210+0000] {logging_mixin.py:190} INFO - [2024-10-31T10:12:58.209+0000] {dag.py:4180} INFO - Setting next_dagrun for dataset_alias_example_alias_consumer_with_no_taskflow to None, run_after=None
[2024-10-31T10:12:58.215+0000] {logging_mixin.py:190} INFO - [2024-10-31T10:12:58.214+0000] {dag.py:4180} INFO - Setting next_dagrun for dataset_alias_example_alias_producer_with_no_taskflow to None, run_after=None
[2024-10-31T10:12:58.218+0000] {logging_mixin.py:190} INFO - [2024-10-31T10:12:58.218+0000] {dag.py:4180} INFO - Setting next_dagrun for dataset_s3_bucket_consumer_with_no_taskflow to None, run_after=None
[2024-10-31T10:12:58.222+0000] {logging_mixin.py:190} INFO - [2024-10-31T10:12:58.221+0000] {dag.py:4180} INFO - Setting next_dagrun for dataset_s3_bucket_producer_with_no_taskflow to None, run_after=None
[2024-10-31T10:12:58.258+0000] {processor.py:208} INFO - Processing /home/airflow/.local/lib/python3.12/site-packages/airflow/example_dags/example_dataset_alias_with_no_taskflow.py took 0.372 seconds
[2024-10-31T10:20:03.736+0000] {processor.py:186} INFO - Started process (PID=165) to work on /home/airflow/.local/lib/python3.12/site-packages/airflow/example_dags/example_dataset_alias_with_no_taskflow.py
[2024-10-31T10:20:03.751+0000] {processor.py:914} INFO - Processing file /home/airflow/.local/lib/python3.12/site-packages/airflow/example_dags/example_dataset_alias_with_no_taskflow.py for tasks to queue
[2024-10-31T10:20:03.788+0000] {logging_mixin.py:190} INFO - [2024-10-31T10:20:03.785+0000] {dagbag.py:588} INFO - Filling up the DagBag from /home/airflow/.local/lib/python3.12/site-packages/airflow/example_dags/example_dataset_alias_with_no_taskflow.py
[2024-10-31T10:20:09.776+0000] {processor.py:925} INFO - DAG(s) 'dataset_s3_bucket_consumer_with_no_taskflow', 'dataset_s3_bucket_producer_with_no_taskflow', 'dataset_alias_example_alias_producer_with_no_taskflow', 'dataset_alias_example_alias_consumer_with_no_taskflow' retrieved from /home/airflow/.local/lib/python3.12/site-packages/airflow/example_dags/example_dataset_alias_with_no_taskflow.py
[2024-10-31T10:20:10.150+0000] {logging_mixin.py:190} INFO - [2024-10-31T10:20:10.147+0000] {dag.py:3239} INFO - Sync 4 DAGs
[2024-10-31T10:20:10.560+0000] {logging_mixin.py:190} INFO - [2024-10-31T10:20:10.558+0000] {dag.py:4180} INFO - Setting next_dagrun for dataset_alias_example_alias_consumer_with_no_taskflow to None, run_after=None
[2024-10-31T10:20:10.604+0000] {logging_mixin.py:190} INFO - [2024-10-31T10:20:10.601+0000] {dag.py:4180} INFO - Setting next_dagrun for dataset_alias_example_alias_producer_with_no_taskflow to None, run_after=None
[2024-10-31T10:20:10.625+0000] {logging_mixin.py:190} INFO - [2024-10-31T10:20:10.622+0000] {dag.py:4180} INFO - Setting next_dagrun for dataset_s3_bucket_consumer_with_no_taskflow to None, run_after=None
[2024-10-31T10:20:10.666+0000] {logging_mixin.py:190} INFO - [2024-10-31T10:20:10.664+0000] {dag.py:4180} INFO - Setting next_dagrun for dataset_s3_bucket_producer_with_no_taskflow to None, run_after=None
[2024-10-31T10:20:11.187+0000] {processor.py:208} INFO - Processing /home/airflow/.local/lib/python3.12/site-packages/airflow/example_dags/example_dataset_alias_with_no_taskflow.py took 7.735 seconds
[2024-10-31T11:55:04.147+0000] {processor.py:186} INFO - Started process (PID=222) to work on /home/airflow/.local/lib/python3.12/site-packages/airflow/example_dags/example_dataset_alias_with_no_taskflow.py
[2024-10-31T11:55:04.185+0000] {processor.py:914} INFO - Processing file /home/airflow/.local/lib/python3.12/site-packages/airflow/example_dags/example_dataset_alias_with_no_taskflow.py for tasks to queue
[2024-10-31T11:55:04.281+0000] {logging_mixin.py:190} INFO - [2024-10-31T11:55:04.265+0000] {dagbag.py:588} INFO - Filling up the DagBag from /home/airflow/.local/lib/python3.12/site-packages/airflow/example_dags/example_dataset_alias_with_no_taskflow.py
[2024-10-31T11:55:30.907+0000] {processor.py:925} INFO - DAG(s) 'dataset_alias_example_alias_producer_with_no_taskflow', 'dataset_s3_bucket_producer_with_no_taskflow', 'dataset_s3_bucket_consumer_with_no_taskflow', 'dataset_alias_example_alias_consumer_with_no_taskflow' retrieved from /home/airflow/.local/lib/python3.12/site-packages/airflow/example_dags/example_dataset_alias_with_no_taskflow.py
[2024-10-31T12:39:00.802+0000] {processor.py:186} INFO - Started process (PID=179) to work on /home/airflow/.local/lib/python3.12/site-packages/airflow/example_dags/example_dataset_alias_with_no_taskflow.py
[2024-10-31T12:39:00.805+0000] {processor.py:914} INFO - Processing file /home/airflow/.local/lib/python3.12/site-packages/airflow/example_dags/example_dataset_alias_with_no_taskflow.py for tasks to queue
[2024-10-31T12:39:00.810+0000] {logging_mixin.py:190} INFO - [2024-10-31T12:39:00.809+0000] {dagbag.py:588} INFO - Filling up the DagBag from /home/airflow/.local/lib/python3.12/site-packages/airflow/example_dags/example_dataset_alias_with_no_taskflow.py
[2024-10-31T12:39:01.052+0000] {processor.py:925} INFO - DAG(s) 'dataset_alias_example_alias_consumer_with_no_taskflow', 'dataset_alias_example_alias_producer_with_no_taskflow', 'dataset_s3_bucket_consumer_with_no_taskflow', 'dataset_s3_bucket_producer_with_no_taskflow' retrieved from /home/airflow/.local/lib/python3.12/site-packages/airflow/example_dags/example_dataset_alias_with_no_taskflow.py
[2024-10-31T12:39:01.383+0000] {logging_mixin.py:190} INFO - [2024-10-31T12:39:01.382+0000] {dag.py:3239} INFO - Sync 4 DAGs
[2024-10-31T12:39:01.426+0000] {logging_mixin.py:190} INFO - [2024-10-31T12:39:01.426+0000] {dag.py:4180} INFO - Setting next_dagrun for dataset_alias_example_alias_consumer_with_no_taskflow to None, run_after=None
[2024-10-31T12:39:01.432+0000] {logging_mixin.py:190} INFO - [2024-10-31T12:39:01.432+0000] {dag.py:4180} INFO - Setting next_dagrun for dataset_alias_example_alias_producer_with_no_taskflow to None, run_after=None
[2024-10-31T12:39:01.442+0000] {logging_mixin.py:190} INFO - [2024-10-31T12:39:01.441+0000] {dag.py:4180} INFO - Setting next_dagrun for dataset_s3_bucket_consumer_with_no_taskflow to None, run_after=None
[2024-10-31T12:39:01.450+0000] {logging_mixin.py:190} INFO - [2024-10-31T12:39:01.450+0000] {dag.py:4180} INFO - Setting next_dagrun for dataset_s3_bucket_producer_with_no_taskflow to None, run_after=None
[2024-10-31T12:39:01.508+0000] {processor.py:208} INFO - Processing /home/airflow/.local/lib/python3.12/site-packages/airflow/example_dags/example_dataset_alias_with_no_taskflow.py took 0.714 seconds
[2024-10-31T12:39:32.220+0000] {processor.py:186} INFO - Started process (PID=241) to work on /home/airflow/.local/lib/python3.12/site-packages/airflow/example_dags/example_dataset_alias_with_no_taskflow.py
[2024-10-31T12:39:32.222+0000] {processor.py:914} INFO - Processing file /home/airflow/.local/lib/python3.12/site-packages/airflow/example_dags/example_dataset_alias_with_no_taskflow.py for tasks to queue
[2024-10-31T12:39:32.227+0000] {logging_mixin.py:190} INFO - [2024-10-31T12:39:32.227+0000] {dagbag.py:588} INFO - Filling up the DagBag from /home/airflow/.local/lib/python3.12/site-packages/airflow/example_dags/example_dataset_alias_with_no_taskflow.py
[2024-10-31T12:39:32.678+0000] {processor.py:925} INFO - DAG(s) 'dataset_alias_example_alias_consumer_with_no_taskflow', 'dataset_s3_bucket_producer_with_no_taskflow', 'dataset_s3_bucket_consumer_with_no_taskflow', 'dataset_alias_example_alias_producer_with_no_taskflow' retrieved from /home/airflow/.local/lib/python3.12/site-packages/airflow/example_dags/example_dataset_alias_with_no_taskflow.py
[2024-10-31T12:39:32.732+0000] {logging_mixin.py:190} INFO - [2024-10-31T12:39:32.731+0000] {dag.py:3239} INFO - Sync 4 DAGs
[2024-10-31T12:39:32.781+0000] {logging_mixin.py:190} INFO - [2024-10-31T12:39:32.780+0000] {dag.py:4180} INFO - Setting next_dagrun for dataset_alias_example_alias_consumer_with_no_taskflow to None, run_after=None
[2024-10-31T12:39:32.787+0000] {logging_mixin.py:190} INFO - [2024-10-31T12:39:32.787+0000] {dag.py:4180} INFO - Setting next_dagrun for dataset_alias_example_alias_producer_with_no_taskflow to None, run_after=None
[2024-10-31T12:39:32.792+0000] {logging_mixin.py:190} INFO - [2024-10-31T12:39:32.791+0000] {dag.py:4180} INFO - Setting next_dagrun for dataset_s3_bucket_consumer_with_no_taskflow to None, run_after=None
[2024-10-31T12:39:32.795+0000] {logging_mixin.py:190} INFO - [2024-10-31T12:39:32.795+0000] {dag.py:4180} INFO - Setting next_dagrun for dataset_s3_bucket_producer_with_no_taskflow to None, run_after=None
[2024-10-31T12:39:32.841+0000] {processor.py:208} INFO - Processing /home/airflow/.local/lib/python3.12/site-packages/airflow/example_dags/example_dataset_alias_with_no_taskflow.py took 0.628 seconds
[2024-10-31T12:40:03.466+0000] {processor.py:186} INFO - Started process (PID=303) to work on /home/airflow/.local/lib/python3.12/site-packages/airflow/example_dags/example_dataset_alias_with_no_taskflow.py
[2024-10-31T12:40:03.469+0000] {processor.py:914} INFO - Processing file /home/airflow/.local/lib/python3.12/site-packages/airflow/example_dags/example_dataset_alias_with_no_taskflow.py for tasks to queue
[2024-10-31T12:40:03.473+0000] {logging_mixin.py:190} INFO - [2024-10-31T12:40:03.472+0000] {dagbag.py:588} INFO - Filling up the DagBag from /home/airflow/.local/lib/python3.12/site-packages/airflow/example_dags/example_dataset_alias_with_no_taskflow.py
[2024-10-31T12:40:03.812+0000] {processor.py:925} INFO - DAG(s) 'dataset_s3_bucket_consumer_with_no_taskflow', 'dataset_s3_bucket_producer_with_no_taskflow', 'dataset_alias_example_alias_producer_with_no_taskflow', 'dataset_alias_example_alias_consumer_with_no_taskflow' retrieved from /home/airflow/.local/lib/python3.12/site-packages/airflow/example_dags/example_dataset_alias_with_no_taskflow.py
[2024-10-31T12:40:03.847+0000] {logging_mixin.py:190} INFO - [2024-10-31T12:40:03.846+0000] {dag.py:3239} INFO - Sync 4 DAGs
[2024-10-31T12:40:03.876+0000] {logging_mixin.py:190} INFO - [2024-10-31T12:40:03.876+0000] {dag.py:4180} INFO - Setting next_dagrun for dataset_alias_example_alias_consumer_with_no_taskflow to None, run_after=None
[2024-10-31T12:40:03.884+0000] {logging_mixin.py:190} INFO - [2024-10-31T12:40:03.883+0000] {dag.py:4180} INFO - Setting next_dagrun for dataset_alias_example_alias_producer_with_no_taskflow to None, run_after=None
[2024-10-31T12:40:03.887+0000] {logging_mixin.py:190} INFO - [2024-10-31T12:40:03.887+0000] {dag.py:4180} INFO - Setting next_dagrun for dataset_s3_bucket_consumer_with_no_taskflow to None, run_after=None
[2024-10-31T12:40:03.889+0000] {logging_mixin.py:190} INFO - [2024-10-31T12:40:03.889+0000] {dag.py:4180} INFO - Setting next_dagrun for dataset_s3_bucket_producer_with_no_taskflow to None, run_after=None
[2024-10-31T12:40:03.936+0000] {processor.py:208} INFO - Processing /home/airflow/.local/lib/python3.12/site-packages/airflow/example_dags/example_dataset_alias_with_no_taskflow.py took 0.477 seconds
[2024-10-31T12:40:34.500+0000] {processor.py:186} INFO - Started process (PID=365) to work on /home/airflow/.local/lib/python3.12/site-packages/airflow/example_dags/example_dataset_alias_with_no_taskflow.py
[2024-10-31T12:40:34.505+0000] {processor.py:914} INFO - Processing file /home/airflow/.local/lib/python3.12/site-packages/airflow/example_dags/example_dataset_alias_with_no_taskflow.py for tasks to queue
[2024-10-31T12:40:34.510+0000] {logging_mixin.py:190} INFO - [2024-10-31T12:40:34.509+0000] {dagbag.py:588} INFO - Filling up the DagBag from /home/airflow/.local/lib/python3.12/site-packages/airflow/example_dags/example_dataset_alias_with_no_taskflow.py
[2024-10-31T12:40:34.759+0000] {processor.py:925} INFO - DAG(s) 'dataset_alias_example_alias_producer_with_no_taskflow', 'dataset_alias_example_alias_consumer_with_no_taskflow', 'dataset_s3_bucket_consumer_with_no_taskflow', 'dataset_s3_bucket_producer_with_no_taskflow' retrieved from /home/airflow/.local/lib/python3.12/site-packages/airflow/example_dags/example_dataset_alias_with_no_taskflow.py
[2024-10-31T12:40:34.796+0000] {logging_mixin.py:190} INFO - [2024-10-31T12:40:34.795+0000] {dag.py:3239} INFO - Sync 4 DAGs
[2024-10-31T12:40:34.842+0000] {logging_mixin.py:190} INFO - [2024-10-31T12:40:34.841+0000] {dag.py:4180} INFO - Setting next_dagrun for dataset_alias_example_alias_consumer_with_no_taskflow to None, run_after=None
[2024-10-31T12:40:34.890+0000] {logging_mixin.py:190} INFO - [2024-10-31T12:40:34.890+0000] {dag.py:4180} INFO - Setting next_dagrun for dataset_alias_example_alias_producer_with_no_taskflow to None, run_after=None
[2024-10-31T12:40:34.897+0000] {logging_mixin.py:190} INFO - [2024-10-31T12:40:34.897+0000] {dag.py:4180} INFO - Setting next_dagrun for dataset_s3_bucket_consumer_with_no_taskflow to None, run_after=None
[2024-10-31T12:40:34.909+0000] {logging_mixin.py:190} INFO - [2024-10-31T12:40:34.909+0000] {dag.py:4180} INFO - Setting next_dagrun for dataset_s3_bucket_producer_with_no_taskflow to None, run_after=None
[2024-10-31T12:40:34.947+0000] {processor.py:208} INFO - Processing /home/airflow/.local/lib/python3.12/site-packages/airflow/example_dags/example_dataset_alias_with_no_taskflow.py took 0.455 seconds
[2024-10-31T12:43:59.165+0000] {processor.py:186} INFO - Started process (PID=427) to work on /home/airflow/.local/lib/python3.12/site-packages/airflow/example_dags/example_dataset_alias_with_no_taskflow.py
[2024-10-31T12:43:59.167+0000] {processor.py:914} INFO - Processing file /home/airflow/.local/lib/python3.12/site-packages/airflow/example_dags/example_dataset_alias_with_no_taskflow.py for tasks to queue
[2024-10-31T12:43:59.172+0000] {logging_mixin.py:190} INFO - [2024-10-31T12:43:59.171+0000] {dagbag.py:588} INFO - Filling up the DagBag from /home/airflow/.local/lib/python3.12/site-packages/airflow/example_dags/example_dataset_alias_with_no_taskflow.py
[2024-10-31T12:43:59.413+0000] {processor.py:925} INFO - DAG(s) 'dataset_alias_example_alias_producer_with_no_taskflow', 'dataset_s3_bucket_consumer_with_no_taskflow', 'dataset_s3_bucket_producer_with_no_taskflow', 'dataset_alias_example_alias_consumer_with_no_taskflow' retrieved from /home/airflow/.local/lib/python3.12/site-packages/airflow/example_dags/example_dataset_alias_with_no_taskflow.py
[2024-10-31T12:43:59.452+0000] {logging_mixin.py:190} INFO - [2024-10-31T12:43:59.452+0000] {dag.py:3239} INFO - Sync 4 DAGs
[2024-10-31T12:43:59.488+0000] {logging_mixin.py:190} INFO - [2024-10-31T12:43:59.487+0000] {dag.py:4180} INFO - Setting next_dagrun for dataset_alias_example_alias_consumer_with_no_taskflow to None, run_after=None
[2024-10-31T12:43:59.494+0000] {logging_mixin.py:190} INFO - [2024-10-31T12:43:59.494+0000] {dag.py:4180} INFO - Setting next_dagrun for dataset_alias_example_alias_producer_with_no_taskflow to None, run_after=None
[2024-10-31T12:43:59.499+0000] {logging_mixin.py:190} INFO - [2024-10-31T12:43:59.499+0000] {dag.py:4180} INFO - Setting next_dagrun for dataset_s3_bucket_consumer_with_no_taskflow to None, run_after=None
[2024-10-31T12:43:59.503+0000] {logging_mixin.py:190} INFO - [2024-10-31T12:43:59.503+0000] {dag.py:4180} INFO - Setting next_dagrun for dataset_s3_bucket_producer_with_no_taskflow to None, run_after=None
[2024-10-31T12:43:59.545+0000] {processor.py:208} INFO - Processing /home/airflow/.local/lib/python3.12/site-packages/airflow/example_dags/example_dataset_alias_with_no_taskflow.py took 0.387 seconds
[2024-10-31T12:57:27.550+0000] {processor.py:186} INFO - Started process (PID=95) to work on /home/airflow/.local/lib/python3.12/site-packages/airflow/example_dags/example_dataset_alias_with_no_taskflow.py
[2024-10-31T12:57:27.551+0000] {processor.py:914} INFO - Processing file /home/airflow/.local/lib/python3.12/site-packages/airflow/example_dags/example_dataset_alias_with_no_taskflow.py for tasks to queue
[2024-10-31T12:57:27.556+0000] {logging_mixin.py:190} INFO - [2024-10-31T12:57:27.555+0000] {dagbag.py:588} INFO - Filling up the DagBag from /home/airflow/.local/lib/python3.12/site-packages/airflow/example_dags/example_dataset_alias_with_no_taskflow.py
[2024-10-31T12:57:27.746+0000] {processor.py:925} INFO - DAG(s) 'dataset_s3_bucket_consumer_with_no_taskflow', 'dataset_alias_example_alias_consumer_with_no_taskflow', 'dataset_alias_example_alias_producer_with_no_taskflow', 'dataset_s3_bucket_producer_with_no_taskflow' retrieved from /home/airflow/.local/lib/python3.12/site-packages/airflow/example_dags/example_dataset_alias_with_no_taskflow.py
[2024-10-31T12:57:27.773+0000] {logging_mixin.py:190} INFO - [2024-10-31T12:57:27.772+0000] {dag.py:3239} INFO - Sync 4 DAGs
[2024-10-31T12:57:27.802+0000] {logging_mixin.py:190} INFO - [2024-10-31T12:57:27.801+0000] {dag.py:4180} INFO - Setting next_dagrun for dataset_alias_example_alias_consumer_with_no_taskflow to None, run_after=None
[2024-10-31T12:57:27.806+0000] {logging_mixin.py:190} INFO - [2024-10-31T12:57:27.806+0000] {dag.py:4180} INFO - Setting next_dagrun for dataset_alias_example_alias_producer_with_no_taskflow to None, run_after=None
[2024-10-31T12:57:27.809+0000] {logging_mixin.py:190} INFO - [2024-10-31T12:57:27.808+0000] {dag.py:4180} INFO - Setting next_dagrun for dataset_s3_bucket_consumer_with_no_taskflow to None, run_after=None
[2024-10-31T12:57:27.811+0000] {logging_mixin.py:190} INFO - [2024-10-31T12:57:27.811+0000] {dag.py:4180} INFO - Setting next_dagrun for dataset_s3_bucket_producer_with_no_taskflow to None, run_after=None
[2024-10-31T12:57:27.837+0000] {processor.py:208} INFO - Processing /home/airflow/.local/lib/python3.12/site-packages/airflow/example_dags/example_dataset_alias_with_no_taskflow.py took 0.294 seconds
[2024-10-31T12:58:14.025+0000] {processor.py:186} INFO - Started process (PID=157) to work on /home/airflow/.local/lib/python3.12/site-packages/airflow/example_dags/example_dataset_alias_with_no_taskflow.py
[2024-10-31T12:58:14.027+0000] {processor.py:914} INFO - Processing file /home/airflow/.local/lib/python3.12/site-packages/airflow/example_dags/example_dataset_alias_with_no_taskflow.py for tasks to queue
[2024-10-31T12:58:14.030+0000] {logging_mixin.py:190} INFO - [2024-10-31T12:58:14.030+0000] {dagbag.py:588} INFO - Filling up the DagBag from /home/airflow/.local/lib/python3.12/site-packages/airflow/example_dags/example_dataset_alias_with_no_taskflow.py
[2024-10-31T12:58:14.199+0000] {processor.py:925} INFO - DAG(s) 'dataset_alias_example_alias_consumer_with_no_taskflow', 'dataset_alias_example_alias_producer_with_no_taskflow', 'dataset_s3_bucket_consumer_with_no_taskflow', 'dataset_s3_bucket_producer_with_no_taskflow' retrieved from /home/airflow/.local/lib/python3.12/site-packages/airflow/example_dags/example_dataset_alias_with_no_taskflow.py
[2024-10-31T12:58:14.222+0000] {logging_mixin.py:190} INFO - [2024-10-31T12:58:14.222+0000] {dag.py:3239} INFO - Sync 4 DAGs
[2024-10-31T12:58:14.251+0000] {logging_mixin.py:190} INFO - [2024-10-31T12:58:14.251+0000] {dag.py:4180} INFO - Setting next_dagrun for dataset_alias_example_alias_consumer_with_no_taskflow to None, run_after=None
[2024-10-31T12:58:14.256+0000] {logging_mixin.py:190} INFO - [2024-10-31T12:58:14.256+0000] {dag.py:4180} INFO - Setting next_dagrun for dataset_alias_example_alias_producer_with_no_taskflow to None, run_after=None
[2024-10-31T12:58:14.258+0000] {logging_mixin.py:190} INFO - [2024-10-31T12:58:14.258+0000] {dag.py:4180} INFO - Setting next_dagrun for dataset_s3_bucket_consumer_with_no_taskflow to None, run_after=None
[2024-10-31T12:58:14.261+0000] {logging_mixin.py:190} INFO - [2024-10-31T12:58:14.260+0000] {dag.py:4180} INFO - Setting next_dagrun for dataset_s3_bucket_producer_with_no_taskflow to None, run_after=None
[2024-10-31T12:58:14.286+0000] {processor.py:208} INFO - Processing /home/airflow/.local/lib/python3.12/site-packages/airflow/example_dags/example_dataset_alias_with_no_taskflow.py took 0.266 seconds
[2024-10-31T12:58:44.379+0000] {processor.py:186} INFO - Started process (PID=220) to work on /home/airflow/.local/lib/python3.12/site-packages/airflow/example_dags/example_dataset_alias_with_no_taskflow.py
[2024-10-31T12:58:44.380+0000] {processor.py:914} INFO - Processing file /home/airflow/.local/lib/python3.12/site-packages/airflow/example_dags/example_dataset_alias_with_no_taskflow.py for tasks to queue
[2024-10-31T12:58:44.383+0000] {logging_mixin.py:190} INFO - [2024-10-31T12:58:44.383+0000] {dagbag.py:588} INFO - Filling up the DagBag from /home/airflow/.local/lib/python3.12/site-packages/airflow/example_dags/example_dataset_alias_with_no_taskflow.py
[2024-10-31T12:58:44.539+0000] {processor.py:925} INFO - DAG(s) 'dataset_s3_bucket_consumer_with_no_taskflow', 'dataset_alias_example_alias_producer_with_no_taskflow', 'dataset_alias_example_alias_consumer_with_no_taskflow', 'dataset_s3_bucket_producer_with_no_taskflow' retrieved from /home/airflow/.local/lib/python3.12/site-packages/airflow/example_dags/example_dataset_alias_with_no_taskflow.py
[2024-10-31T12:58:44.567+0000] {logging_mixin.py:190} INFO - [2024-10-31T12:58:44.567+0000] {dag.py:3239} INFO - Sync 4 DAGs
[2024-10-31T12:58:44.596+0000] {logging_mixin.py:190} INFO - [2024-10-31T12:58:44.596+0000] {dag.py:4180} INFO - Setting next_dagrun for dataset_alias_example_alias_consumer_with_no_taskflow to None, run_after=None
[2024-10-31T12:58:44.603+0000] {logging_mixin.py:190} INFO - [2024-10-31T12:58:44.603+0000] {dag.py:4180} INFO - Setting next_dagrun for dataset_alias_example_alias_producer_with_no_taskflow to None, run_after=None
[2024-10-31T12:58:44.607+0000] {logging_mixin.py:190} INFO - [2024-10-31T12:58:44.606+0000] {dag.py:4180} INFO - Setting next_dagrun for dataset_s3_bucket_consumer_with_no_taskflow to None, run_after=None
[2024-10-31T12:58:44.610+0000] {logging_mixin.py:190} INFO - [2024-10-31T12:58:44.609+0000] {dag.py:4180} INFO - Setting next_dagrun for dataset_s3_bucket_producer_with_no_taskflow to None, run_after=None
[2024-10-31T12:58:44.636+0000] {processor.py:208} INFO - Processing /home/airflow/.local/lib/python3.12/site-packages/airflow/example_dags/example_dataset_alias_with_no_taskflow.py took 0.264 seconds
[2024-10-31T12:59:21.119+0000] {processor.py:186} INFO - Started process (PID=287) to work on /home/airflow/.local/lib/python3.12/site-packages/airflow/example_dags/example_dataset_alias_with_no_taskflow.py
[2024-10-31T12:59:21.121+0000] {processor.py:914} INFO - Processing file /home/airflow/.local/lib/python3.12/site-packages/airflow/example_dags/example_dataset_alias_with_no_taskflow.py for tasks to queue
[2024-10-31T12:59:21.125+0000] {logging_mixin.py:190} INFO - [2024-10-31T12:59:21.125+0000] {dagbag.py:588} INFO - Filling up the DagBag from /home/airflow/.local/lib/python3.12/site-packages/airflow/example_dags/example_dataset_alias_with_no_taskflow.py
[2024-10-31T12:59:21.537+0000] {processor.py:925} INFO - DAG(s) 'dataset_s3_bucket_consumer_with_no_taskflow', 'dataset_alias_example_alias_producer_with_no_taskflow', 'dataset_alias_example_alias_consumer_with_no_taskflow', 'dataset_s3_bucket_producer_with_no_taskflow' retrieved from /home/airflow/.local/lib/python3.12/site-packages/airflow/example_dags/example_dataset_alias_with_no_taskflow.py
[2024-10-31T12:59:21.575+0000] {logging_mixin.py:190} INFO - [2024-10-31T12:59:21.575+0000] {dag.py:3239} INFO - Sync 4 DAGs
[2024-10-31T12:59:21.611+0000] {logging_mixin.py:190} INFO - [2024-10-31T12:59:21.611+0000] {dag.py:4180} INFO - Setting next_dagrun for dataset_alias_example_alias_consumer_with_no_taskflow to None, run_after=None
[2024-10-31T12:59:21.616+0000] {logging_mixin.py:190} INFO - [2024-10-31T12:59:21.616+0000] {dag.py:4180} INFO - Setting next_dagrun for dataset_alias_example_alias_producer_with_no_taskflow to None, run_after=None
[2024-10-31T12:59:21.619+0000] {logging_mixin.py:190} INFO - [2024-10-31T12:59:21.619+0000] {dag.py:4180} INFO - Setting next_dagrun for dataset_s3_bucket_consumer_with_no_taskflow to None, run_after=None
[2024-10-31T12:59:21.621+0000] {logging_mixin.py:190} INFO - [2024-10-31T12:59:21.621+0000] {dag.py:4180} INFO - Setting next_dagrun for dataset_s3_bucket_producer_with_no_taskflow to None, run_after=None
[2024-10-31T12:59:21.653+0000] {processor.py:208} INFO - Processing /home/airflow/.local/lib/python3.12/site-packages/airflow/example_dags/example_dataset_alias_with_no_taskflow.py took 0.542 seconds
[2024-10-31T13:01:39.667+0000] {processor.py:186} INFO - Started process (PID=351) to work on /home/airflow/.local/lib/python3.12/site-packages/airflow/example_dags/example_dataset_alias_with_no_taskflow.py
[2024-10-31T13:01:39.669+0000] {processor.py:914} INFO - Processing file /home/airflow/.local/lib/python3.12/site-packages/airflow/example_dags/example_dataset_alias_with_no_taskflow.py for tasks to queue
[2024-10-31T13:01:39.672+0000] {logging_mixin.py:190} INFO - [2024-10-31T13:01:39.672+0000] {dagbag.py:588} INFO - Filling up the DagBag from /home/airflow/.local/lib/python3.12/site-packages/airflow/example_dags/example_dataset_alias_with_no_taskflow.py
[2024-10-31T13:01:39.914+0000] {processor.py:925} INFO - DAG(s) 'dataset_s3_bucket_producer_with_no_taskflow', 'dataset_s3_bucket_consumer_with_no_taskflow', 'dataset_alias_example_alias_consumer_with_no_taskflow', 'dataset_alias_example_alias_producer_with_no_taskflow' retrieved from /home/airflow/.local/lib/python3.12/site-packages/airflow/example_dags/example_dataset_alias_with_no_taskflow.py
[2024-10-31T13:01:39.949+0000] {logging_mixin.py:190} INFO - [2024-10-31T13:01:39.948+0000] {dag.py:3239} INFO - Sync 4 DAGs
[2024-10-31T13:01:39.988+0000] {logging_mixin.py:190} INFO - [2024-10-31T13:01:39.988+0000] {dag.py:4180} INFO - Setting next_dagrun for dataset_alias_example_alias_consumer_with_no_taskflow to None, run_after=None
[2024-10-31T13:01:39.993+0000] {logging_mixin.py:190} INFO - [2024-10-31T13:01:39.993+0000] {dag.py:4180} INFO - Setting next_dagrun for dataset_alias_example_alias_producer_with_no_taskflow to None, run_after=None
[2024-10-31T13:01:39.996+0000] {logging_mixin.py:190} INFO - [2024-10-31T13:01:39.996+0000] {dag.py:4180} INFO - Setting next_dagrun for dataset_s3_bucket_consumer_with_no_taskflow to None, run_after=None
[2024-10-31T13:01:39.999+0000] {logging_mixin.py:190} INFO - [2024-10-31T13:01:39.999+0000] {dag.py:4180} INFO - Setting next_dagrun for dataset_s3_bucket_producer_with_no_taskflow to None, run_after=None
[2024-10-31T13:01:40.037+0000] {processor.py:208} INFO - Processing /home/airflow/.local/lib/python3.12/site-packages/airflow/example_dags/example_dataset_alias_with_no_taskflow.py took 0.377 seconds
[2024-10-31T13:02:19.618+0000] {processor.py:186} INFO - Started process (PID=412) to work on /home/airflow/.local/lib/python3.12/site-packages/airflow/example_dags/example_dataset_alias_with_no_taskflow.py
[2024-10-31T13:02:19.620+0000] {processor.py:914} INFO - Processing file /home/airflow/.local/lib/python3.12/site-packages/airflow/example_dags/example_dataset_alias_with_no_taskflow.py for tasks to queue
[2024-10-31T13:02:19.626+0000] {logging_mixin.py:190} INFO - [2024-10-31T13:02:19.625+0000] {dagbag.py:588} INFO - Filling up the DagBag from /home/airflow/.local/lib/python3.12/site-packages/airflow/example_dags/example_dataset_alias_with_no_taskflow.py
[2024-10-31T13:02:20.115+0000] {processor.py:925} INFO - DAG(s) 'dataset_alias_example_alias_consumer_with_no_taskflow', 'dataset_s3_bucket_consumer_with_no_taskflow', 'dataset_alias_example_alias_producer_with_no_taskflow', 'dataset_s3_bucket_producer_with_no_taskflow' retrieved from /home/airflow/.local/lib/python3.12/site-packages/airflow/example_dags/example_dataset_alias_with_no_taskflow.py
[2024-10-31T13:02:21.535+0000] {logging_mixin.py:190} INFO - [2024-10-31T13:02:21.525+0000] {dag.py:3239} INFO - Sync 4 DAGs
[2024-10-31T13:02:22.261+0000] {logging_mixin.py:190} INFO - [2024-10-31T13:02:22.255+0000] {dag.py:4180} INFO - Setting next_dagrun for dataset_alias_example_alias_consumer_with_no_taskflow to None, run_after=None
[2024-10-31T13:02:22.595+0000] {logging_mixin.py:190} INFO - [2024-10-31T13:02:22.585+0000] {dag.py:4180} INFO - Setting next_dagrun for dataset_alias_example_alias_producer_with_no_taskflow to None, run_after=None
[2024-10-31T13:02:22.817+0000] {logging_mixin.py:190} INFO - [2024-10-31T13:02:22.812+0000] {dag.py:4180} INFO - Setting next_dagrun for dataset_s3_bucket_consumer_with_no_taskflow to None, run_after=None
[2024-10-31T13:02:23.336+0000] {logging_mixin.py:190} INFO - [2024-10-31T13:02:23.325+0000] {dag.py:4180} INFO - Setting next_dagrun for dataset_s3_bucket_producer_with_no_taskflow to None, run_after=None
[2024-10-31T13:02:26.070+0000] {processor.py:208} INFO - Processing /home/airflow/.local/lib/python3.12/site-packages/airflow/example_dags/example_dataset_alias_with_no_taskflow.py took 6.459 seconds
[2024-10-31T13:02:56.513+0000] {processor.py:186} INFO - Started process (PID=475) to work on /home/airflow/.local/lib/python3.12/site-packages/airflow/example_dags/example_dataset_alias_with_no_taskflow.py
[2024-10-31T13:02:56.515+0000] {processor.py:914} INFO - Processing file /home/airflow/.local/lib/python3.12/site-packages/airflow/example_dags/example_dataset_alias_with_no_taskflow.py for tasks to queue
[2024-10-31T13:02:56.519+0000] {logging_mixin.py:190} INFO - [2024-10-31T13:02:56.518+0000] {dagbag.py:588} INFO - Filling up the DagBag from /home/airflow/.local/lib/python3.12/site-packages/airflow/example_dags/example_dataset_alias_with_no_taskflow.py
[2024-10-31T13:02:56.736+0000] {processor.py:925} INFO - DAG(s) 'dataset_s3_bucket_producer_with_no_taskflow', 'dataset_s3_bucket_consumer_with_no_taskflow', 'dataset_alias_example_alias_producer_with_no_taskflow', 'dataset_alias_example_alias_consumer_with_no_taskflow' retrieved from /home/airflow/.local/lib/python3.12/site-packages/airflow/example_dags/example_dataset_alias_with_no_taskflow.py
[2024-10-31T13:02:56.765+0000] {logging_mixin.py:190} INFO - [2024-10-31T13:02:56.764+0000] {dag.py:3239} INFO - Sync 4 DAGs
[2024-10-31T13:02:56.794+0000] {logging_mixin.py:190} INFO - [2024-10-31T13:02:56.794+0000] {dag.py:4180} INFO - Setting next_dagrun for dataset_alias_example_alias_consumer_with_no_taskflow to None, run_after=None
[2024-10-31T13:02:56.799+0000] {logging_mixin.py:190} INFO - [2024-10-31T13:02:56.799+0000] {dag.py:4180} INFO - Setting next_dagrun for dataset_alias_example_alias_producer_with_no_taskflow to None, run_after=None
[2024-10-31T13:02:56.801+0000] {logging_mixin.py:190} INFO - [2024-10-31T13:02:56.801+0000] {dag.py:4180} INFO - Setting next_dagrun for dataset_s3_bucket_consumer_with_no_taskflow to None, run_after=None
[2024-10-31T13:02:56.805+0000] {logging_mixin.py:190} INFO - [2024-10-31T13:02:56.805+0000] {dag.py:4180} INFO - Setting next_dagrun for dataset_s3_bucket_producer_with_no_taskflow to None, run_after=None
[2024-10-31T13:02:56.836+0000] {processor.py:208} INFO - Processing /home/airflow/.local/lib/python3.12/site-packages/airflow/example_dags/example_dataset_alias_with_no_taskflow.py took 0.330 seconds
[2024-10-31T13:04:36.387+0000] {processor.py:186} INFO - Started process (PID=546) to work on /home/airflow/.local/lib/python3.12/site-packages/airflow/example_dags/example_dataset_alias_with_no_taskflow.py
[2024-10-31T13:04:36.390+0000] {processor.py:914} INFO - Processing file /home/airflow/.local/lib/python3.12/site-packages/airflow/example_dags/example_dataset_alias_with_no_taskflow.py for tasks to queue
[2024-10-31T13:04:36.403+0000] {logging_mixin.py:190} INFO - [2024-10-31T13:04:36.402+0000] {dagbag.py:588} INFO - Filling up the DagBag from /home/airflow/.local/lib/python3.12/site-packages/airflow/example_dags/example_dataset_alias_with_no_taskflow.py
[2024-10-31T13:04:38.476+0000] {processor.py:925} INFO - DAG(s) 'dataset_s3_bucket_consumer_with_no_taskflow', 'dataset_alias_example_alias_consumer_with_no_taskflow', 'dataset_s3_bucket_producer_with_no_taskflow', 'dataset_alias_example_alias_producer_with_no_taskflow' retrieved from /home/airflow/.local/lib/python3.12/site-packages/airflow/example_dags/example_dataset_alias_with_no_taskflow.py
