[2024-10-31T09:55:29.730+0000] {processor.py:186} INFO - Started process (PID=220) to work on /home/airflow/.local/lib/python3.12/site-packages/airflow/example_dags/example_sla_dag.py
[2024-10-31T09:55:29.781+0000] {processor.py:914} INFO - Processing file /home/airflow/.local/lib/python3.12/site-packages/airflow/example_dags/example_sla_dag.py for tasks to queue
[2024-10-31T09:55:30.017+0000] {logging_mixin.py:190} INFO - [2024-10-31T09:55:30.002+0000] {dagbag.py:588} INFO - Filling up the DagBag from /home/airflow/.local/lib/python3.12/site-packages/airflow/example_dags/example_sla_dag.py
[2024-10-31T09:55:30.874+0000] {processor.py:925} INFO - DAG(s) 'example_sla_dag' retrieved from /home/airflow/.local/lib/python3.12/site-packages/airflow/example_dags/example_sla_dag.py
[2024-10-31T09:55:35.942+0000] {logging_mixin.py:190} INFO - [2024-10-31T09:55:35.894+0000] {override.py:1900} INFO - Created Permission View: can read on DAG:example_sla_dag
[2024-10-31T09:55:36.465+0000] {logging_mixin.py:190} INFO - [2024-10-31T09:55:36.455+0000] {override.py:1900} INFO - Created Permission View: can edit on DAG:example_sla_dag
[2024-10-31T09:55:36.790+0000] {logging_mixin.py:190} INFO - [2024-10-31T09:55:36.785+0000] {override.py:1900} INFO - Created Permission View: can delete on DAG:example_sla_dag
[2024-10-31T09:55:37.516+0000] {logging_mixin.py:190} INFO - [2024-10-31T09:55:37.513+0000] {override.py:1900} INFO - Created Permission View: can read on DAG Run:example_sla_dag
[2024-10-31T09:55:38.278+0000] {logging_mixin.py:190} INFO - [2024-10-31T09:55:38.262+0000] {override.py:1900} INFO - Created Permission View: menu access on DAG Run:example_sla_dag
[2024-10-31T09:55:38.805+0000] {logging_mixin.py:190} INFO - [2024-10-31T09:55:38.789+0000] {override.py:1900} INFO - Created Permission View: can delete on DAG Run:example_sla_dag
[2024-10-31T09:55:39.384+0000] {logging_mixin.py:190} INFO - [2024-10-31T09:55:39.382+0000] {override.py:1900} INFO - Created Permission View: can create on DAG Run:example_sla_dag
[2024-10-31T09:55:39.464+0000] {logging_mixin.py:190} INFO - [2024-10-31T09:55:39.462+0000] {dag.py:3239} INFO - Sync 1 DAGs
[2024-10-31T09:55:40.981+0000] {logging_mixin.py:190} INFO - [2024-10-31T09:55:40.979+0000] {dag.py:3262} INFO - Creating ORM DAG for example_sla_dag
[2024-10-31T09:55:42.948+0000] {logging_mixin.py:190} INFO - [2024-10-31T09:55:42.931+0000] {dag.py:4180} INFO - Setting next_dagrun for example_sla_dag to 2024-10-31 09:52:00+00:00, run_after=2024-10-31 09:54:00+00:00
[2024-10-31T09:55:44.064+0000] {processor.py:208} INFO - Processing /home/airflow/.local/lib/python3.12/site-packages/airflow/example_dags/example_sla_dag.py took 14.716 seconds
[2024-10-31T10:01:08.481+0000] {processor.py:186} INFO - Started process (PID=338) to work on /home/airflow/.local/lib/python3.12/site-packages/airflow/example_dags/example_sla_dag.py
[2024-10-31T10:01:08.650+0000] {processor.py:914} INFO - Processing file /home/airflow/.local/lib/python3.12/site-packages/airflow/example_dags/example_sla_dag.py for tasks to queue
[2024-10-31T10:01:08.949+0000] {logging_mixin.py:190} INFO - [2024-10-31T10:01:08.942+0000] {dagbag.py:588} INFO - Filling up the DagBag from /home/airflow/.local/lib/python3.12/site-packages/airflow/example_dags/example_sla_dag.py
[2024-10-31T10:01:09.315+0000] {processor.py:925} INFO - DAG(s) 'example_sla_dag' retrieved from /home/airflow/.local/lib/python3.12/site-packages/airflow/example_dags/example_sla_dag.py
[2024-10-31T10:01:10.412+0000] {logging_mixin.py:190} INFO - [2024-10-31T10:01:10.381+0000] {dag.py:3239} INFO - Sync 1 DAGs
[2024-10-31T10:01:11.229+0000] {logging_mixin.py:190} INFO - [2024-10-31T10:01:11.224+0000] {dag.py:4180} INFO - Setting next_dagrun for example_sla_dag to 2024-10-31 09:58:00+00:00, run_after=2024-10-31 10:00:00+00:00
[2024-10-31T10:01:11.976+0000] {processor.py:208} INFO - Processing /home/airflow/.local/lib/python3.12/site-packages/airflow/example_dags/example_sla_dag.py took 3.712 seconds
[2024-10-31T10:02:58.713+0000] {processor.py:186} INFO - Started process (PID=402) to work on /home/airflow/.local/lib/python3.12/site-packages/airflow/example_dags/example_sla_dag.py
[2024-10-31T10:02:58.780+0000] {processor.py:914} INFO - Processing file /home/airflow/.local/lib/python3.12/site-packages/airflow/example_dags/example_sla_dag.py for tasks to queue
[2024-10-31T10:02:59.049+0000] {logging_mixin.py:190} INFO - [2024-10-31T10:02:59.035+0000] {dagbag.py:588} INFO - Filling up the DagBag from /home/airflow/.local/lib/python3.12/site-packages/airflow/example_dags/example_sla_dag.py
[2024-10-31T10:02:59.887+0000] {processor.py:925} INFO - DAG(s) 'example_sla_dag' retrieved from /home/airflow/.local/lib/python3.12/site-packages/airflow/example_dags/example_sla_dag.py
[2024-10-31T10:03:01.331+0000] {logging_mixin.py:190} INFO - [2024-10-31T10:03:01.327+0000] {dag.py:3239} INFO - Sync 1 DAGs
[2024-10-31T10:03:02.994+0000] {logging_mixin.py:190} INFO - [2024-10-31T10:03:02.965+0000] {dag.py:4180} INFO - Setting next_dagrun for example_sla_dag to 2024-10-31 10:00:00+00:00, run_after=2024-10-31 10:02:00+00:00
[2024-10-31T10:03:03.789+0000] {processor.py:208} INFO - Processing /home/airflow/.local/lib/python3.12/site-packages/airflow/example_dags/example_sla_dag.py took 5.435 seconds
[2024-10-31T10:04:09.480+0000] {processor.py:186} INFO - Started process (PID=456) to work on /home/airflow/.local/lib/python3.12/site-packages/airflow/example_dags/example_sla_dag.py
[2024-10-31T10:04:09.522+0000] {processor.py:914} INFO - Processing file /home/airflow/.local/lib/python3.12/site-packages/airflow/example_dags/example_sla_dag.py for tasks to queue
[2024-10-31T10:04:09.594+0000] {logging_mixin.py:190} INFO - [2024-10-31T10:04:09.580+0000] {dagbag.py:588} INFO - Filling up the DagBag from /home/airflow/.local/lib/python3.12/site-packages/airflow/example_dags/example_sla_dag.py
[2024-10-31T10:04:09.920+0000] {processor.py:925} INFO - DAG(s) 'example_sla_dag' retrieved from /home/airflow/.local/lib/python3.12/site-packages/airflow/example_dags/example_sla_dag.py
[2024-10-31T10:04:10.282+0000] {logging_mixin.py:190} INFO - [2024-10-31T10:04:10.279+0000] {dag.py:3239} INFO - Sync 1 DAGs
[2024-10-31T10:04:10.935+0000] {logging_mixin.py:190} INFO - [2024-10-31T10:04:10.933+0000] {dag.py:4180} INFO - Setting next_dagrun for example_sla_dag to 2024-10-31 10:02:00+00:00, run_after=2024-10-31 10:04:00+00:00
[2024-10-31T10:04:11.338+0000] {processor.py:208} INFO - Processing /home/airflow/.local/lib/python3.12/site-packages/airflow/example_dags/example_sla_dag.py took 1.971 seconds
[2024-10-31T10:12:54.695+0000] {processor.py:186} INFO - Started process (PID=75) to work on /home/airflow/.local/lib/python3.12/site-packages/airflow/example_dags/example_sla_dag.py
[2024-10-31T10:12:54.697+0000] {processor.py:914} INFO - Processing file /home/airflow/.local/lib/python3.12/site-packages/airflow/example_dags/example_sla_dag.py for tasks to queue
[2024-10-31T10:12:54.699+0000] {logging_mixin.py:190} INFO - [2024-10-31T10:12:54.698+0000] {dagbag.py:588} INFO - Filling up the DagBag from /home/airflow/.local/lib/python3.12/site-packages/airflow/example_dags/example_sla_dag.py
[2024-10-31T10:12:54.712+0000] {processor.py:925} INFO - DAG(s) 'example_sla_dag' retrieved from /home/airflow/.local/lib/python3.12/site-packages/airflow/example_dags/example_sla_dag.py
[2024-10-31T10:12:54.743+0000] {logging_mixin.py:190} INFO - [2024-10-31T10:12:54.743+0000] {dag.py:3239} INFO - Sync 1 DAGs
[2024-10-31T10:12:54.787+0000] {logging_mixin.py:190} INFO - [2024-10-31T10:12:54.786+0000] {dag.py:4180} INFO - Setting next_dagrun for example_sla_dag to 2024-10-31 10:10:00+00:00, run_after=2024-10-31 10:12:00+00:00
[2024-10-31T10:12:54.817+0000] {processor.py:208} INFO - Processing /home/airflow/.local/lib/python3.12/site-packages/airflow/example_dags/example_sla_dag.py took 0.130 seconds
[2024-10-31T10:13:54.690+0000] {processor.py:186} INFO - Started process (PID=139) to work on /home/airflow/.local/lib/python3.12/site-packages/airflow/example_dags/example_sla_dag.py
[2024-10-31T10:13:54.693+0000] {processor.py:914} INFO - Processing file /home/airflow/.local/lib/python3.12/site-packages/airflow/example_dags/example_sla_dag.py for tasks to queue
[2024-10-31T10:13:54.697+0000] {logging_mixin.py:190} INFO - [2024-10-31T10:13:54.696+0000] {dagbag.py:588} INFO - Filling up the DagBag from /home/airflow/.local/lib/python3.12/site-packages/airflow/example_dags/example_sla_dag.py
[2024-10-31T10:13:54.711+0000] {processor.py:925} INFO - DAG(s) 'example_sla_dag' retrieved from /home/airflow/.local/lib/python3.12/site-packages/airflow/example_dags/example_sla_dag.py
[2024-10-31T10:13:54.741+0000] {logging_mixin.py:190} INFO - [2024-10-31T10:13:54.741+0000] {dag.py:3239} INFO - Sync 1 DAGs
[2024-10-31T10:13:54.785+0000] {logging_mixin.py:190} INFO - [2024-10-31T10:13:54.785+0000] {dag.py:4180} INFO - Setting next_dagrun for example_sla_dag to 2024-10-31 10:10:00+00:00, run_after=2024-10-31 10:12:00+00:00
[2024-10-31T10:13:54.813+0000] {processor.py:208} INFO - Processing /home/airflow/.local/lib/python3.12/site-packages/airflow/example_dags/example_sla_dag.py took 0.130 seconds
[2024-10-31T10:20:38.862+0000] {processor.py:186} INFO - Started process (PID=200) to work on /home/airflow/.local/lib/python3.12/site-packages/airflow/example_dags/example_sla_dag.py
[2024-10-31T10:20:38.914+0000] {processor.py:914} INFO - Processing file /home/airflow/.local/lib/python3.12/site-packages/airflow/example_dags/example_sla_dag.py for tasks to queue
[2024-10-31T10:20:38.981+0000] {logging_mixin.py:190} INFO - [2024-10-31T10:20:38.973+0000] {dagbag.py:588} INFO - Filling up the DagBag from /home/airflow/.local/lib/python3.12/site-packages/airflow/example_dags/example_sla_dag.py
[2024-10-31T10:20:39.222+0000] {processor.py:925} INFO - DAG(s) 'example_sla_dag' retrieved from /home/airflow/.local/lib/python3.12/site-packages/airflow/example_dags/example_sla_dag.py
[2024-10-31T10:20:39.660+0000] {logging_mixin.py:190} INFO - [2024-10-31T10:20:39.657+0000] {dag.py:3239} INFO - Sync 1 DAGs
[2024-10-31T10:20:40.537+0000] {logging_mixin.py:190} INFO - [2024-10-31T10:20:40.535+0000] {dag.py:4180} INFO - Setting next_dagrun for example_sla_dag to 2024-10-31 10:18:00+00:00, run_after=2024-10-31 10:20:00+00:00
[2024-10-31T10:20:41.165+0000] {processor.py:208} INFO - Processing /home/airflow/.local/lib/python3.12/site-packages/airflow/example_dags/example_sla_dag.py took 2.580 seconds
[2024-10-31T10:43:56.070+0000] {processor.py:186} INFO - Started process (PID=133) to work on /home/airflow/.local/lib/python3.12/site-packages/airflow/example_dags/example_sla_dag.py
[2024-10-31T10:43:56.087+0000] {processor.py:914} INFO - Processing file /home/airflow/.local/lib/python3.12/site-packages/airflow/example_dags/example_sla_dag.py for tasks to queue
[2024-10-31T10:43:56.136+0000] {logging_mixin.py:190} INFO - [2024-10-31T10:43:56.130+0000] {dagbag.py:588} INFO - Filling up the DagBag from /home/airflow/.local/lib/python3.12/site-packages/airflow/example_dags/example_sla_dag.py
[2024-10-31T10:43:56.282+0000] {processor.py:925} INFO - DAG(s) 'example_sla_dag' retrieved from /home/airflow/.local/lib/python3.12/site-packages/airflow/example_dags/example_sla_dag.py
[2024-10-31T10:43:56.862+0000] {logging_mixin.py:190} INFO - [2024-10-31T10:43:56.859+0000] {dag.py:3239} INFO - Sync 1 DAGs
[2024-10-31T10:43:57.467+0000] {logging_mixin.py:190} INFO - [2024-10-31T10:43:57.464+0000] {dag.py:4180} INFO - Setting next_dagrun for example_sla_dag to 2024-10-31 10:40:00+00:00, run_after=2024-10-31 10:42:00+00:00
[2024-10-31T10:43:57.898+0000] {processor.py:208} INFO - Processing /home/airflow/.local/lib/python3.12/site-packages/airflow/example_dags/example_sla_dag.py took 1.937 seconds
[2024-10-31T11:22:00.661+0000] {processor.py:186} INFO - Started process (PID=135) to work on /home/airflow/.local/lib/python3.12/site-packages/airflow/example_dags/example_sla_dag.py
[2024-10-31T11:22:00.679+0000] {processor.py:914} INFO - Processing file /home/airflow/.local/lib/python3.12/site-packages/airflow/example_dags/example_sla_dag.py for tasks to queue
[2024-10-31T11:22:00.732+0000] {logging_mixin.py:190} INFO - [2024-10-31T11:22:00.729+0000] {dagbag.py:588} INFO - Filling up the DagBag from /home/airflow/.local/lib/python3.12/site-packages/airflow/example_dags/example_sla_dag.py
[2024-10-31T11:22:00.916+0000] {processor.py:925} INFO - DAG(s) 'example_sla_dag' retrieved from /home/airflow/.local/lib/python3.12/site-packages/airflow/example_dags/example_sla_dag.py
[2024-10-31T11:22:01.588+0000] {logging_mixin.py:190} INFO - [2024-10-31T11:22:01.578+0000] {dag.py:3239} INFO - Sync 1 DAGs
[2024-10-31T11:22:02.181+0000] {logging_mixin.py:190} INFO - [2024-10-31T11:22:02.179+0000] {dag.py:4180} INFO - Setting next_dagrun for example_sla_dag to 2024-10-31 11:20:00+00:00, run_after=2024-10-31 11:22:00+00:00
[2024-10-31T11:22:02.510+0000] {processor.py:208} INFO - Processing /home/airflow/.local/lib/python3.12/site-packages/airflow/example_dags/example_sla_dag.py took 1.951 seconds
[2024-10-31T11:53:33.908+0000] {processor.py:186} INFO - Started process (PID=184) to work on /home/airflow/.local/lib/python3.12/site-packages/airflow/example_dags/example_sla_dag.py
[2024-10-31T11:53:33.945+0000] {processor.py:914} INFO - Processing file /home/airflow/.local/lib/python3.12/site-packages/airflow/example_dags/example_sla_dag.py for tasks to queue
[2024-10-31T11:53:34.033+0000] {logging_mixin.py:190} INFO - [2024-10-31T11:53:33.995+0000] {dagbag.py:588} INFO - Filling up the DagBag from /home/airflow/.local/lib/python3.12/site-packages/airflow/example_dags/example_sla_dag.py
[2024-10-31T11:53:34.493+0000] {processor.py:925} INFO - DAG(s) 'example_sla_dag' retrieved from /home/airflow/.local/lib/python3.12/site-packages/airflow/example_dags/example_sla_dag.py
[2024-10-31T11:53:35.338+0000] {logging_mixin.py:190} INFO - [2024-10-31T11:53:35.336+0000] {dag.py:3239} INFO - Sync 1 DAGs
[2024-10-31T11:53:36.573+0000] {logging_mixin.py:190} INFO - [2024-10-31T11:53:36.570+0000] {dag.py:4180} INFO - Setting next_dagrun for example_sla_dag to 2024-10-31 11:50:00+00:00, run_after=2024-10-31 11:52:00+00:00
[2024-10-31T11:53:37.478+0000] {processor.py:208} INFO - Processing /home/airflow/.local/lib/python3.12/site-packages/airflow/example_dags/example_sla_dag.py took 3.755 seconds
[2024-10-31T12:38:57.193+0000] {processor.py:186} INFO - Started process (PID=153) to work on /home/airflow/.local/lib/python3.12/site-packages/airflow/example_dags/example_sla_dag.py
[2024-10-31T12:38:57.195+0000] {processor.py:914} INFO - Processing file /home/airflow/.local/lib/python3.12/site-packages/airflow/example_dags/example_sla_dag.py for tasks to queue
[2024-10-31T12:38:57.202+0000] {logging_mixin.py:190} INFO - [2024-10-31T12:38:57.200+0000] {dagbag.py:588} INFO - Filling up the DagBag from /home/airflow/.local/lib/python3.12/site-packages/airflow/example_dags/example_sla_dag.py
[2024-10-31T12:38:57.224+0000] {processor.py:925} INFO - DAG(s) 'example_sla_dag' retrieved from /home/airflow/.local/lib/python3.12/site-packages/airflow/example_dags/example_sla_dag.py
[2024-10-31T12:38:57.295+0000] {logging_mixin.py:190} INFO - [2024-10-31T12:38:57.295+0000] {dag.py:3239} INFO - Sync 1 DAGs
[2024-10-31T12:38:57.373+0000] {logging_mixin.py:190} INFO - [2024-10-31T12:38:57.373+0000] {dag.py:4180} INFO - Setting next_dagrun for example_sla_dag to 2024-10-31 12:36:00+00:00, run_after=2024-10-31 12:38:00+00:00
[2024-10-31T12:38:57.412+0000] {processor.py:208} INFO - Processing /home/airflow/.local/lib/python3.12/site-packages/airflow/example_dags/example_sla_dag.py took 0.229 seconds
[2024-10-31T12:39:28.244+0000] {processor.py:186} INFO - Started process (PID=215) to work on /home/airflow/.local/lib/python3.12/site-packages/airflow/example_dags/example_sla_dag.py
[2024-10-31T12:39:28.246+0000] {processor.py:914} INFO - Processing file /home/airflow/.local/lib/python3.12/site-packages/airflow/example_dags/example_sla_dag.py for tasks to queue
[2024-10-31T12:39:28.249+0000] {logging_mixin.py:190} INFO - [2024-10-31T12:39:28.249+0000] {dagbag.py:588} INFO - Filling up the DagBag from /home/airflow/.local/lib/python3.12/site-packages/airflow/example_dags/example_sla_dag.py
[2024-10-31T12:39:28.267+0000] {processor.py:925} INFO - DAG(s) 'example_sla_dag' retrieved from /home/airflow/.local/lib/python3.12/site-packages/airflow/example_dags/example_sla_dag.py
[2024-10-31T12:39:28.300+0000] {logging_mixin.py:190} INFO - [2024-10-31T12:39:28.300+0000] {dag.py:3239} INFO - Sync 1 DAGs
[2024-10-31T12:39:28.345+0000] {logging_mixin.py:190} INFO - [2024-10-31T12:39:28.345+0000] {dag.py:4180} INFO - Setting next_dagrun for example_sla_dag to 2024-10-31 12:36:00+00:00, run_after=2024-10-31 12:38:00+00:00
[2024-10-31T12:39:28.376+0000] {processor.py:208} INFO - Processing /home/airflow/.local/lib/python3.12/site-packages/airflow/example_dags/example_sla_dag.py took 0.138 seconds
[2024-10-31T12:39:58.694+0000] {processor.py:186} INFO - Started process (PID=277) to work on /home/airflow/.local/lib/python3.12/site-packages/airflow/example_dags/example_sla_dag.py
[2024-10-31T12:39:58.695+0000] {processor.py:914} INFO - Processing file /home/airflow/.local/lib/python3.12/site-packages/airflow/example_dags/example_sla_dag.py for tasks to queue
[2024-10-31T12:39:58.701+0000] {logging_mixin.py:190} INFO - [2024-10-31T12:39:58.700+0000] {dagbag.py:588} INFO - Filling up the DagBag from /home/airflow/.local/lib/python3.12/site-packages/airflow/example_dags/example_sla_dag.py
[2024-10-31T12:39:58.720+0000] {processor.py:925} INFO - DAG(s) 'example_sla_dag' retrieved from /home/airflow/.local/lib/python3.12/site-packages/airflow/example_dags/example_sla_dag.py
[2024-10-31T12:39:58.761+0000] {logging_mixin.py:190} INFO - [2024-10-31T12:39:58.761+0000] {dag.py:3239} INFO - Sync 1 DAGs
[2024-10-31T12:39:58.825+0000] {logging_mixin.py:190} INFO - [2024-10-31T12:39:58.825+0000] {dag.py:4180} INFO - Setting next_dagrun for example_sla_dag to 2024-10-31 12:36:00+00:00, run_after=2024-10-31 12:38:00+00:00
[2024-10-31T12:39:58.855+0000] {processor.py:208} INFO - Processing /home/airflow/.local/lib/python3.12/site-packages/airflow/example_dags/example_sla_dag.py took 0.173 seconds
[2024-10-31T12:40:29.694+0000] {processor.py:186} INFO - Started process (PID=339) to work on /home/airflow/.local/lib/python3.12/site-packages/airflow/example_dags/example_sla_dag.py
[2024-10-31T12:40:29.695+0000] {processor.py:914} INFO - Processing file /home/airflow/.local/lib/python3.12/site-packages/airflow/example_dags/example_sla_dag.py for tasks to queue
[2024-10-31T12:40:29.698+0000] {logging_mixin.py:190} INFO - [2024-10-31T12:40:29.698+0000] {dagbag.py:588} INFO - Filling up the DagBag from /home/airflow/.local/lib/python3.12/site-packages/airflow/example_dags/example_sla_dag.py
[2024-10-31T12:40:29.712+0000] {processor.py:925} INFO - DAG(s) 'example_sla_dag' retrieved from /home/airflow/.local/lib/python3.12/site-packages/airflow/example_dags/example_sla_dag.py
[2024-10-31T12:40:29.738+0000] {logging_mixin.py:190} INFO - [2024-10-31T12:40:29.738+0000] {dag.py:3239} INFO - Sync 1 DAGs
[2024-10-31T12:40:29.785+0000] {logging_mixin.py:190} INFO - [2024-10-31T12:40:29.784+0000] {dag.py:4180} INFO - Setting next_dagrun for example_sla_dag to 2024-10-31 12:38:00+00:00, run_after=2024-10-31 12:40:00+00:00
[2024-10-31T12:40:29.814+0000] {processor.py:208} INFO - Processing /home/airflow/.local/lib/python3.12/site-packages/airflow/example_dags/example_sla_dag.py took 0.128 seconds
[2024-10-31T12:43:55.501+0000] {processor.py:186} INFO - Started process (PID=401) to work on /home/airflow/.local/lib/python3.12/site-packages/airflow/example_dags/example_sla_dag.py
[2024-10-31T12:43:55.505+0000] {processor.py:914} INFO - Processing file /home/airflow/.local/lib/python3.12/site-packages/airflow/example_dags/example_sla_dag.py for tasks to queue
[2024-10-31T12:43:55.508+0000] {logging_mixin.py:190} INFO - [2024-10-31T12:43:55.508+0000] {dagbag.py:588} INFO - Filling up the DagBag from /home/airflow/.local/lib/python3.12/site-packages/airflow/example_dags/example_sla_dag.py
[2024-10-31T12:43:55.526+0000] {processor.py:925} INFO - DAG(s) 'example_sla_dag' retrieved from /home/airflow/.local/lib/python3.12/site-packages/airflow/example_dags/example_sla_dag.py
[2024-10-31T12:43:55.559+0000] {logging_mixin.py:190} INFO - [2024-10-31T12:43:55.559+0000] {dag.py:3239} INFO - Sync 1 DAGs
[2024-10-31T12:43:55.612+0000] {logging_mixin.py:190} INFO - [2024-10-31T12:43:55.612+0000] {dag.py:4180} INFO - Setting next_dagrun for example_sla_dag to 2024-10-31 12:40:00+00:00, run_after=2024-10-31 12:42:00+00:00
[2024-10-31T12:43:55.645+0000] {processor.py:208} INFO - Processing /home/airflow/.local/lib/python3.12/site-packages/airflow/example_dags/example_sla_dag.py took 0.153 seconds
[2024-10-31T12:44:27.751+0000] {processor.py:186} INFO - Started process (PID=462) to work on /home/airflow/.local/lib/python3.12/site-packages/airflow/example_dags/example_sla_dag.py
[2024-10-31T12:44:27.753+0000] {processor.py:914} INFO - Processing file /home/airflow/.local/lib/python3.12/site-packages/airflow/example_dags/example_sla_dag.py for tasks to queue
[2024-10-31T12:44:27.758+0000] {logging_mixin.py:190} INFO - [2024-10-31T12:44:27.758+0000] {dagbag.py:588} INFO - Filling up the DagBag from /home/airflow/.local/lib/python3.12/site-packages/airflow/example_dags/example_sla_dag.py
[2024-10-31T12:44:27.778+0000] {processor.py:925} INFO - DAG(s) 'example_sla_dag' retrieved from /home/airflow/.local/lib/python3.12/site-packages/airflow/example_dags/example_sla_dag.py
[2024-10-31T12:44:27.807+0000] {logging_mixin.py:190} INFO - [2024-10-31T12:44:27.807+0000] {dag.py:3239} INFO - Sync 1 DAGs
[2024-10-31T12:44:27.856+0000] {logging_mixin.py:190} INFO - [2024-10-31T12:44:27.856+0000] {dag.py:4180} INFO - Setting next_dagrun for example_sla_dag to 2024-10-31 12:42:00+00:00, run_after=2024-10-31 12:44:00+00:00
[2024-10-31T12:44:27.891+0000] {processor.py:208} INFO - Processing /home/airflow/.local/lib/python3.12/site-packages/airflow/example_dags/example_sla_dag.py took 0.149 seconds
[2024-10-31T12:57:24.408+0000] {processor.py:186} INFO - Started process (PID=69) to work on /home/airflow/.local/lib/python3.12/site-packages/airflow/example_dags/example_sla_dag.py
[2024-10-31T12:57:24.410+0000] {processor.py:914} INFO - Processing file /home/airflow/.local/lib/python3.12/site-packages/airflow/example_dags/example_sla_dag.py for tasks to queue
[2024-10-31T12:57:24.413+0000] {logging_mixin.py:190} INFO - [2024-10-31T12:57:24.412+0000] {dagbag.py:588} INFO - Filling up the DagBag from /home/airflow/.local/lib/python3.12/site-packages/airflow/example_dags/example_sla_dag.py
[2024-10-31T12:57:24.424+0000] {processor.py:925} INFO - DAG(s) 'example_sla_dag' retrieved from /home/airflow/.local/lib/python3.12/site-packages/airflow/example_dags/example_sla_dag.py
[2024-10-31T12:57:24.453+0000] {logging_mixin.py:190} INFO - [2024-10-31T12:57:24.453+0000] {dag.py:3239} INFO - Sync 1 DAGs
[2024-10-31T12:57:24.480+0000] {logging_mixin.py:190} INFO - [2024-10-31T12:57:24.480+0000] {dag.py:4180} INFO - Setting next_dagrun for example_sla_dag to 2024-10-31 12:54:00+00:00, run_after=2024-10-31 12:56:00+00:00
[2024-10-31T12:57:24.500+0000] {processor.py:208} INFO - Processing /home/airflow/.local/lib/python3.12/site-packages/airflow/example_dags/example_sla_dag.py took 0.097 seconds
[2024-10-31T12:58:11.802+0000] {processor.py:186} INFO - Started process (PID=131) to work on /home/airflow/.local/lib/python3.12/site-packages/airflow/example_dags/example_sla_dag.py
[2024-10-31T12:58:11.804+0000] {processor.py:914} INFO - Processing file /home/airflow/.local/lib/python3.12/site-packages/airflow/example_dags/example_sla_dag.py for tasks to queue
[2024-10-31T12:58:11.806+0000] {logging_mixin.py:190} INFO - [2024-10-31T12:58:11.806+0000] {dagbag.py:588} INFO - Filling up the DagBag from /home/airflow/.local/lib/python3.12/site-packages/airflow/example_dags/example_sla_dag.py
[2024-10-31T12:58:11.819+0000] {processor.py:925} INFO - DAG(s) 'example_sla_dag' retrieved from /home/airflow/.local/lib/python3.12/site-packages/airflow/example_dags/example_sla_dag.py
[2024-10-31T12:58:11.839+0000] {logging_mixin.py:190} INFO - [2024-10-31T12:58:11.839+0000] {dag.py:3239} INFO - Sync 1 DAGs
[2024-10-31T12:58:11.870+0000] {logging_mixin.py:190} INFO - [2024-10-31T12:58:11.870+0000] {dag.py:4180} INFO - Setting next_dagrun for example_sla_dag to 2024-10-31 12:56:00+00:00, run_after=2024-10-31 12:58:00+00:00
[2024-10-31T12:58:11.892+0000] {processor.py:208} INFO - Processing /home/airflow/.local/lib/python3.12/site-packages/airflow/example_dags/example_sla_dag.py took 0.095 seconds
[2024-10-31T12:58:42.435+0000] {processor.py:186} INFO - Started process (PID=193) to work on /home/airflow/.local/lib/python3.12/site-packages/airflow/example_dags/example_sla_dag.py
[2024-10-31T12:58:42.437+0000] {processor.py:914} INFO - Processing file /home/airflow/.local/lib/python3.12/site-packages/airflow/example_dags/example_sla_dag.py for tasks to queue
[2024-10-31T12:58:42.439+0000] {logging_mixin.py:190} INFO - [2024-10-31T12:58:42.439+0000] {dagbag.py:588} INFO - Filling up the DagBag from /home/airflow/.local/lib/python3.12/site-packages/airflow/example_dags/example_sla_dag.py
[2024-10-31T12:58:42.451+0000] {processor.py:925} INFO - DAG(s) 'example_sla_dag' retrieved from /home/airflow/.local/lib/python3.12/site-packages/airflow/example_dags/example_sla_dag.py
[2024-10-31T12:58:42.470+0000] {logging_mixin.py:190} INFO - [2024-10-31T12:58:42.469+0000] {dag.py:3239} INFO - Sync 1 DAGs
[2024-10-31T12:58:42.496+0000] {logging_mixin.py:190} INFO - [2024-10-31T12:58:42.496+0000] {dag.py:4180} INFO - Setting next_dagrun for example_sla_dag to 2024-10-31 12:56:00+00:00, run_after=2024-10-31 12:58:00+00:00
[2024-10-31T12:58:42.515+0000] {processor.py:208} INFO - Processing /home/airflow/.local/lib/python3.12/site-packages/airflow/example_dags/example_sla_dag.py took 0.084 seconds
[2024-10-31T12:59:12.821+0000] {processor.py:186} INFO - Started process (PID=255) to work on /home/airflow/.local/lib/python3.12/site-packages/airflow/example_dags/example_sla_dag.py
[2024-10-31T12:59:12.823+0000] {processor.py:914} INFO - Processing file /home/airflow/.local/lib/python3.12/site-packages/airflow/example_dags/example_sla_dag.py for tasks to queue
[2024-10-31T12:59:12.828+0000] {logging_mixin.py:190} INFO - [2024-10-31T12:59:12.827+0000] {dagbag.py:588} INFO - Filling up the DagBag from /home/airflow/.local/lib/python3.12/site-packages/airflow/example_dags/example_sla_dag.py
[2024-10-31T12:59:12.846+0000] {processor.py:925} INFO - DAG(s) 'example_sla_dag' retrieved from /home/airflow/.local/lib/python3.12/site-packages/airflow/example_dags/example_sla_dag.py
[2024-10-31T12:59:12.874+0000] {logging_mixin.py:190} INFO - [2024-10-31T12:59:12.873+0000] {dag.py:3239} INFO - Sync 1 DAGs
[2024-10-31T12:59:12.916+0000] {logging_mixin.py:190} INFO - [2024-10-31T12:59:12.916+0000] {dag.py:4180} INFO - Setting next_dagrun for example_sla_dag to 2024-10-31 12:56:00+00:00, run_after=2024-10-31 12:58:00+00:00
[2024-10-31T12:59:12.940+0000] {processor.py:208} INFO - Processing /home/airflow/.local/lib/python3.12/site-packages/airflow/example_dags/example_sla_dag.py took 0.125 seconds
[2024-10-31T13:01:35.884+0000] {processor.py:186} INFO - Started process (PID=317) to work on /home/airflow/.local/lib/python3.12/site-packages/airflow/example_dags/example_sla_dag.py
[2024-10-31T13:01:35.886+0000] {processor.py:914} INFO - Processing file /home/airflow/.local/lib/python3.12/site-packages/airflow/example_dags/example_sla_dag.py for tasks to queue
[2024-10-31T13:01:35.891+0000] {logging_mixin.py:190} INFO - [2024-10-31T13:01:35.890+0000] {dagbag.py:588} INFO - Filling up the DagBag from /home/airflow/.local/lib/python3.12/site-packages/airflow/example_dags/example_sla_dag.py
[2024-10-31T13:01:35.910+0000] {processor.py:925} INFO - DAG(s) 'example_sla_dag' retrieved from /home/airflow/.local/lib/python3.12/site-packages/airflow/example_dags/example_sla_dag.py
[2024-10-31T13:01:35.937+0000] {logging_mixin.py:190} INFO - [2024-10-31T13:01:35.937+0000] {dag.py:3239} INFO - Sync 1 DAGs
[2024-10-31T13:01:35.977+0000] {logging_mixin.py:190} INFO - [2024-10-31T13:01:35.977+0000] {dag.py:4180} INFO - Setting next_dagrun for example_sla_dag to 2024-10-31 12:58:00+00:00, run_after=2024-10-31 13:00:00+00:00
[2024-10-31T13:01:36.001+0000] {processor.py:208} INFO - Processing /home/airflow/.local/lib/python3.12/site-packages/airflow/example_dags/example_sla_dag.py took 0.124 seconds
[2024-10-31T13:02:16.417+0000] {processor.py:186} INFO - Started process (PID=385) to work on /home/airflow/.local/lib/python3.12/site-packages/airflow/example_dags/example_sla_dag.py
[2024-10-31T13:02:16.419+0000] {processor.py:914} INFO - Processing file /home/airflow/.local/lib/python3.12/site-packages/airflow/example_dags/example_sla_dag.py for tasks to queue
[2024-10-31T13:02:16.425+0000] {logging_mixin.py:190} INFO - [2024-10-31T13:02:16.424+0000] {dagbag.py:588} INFO - Filling up the DagBag from /home/airflow/.local/lib/python3.12/site-packages/airflow/example_dags/example_sla_dag.py
[2024-10-31T13:02:16.442+0000] {processor.py:925} INFO - DAG(s) 'example_sla_dag' retrieved from /home/airflow/.local/lib/python3.12/site-packages/airflow/example_dags/example_sla_dag.py
[2024-10-31T13:02:16.471+0000] {logging_mixin.py:190} INFO - [2024-10-31T13:02:16.471+0000] {dag.py:3239} INFO - Sync 1 DAGs
[2024-10-31T13:02:16.511+0000] {logging_mixin.py:190} INFO - [2024-10-31T13:02:16.511+0000] {dag.py:4180} INFO - Setting next_dagrun for example_sla_dag to 2024-10-31 13:00:00+00:00, run_after=2024-10-31 13:02:00+00:00
[2024-10-31T13:02:16.541+0000] {processor.py:208} INFO - Processing /home/airflow/.local/lib/python3.12/site-packages/airflow/example_dags/example_sla_dag.py took 0.132 seconds
[2024-10-31T13:02:53.587+0000] {processor.py:186} INFO - Started process (PID=448) to work on /home/airflow/.local/lib/python3.12/site-packages/airflow/example_dags/example_sla_dag.py
[2024-10-31T13:02:53.589+0000] {processor.py:914} INFO - Processing file /home/airflow/.local/lib/python3.12/site-packages/airflow/example_dags/example_sla_dag.py for tasks to queue
[2024-10-31T13:02:53.594+0000] {logging_mixin.py:190} INFO - [2024-10-31T13:02:53.594+0000] {dagbag.py:588} INFO - Filling up the DagBag from /home/airflow/.local/lib/python3.12/site-packages/airflow/example_dags/example_sla_dag.py
[2024-10-31T13:02:53.611+0000] {processor.py:925} INFO - DAG(s) 'example_sla_dag' retrieved from /home/airflow/.local/lib/python3.12/site-packages/airflow/example_dags/example_sla_dag.py
[2024-10-31T13:02:53.639+0000] {logging_mixin.py:190} INFO - [2024-10-31T13:02:53.639+0000] {dag.py:3239} INFO - Sync 1 DAGs
[2024-10-31T13:02:53.689+0000] {logging_mixin.py:190} INFO - [2024-10-31T13:02:53.689+0000] {dag.py:4180} INFO - Setting next_dagrun for example_sla_dag to 2024-10-31 13:00:00+00:00, run_after=2024-10-31 13:02:00+00:00
[2024-10-31T13:02:53.718+0000] {processor.py:208} INFO - Processing /home/airflow/.local/lib/python3.12/site-packages/airflow/example_dags/example_sla_dag.py took 0.140 seconds
[2024-10-31T13:04:08.441+0000] {processor.py:186} INFO - Started process (PID=514) to work on /home/airflow/.local/lib/python3.12/site-packages/airflow/example_dags/example_sla_dag.py
[2024-10-31T13:04:08.500+0000] {processor.py:914} INFO - Processing file /home/airflow/.local/lib/python3.12/site-packages/airflow/example_dags/example_sla_dag.py for tasks to queue
[2024-10-31T13:04:08.721+0000] {logging_mixin.py:190} INFO - [2024-10-31T13:04:08.707+0000] {dagbag.py:588} INFO - Filling up the DagBag from /home/airflow/.local/lib/python3.12/site-packages/airflow/example_dags/example_sla_dag.py
[2024-10-31T13:04:09.055+0000] {processor.py:925} INFO - DAG(s) 'example_sla_dag' retrieved from /home/airflow/.local/lib/python3.12/site-packages/airflow/example_dags/example_sla_dag.py
[2024-10-31T13:04:09.787+0000] {logging_mixin.py:190} INFO - [2024-10-31T13:04:09.784+0000] {dag.py:3239} INFO - Sync 1 DAGs
[2024-10-31T13:04:11.019+0000] {logging_mixin.py:190} INFO - [2024-10-31T13:04:11.016+0000] {dag.py:4180} INFO - Setting next_dagrun for example_sla_dag to 2024-10-31 13:02:00+00:00, run_after=2024-10-31 13:04:00+00:00
[2024-10-31T13:04:11.669+0000] {processor.py:208} INFO - Processing /home/airflow/.local/lib/python3.12/site-packages/airflow/example_dags/example_sla_dag.py took 3.369 seconds
