[2024-10-31T10:00:18.781+0000] {processor.py:186} INFO - Started process (PID=305) to work on /home/airflow/.local/lib/python3.12/site-packages/airflow/example_dags/example_workday_timetable.py
[2024-10-31T10:00:18.827+0000] {processor.py:914} INFO - Processing file /home/airflow/.local/lib/python3.12/site-packages/airflow/example_dags/example_workday_timetable.py for tasks to queue
[2024-10-31T10:00:18.911+0000] {logging_mixin.py:190} INFO - [2024-10-31T10:00:18.903+0000] {dagbag.py:588} INFO - Filling up the DagBag from /home/airflow/.local/lib/python3.12/site-packages/airflow/example_dags/example_workday_timetable.py
[2024-10-31T10:00:19.088+0000] {processor.py:925} INFO - DAG(s) 'example_workday_timetable' retrieved from /home/airflow/.local/lib/python3.12/site-packages/airflow/example_dags/example_workday_timetable.py
[2024-10-31T10:00:23.428+0000] {logging_mixin.py:190} INFO - [2024-10-31T10:00:23.390+0000] {override.py:1900} INFO - Created Permission View: can read on DAG:example_workday_timetable
[2024-10-31T10:00:23.811+0000] {logging_mixin.py:190} INFO - [2024-10-31T10:00:23.806+0000] {override.py:1900} INFO - Created Permission View: can edit on DAG:example_workday_timetable
[2024-10-31T10:00:24.002+0000] {logging_mixin.py:190} INFO - [2024-10-31T10:00:23.989+0000] {override.py:1900} INFO - Created Permission View: can delete on DAG:example_workday_timetable
[2024-10-31T10:00:24.204+0000] {logging_mixin.py:190} INFO - [2024-10-31T10:00:24.200+0000] {override.py:1900} INFO - Created Permission View: can read on DAG Run:example_workday_timetable
[2024-10-31T10:00:24.561+0000] {logging_mixin.py:190} INFO - [2024-10-31T10:00:24.558+0000] {override.py:1900} INFO - Created Permission View: menu access on DAG Run:example_workday_timetable
[2024-10-31T10:00:24.724+0000] {logging_mixin.py:190} INFO - [2024-10-31T10:00:24.712+0000] {override.py:1900} INFO - Created Permission View: can delete on DAG Run:example_workday_timetable
[2024-10-31T10:00:24.923+0000] {logging_mixin.py:190} INFO - [2024-10-31T10:00:24.920+0000] {override.py:1900} INFO - Created Permission View: can create on DAG Run:example_workday_timetable
[2024-10-31T10:00:24.945+0000] {logging_mixin.py:190} INFO - [2024-10-31T10:00:24.934+0000] {dag.py:3239} INFO - Sync 1 DAGs
[2024-10-31T10:00:25.209+0000] {logging_mixin.py:190} INFO - [2024-10-31T10:00:25.202+0000] {dag.py:3262} INFO - Creating ORM DAG for example_workday_timetable
[2024-10-31T10:00:35.995+0000] {logging_mixin.py:190} INFO - [2024-10-31T10:00:35.991+0000] {dag.py:4180} INFO - Setting next_dagrun for example_workday_timetable to 2021-01-04 00:00:00+00:00, run_after=2021-01-05 00:00:00+00:00
[2024-10-31T10:00:36.751+0000] {processor.py:208} INFO - Processing /home/airflow/.local/lib/python3.12/site-packages/airflow/example_dags/example_workday_timetable.py took 18.138 seconds
[2024-10-31T10:03:40.536+0000] {processor.py:186} INFO - Started process (PID=429) to work on /home/airflow/.local/lib/python3.12/site-packages/airflow/example_dags/example_workday_timetable.py
[2024-10-31T10:03:40.557+0000] {processor.py:914} INFO - Processing file /home/airflow/.local/lib/python3.12/site-packages/airflow/example_dags/example_workday_timetable.py for tasks to queue
[2024-10-31T10:03:40.615+0000] {logging_mixin.py:190} INFO - [2024-10-31T10:03:40.606+0000] {dagbag.py:588} INFO - Filling up the DagBag from /home/airflow/.local/lib/python3.12/site-packages/airflow/example_dags/example_workday_timetable.py
[2024-10-31T10:03:40.709+0000] {processor.py:925} INFO - DAG(s) 'example_workday_timetable' retrieved from /home/airflow/.local/lib/python3.12/site-packages/airflow/example_dags/example_workday_timetable.py
[2024-10-31T10:03:41.174+0000] {logging_mixin.py:190} INFO - [2024-10-31T10:03:41.171+0000] {dag.py:3239} INFO - Sync 1 DAGs
[2024-10-31T10:03:43.356+0000] {logging_mixin.py:190} INFO - [2024-10-31T10:03:43.353+0000] {dag.py:4180} INFO - Setting next_dagrun for example_workday_timetable to 2021-01-04 00:00:00+00:00, run_after=2021-01-05 00:00:00+00:00
[2024-10-31T10:03:43.940+0000] {processor.py:208} INFO - Processing /home/airflow/.local/lib/python3.12/site-packages/airflow/example_dags/example_workday_timetable.py took 3.497 seconds
[2024-10-31T10:12:58.948+0000] {processor.py:186} INFO - Started process (PID=110) to work on /home/airflow/.local/lib/python3.12/site-packages/airflow/example_dags/example_workday_timetable.py
[2024-10-31T10:12:58.951+0000] {processor.py:914} INFO - Processing file /home/airflow/.local/lib/python3.12/site-packages/airflow/example_dags/example_workday_timetable.py for tasks to queue
[2024-10-31T10:12:58.953+0000] {logging_mixin.py:190} INFO - [2024-10-31T10:12:58.952+0000] {dagbag.py:588} INFO - Filling up the DagBag from /home/airflow/.local/lib/python3.12/site-packages/airflow/example_dags/example_workday_timetable.py
[2024-10-31T10:12:58.961+0000] {processor.py:925} INFO - DAG(s) 'example_workday_timetable' retrieved from /home/airflow/.local/lib/python3.12/site-packages/airflow/example_dags/example_workday_timetable.py
[2024-10-31T10:12:58.997+0000] {logging_mixin.py:190} INFO - [2024-10-31T10:12:58.997+0000] {dag.py:3239} INFO - Sync 1 DAGs
[2024-10-31T10:12:59.158+0000] {logging_mixin.py:190} INFO - [2024-10-31T10:12:59.158+0000] {dag.py:4180} INFO - Setting next_dagrun for example_workday_timetable to 2021-01-04 00:00:00+00:00, run_after=2021-01-05 00:00:00+00:00
[2024-10-31T10:12:59.192+0000] {processor.py:208} INFO - Processing /home/airflow/.local/lib/python3.12/site-packages/airflow/example_dags/example_workday_timetable.py took 0.250 seconds
[2024-10-31T10:20:15.735+0000] {processor.py:186} INFO - Started process (PID=174) to work on /home/airflow/.local/lib/python3.12/site-packages/airflow/example_dags/example_workday_timetable.py
[2024-10-31T10:20:15.747+0000] {processor.py:914} INFO - Processing file /home/airflow/.local/lib/python3.12/site-packages/airflow/example_dags/example_workday_timetable.py for tasks to queue
[2024-10-31T10:20:15.764+0000] {logging_mixin.py:190} INFO - [2024-10-31T10:20:15.761+0000] {dagbag.py:588} INFO - Filling up the DagBag from /home/airflow/.local/lib/python3.12/site-packages/airflow/example_dags/example_workday_timetable.py
[2024-10-31T10:20:15.830+0000] {processor.py:925} INFO - DAG(s) 'example_workday_timetable' retrieved from /home/airflow/.local/lib/python3.12/site-packages/airflow/example_dags/example_workday_timetable.py
[2024-10-31T10:20:16.106+0000] {logging_mixin.py:190} INFO - [2024-10-31T10:20:16.103+0000] {dag.py:3239} INFO - Sync 1 DAGs
[2024-10-31T10:20:17.855+0000] {logging_mixin.py:190} INFO - [2024-10-31T10:20:17.849+0000] {dag.py:4180} INFO - Setting next_dagrun for example_workday_timetable to 2021-01-04 00:00:00+00:00, run_after=2021-01-05 00:00:00+00:00
[2024-10-31T10:20:18.148+0000] {processor.py:208} INFO - Processing /home/airflow/.local/lib/python3.12/site-packages/airflow/example_dags/example_workday_timetable.py took 2.501 seconds
