[2024-10-31T09:59:42.942+0000] {processor.py:186} INFO - Started process (PID=292) to work on /home/airflow/.local/lib/python3.12/site-packages/airflow/example_dags/example_params_ui_tutorial.py
[2024-10-31T09:59:42.975+0000] {processor.py:914} INFO - Processing file /home/airflow/.local/lib/python3.12/site-packages/airflow/example_dags/example_params_ui_tutorial.py for tasks to queue
[2024-10-31T09:59:43.074+0000] {logging_mixin.py:190} INFO - [2024-10-31T09:59:43.067+0000] {dagbag.py:588} INFO - Filling up the DagBag from /home/airflow/.local/lib/python3.12/site-packages/airflow/example_dags/example_params_ui_tutorial.py
[2024-10-31T09:59:43.673+0000] {processor.py:925} INFO - DAG(s) 'example_params_ui_tutorial' retrieved from /home/airflow/.local/lib/python3.12/site-packages/airflow/example_dags/example_params_ui_tutorial.py
[2024-10-31T09:59:47.898+0000] {logging_mixin.py:190} INFO - [2024-10-31T09:59:47.888+0000] {override.py:1900} INFO - Created Permission View: can read on DAG:example_params_ui_tutorial
[2024-10-31T09:59:48.160+0000] {logging_mixin.py:190} INFO - [2024-10-31T09:59:48.147+0000] {override.py:1900} INFO - Created Permission View: can edit on DAG:example_params_ui_tutorial
[2024-10-31T09:59:48.402+0000] {logging_mixin.py:190} INFO - [2024-10-31T09:59:48.393+0000] {override.py:1900} INFO - Created Permission View: can delete on DAG:example_params_ui_tutorial
[2024-10-31T09:59:48.737+0000] {logging_mixin.py:190} INFO - [2024-10-31T09:59:48.734+0000] {override.py:1900} INFO - Created Permission View: can read on DAG Run:example_params_ui_tutorial
[2024-10-31T09:59:49.038+0000] {logging_mixin.py:190} INFO - [2024-10-31T09:59:49.035+0000] {override.py:1900} INFO - Created Permission View: menu access on DAG Run:example_params_ui_tutorial
[2024-10-31T09:59:49.252+0000] {logging_mixin.py:190} INFO - [2024-10-31T09:59:49.249+0000] {override.py:1900} INFO - Created Permission View: can delete on DAG Run:example_params_ui_tutorial
[2024-10-31T09:59:49.415+0000] {logging_mixin.py:190} INFO - [2024-10-31T09:59:49.401+0000] {override.py:1900} INFO - Created Permission View: can create on DAG Run:example_params_ui_tutorial
[2024-10-31T09:59:49.445+0000] {logging_mixin.py:190} INFO - [2024-10-31T09:59:49.429+0000] {dag.py:3239} INFO - Sync 1 DAGs
[2024-10-31T09:59:50.040+0000] {logging_mixin.py:190} INFO - [2024-10-31T09:59:50.030+0000] {dag.py:3262} INFO - Creating ORM DAG for example_params_ui_tutorial
[2024-10-31T09:59:50.086+0000] {logging_mixin.py:190} INFO - [2024-10-31T09:59:50.063+0000] {dag.py:4180} INFO - Setting next_dagrun for example_params_ui_tutorial to None, run_after=None
[2024-10-31T09:59:50.681+0000] {processor.py:208} INFO - Processing /home/airflow/.local/lib/python3.12/site-packages/airflow/example_dags/example_params_ui_tutorial.py took 8.103 seconds
[2024-10-31T10:02:17.863+0000] {processor.py:186} INFO - Started process (PID=379) to work on /home/airflow/.local/lib/python3.12/site-packages/airflow/example_dags/example_params_ui_tutorial.py
[2024-10-31T10:02:17.896+0000] {processor.py:914} INFO - Processing file /home/airflow/.local/lib/python3.12/site-packages/airflow/example_dags/example_params_ui_tutorial.py for tasks to queue
[2024-10-31T10:02:18.030+0000] {logging_mixin.py:190} INFO - [2024-10-31T10:02:18.021+0000] {dagbag.py:588} INFO - Filling up the DagBag from /home/airflow/.local/lib/python3.12/site-packages/airflow/example_dags/example_params_ui_tutorial.py
[2024-10-31T10:02:18.273+0000] {processor.py:925} INFO - DAG(s) 'example_params_ui_tutorial' retrieved from /home/airflow/.local/lib/python3.12/site-packages/airflow/example_dags/example_params_ui_tutorial.py
[2024-10-31T10:02:19.552+0000] {logging_mixin.py:190} INFO - [2024-10-31T10:02:19.550+0000] {dag.py:3239} INFO - Sync 1 DAGs
[2024-10-31T10:02:19.821+0000] {logging_mixin.py:190} INFO - [2024-10-31T10:02:19.813+0000] {dag.py:4180} INFO - Setting next_dagrun for example_params_ui_tutorial to None, run_after=None
[2024-10-31T10:02:20.344+0000] {processor.py:208} INFO - Processing /home/airflow/.local/lib/python3.12/site-packages/airflow/example_dags/example_params_ui_tutorial.py took 2.697 seconds
[2024-10-31T10:04:41.278+0000] {processor.py:186} INFO - Started process (PID=481) to work on /home/airflow/.local/lib/python3.12/site-packages/airflow/example_dags/example_params_ui_tutorial.py
[2024-10-31T10:04:41.307+0000] {processor.py:914} INFO - Processing file /home/airflow/.local/lib/python3.12/site-packages/airflow/example_dags/example_params_ui_tutorial.py for tasks to queue
[2024-10-31T10:04:41.354+0000] {logging_mixin.py:190} INFO - [2024-10-31T10:04:41.347+0000] {dagbag.py:588} INFO - Filling up the DagBag from /home/airflow/.local/lib/python3.12/site-packages/airflow/example_dags/example_params_ui_tutorial.py
[2024-10-31T10:04:41.560+0000] {processor.py:925} INFO - DAG(s) 'example_params_ui_tutorial' retrieved from /home/airflow/.local/lib/python3.12/site-packages/airflow/example_dags/example_params_ui_tutorial.py
[2024-10-31T10:04:42.608+0000] {logging_mixin.py:190} INFO - [2024-10-31T10:04:42.605+0000] {dag.py:3239} INFO - Sync 1 DAGs
[2024-10-31T10:04:43.252+0000] {logging_mixin.py:190} INFO - [2024-10-31T10:04:43.246+0000] {dag.py:4180} INFO - Setting next_dagrun for example_params_ui_tutorial to None, run_after=None
[2024-10-31T10:04:43.931+0000] {processor.py:208} INFO - Processing /home/airflow/.local/lib/python3.12/site-packages/airflow/example_dags/example_params_ui_tutorial.py took 2.755 seconds
[2024-10-31T10:12:58.122+0000] {processor.py:186} INFO - Started process (PID=103) to work on /home/airflow/.local/lib/python3.12/site-packages/airflow/example_dags/example_params_ui_tutorial.py
[2024-10-31T10:12:58.124+0000] {processor.py:914} INFO - Processing file /home/airflow/.local/lib/python3.12/site-packages/airflow/example_dags/example_params_ui_tutorial.py for tasks to queue
[2024-10-31T10:12:58.126+0000] {logging_mixin.py:190} INFO - [2024-10-31T10:12:58.125+0000] {dagbag.py:588} INFO - Filling up the DagBag from /home/airflow/.local/lib/python3.12/site-packages/airflow/example_dags/example_params_ui_tutorial.py
[2024-10-31T10:12:58.137+0000] {processor.py:925} INFO - DAG(s) 'example_params_ui_tutorial' retrieved from /home/airflow/.local/lib/python3.12/site-packages/airflow/example_dags/example_params_ui_tutorial.py
[2024-10-31T10:12:58.201+0000] {logging_mixin.py:190} INFO - [2024-10-31T10:12:58.201+0000] {dag.py:3239} INFO - Sync 1 DAGs
[2024-10-31T10:12:58.232+0000] {logging_mixin.py:190} INFO - [2024-10-31T10:12:58.231+0000] {dag.py:4180} INFO - Setting next_dagrun for example_params_ui_tutorial to None, run_after=None
[2024-10-31T10:12:58.262+0000] {processor.py:208} INFO - Processing /home/airflow/.local/lib/python3.12/site-packages/airflow/example_dags/example_params_ui_tutorial.py took 0.146 seconds
[2024-10-31T10:20:06.297+0000] {processor.py:186} INFO - Started process (PID=167) to work on /home/airflow/.local/lib/python3.12/site-packages/airflow/example_dags/example_params_ui_tutorial.py
[2024-10-31T10:20:06.324+0000] {processor.py:914} INFO - Processing file /home/airflow/.local/lib/python3.12/site-packages/airflow/example_dags/example_params_ui_tutorial.py for tasks to queue
[2024-10-31T10:20:06.355+0000] {logging_mixin.py:190} INFO - [2024-10-31T10:20:06.349+0000] {dagbag.py:588} INFO - Filling up the DagBag from /home/airflow/.local/lib/python3.12/site-packages/airflow/example_dags/example_params_ui_tutorial.py
[2024-10-31T10:20:06.541+0000] {processor.py:925} INFO - DAG(s) 'example_params_ui_tutorial' retrieved from /home/airflow/.local/lib/python3.12/site-packages/airflow/example_dags/example_params_ui_tutorial.py
[2024-10-31T10:20:08.111+0000] {logging_mixin.py:190} INFO - [2024-10-31T10:20:08.098+0000] {dag.py:3239} INFO - Sync 1 DAGs
[2024-10-31T10:20:08.457+0000] {logging_mixin.py:190} INFO - [2024-10-31T10:20:08.454+0000] {dag.py:4180} INFO - Setting next_dagrun for example_params_ui_tutorial to None, run_after=None
[2024-10-31T10:20:08.745+0000] {processor.py:208} INFO - Processing /home/airflow/.local/lib/python3.12/site-packages/airflow/example_dags/example_params_ui_tutorial.py took 2.563 seconds
