[2024-10-31T09:59:03.429+0000] {processor.py:186} INFO - Started process (PID=279) to work on /home/airflow/.local/lib/python3.12/site-packages/airflow/example_dags/example_bash_decorator.py
[2024-10-31T09:59:03.462+0000] {processor.py:914} INFO - Processing file /home/airflow/.local/lib/python3.12/site-packages/airflow/example_dags/example_bash_decorator.py for tasks to queue
[2024-10-31T09:59:03.552+0000] {logging_mixin.py:190} INFO - [2024-10-31T09:59:03.548+0000] {dagbag.py:588} INFO - Filling up the DagBag from /home/airflow/.local/lib/python3.12/site-packages/airflow/example_dags/example_bash_decorator.py
[2024-10-31T09:59:04.746+0000] {processor.py:925} INFO - DAG(s) 'example_bash_decorator' retrieved from /home/airflow/.local/lib/python3.12/site-packages/airflow/example_dags/example_bash_decorator.py
[2024-10-31T09:59:08.472+0000] {logging_mixin.py:190} INFO - [2024-10-31T09:59:08.434+0000] {override.py:1900} INFO - Created Permission View: can read on DAG:example_bash_decorator
[2024-10-31T09:59:08.915+0000] {logging_mixin.py:190} INFO - [2024-10-31T09:59:08.911+0000] {override.py:1900} INFO - Created Permission View: can edit on DAG:example_bash_decorator
[2024-10-31T09:59:09.215+0000] {logging_mixin.py:190} INFO - [2024-10-31T09:59:09.212+0000] {override.py:1900} INFO - Created Permission View: can delete on DAG:example_bash_decorator
[2024-10-31T09:59:09.468+0000] {logging_mixin.py:190} INFO - [2024-10-31T09:59:09.463+0000] {override.py:1900} INFO - Created Permission View: can read on DAG Run:example_bash_decorator
[2024-10-31T09:59:09.880+0000] {logging_mixin.py:190} INFO - [2024-10-31T09:59:09.878+0000] {override.py:1900} INFO - Created Permission View: menu access on DAG Run:example_bash_decorator
[2024-10-31T09:59:10.175+0000] {logging_mixin.py:190} INFO - [2024-10-31T09:59:10.172+0000] {override.py:1900} INFO - Created Permission View: can delete on DAG Run:example_bash_decorator
[2024-10-31T09:59:10.426+0000] {logging_mixin.py:190} INFO - [2024-10-31T09:59:10.424+0000] {override.py:1900} INFO - Created Permission View: can create on DAG Run:example_bash_decorator
[2024-10-31T09:59:10.475+0000] {logging_mixin.py:190} INFO - [2024-10-31T09:59:10.444+0000] {dag.py:3239} INFO - Sync 1 DAGs
[2024-10-31T09:59:10.957+0000] {logging_mixin.py:190} INFO - [2024-10-31T09:59:10.953+0000] {dag.py:3262} INFO - Creating ORM DAG for example_bash_decorator
[2024-10-31T09:59:10.988+0000] {logging_mixin.py:190} INFO - [2024-10-31T09:59:10.985+0000] {dag.py:4180} INFO - Setting next_dagrun for example_bash_decorator to None, run_after=None
[2024-10-31T09:59:11.686+0000] {processor.py:208} INFO - Processing /home/airflow/.local/lib/python3.12/site-packages/airflow/example_dags/example_bash_decorator.py took 8.370 seconds
[2024-10-31T10:02:04.001+0000] {processor.py:186} INFO - Started process (PID=371) to work on /home/airflow/.local/lib/python3.12/site-packages/airflow/example_dags/example_bash_decorator.py
[2024-10-31T10:02:04.030+0000] {processor.py:914} INFO - Processing file /home/airflow/.local/lib/python3.12/site-packages/airflow/example_dags/example_bash_decorator.py for tasks to queue
[2024-10-31T10:02:04.108+0000] {logging_mixin.py:190} INFO - [2024-10-31T10:02:04.098+0000] {dagbag.py:588} INFO - Filling up the DagBag from /home/airflow/.local/lib/python3.12/site-packages/airflow/example_dags/example_bash_decorator.py
[2024-10-31T10:02:04.464+0000] {processor.py:925} INFO - DAG(s) 'example_bash_decorator' retrieved from /home/airflow/.local/lib/python3.12/site-packages/airflow/example_dags/example_bash_decorator.py
[2024-10-31T10:02:05.109+0000] {logging_mixin.py:190} INFO - [2024-10-31T10:02:05.106+0000] {dag.py:3239} INFO - Sync 1 DAGs
[2024-10-31T10:02:05.774+0000] {logging_mixin.py:190} INFO - [2024-10-31T10:02:05.760+0000] {dag.py:4180} INFO - Setting next_dagrun for example_bash_decorator to None, run_after=None
[2024-10-31T10:02:06.420+0000] {processor.py:208} INFO - Processing /home/airflow/.local/lib/python3.12/site-packages/airflow/example_dags/example_bash_decorator.py took 2.534 seconds
[2024-10-31T10:04:27.072+0000] {processor.py:186} INFO - Started process (PID=467) to work on /home/airflow/.local/lib/python3.12/site-packages/airflow/example_dags/example_bash_decorator.py
[2024-10-31T10:04:27.122+0000] {processor.py:914} INFO - Processing file /home/airflow/.local/lib/python3.12/site-packages/airflow/example_dags/example_bash_decorator.py for tasks to queue
[2024-10-31T10:04:27.199+0000] {logging_mixin.py:190} INFO - [2024-10-31T10:04:27.191+0000] {dagbag.py:588} INFO - Filling up the DagBag from /home/airflow/.local/lib/python3.12/site-packages/airflow/example_dags/example_bash_decorator.py
[2024-10-31T10:04:27.647+0000] {processor.py:925} INFO - DAG(s) 'example_bash_decorator' retrieved from /home/airflow/.local/lib/python3.12/site-packages/airflow/example_dags/example_bash_decorator.py
[2024-10-31T10:04:28.299+0000] {logging_mixin.py:190} INFO - [2024-10-31T10:04:28.297+0000] {dag.py:3239} INFO - Sync 1 DAGs
[2024-10-31T10:04:28.696+0000] {logging_mixin.py:190} INFO - [2024-10-31T10:04:28.693+0000] {dag.py:4180} INFO - Setting next_dagrun for example_bash_decorator to None, run_after=None
[2024-10-31T10:04:29.134+0000] {processor.py:208} INFO - Processing /home/airflow/.local/lib/python3.12/site-packages/airflow/example_dags/example_bash_decorator.py took 2.248 seconds
[2024-10-31T10:12:57.359+0000] {processor.py:186} INFO - Started process (PID=95) to work on /home/airflow/.local/lib/python3.12/site-packages/airflow/example_dags/example_bash_decorator.py
[2024-10-31T10:12:57.362+0000] {processor.py:914} INFO - Processing file /home/airflow/.local/lib/python3.12/site-packages/airflow/example_dags/example_bash_decorator.py for tasks to queue
[2024-10-31T10:12:57.366+0000] {logging_mixin.py:190} INFO - [2024-10-31T10:12:57.365+0000] {dagbag.py:588} INFO - Filling up the DagBag from /home/airflow/.local/lib/python3.12/site-packages/airflow/example_dags/example_bash_decorator.py
[2024-10-31T10:12:57.391+0000] {processor.py:925} INFO - DAG(s) 'example_bash_decorator' retrieved from /home/airflow/.local/lib/python3.12/site-packages/airflow/example_dags/example_bash_decorator.py
[2024-10-31T10:12:57.559+0000] {logging_mixin.py:190} INFO - [2024-10-31T10:12:57.558+0000] {dag.py:3239} INFO - Sync 1 DAGs
[2024-10-31T10:12:57.578+0000] {logging_mixin.py:190} INFO - [2024-10-31T10:12:57.578+0000] {dag.py:4180} INFO - Setting next_dagrun for example_bash_decorator to None, run_after=None
[2024-10-31T10:12:57.610+0000] {processor.py:208} INFO - Processing /home/airflow/.local/lib/python3.12/site-packages/airflow/example_dags/example_bash_decorator.py took 0.259 seconds
[2024-10-31T10:13:57.343+0000] {processor.py:186} INFO - Started process (PID=159) to work on /home/airflow/.local/lib/python3.12/site-packages/airflow/example_dags/example_bash_decorator.py
[2024-10-31T10:13:57.345+0000] {processor.py:914} INFO - Processing file /home/airflow/.local/lib/python3.12/site-packages/airflow/example_dags/example_bash_decorator.py for tasks to queue
[2024-10-31T10:13:57.347+0000] {logging_mixin.py:190} INFO - [2024-10-31T10:13:57.347+0000] {dagbag.py:588} INFO - Filling up the DagBag from /home/airflow/.local/lib/python3.12/site-packages/airflow/example_dags/example_bash_decorator.py
[2024-10-31T10:13:57.373+0000] {processor.py:925} INFO - DAG(s) 'example_bash_decorator' retrieved from /home/airflow/.local/lib/python3.12/site-packages/airflow/example_dags/example_bash_decorator.py
[2024-10-31T10:13:57.446+0000] {logging_mixin.py:190} INFO - [2024-10-31T10:13:57.446+0000] {dag.py:3239} INFO - Sync 1 DAGs
[2024-10-31T10:13:57.489+0000] {logging_mixin.py:190} INFO - [2024-10-31T10:13:57.489+0000] {dag.py:4180} INFO - Setting next_dagrun for example_bash_decorator to None, run_after=None
[2024-10-31T10:13:57.529+0000] {processor.py:208} INFO - Processing /home/airflow/.local/lib/python3.12/site-packages/airflow/example_dags/example_bash_decorator.py took 0.194 seconds
[2024-10-31T10:21:10.693+0000] {processor.py:186} INFO - Started process (PID=226) to work on /home/airflow/.local/lib/python3.12/site-packages/airflow/example_dags/example_bash_decorator.py
[2024-10-31T10:21:10.720+0000] {processor.py:914} INFO - Processing file /home/airflow/.local/lib/python3.12/site-packages/airflow/example_dags/example_bash_decorator.py for tasks to queue
[2024-10-31T10:21:10.751+0000] {logging_mixin.py:190} INFO - [2024-10-31T10:21:10.739+0000] {dagbag.py:588} INFO - Filling up the DagBag from /home/airflow/.local/lib/python3.12/site-packages/airflow/example_dags/example_bash_decorator.py
[2024-10-31T10:21:11.283+0000] {processor.py:925} INFO - DAG(s) 'example_bash_decorator' retrieved from /home/airflow/.local/lib/python3.12/site-packages/airflow/example_dags/example_bash_decorator.py
[2024-10-31T10:21:11.983+0000] {logging_mixin.py:190} INFO - [2024-10-31T10:21:11.979+0000] {dag.py:3239} INFO - Sync 1 DAGs
[2024-10-31T10:21:12.346+0000] {logging_mixin.py:190} INFO - [2024-10-31T10:21:12.342+0000] {dag.py:4180} INFO - Setting next_dagrun for example_bash_decorator to None, run_after=None
[2024-10-31T10:21:12.782+0000] {processor.py:208} INFO - Processing /home/airflow/.local/lib/python3.12/site-packages/airflow/example_dags/example_bash_decorator.py took 2.261 seconds
[2024-10-31T11:54:44.517+0000] {processor.py:186} INFO - Started process (PID=216) to work on /home/airflow/.local/lib/python3.12/site-packages/airflow/example_dags/example_bash_decorator.py
[2024-10-31T11:54:44.561+0000] {processor.py:914} INFO - Processing file /home/airflow/.local/lib/python3.12/site-packages/airflow/example_dags/example_bash_decorator.py for tasks to queue
[2024-10-31T11:54:44.789+0000] {logging_mixin.py:190} INFO - [2024-10-31T11:54:44.785+0000] {dagbag.py:588} INFO - Filling up the DagBag from /home/airflow/.local/lib/python3.12/site-packages/airflow/example_dags/example_bash_decorator.py
[2024-10-31T11:54:45.799+0000] {processor.py:925} INFO - DAG(s) 'example_bash_decorator' retrieved from /home/airflow/.local/lib/python3.12/site-packages/airflow/example_dags/example_bash_decorator.py
[2024-10-31T11:54:53.507+0000] {logging_mixin.py:190} INFO - [2024-10-31T11:54:53.446+0000] {dag.py:3239} INFO - Sync 1 DAGs
[2024-10-31T11:54:53.994+0000] {logging_mixin.py:190} INFO - [2024-10-31T11:54:53.977+0000] {dag.py:4180} INFO - Setting next_dagrun for example_bash_decorator to None, run_after=None
[2024-10-31T11:54:55.270+0000] {processor.py:208} INFO - Processing /home/airflow/.local/lib/python3.12/site-packages/airflow/example_dags/example_bash_decorator.py took 10.992 seconds
