[2024-10-31T09:59:59.551+0000] {processor.py:186} INFO - Started process (PID=301) to work on /home/airflow/.local/lib/python3.12/site-packages/airflow/example_dags/example_task_group.py
[2024-10-31T09:59:59.567+0000] {processor.py:914} INFO - Processing file /home/airflow/.local/lib/python3.12/site-packages/airflow/example_dags/example_task_group.py for tasks to queue
[2024-10-31T09:59:59.625+0000] {logging_mixin.py:190} INFO - [2024-10-31T09:59:59.622+0000] {dagbag.py:588} INFO - Filling up the DagBag from /home/airflow/.local/lib/python3.12/site-packages/airflow/example_dags/example_task_group.py
[2024-10-31T10:00:00.159+0000] {processor.py:925} INFO - DAG(s) 'example_task_group' retrieved from /home/airflow/.local/lib/python3.12/site-packages/airflow/example_dags/example_task_group.py
[2024-10-31T10:00:06.026+0000] {logging_mixin.py:190} INFO - [2024-10-31T10:00:06.015+0000] {override.py:1900} INFO - Created Permission View: can read on DAG:example_task_group
[2024-10-31T10:00:06.303+0000] {logging_mixin.py:190} INFO - [2024-10-31T10:00:06.288+0000] {override.py:1900} INFO - Created Permission View: can edit on DAG:example_task_group
[2024-10-31T10:00:06.533+0000] {logging_mixin.py:190} INFO - [2024-10-31T10:00:06.504+0000] {override.py:1900} INFO - Created Permission View: can delete on DAG:example_task_group
[2024-10-31T10:00:06.725+0000] {logging_mixin.py:190} INFO - [2024-10-31T10:00:06.722+0000] {override.py:1900} INFO - Created Permission View: can read on DAG Run:example_task_group
[2024-10-31T10:00:06.923+0000] {logging_mixin.py:190} INFO - [2024-10-31T10:00:06.921+0000] {override.py:1900} INFO - Created Permission View: menu access on DAG Run:example_task_group
[2024-10-31T10:00:07.087+0000] {logging_mixin.py:190} INFO - [2024-10-31T10:00:07.082+0000] {override.py:1900} INFO - Created Permission View: can delete on DAG Run:example_task_group
[2024-10-31T10:00:07.285+0000] {logging_mixin.py:190} INFO - [2024-10-31T10:00:07.275+0000] {override.py:1900} INFO - Created Permission View: can create on DAG Run:example_task_group
[2024-10-31T10:00:07.322+0000] {logging_mixin.py:190} INFO - [2024-10-31T10:00:07.308+0000] {dag.py:3239} INFO - Sync 1 DAGs
[2024-10-31T10:00:08.170+0000] {logging_mixin.py:190} INFO - [2024-10-31T10:00:08.168+0000] {dag.py:3262} INFO - Creating ORM DAG for example_task_group
[2024-10-31T10:00:08.250+0000] {logging_mixin.py:190} INFO - [2024-10-31T10:00:08.243+0000] {dag.py:4180} INFO - Setting next_dagrun for example_task_group to None, run_after=None
[2024-10-31T10:00:09.144+0000] {processor.py:208} INFO - Processing /home/airflow/.local/lib/python3.12/site-packages/airflow/example_dags/example_task_group.py took 9.666 seconds
[2024-10-31T10:03:34.826+0000] {processor.py:186} INFO - Started process (PID=425) to work on /home/airflow/.local/lib/python3.12/site-packages/airflow/example_dags/example_task_group.py
[2024-10-31T10:03:34.852+0000] {processor.py:914} INFO - Processing file /home/airflow/.local/lib/python3.12/site-packages/airflow/example_dags/example_task_group.py for tasks to queue
[2024-10-31T10:03:34.905+0000] {logging_mixin.py:190} INFO - [2024-10-31T10:03:34.889+0000] {dagbag.py:588} INFO - Filling up the DagBag from /home/airflow/.local/lib/python3.12/site-packages/airflow/example_dags/example_task_group.py
[2024-10-31T10:03:35.076+0000] {processor.py:925} INFO - DAG(s) 'example_task_group' retrieved from /home/airflow/.local/lib/python3.12/site-packages/airflow/example_dags/example_task_group.py
[2024-10-31T10:03:35.872+0000] {logging_mixin.py:190} INFO - [2024-10-31T10:03:35.870+0000] {dag.py:3239} INFO - Sync 1 DAGs
[2024-10-31T10:03:36.298+0000] {logging_mixin.py:190} INFO - [2024-10-31T10:03:36.296+0000] {dag.py:4180} INFO - Setting next_dagrun for example_task_group to None, run_after=None
[2024-10-31T10:03:36.687+0000] {processor.py:208} INFO - Processing /home/airflow/.local/lib/python3.12/site-packages/airflow/example_dags/example_task_group.py took 2.092 seconds
[2024-10-31T10:12:58.459+0000] {processor.py:186} INFO - Started process (PID=106) to work on /home/airflow/.local/lib/python3.12/site-packages/airflow/example_dags/example_task_group.py
[2024-10-31T10:12:58.461+0000] {processor.py:914} INFO - Processing file /home/airflow/.local/lib/python3.12/site-packages/airflow/example_dags/example_task_group.py for tasks to queue
[2024-10-31T10:12:58.463+0000] {logging_mixin.py:190} INFO - [2024-10-31T10:12:58.462+0000] {dagbag.py:588} INFO - Filling up the DagBag from /home/airflow/.local/lib/python3.12/site-packages/airflow/example_dags/example_task_group.py
[2024-10-31T10:12:58.474+0000] {processor.py:925} INFO - DAG(s) 'example_task_group' retrieved from /home/airflow/.local/lib/python3.12/site-packages/airflow/example_dags/example_task_group.py
[2024-10-31T10:12:58.503+0000] {logging_mixin.py:190} INFO - [2024-10-31T10:12:58.503+0000] {dag.py:3239} INFO - Sync 1 DAGs
[2024-10-31T10:12:58.523+0000] {logging_mixin.py:190} INFO - [2024-10-31T10:12:58.522+0000] {dag.py:4180} INFO - Setting next_dagrun for example_task_group to None, run_after=None
[2024-10-31T10:12:58.547+0000] {processor.py:208} INFO - Processing /home/airflow/.local/lib/python3.12/site-packages/airflow/example_dags/example_task_group.py took 0.094 seconds
[2024-10-31T10:20:12.479+0000] {processor.py:186} INFO - Started process (PID=170) to work on /home/airflow/.local/lib/python3.12/site-packages/airflow/example_dags/example_task_group.py
[2024-10-31T10:20:12.492+0000] {processor.py:914} INFO - Processing file /home/airflow/.local/lib/python3.12/site-packages/airflow/example_dags/example_task_group.py for tasks to queue
[2024-10-31T10:20:12.517+0000] {logging_mixin.py:190} INFO - [2024-10-31T10:20:12.513+0000] {dagbag.py:588} INFO - Filling up the DagBag from /home/airflow/.local/lib/python3.12/site-packages/airflow/example_dags/example_task_group.py
[2024-10-31T10:20:12.676+0000] {processor.py:925} INFO - DAG(s) 'example_task_group' retrieved from /home/airflow/.local/lib/python3.12/site-packages/airflow/example_dags/example_task_group.py
[2024-10-31T10:20:13.082+0000] {logging_mixin.py:190} INFO - [2024-10-31T10:20:13.080+0000] {dag.py:3239} INFO - Sync 1 DAGs
[2024-10-31T10:20:13.424+0000] {logging_mixin.py:190} INFO - [2024-10-31T10:20:13.420+0000] {dag.py:4180} INFO - Setting next_dagrun for example_task_group to None, run_after=None
[2024-10-31T10:20:13.738+0000] {processor.py:208} INFO - Processing /home/airflow/.local/lib/python3.12/site-packages/airflow/example_dags/example_task_group.py took 1.431 seconds
[2024-10-31T12:39:01.628+0000] {processor.py:186} INFO - Started process (PID=184) to work on /home/airflow/.local/lib/python3.12/site-packages/airflow/example_dags/example_task_group.py
[2024-10-31T12:39:01.631+0000] {processor.py:914} INFO - Processing file /home/airflow/.local/lib/python3.12/site-packages/airflow/example_dags/example_task_group.py for tasks to queue
[2024-10-31T12:39:01.636+0000] {logging_mixin.py:190} INFO - [2024-10-31T12:39:01.635+0000] {dagbag.py:588} INFO - Filling up the DagBag from /home/airflow/.local/lib/python3.12/site-packages/airflow/example_dags/example_task_group.py
[2024-10-31T12:39:01.647+0000] {processor.py:925} INFO - DAG(s) 'example_task_group' retrieved from /home/airflow/.local/lib/python3.12/site-packages/airflow/example_dags/example_task_group.py
[2024-10-31T12:39:01.702+0000] {logging_mixin.py:190} INFO - [2024-10-31T12:39:01.702+0000] {dag.py:3239} INFO - Sync 1 DAGs
[2024-10-31T12:39:01.729+0000] {logging_mixin.py:190} INFO - [2024-10-31T12:39:01.729+0000] {dag.py:4180} INFO - Setting next_dagrun for example_task_group to None, run_after=None
[2024-10-31T12:39:01.763+0000] {processor.py:208} INFO - Processing /home/airflow/.local/lib/python3.12/site-packages/airflow/example_dags/example_task_group.py took 0.142 seconds
[2024-10-31T12:39:32.966+0000] {processor.py:186} INFO - Started process (PID=246) to work on /home/airflow/.local/lib/python3.12/site-packages/airflow/example_dags/example_task_group.py
[2024-10-31T12:39:32.968+0000] {processor.py:914} INFO - Processing file /home/airflow/.local/lib/python3.12/site-packages/airflow/example_dags/example_task_group.py for tasks to queue
[2024-10-31T12:39:32.975+0000] {logging_mixin.py:190} INFO - [2024-10-31T12:39:32.974+0000] {dagbag.py:588} INFO - Filling up the DagBag from /home/airflow/.local/lib/python3.12/site-packages/airflow/example_dags/example_task_group.py
[2024-10-31T12:39:32.991+0000] {processor.py:925} INFO - DAG(s) 'example_task_group' retrieved from /home/airflow/.local/lib/python3.12/site-packages/airflow/example_dags/example_task_group.py
[2024-10-31T12:39:33.034+0000] {logging_mixin.py:190} INFO - [2024-10-31T12:39:33.033+0000] {dag.py:3239} INFO - Sync 1 DAGs
[2024-10-31T12:39:33.062+0000] {logging_mixin.py:190} INFO - [2024-10-31T12:39:33.062+0000] {dag.py:4180} INFO - Setting next_dagrun for example_task_group to None, run_after=None
[2024-10-31T12:39:33.101+0000] {processor.py:208} INFO - Processing /home/airflow/.local/lib/python3.12/site-packages/airflow/example_dags/example_task_group.py took 0.144 seconds
[2024-10-31T12:40:04.070+0000] {processor.py:186} INFO - Started process (PID=308) to work on /home/airflow/.local/lib/python3.12/site-packages/airflow/example_dags/example_task_group.py
[2024-10-31T12:40:04.073+0000] {processor.py:914} INFO - Processing file /home/airflow/.local/lib/python3.12/site-packages/airflow/example_dags/example_task_group.py for tasks to queue
[2024-10-31T12:40:04.077+0000] {logging_mixin.py:190} INFO - [2024-10-31T12:40:04.077+0000] {dagbag.py:588} INFO - Filling up the DagBag from /home/airflow/.local/lib/python3.12/site-packages/airflow/example_dags/example_task_group.py
[2024-10-31T12:40:04.094+0000] {processor.py:925} INFO - DAG(s) 'example_task_group' retrieved from /home/airflow/.local/lib/python3.12/site-packages/airflow/example_dags/example_task_group.py
[2024-10-31T12:40:04.130+0000] {logging_mixin.py:190} INFO - [2024-10-31T12:40:04.130+0000] {dag.py:3239} INFO - Sync 1 DAGs
[2024-10-31T12:40:04.154+0000] {logging_mixin.py:190} INFO - [2024-10-31T12:40:04.153+0000] {dag.py:4180} INFO - Setting next_dagrun for example_task_group to None, run_after=None
[2024-10-31T12:40:04.185+0000] {processor.py:208} INFO - Processing /home/airflow/.local/lib/python3.12/site-packages/airflow/example_dags/example_task_group.py took 0.122 seconds
[2024-10-31T12:40:35.141+0000] {processor.py:186} INFO - Started process (PID=370) to work on /home/airflow/.local/lib/python3.12/site-packages/airflow/example_dags/example_task_group.py
[2024-10-31T12:40:35.143+0000] {processor.py:914} INFO - Processing file /home/airflow/.local/lib/python3.12/site-packages/airflow/example_dags/example_task_group.py for tasks to queue
[2024-10-31T12:40:35.146+0000] {logging_mixin.py:190} INFO - [2024-10-31T12:40:35.146+0000] {dagbag.py:588} INFO - Filling up the DagBag from /home/airflow/.local/lib/python3.12/site-packages/airflow/example_dags/example_task_group.py
[2024-10-31T12:40:35.159+0000] {processor.py:925} INFO - DAG(s) 'example_task_group' retrieved from /home/airflow/.local/lib/python3.12/site-packages/airflow/example_dags/example_task_group.py
[2024-10-31T12:40:35.186+0000] {logging_mixin.py:190} INFO - [2024-10-31T12:40:35.186+0000] {dag.py:3239} INFO - Sync 1 DAGs
[2024-10-31T12:40:35.213+0000] {logging_mixin.py:190} INFO - [2024-10-31T12:40:35.213+0000] {dag.py:4180} INFO - Setting next_dagrun for example_task_group to None, run_after=None
[2024-10-31T12:40:35.249+0000] {processor.py:208} INFO - Processing /home/airflow/.local/lib/python3.12/site-packages/airflow/example_dags/example_task_group.py took 0.114 seconds
[2024-10-31T12:43:59.706+0000] {processor.py:186} INFO - Started process (PID=432) to work on /home/airflow/.local/lib/python3.12/site-packages/airflow/example_dags/example_task_group.py
[2024-10-31T12:43:59.708+0000] {processor.py:914} INFO - Processing file /home/airflow/.local/lib/python3.12/site-packages/airflow/example_dags/example_task_group.py for tasks to queue
[2024-10-31T12:43:59.713+0000] {logging_mixin.py:190} INFO - [2024-10-31T12:43:59.712+0000] {dagbag.py:588} INFO - Filling up the DagBag from /home/airflow/.local/lib/python3.12/site-packages/airflow/example_dags/example_task_group.py
[2024-10-31T12:43:59.728+0000] {processor.py:925} INFO - DAG(s) 'example_task_group' retrieved from /home/airflow/.local/lib/python3.12/site-packages/airflow/example_dags/example_task_group.py
[2024-10-31T12:43:59.759+0000] {logging_mixin.py:190} INFO - [2024-10-31T12:43:59.759+0000] {dag.py:3239} INFO - Sync 1 DAGs
[2024-10-31T12:43:59.784+0000] {logging_mixin.py:190} INFO - [2024-10-31T12:43:59.783+0000] {dag.py:4180} INFO - Setting next_dagrun for example_task_group to None, run_after=None
[2024-10-31T12:43:59.818+0000] {processor.py:208} INFO - Processing /home/airflow/.local/lib/python3.12/site-packages/airflow/example_dags/example_task_group.py took 0.119 seconds
[2024-10-31T12:57:27.970+0000] {processor.py:186} INFO - Started process (PID=100) to work on /home/airflow/.local/lib/python3.12/site-packages/airflow/example_dags/example_task_group.py
[2024-10-31T12:57:27.972+0000] {processor.py:914} INFO - Processing file /home/airflow/.local/lib/python3.12/site-packages/airflow/example_dags/example_task_group.py for tasks to queue
[2024-10-31T12:57:27.976+0000] {logging_mixin.py:190} INFO - [2024-10-31T12:57:27.975+0000] {dagbag.py:588} INFO - Filling up the DagBag from /home/airflow/.local/lib/python3.12/site-packages/airflow/example_dags/example_task_group.py
[2024-10-31T12:57:27.987+0000] {processor.py:925} INFO - DAG(s) 'example_task_group' retrieved from /home/airflow/.local/lib/python3.12/site-packages/airflow/example_dags/example_task_group.py
[2024-10-31T12:57:28.013+0000] {logging_mixin.py:190} INFO - [2024-10-31T12:57:28.013+0000] {dag.py:3239} INFO - Sync 1 DAGs
[2024-10-31T12:57:28.030+0000] {logging_mixin.py:190} INFO - [2024-10-31T12:57:28.030+0000] {dag.py:4180} INFO - Setting next_dagrun for example_task_group to None, run_after=None
[2024-10-31T12:57:28.051+0000] {processor.py:208} INFO - Processing /home/airflow/.local/lib/python3.12/site-packages/airflow/example_dags/example_task_group.py took 0.087 seconds
[2024-10-31T12:58:14.466+0000] {processor.py:186} INFO - Started process (PID=162) to work on /home/airflow/.local/lib/python3.12/site-packages/airflow/example_dags/example_task_group.py
[2024-10-31T12:58:14.468+0000] {processor.py:914} INFO - Processing file /home/airflow/.local/lib/python3.12/site-packages/airflow/example_dags/example_task_group.py for tasks to queue
[2024-10-31T12:58:14.471+0000] {logging_mixin.py:190} INFO - [2024-10-31T12:58:14.471+0000] {dagbag.py:588} INFO - Filling up the DagBag from /home/airflow/.local/lib/python3.12/site-packages/airflow/example_dags/example_task_group.py
[2024-10-31T12:58:14.483+0000] {processor.py:925} INFO - DAG(s) 'example_task_group' retrieved from /home/airflow/.local/lib/python3.12/site-packages/airflow/example_dags/example_task_group.py
[2024-10-31T12:58:14.511+0000] {logging_mixin.py:190} INFO - [2024-10-31T12:58:14.511+0000] {dag.py:3239} INFO - Sync 1 DAGs
[2024-10-31T12:58:14.533+0000] {logging_mixin.py:190} INFO - [2024-10-31T12:58:14.532+0000] {dag.py:4180} INFO - Setting next_dagrun for example_task_group to None, run_after=None
[2024-10-31T12:58:14.558+0000] {processor.py:208} INFO - Processing /home/airflow/.local/lib/python3.12/site-packages/airflow/example_dags/example_task_group.py took 0.098 seconds
[2024-10-31T12:58:44.717+0000] {processor.py:186} INFO - Started process (PID=224) to work on /home/airflow/.local/lib/python3.12/site-packages/airflow/example_dags/example_task_group.py
[2024-10-31T12:58:44.719+0000] {processor.py:914} INFO - Processing file /home/airflow/.local/lib/python3.12/site-packages/airflow/example_dags/example_task_group.py for tasks to queue
[2024-10-31T12:58:44.722+0000] {logging_mixin.py:190} INFO - [2024-10-31T12:58:44.721+0000] {dagbag.py:588} INFO - Filling up the DagBag from /home/airflow/.local/lib/python3.12/site-packages/airflow/example_dags/example_task_group.py
[2024-10-31T12:58:44.732+0000] {processor.py:925} INFO - DAG(s) 'example_task_group' retrieved from /home/airflow/.local/lib/python3.12/site-packages/airflow/example_dags/example_task_group.py
[2024-10-31T12:58:44.759+0000] {logging_mixin.py:190} INFO - [2024-10-31T12:58:44.759+0000] {dag.py:3239} INFO - Sync 1 DAGs
[2024-10-31T12:58:44.779+0000] {logging_mixin.py:190} INFO - [2024-10-31T12:58:44.779+0000] {dag.py:4180} INFO - Setting next_dagrun for example_task_group to None, run_after=None
[2024-10-31T12:58:44.806+0000] {processor.py:208} INFO - Processing /home/airflow/.local/lib/python3.12/site-packages/airflow/example_dags/example_task_group.py took 0.094 seconds
[2024-10-31T12:59:21.762+0000] {processor.py:186} INFO - Started process (PID=292) to work on /home/airflow/.local/lib/python3.12/site-packages/airflow/example_dags/example_task_group.py
[2024-10-31T12:59:21.764+0000] {processor.py:914} INFO - Processing file /home/airflow/.local/lib/python3.12/site-packages/airflow/example_dags/example_task_group.py for tasks to queue
[2024-10-31T12:59:21.768+0000] {logging_mixin.py:190} INFO - [2024-10-31T12:59:21.767+0000] {dagbag.py:588} INFO - Filling up the DagBag from /home/airflow/.local/lib/python3.12/site-packages/airflow/example_dags/example_task_group.py
[2024-10-31T12:59:21.782+0000] {processor.py:925} INFO - DAG(s) 'example_task_group' retrieved from /home/airflow/.local/lib/python3.12/site-packages/airflow/example_dags/example_task_group.py
[2024-10-31T12:59:21.827+0000] {logging_mixin.py:190} INFO - [2024-10-31T12:59:21.826+0000] {dag.py:3239} INFO - Sync 1 DAGs
[2024-10-31T12:59:21.861+0000] {logging_mixin.py:190} INFO - [2024-10-31T12:59:21.861+0000] {dag.py:4180} INFO - Setting next_dagrun for example_task_group to None, run_after=None
[2024-10-31T12:59:21.895+0000] {processor.py:208} INFO - Processing /home/airflow/.local/lib/python3.12/site-packages/airflow/example_dags/example_task_group.py took 0.142 seconds
[2024-10-31T13:01:40.259+0000] {processor.py:186} INFO - Started process (PID=356) to work on /home/airflow/.local/lib/python3.12/site-packages/airflow/example_dags/example_task_group.py
[2024-10-31T13:01:40.261+0000] {processor.py:914} INFO - Processing file /home/airflow/.local/lib/python3.12/site-packages/airflow/example_dags/example_task_group.py for tasks to queue
[2024-10-31T13:01:40.267+0000] {logging_mixin.py:190} INFO - [2024-10-31T13:01:40.266+0000] {dagbag.py:588} INFO - Filling up the DagBag from /home/airflow/.local/lib/python3.12/site-packages/airflow/example_dags/example_task_group.py
[2024-10-31T13:01:40.280+0000] {processor.py:925} INFO - DAG(s) 'example_task_group' retrieved from /home/airflow/.local/lib/python3.12/site-packages/airflow/example_dags/example_task_group.py
[2024-10-31T13:01:40.315+0000] {logging_mixin.py:190} INFO - [2024-10-31T13:01:40.315+0000] {dag.py:3239} INFO - Sync 1 DAGs
[2024-10-31T13:01:40.339+0000] {logging_mixin.py:190} INFO - [2024-10-31T13:01:40.339+0000] {dag.py:4180} INFO - Setting next_dagrun for example_task_group to None, run_after=None
[2024-10-31T13:01:40.371+0000] {processor.py:208} INFO - Processing /home/airflow/.local/lib/python3.12/site-packages/airflow/example_dags/example_task_group.py took 0.120 seconds
[2024-10-31T13:02:28.158+0000] {processor.py:186} INFO - Started process (PID=417) to work on /home/airflow/.local/lib/python3.12/site-packages/airflow/example_dags/example_task_group.py
[2024-10-31T13:02:28.297+0000] {processor.py:914} INFO - Processing file /home/airflow/.local/lib/python3.12/site-packages/airflow/example_dags/example_task_group.py for tasks to queue
[2024-10-31T13:02:28.772+0000] {logging_mixin.py:190} INFO - [2024-10-31T13:02:28.754+0000] {dagbag.py:588} INFO - Filling up the DagBag from /home/airflow/.local/lib/python3.12/site-packages/airflow/example_dags/example_task_group.py
[2024-10-31T13:02:28.969+0000] {processor.py:925} INFO - DAG(s) 'example_task_group' retrieved from /home/airflow/.local/lib/python3.12/site-packages/airflow/example_dags/example_task_group.py
[2024-10-31T13:02:30.296+0000] {logging_mixin.py:190} INFO - [2024-10-31T13:02:30.282+0000] {dag.py:3239} INFO - Sync 1 DAGs
[2024-10-31T13:02:30.447+0000] {logging_mixin.py:190} INFO - [2024-10-31T13:02:30.438+0000] {dag.py:4180} INFO - Setting next_dagrun for example_task_group to None, run_after=None
[2024-10-31T13:02:31.486+0000] {processor.py:208} INFO - Processing /home/airflow/.local/lib/python3.12/site-packages/airflow/example_dags/example_task_group.py took 3.403 seconds
[2024-10-31T13:03:02.288+0000] {processor.py:186} INFO - Started process (PID=479) to work on /home/airflow/.local/lib/python3.12/site-packages/airflow/example_dags/example_task_group.py
[2024-10-31T13:03:02.293+0000] {processor.py:914} INFO - Processing file /home/airflow/.local/lib/python3.12/site-packages/airflow/example_dags/example_task_group.py for tasks to queue
[2024-10-31T13:03:02.300+0000] {logging_mixin.py:190} INFO - [2024-10-31T13:03:02.297+0000] {dagbag.py:588} INFO - Filling up the DagBag from /home/airflow/.local/lib/python3.12/site-packages/airflow/example_dags/example_task_group.py
[2024-10-31T13:03:02.335+0000] {processor.py:925} INFO - DAG(s) 'example_task_group' retrieved from /home/airflow/.local/lib/python3.12/site-packages/airflow/example_dags/example_task_group.py
[2024-10-31T13:03:02.734+0000] {logging_mixin.py:190} INFO - [2024-10-31T13:03:02.716+0000] {dag.py:3239} INFO - Sync 1 DAGs
[2024-10-31T13:03:02.879+0000] {logging_mixin.py:190} INFO - [2024-10-31T13:03:02.865+0000] {dag.py:4180} INFO - Setting next_dagrun for example_task_group to None, run_after=None
[2024-10-31T13:03:03.311+0000] {processor.py:208} INFO - Processing /home/airflow/.local/lib/python3.12/site-packages/airflow/example_dags/example_task_group.py took 1.040 seconds
