[2024-10-31T09:53:13.580+0000] {processor.py:186} INFO - Started process (PID=186) to work on /home/airflow/.local/lib/python3.12/site-packages/airflow/example_dags/example_complex.py
[2024-10-31T09:53:13.599+0000] {processor.py:914} INFO - Processing file /home/airflow/.local/lib/python3.12/site-packages/airflow/example_dags/example_complex.py for tasks to queue
[2024-10-31T09:53:13.658+0000] {logging_mixin.py:190} INFO - [2024-10-31T09:53:13.654+0000] {dagbag.py:588} INFO - Filling up the DagBag from /home/airflow/.local/lib/python3.12/site-packages/airflow/example_dags/example_complex.py
[2024-10-31T09:53:15.356+0000] {processor.py:925} INFO - DAG(s) 'example_complex' retrieved from /home/airflow/.local/lib/python3.12/site-packages/airflow/example_dags/example_complex.py
[2024-10-31T09:53:29.803+0000] {logging_mixin.py:190} INFO - [2024-10-31T09:53:29.785+0000] {override.py:1900} INFO - Created Permission View: can read on DAG:example_complex
[2024-10-31T09:53:30.037+0000] {logging_mixin.py:190} INFO - [2024-10-31T09:53:30.031+0000] {override.py:1900} INFO - Created Permission View: can edit on DAG:example_complex
[2024-10-31T09:53:30.229+0000] {logging_mixin.py:190} INFO - [2024-10-31T09:53:30.217+0000] {override.py:1900} INFO - Created Permission View: can delete on DAG:example_complex
[2024-10-31T09:53:30.361+0000] {logging_mixin.py:190} INFO - [2024-10-31T09:53:30.351+0000] {override.py:1900} INFO - Created Permission View: can read on DAG Run:example_complex
[2024-10-31T09:53:30.544+0000] {logging_mixin.py:190} INFO - [2024-10-31T09:53:30.534+0000] {override.py:1900} INFO - Created Permission View: menu access on DAG Run:example_complex
[2024-10-31T09:53:30.724+0000] {logging_mixin.py:190} INFO - [2024-10-31T09:53:30.719+0000] {override.py:1900} INFO - Created Permission View: can delete on DAG Run:example_complex
[2024-10-31T09:53:30.861+0000] {logging_mixin.py:190} INFO - [2024-10-31T09:53:30.854+0000] {override.py:1900} INFO - Created Permission View: can create on DAG Run:example_complex
[2024-10-31T09:53:30.899+0000] {logging_mixin.py:190} INFO - [2024-10-31T09:53:30.895+0000] {dag.py:3239} INFO - Sync 1 DAGs
[2024-10-31T09:53:31.722+0000] {logging_mixin.py:190} INFO - [2024-10-31T09:53:31.720+0000] {dag.py:3262} INFO - Creating ORM DAG for example_complex
[2024-10-31T09:53:31.772+0000] {logging_mixin.py:190} INFO - [2024-10-31T09:53:31.770+0000] {dag.py:4180} INFO - Setting next_dagrun for example_complex to None, run_after=None
[2024-10-31T09:53:32.773+0000] {processor.py:208} INFO - Processing /home/airflow/.local/lib/python3.12/site-packages/airflow/example_dags/example_complex.py took 19.172 seconds
[2024-10-31T10:00:37.748+0000] {processor.py:186} INFO - Started process (PID=319) to work on /home/airflow/.local/lib/python3.12/site-packages/airflow/example_dags/example_complex.py
[2024-10-31T10:00:37.768+0000] {processor.py:914} INFO - Processing file /home/airflow/.local/lib/python3.12/site-packages/airflow/example_dags/example_complex.py for tasks to queue
[2024-10-31T10:00:37.840+0000] {logging_mixin.py:190} INFO - [2024-10-31T10:00:37.832+0000] {dagbag.py:588} INFO - Filling up the DagBag from /home/airflow/.local/lib/python3.12/site-packages/airflow/example_dags/example_complex.py
[2024-10-31T10:00:38.140+0000] {processor.py:925} INFO - DAG(s) 'example_complex' retrieved from /home/airflow/.local/lib/python3.12/site-packages/airflow/example_dags/example_complex.py
[2024-10-31T10:00:39.274+0000] {logging_mixin.py:190} INFO - [2024-10-31T10:00:39.258+0000] {dag.py:3239} INFO - Sync 1 DAGs
[2024-10-31T10:00:40.672+0000] {logging_mixin.py:190} INFO - [2024-10-31T10:00:40.668+0000] {dag.py:4180} INFO - Setting next_dagrun for example_complex to None, run_after=None
[2024-10-31T10:00:41.810+0000] {processor.py:208} INFO - Processing /home/airflow/.local/lib/python3.12/site-packages/airflow/example_dags/example_complex.py took 4.191 seconds
[2024-10-31T10:02:25.176+0000] {processor.py:186} INFO - Started process (PID=383) to work on /home/airflow/.local/lib/python3.12/site-packages/airflow/example_dags/example_complex.py
[2024-10-31T10:02:25.210+0000] {processor.py:914} INFO - Processing file /home/airflow/.local/lib/python3.12/site-packages/airflow/example_dags/example_complex.py for tasks to queue
[2024-10-31T10:02:25.251+0000] {logging_mixin.py:190} INFO - [2024-10-31T10:02:25.245+0000] {dagbag.py:588} INFO - Filling up the DagBag from /home/airflow/.local/lib/python3.12/site-packages/airflow/example_dags/example_complex.py
[2024-10-31T10:02:25.535+0000] {processor.py:925} INFO - DAG(s) 'example_complex' retrieved from /home/airflow/.local/lib/python3.12/site-packages/airflow/example_dags/example_complex.py
[2024-10-31T10:02:26.608+0000] {logging_mixin.py:190} INFO - [2024-10-31T10:02:26.606+0000] {dag.py:3239} INFO - Sync 1 DAGs
[2024-10-31T10:02:26.984+0000] {logging_mixin.py:190} INFO - [2024-10-31T10:02:26.982+0000] {dag.py:4180} INFO - Setting next_dagrun for example_complex to None, run_after=None
[2024-10-31T10:02:27.748+0000] {processor.py:208} INFO - Processing /home/airflow/.local/lib/python3.12/site-packages/airflow/example_dags/example_complex.py took 2.766 seconds
[2024-10-31T10:03:47.526+0000] {processor.py:186} INFO - Started process (PID=437) to work on /home/airflow/.local/lib/python3.12/site-packages/airflow/example_dags/example_complex.py
[2024-10-31T10:03:47.592+0000] {processor.py:914} INFO - Processing file /home/airflow/.local/lib/python3.12/site-packages/airflow/example_dags/example_complex.py for tasks to queue
[2024-10-31T10:03:47.769+0000] {logging_mixin.py:190} INFO - [2024-10-31T10:03:47.735+0000] {dagbag.py:588} INFO - Filling up the DagBag from /home/airflow/.local/lib/python3.12/site-packages/airflow/example_dags/example_complex.py
[2024-10-31T10:03:48.175+0000] {processor.py:925} INFO - DAG(s) 'example_complex' retrieved from /home/airflow/.local/lib/python3.12/site-packages/airflow/example_dags/example_complex.py
[2024-10-31T10:03:48.833+0000] {logging_mixin.py:190} INFO - [2024-10-31T10:03:48.820+0000] {dag.py:3239} INFO - Sync 1 DAGs
[2024-10-31T10:03:49.073+0000] {logging_mixin.py:190} INFO - [2024-10-31T10:03:49.071+0000] {dag.py:4180} INFO - Setting next_dagrun for example_complex to None, run_after=None
[2024-10-31T10:03:49.516+0000] {processor.py:208} INFO - Processing /home/airflow/.local/lib/python3.12/site-packages/airflow/example_dags/example_complex.py took 2.244 seconds
[2024-10-31T10:04:48.436+0000] {processor.py:186} INFO - Started process (PID=485) to work on /home/airflow/.local/lib/python3.12/site-packages/airflow/example_dags/example_complex.py
[2024-10-31T10:04:48.456+0000] {processor.py:914} INFO - Processing file /home/airflow/.local/lib/python3.12/site-packages/airflow/example_dags/example_complex.py for tasks to queue
[2024-10-31T10:04:48.549+0000] {logging_mixin.py:190} INFO - [2024-10-31T10:04:48.543+0000] {dagbag.py:588} INFO - Filling up the DagBag from /home/airflow/.local/lib/python3.12/site-packages/airflow/example_dags/example_complex.py
[2024-10-31T10:04:48.830+0000] {processor.py:925} INFO - DAG(s) 'example_complex' retrieved from /home/airflow/.local/lib/python3.12/site-packages/airflow/example_dags/example_complex.py
[2024-10-31T10:04:49.969+0000] {logging_mixin.py:190} INFO - [2024-10-31T10:04:49.967+0000] {dag.py:3239} INFO - Sync 1 DAGs
[2024-10-31T10:04:50.411+0000] {logging_mixin.py:190} INFO - [2024-10-31T10:04:50.409+0000] {dag.py:4180} INFO - Setting next_dagrun for example_complex to None, run_after=None
[2024-10-31T10:04:50.718+0000] {processor.py:208} INFO - Processing /home/airflow/.local/lib/python3.12/site-packages/airflow/example_dags/example_complex.py took 2.417 seconds
[2024-10-31T10:09:29.910+0000] {processor.py:186} INFO - Started process (PID=62) to work on /home/airflow/.local/lib/python3.12/site-packages/airflow/example_dags/example_complex.py
[2024-10-31T10:09:30.223+0000] {processor.py:914} INFO - Processing file /home/airflow/.local/lib/python3.12/site-packages/airflow/example_dags/example_complex.py for tasks to queue
[2024-10-31T10:09:30.651+0000] {logging_mixin.py:190} INFO - [2024-10-31T10:09:30.627+0000] {dagbag.py:588} INFO - Filling up the DagBag from /home/airflow/.local/lib/python3.12/site-packages/airflow/example_dags/example_complex.py
[2024-10-31T10:09:31.301+0000] {processor.py:925} INFO - DAG(s) 'example_complex' retrieved from /home/airflow/.local/lib/python3.12/site-packages/airflow/example_dags/example_complex.py
[2024-10-31T10:12:59.422+0000] {processor.py:186} INFO - Started process (PID=118) to work on /home/airflow/.local/lib/python3.12/site-packages/airflow/example_dags/example_complex.py
[2024-10-31T10:12:59.424+0000] {processor.py:914} INFO - Processing file /home/airflow/.local/lib/python3.12/site-packages/airflow/example_dags/example_complex.py for tasks to queue
[2024-10-31T10:12:59.426+0000] {logging_mixin.py:190} INFO - [2024-10-31T10:12:59.425+0000] {dagbag.py:588} INFO - Filling up the DagBag from /home/airflow/.local/lib/python3.12/site-packages/airflow/example_dags/example_complex.py
[2024-10-31T10:12:59.442+0000] {processor.py:925} INFO - DAG(s) 'example_complex' retrieved from /home/airflow/.local/lib/python3.12/site-packages/airflow/example_dags/example_complex.py
[2024-10-31T10:12:59.615+0000] {logging_mixin.py:190} INFO - [2024-10-31T10:12:59.615+0000] {dag.py:3239} INFO - Sync 1 DAGs
[2024-10-31T10:12:59.635+0000] {logging_mixin.py:190} INFO - [2024-10-31T10:12:59.634+0000] {dag.py:4180} INFO - Setting next_dagrun for example_complex to None, run_after=None
[2024-10-31T10:12:59.666+0000] {processor.py:208} INFO - Processing /home/airflow/.local/lib/python3.12/site-packages/airflow/example_dags/example_complex.py took 0.251 seconds
[2024-10-31T10:13:53.645+0000] {processor.py:186} INFO - Started process (PID=129) to work on /home/airflow/.local/lib/python3.12/site-packages/airflow/example_dags/example_complex.py
[2024-10-31T10:13:53.647+0000] {processor.py:914} INFO - Processing file /home/airflow/.local/lib/python3.12/site-packages/airflow/example_dags/example_complex.py for tasks to queue
[2024-10-31T10:13:53.650+0000] {logging_mixin.py:190} INFO - [2024-10-31T10:13:53.649+0000] {dagbag.py:588} INFO - Filling up the DagBag from /home/airflow/.local/lib/python3.12/site-packages/airflow/example_dags/example_complex.py
[2024-10-31T10:13:53.672+0000] {processor.py:925} INFO - DAG(s) 'example_complex' retrieved from /home/airflow/.local/lib/python3.12/site-packages/airflow/example_dags/example_complex.py
[2024-10-31T10:13:53.734+0000] {logging_mixin.py:190} INFO - [2024-10-31T10:13:53.733+0000] {dag.py:3239} INFO - Sync 1 DAGs
[2024-10-31T10:13:53.762+0000] {logging_mixin.py:190} INFO - [2024-10-31T10:13:53.761+0000] {dag.py:4180} INFO - Setting next_dagrun for example_complex to None, run_after=None
[2024-10-31T10:13:53.791+0000] {processor.py:208} INFO - Processing /home/airflow/.local/lib/python3.12/site-packages/airflow/example_dags/example_complex.py took 0.154 seconds
[2024-10-31T10:20:20.159+0000] {processor.py:186} INFO - Started process (PID=182) to work on /home/airflow/.local/lib/python3.12/site-packages/airflow/example_dags/example_complex.py
[2024-10-31T10:20:20.174+0000] {processor.py:914} INFO - Processing file /home/airflow/.local/lib/python3.12/site-packages/airflow/example_dags/example_complex.py for tasks to queue
[2024-10-31T10:20:20.199+0000] {logging_mixin.py:190} INFO - [2024-10-31T10:20:20.196+0000] {dagbag.py:588} INFO - Filling up the DagBag from /home/airflow/.local/lib/python3.12/site-packages/airflow/example_dags/example_complex.py
[2024-10-31T10:20:20.439+0000] {processor.py:925} INFO - DAG(s) 'example_complex' retrieved from /home/airflow/.local/lib/python3.12/site-packages/airflow/example_dags/example_complex.py
[2024-10-31T10:20:21.004+0000] {logging_mixin.py:190} INFO - [2024-10-31T10:20:21.002+0000] {dag.py:3239} INFO - Sync 1 DAGs
[2024-10-31T10:20:21.238+0000] {logging_mixin.py:190} INFO - [2024-10-31T10:20:21.235+0000] {dag.py:4180} INFO - Setting next_dagrun for example_complex to None, run_after=None
[2024-10-31T10:20:21.497+0000] {processor.py:208} INFO - Processing /home/airflow/.local/lib/python3.12/site-packages/airflow/example_dags/example_complex.py took 1.418 seconds
[2024-10-31T10:21:17.111+0000] {processor.py:186} INFO - Started process (PID=231) to work on /home/airflow/.local/lib/python3.12/site-packages/airflow/example_dags/example_complex.py
[2024-10-31T10:21:17.143+0000] {processor.py:914} INFO - Processing file /home/airflow/.local/lib/python3.12/site-packages/airflow/example_dags/example_complex.py for tasks to queue
[2024-10-31T10:21:17.176+0000] {logging_mixin.py:190} INFO - [2024-10-31T10:21:17.169+0000] {dagbag.py:588} INFO - Filling up the DagBag from /home/airflow/.local/lib/python3.12/site-packages/airflow/example_dags/example_complex.py
[2024-10-31T10:21:17.626+0000] {processor.py:925} INFO - DAG(s) 'example_complex' retrieved from /home/airflow/.local/lib/python3.12/site-packages/airflow/example_dags/example_complex.py
[2024-10-31T10:21:19.831+0000] {logging_mixin.py:190} INFO - [2024-10-31T10:21:19.741+0000] {dag.py:3239} INFO - Sync 1 DAGs
[2024-10-31T10:21:20.567+0000] {logging_mixin.py:190} INFO - [2024-10-31T10:21:20.482+0000] {dag.py:4180} INFO - Setting next_dagrun for example_complex to None, run_after=None
[2024-10-31T10:21:22.276+0000] {processor.py:208} INFO - Processing /home/airflow/.local/lib/python3.12/site-packages/airflow/example_dags/example_complex.py took 5.326 seconds
[2024-10-31T10:43:36.033+0000] {processor.py:186} INFO - Started process (PID=115) to work on /home/airflow/.local/lib/python3.12/site-packages/airflow/example_dags/example_complex.py
[2024-10-31T10:43:36.043+0000] {processor.py:914} INFO - Processing file /home/airflow/.local/lib/python3.12/site-packages/airflow/example_dags/example_complex.py for tasks to queue
[2024-10-31T10:43:36.071+0000] {logging_mixin.py:190} INFO - [2024-10-31T10:43:36.065+0000] {dagbag.py:588} INFO - Filling up the DagBag from /home/airflow/.local/lib/python3.12/site-packages/airflow/example_dags/example_complex.py
[2024-10-31T10:43:36.368+0000] {processor.py:925} INFO - DAG(s) 'example_complex' retrieved from /home/airflow/.local/lib/python3.12/site-packages/airflow/example_dags/example_complex.py
[2024-10-31T10:43:37.127+0000] {logging_mixin.py:190} INFO - [2024-10-31T10:43:37.124+0000] {dag.py:3239} INFO - Sync 1 DAGs
[2024-10-31T10:43:37.367+0000] {logging_mixin.py:190} INFO - [2024-10-31T10:43:37.365+0000] {dag.py:4180} INFO - Setting next_dagrun for example_complex to None, run_after=None
[2024-10-31T10:43:37.633+0000] {processor.py:208} INFO - Processing /home/airflow/.local/lib/python3.12/site-packages/airflow/example_dags/example_complex.py took 1.678 seconds
[2024-10-31T11:03:27.137+0000] {processor.py:186} INFO - Started process (PID=104) to work on /home/airflow/.local/lib/python3.12/site-packages/airflow/example_dags/example_complex.py
[2024-10-31T11:03:27.346+0000] {processor.py:914} INFO - Processing file /home/airflow/.local/lib/python3.12/site-packages/airflow/example_dags/example_complex.py for tasks to queue
[2024-10-31T11:03:27.487+0000] {logging_mixin.py:190} INFO - [2024-10-31T11:03:27.466+0000] {dagbag.py:588} INFO - Filling up the DagBag from /home/airflow/.local/lib/python3.12/site-packages/airflow/example_dags/example_complex.py
[2024-10-31T11:03:28.170+0000] {processor.py:925} INFO - DAG(s) 'example_complex' retrieved from /home/airflow/.local/lib/python3.12/site-packages/airflow/example_dags/example_complex.py
[2024-10-31T11:04:59.281+0000] {logging_mixin.py:190} INFO - [2024-10-31T11:04:59.267+0000] {dag.py:3239} INFO - Sync 1 DAGs
[2024-10-31T11:21:39.685+0000] {processor.py:186} INFO - Started process (PID=116) to work on /home/airflow/.local/lib/python3.12/site-packages/airflow/example_dags/example_complex.py
[2024-10-31T11:21:39.715+0000] {processor.py:914} INFO - Processing file /home/airflow/.local/lib/python3.12/site-packages/airflow/example_dags/example_complex.py for tasks to queue
[2024-10-31T11:21:39.773+0000] {logging_mixin.py:190} INFO - [2024-10-31T11:21:39.768+0000] {dagbag.py:588} INFO - Filling up the DagBag from /home/airflow/.local/lib/python3.12/site-packages/airflow/example_dags/example_complex.py
[2024-10-31T11:21:40.229+0000] {processor.py:925} INFO - DAG(s) 'example_complex' retrieved from /home/airflow/.local/lib/python3.12/site-packages/airflow/example_dags/example_complex.py
[2024-10-31T11:21:43.421+0000] {logging_mixin.py:190} INFO - [2024-10-31T11:21:43.414+0000] {dag.py:3239} INFO - Sync 1 DAGs
[2024-10-31T11:21:43.663+0000] {logging_mixin.py:190} INFO - [2024-10-31T11:21:43.661+0000] {dag.py:4180} INFO - Setting next_dagrun for example_complex to None, run_after=None
[2024-10-31T11:21:44.091+0000] {processor.py:208} INFO - Processing /home/airflow/.local/lib/python3.12/site-packages/airflow/example_dags/example_complex.py took 4.512 seconds
[2024-10-31T11:27:50.234+0000] {processor.py:186} INFO - Started process (PID=156) to work on /home/airflow/.local/lib/python3.12/site-packages/airflow/example_dags/example_complex.py
[2024-10-31T11:27:50.634+0000] {processor.py:914} INFO - Processing file /home/airflow/.local/lib/python3.12/site-packages/airflow/example_dags/example_complex.py for tasks to queue
[2024-10-31T11:27:51.127+0000] {logging_mixin.py:190} INFO - [2024-10-31T11:27:51.082+0000] {dagbag.py:588} INFO - Filling up the DagBag from /home/airflow/.local/lib/python3.12/site-packages/airflow/example_dags/example_complex.py
[2024-10-31T11:27:51.996+0000] {processor.py:925} INFO - DAG(s) 'example_complex' retrieved from /home/airflow/.local/lib/python3.12/site-packages/airflow/example_dags/example_complex.py
[2024-10-31T11:34:48.421+0000] {logging_mixin.py:190} INFO - [2024-10-31T11:34:48.227+0000] {dag.py:3239} INFO - Sync 1 DAGs
[2024-10-31T11:35:06.919+0000] {logging_mixin.py:190} INFO - [2024-10-31T11:35:06.671+0000] {dag.py:4180} INFO - Setting next_dagrun for example_complex to None, run_after=None
[2024-10-31T11:35:23.279+0000] {processor.py:211} ERROR - Got an exception! Propagating...
Traceback (most recent call last):
  File "/home/airflow/.local/lib/python3.12/site-packages/airflow/dag_processing/processor.py", line 207, in _run_file_processor
    _handle_dag_file_processing()
  File "/home/airflow/.local/lib/python3.12/site-packages/airflow/dag_processing/processor.py", line 193, in _handle_dag_file_processing
    result_channel.send(result)
  File "/usr/local/lib/python3.12/multiprocessing/connection.py", line 206, in send
    self._send_bytes(_ForkingPickler.dumps(obj))
  File "/usr/local/lib/python3.12/multiprocessing/connection.py", line 427, in _send_bytes
    self._send(header + buf)
  File "/usr/local/lib/python3.12/multiprocessing/connection.py", line 384, in _send
    n = write(self._handle, buf)
        ^^^^^^^^^^^^^^^^^^^^^^^^
BrokenPipeError: [Errno 32] Broken pipe
[2024-10-31T11:37:24.922+0000] {processor.py:186} INFO - Started process (PID=165) to work on /home/airflow/.local/lib/python3.12/site-packages/airflow/example_dags/example_complex.py
[2024-10-31T11:37:24.956+0000] {processor.py:914} INFO - Processing file /home/airflow/.local/lib/python3.12/site-packages/airflow/example_dags/example_complex.py for tasks to queue
[2024-10-31T11:37:25.032+0000] {logging_mixin.py:190} INFO - [2024-10-31T11:37:25.017+0000] {dagbag.py:588} INFO - Filling up the DagBag from /home/airflow/.local/lib/python3.12/site-packages/airflow/example_dags/example_complex.py
[2024-10-31T11:37:25.492+0000] {processor.py:925} INFO - DAG(s) 'example_complex' retrieved from /home/airflow/.local/lib/python3.12/site-packages/airflow/example_dags/example_complex.py
[2024-10-31T11:37:27.944+0000] {logging_mixin.py:190} INFO - [2024-10-31T11:37:27.827+0000] {dag.py:3239} INFO - Sync 1 DAGs
[2024-10-31T11:37:30.027+0000] {logging_mixin.py:190} INFO - [2024-10-31T11:37:29.886+0000] {dag.py:4180} INFO - Setting next_dagrun for example_complex to None, run_after=None
[2024-10-31T11:40:19.853+0000] {processor.py:208} INFO - Processing /home/airflow/.local/lib/python3.12/site-packages/airflow/example_dags/example_complex.py took 173.472 seconds
