[2024-10-31T09:56:10.472+0000] {processor.py:186} INFO - Started process (PID=230) to work on /home/airflow/.local/lib/python3.12/site-packages/airflow/example_dags/example_python_decorator.py
[2024-10-31T09:56:10.524+0000] {processor.py:914} INFO - Processing file /home/airflow/.local/lib/python3.12/site-packages/airflow/example_dags/example_python_decorator.py for tasks to queue
[2024-10-31T09:56:10.670+0000] {logging_mixin.py:190} INFO - [2024-10-31T09:56:10.648+0000] {dagbag.py:588} INFO - Filling up the DagBag from /home/airflow/.local/lib/python3.12/site-packages/airflow/example_dags/example_python_decorator.py
[2024-10-31T09:56:11.537+0000] {processor.py:925} INFO - DAG(s) 'example_python_decorator' retrieved from /home/airflow/.local/lib/python3.12/site-packages/airflow/example_dags/example_python_decorator.py
[2024-10-31T09:56:18.752+0000] {logging_mixin.py:190} INFO - [2024-10-31T09:56:18.725+0000] {override.py:1900} INFO - Created Permission View: can read on DAG:example_python_decorator
[2024-10-31T09:56:19.189+0000] {logging_mixin.py:190} INFO - [2024-10-31T09:56:19.159+0000] {override.py:1900} INFO - Created Permission View: can edit on DAG:example_python_decorator
[2024-10-31T09:56:19.405+0000] {logging_mixin.py:190} INFO - [2024-10-31T09:56:19.399+0000] {override.py:1900} INFO - Created Permission View: can delete on DAG:example_python_decorator
[2024-10-31T09:56:19.722+0000] {logging_mixin.py:190} INFO - [2024-10-31T09:56:19.719+0000] {override.py:1900} INFO - Created Permission View: can read on DAG Run:example_python_decorator
[2024-10-31T09:56:20.644+0000] {logging_mixin.py:190} INFO - [2024-10-31T09:56:20.616+0000] {override.py:1900} INFO - Created Permission View: menu access on DAG Run:example_python_decorator
[2024-10-31T09:56:21.047+0000] {logging_mixin.py:190} INFO - [2024-10-31T09:56:21.030+0000] {override.py:1900} INFO - Created Permission View: can delete on DAG Run:example_python_decorator
[2024-10-31T09:56:21.448+0000] {logging_mixin.py:190} INFO - [2024-10-31T09:56:21.446+0000] {override.py:1900} INFO - Created Permission View: can create on DAG Run:example_python_decorator
[2024-10-31T09:56:21.528+0000] {logging_mixin.py:190} INFO - [2024-10-31T09:56:21.502+0000] {dag.py:3239} INFO - Sync 1 DAGs
[2024-10-31T09:56:23.037+0000] {logging_mixin.py:190} INFO - [2024-10-31T09:56:23.034+0000] {dag.py:3262} INFO - Creating ORM DAG for example_python_decorator
[2024-10-31T09:56:23.100+0000] {logging_mixin.py:190} INFO - [2024-10-31T09:56:23.096+0000] {dag.py:4180} INFO - Setting next_dagrun for example_python_decorator to None, run_after=None
[2024-10-31T09:56:24.540+0000] {processor.py:208} INFO - Processing /home/airflow/.local/lib/python3.12/site-packages/airflow/example_dags/example_python_decorator.py took 14.340 seconds
[2024-10-31T10:01:20.143+0000] {processor.py:186} INFO - Started process (PID=343) to work on /home/airflow/.local/lib/python3.12/site-packages/airflow/example_dags/example_python_decorator.py
[2024-10-31T10:01:20.161+0000] {processor.py:914} INFO - Processing file /home/airflow/.local/lib/python3.12/site-packages/airflow/example_dags/example_python_decorator.py for tasks to queue
[2024-10-31T10:01:20.220+0000] {logging_mixin.py:190} INFO - [2024-10-31T10:01:20.214+0000] {dagbag.py:588} INFO - Filling up the DagBag from /home/airflow/.local/lib/python3.12/site-packages/airflow/example_dags/example_python_decorator.py
[2024-10-31T10:01:20.778+0000] {processor.py:925} INFO - DAG(s) 'example_python_decorator' retrieved from /home/airflow/.local/lib/python3.12/site-packages/airflow/example_dags/example_python_decorator.py
[2024-10-31T10:01:21.912+0000] {logging_mixin.py:190} INFO - [2024-10-31T10:01:21.909+0000] {dag.py:3239} INFO - Sync 1 DAGs
[2024-10-31T10:01:22.399+0000] {logging_mixin.py:190} INFO - [2024-10-31T10:01:22.394+0000] {dag.py:4180} INFO - Setting next_dagrun for example_python_decorator to None, run_after=None
[2024-10-31T10:01:23.400+0000] {processor.py:208} INFO - Processing /home/airflow/.local/lib/python3.12/site-packages/airflow/example_dags/example_python_decorator.py took 3.428 seconds
[2024-10-31T10:03:17.680+0000] {processor.py:186} INFO - Started process (PID=412) to work on /home/airflow/.local/lib/python3.12/site-packages/airflow/example_dags/example_python_decorator.py
[2024-10-31T10:03:17.705+0000] {processor.py:914} INFO - Processing file /home/airflow/.local/lib/python3.12/site-packages/airflow/example_dags/example_python_decorator.py for tasks to queue
[2024-10-31T10:03:17.763+0000] {logging_mixin.py:190} INFO - [2024-10-31T10:03:17.760+0000] {dagbag.py:588} INFO - Filling up the DagBag from /home/airflow/.local/lib/python3.12/site-packages/airflow/example_dags/example_python_decorator.py
[2024-10-31T10:03:18.333+0000] {processor.py:925} INFO - DAG(s) 'example_python_decorator' retrieved from /home/airflow/.local/lib/python3.12/site-packages/airflow/example_dags/example_python_decorator.py
[2024-10-31T10:03:19.012+0000] {logging_mixin.py:190} INFO - [2024-10-31T10:03:18.993+0000] {dag.py:3239} INFO - Sync 1 DAGs
[2024-10-31T10:03:19.713+0000] {logging_mixin.py:190} INFO - [2024-10-31T10:03:19.707+0000] {dag.py:4180} INFO - Setting next_dagrun for example_python_decorator to None, run_after=None
[2024-10-31T10:03:20.467+0000] {processor.py:208} INFO - Processing /home/airflow/.local/lib/python3.12/site-packages/airflow/example_dags/example_python_decorator.py took 2.977 seconds
[2024-10-31T10:12:55.228+0000] {processor.py:186} INFO - Started process (PID=80) to work on /home/airflow/.local/lib/python3.12/site-packages/airflow/example_dags/example_python_decorator.py
[2024-10-31T10:12:55.230+0000] {processor.py:914} INFO - Processing file /home/airflow/.local/lib/python3.12/site-packages/airflow/example_dags/example_python_decorator.py for tasks to queue
[2024-10-31T10:12:55.232+0000] {logging_mixin.py:190} INFO - [2024-10-31T10:12:55.232+0000] {dagbag.py:588} INFO - Filling up the DagBag from /home/airflow/.local/lib/python3.12/site-packages/airflow/example_dags/example_python_decorator.py
[2024-10-31T10:12:55.251+0000] {processor.py:925} INFO - DAG(s) 'example_python_decorator' retrieved from /home/airflow/.local/lib/python3.12/site-packages/airflow/example_dags/example_python_decorator.py
[2024-10-31T10:12:55.410+0000] {logging_mixin.py:190} INFO - [2024-10-31T10:12:55.410+0000] {dag.py:3239} INFO - Sync 1 DAGs
[2024-10-31T10:12:55.428+0000] {logging_mixin.py:190} INFO - [2024-10-31T10:12:55.428+0000] {dag.py:4180} INFO - Setting next_dagrun for example_python_decorator to None, run_after=None
[2024-10-31T10:12:55.454+0000] {processor.py:208} INFO - Processing /home/airflow/.local/lib/python3.12/site-packages/airflow/example_dags/example_python_decorator.py took 0.233 seconds
[2024-10-31T10:13:55.268+0000] {processor.py:186} INFO - Started process (PID=144) to work on /home/airflow/.local/lib/python3.12/site-packages/airflow/example_dags/example_python_decorator.py
[2024-10-31T10:13:55.272+0000] {processor.py:914} INFO - Processing file /home/airflow/.local/lib/python3.12/site-packages/airflow/example_dags/example_python_decorator.py for tasks to queue
[2024-10-31T10:13:55.274+0000] {logging_mixin.py:190} INFO - [2024-10-31T10:13:55.273+0000] {dagbag.py:588} INFO - Filling up the DagBag from /home/airflow/.local/lib/python3.12/site-packages/airflow/example_dags/example_python_decorator.py
[2024-10-31T10:13:55.298+0000] {processor.py:925} INFO - DAG(s) 'example_python_decorator' retrieved from /home/airflow/.local/lib/python3.12/site-packages/airflow/example_dags/example_python_decorator.py
[2024-10-31T10:13:55.329+0000] {logging_mixin.py:190} INFO - [2024-10-31T10:13:55.329+0000] {dag.py:3239} INFO - Sync 1 DAGs
[2024-10-31T10:13:55.351+0000] {logging_mixin.py:190} INFO - [2024-10-31T10:13:55.351+0000] {dag.py:4180} INFO - Setting next_dagrun for example_python_decorator to None, run_after=None
[2024-10-31T10:13:55.384+0000] {processor.py:208} INFO - Processing /home/airflow/.local/lib/python3.12/site-packages/airflow/example_dags/example_python_decorator.py took 0.122 seconds
[2024-10-31T10:20:48.076+0000] {processor.py:186} INFO - Started process (PID=205) to work on /home/airflow/.local/lib/python3.12/site-packages/airflow/example_dags/example_python_decorator.py
[2024-10-31T10:20:48.110+0000] {processor.py:914} INFO - Processing file /home/airflow/.local/lib/python3.12/site-packages/airflow/example_dags/example_python_decorator.py for tasks to queue
[2024-10-31T10:20:48.145+0000] {logging_mixin.py:190} INFO - [2024-10-31T10:20:48.135+0000] {dagbag.py:588} INFO - Filling up the DagBag from /home/airflow/.local/lib/python3.12/site-packages/airflow/example_dags/example_python_decorator.py
[2024-10-31T10:20:48.478+0000] {processor.py:925} INFO - DAG(s) 'example_python_decorator' retrieved from /home/airflow/.local/lib/python3.12/site-packages/airflow/example_dags/example_python_decorator.py
[2024-10-31T10:20:48.851+0000] {logging_mixin.py:190} INFO - [2024-10-31T10:20:48.847+0000] {dag.py:3239} INFO - Sync 1 DAGs
[2024-10-31T10:20:49.099+0000] {logging_mixin.py:190} INFO - [2024-10-31T10:20:49.095+0000] {dag.py:4180} INFO - Setting next_dagrun for example_python_decorator to None, run_after=None
[2024-10-31T10:20:49.459+0000] {processor.py:208} INFO - Processing /home/airflow/.local/lib/python3.12/site-packages/airflow/example_dags/example_python_decorator.py took 1.491 seconds
[2024-10-31T10:44:06.875+0000] {processor.py:186} INFO - Started process (PID=138) to work on /home/airflow/.local/lib/python3.12/site-packages/airflow/example_dags/example_python_decorator.py
[2024-10-31T10:44:06.886+0000] {processor.py:914} INFO - Processing file /home/airflow/.local/lib/python3.12/site-packages/airflow/example_dags/example_python_decorator.py for tasks to queue
[2024-10-31T10:44:06.940+0000] {logging_mixin.py:190} INFO - [2024-10-31T10:44:06.928+0000] {dagbag.py:588} INFO - Filling up the DagBag from /home/airflow/.local/lib/python3.12/site-packages/airflow/example_dags/example_python_decorator.py
[2024-10-31T10:44:07.494+0000] {processor.py:925} INFO - DAG(s) 'example_python_decorator' retrieved from /home/airflow/.local/lib/python3.12/site-packages/airflow/example_dags/example_python_decorator.py
[2024-10-31T11:22:09.278+0000] {processor.py:186} INFO - Started process (PID=140) to work on /home/airflow/.local/lib/python3.12/site-packages/airflow/example_dags/example_python_decorator.py
[2024-10-31T11:22:09.299+0000] {processor.py:914} INFO - Processing file /home/airflow/.local/lib/python3.12/site-packages/airflow/example_dags/example_python_decorator.py for tasks to queue
[2024-10-31T11:22:09.351+0000] {logging_mixin.py:190} INFO - [2024-10-31T11:22:09.343+0000] {dagbag.py:588} INFO - Filling up the DagBag from /home/airflow/.local/lib/python3.12/site-packages/airflow/example_dags/example_python_decorator.py
[2024-10-31T11:22:09.787+0000] {processor.py:925} INFO - DAG(s) 'example_python_decorator' retrieved from /home/airflow/.local/lib/python3.12/site-packages/airflow/example_dags/example_python_decorator.py
[2024-10-31T11:22:13.513+0000] {logging_mixin.py:190} INFO - [2024-10-31T11:22:13.462+0000] {dag.py:3239} INFO - Sync 1 DAGs
[2024-10-31T11:22:13.934+0000] {logging_mixin.py:190} INFO - [2024-10-31T11:22:13.930+0000] {dag.py:4180} INFO - Setting next_dagrun for example_python_decorator to None, run_after=None
[2024-10-31T11:22:14.401+0000] {processor.py:208} INFO - Processing /home/airflow/.local/lib/python3.12/site-packages/airflow/example_dags/example_python_decorator.py took 5.219 seconds
[2024-10-31T11:53:50.812+0000] {processor.py:186} INFO - Started process (PID=189) to work on /home/airflow/.local/lib/python3.12/site-packages/airflow/example_dags/example_python_decorator.py
[2024-10-31T11:53:50.854+0000] {processor.py:914} INFO - Processing file /home/airflow/.local/lib/python3.12/site-packages/airflow/example_dags/example_python_decorator.py for tasks to queue
[2024-10-31T11:53:50.908+0000] {logging_mixin.py:190} INFO - [2024-10-31T11:53:50.905+0000] {dagbag.py:588} INFO - Filling up the DagBag from /home/airflow/.local/lib/python3.12/site-packages/airflow/example_dags/example_python_decorator.py
[2024-10-31T11:53:51.635+0000] {processor.py:925} INFO - DAG(s) 'example_python_decorator' retrieved from /home/airflow/.local/lib/python3.12/site-packages/airflow/example_dags/example_python_decorator.py
[2024-10-31T11:53:52.542+0000] {logging_mixin.py:190} INFO - [2024-10-31T11:53:52.527+0000] {dag.py:3239} INFO - Sync 1 DAGs
[2024-10-31T11:53:53.286+0000] {logging_mixin.py:190} INFO - [2024-10-31T11:53:53.268+0000] {dag.py:4180} INFO - Setting next_dagrun for example_python_decorator to None, run_after=None
[2024-10-31T11:53:53.764+0000] {processor.py:208} INFO - Processing /home/airflow/.local/lib/python3.12/site-packages/airflow/example_dags/example_python_decorator.py took 3.069 seconds
[2024-10-31T12:38:57.982+0000] {processor.py:186} INFO - Started process (PID=158) to work on /home/airflow/.local/lib/python3.12/site-packages/airflow/example_dags/example_python_decorator.py
[2024-10-31T12:38:57.986+0000] {processor.py:914} INFO - Processing file /home/airflow/.local/lib/python3.12/site-packages/airflow/example_dags/example_python_decorator.py for tasks to queue
[2024-10-31T12:38:57.990+0000] {logging_mixin.py:190} INFO - [2024-10-31T12:38:57.989+0000] {dagbag.py:588} INFO - Filling up the DagBag from /home/airflow/.local/lib/python3.12/site-packages/airflow/example_dags/example_python_decorator.py
[2024-10-31T12:38:58.013+0000] {processor.py:925} INFO - DAG(s) 'example_python_decorator' retrieved from /home/airflow/.local/lib/python3.12/site-packages/airflow/example_dags/example_python_decorator.py
[2024-10-31T12:38:58.300+0000] {logging_mixin.py:190} INFO - [2024-10-31T12:38:58.300+0000] {dag.py:3239} INFO - Sync 1 DAGs
[2024-10-31T12:38:58.321+0000] {logging_mixin.py:190} INFO - [2024-10-31T12:38:58.321+0000] {dag.py:4180} INFO - Setting next_dagrun for example_python_decorator to None, run_after=None
[2024-10-31T12:38:58.349+0000] {processor.py:208} INFO - Processing /home/airflow/.local/lib/python3.12/site-packages/airflow/example_dags/example_python_decorator.py took 0.374 seconds
[2024-10-31T12:39:28.640+0000] {processor.py:186} INFO - Started process (PID=220) to work on /home/airflow/.local/lib/python3.12/site-packages/airflow/example_dags/example_python_decorator.py
[2024-10-31T12:39:28.643+0000] {processor.py:914} INFO - Processing file /home/airflow/.local/lib/python3.12/site-packages/airflow/example_dags/example_python_decorator.py for tasks to queue
[2024-10-31T12:39:28.648+0000] {logging_mixin.py:190} INFO - [2024-10-31T12:39:28.647+0000] {dagbag.py:588} INFO - Filling up the DagBag from /home/airflow/.local/lib/python3.12/site-packages/airflow/example_dags/example_python_decorator.py
[2024-10-31T12:39:28.667+0000] {processor.py:925} INFO - DAG(s) 'example_python_decorator' retrieved from /home/airflow/.local/lib/python3.12/site-packages/airflow/example_dags/example_python_decorator.py
[2024-10-31T12:39:28.714+0000] {logging_mixin.py:190} INFO - [2024-10-31T12:39:28.714+0000] {dag.py:3239} INFO - Sync 1 DAGs
[2024-10-31T12:39:28.744+0000] {logging_mixin.py:190} INFO - [2024-10-31T12:39:28.743+0000] {dag.py:4180} INFO - Setting next_dagrun for example_python_decorator to None, run_after=None
[2024-10-31T12:39:28.777+0000] {processor.py:208} INFO - Processing /home/airflow/.local/lib/python3.12/site-packages/airflow/example_dags/example_python_decorator.py took 0.146 seconds
[2024-10-31T12:39:59.149+0000] {processor.py:186} INFO - Started process (PID=282) to work on /home/airflow/.local/lib/python3.12/site-packages/airflow/example_dags/example_python_decorator.py
[2024-10-31T12:39:59.150+0000] {processor.py:914} INFO - Processing file /home/airflow/.local/lib/python3.12/site-packages/airflow/example_dags/example_python_decorator.py for tasks to queue
[2024-10-31T12:39:59.155+0000] {logging_mixin.py:190} INFO - [2024-10-31T12:39:59.154+0000] {dagbag.py:588} INFO - Filling up the DagBag from /home/airflow/.local/lib/python3.12/site-packages/airflow/example_dags/example_python_decorator.py
[2024-10-31T12:39:59.179+0000] {processor.py:925} INFO - DAG(s) 'example_python_decorator' retrieved from /home/airflow/.local/lib/python3.12/site-packages/airflow/example_dags/example_python_decorator.py
[2024-10-31T12:39:59.211+0000] {logging_mixin.py:190} INFO - [2024-10-31T12:39:59.210+0000] {dag.py:3239} INFO - Sync 1 DAGs
[2024-10-31T12:39:59.234+0000] {logging_mixin.py:190} INFO - [2024-10-31T12:39:59.233+0000] {dag.py:4180} INFO - Setting next_dagrun for example_python_decorator to None, run_after=None
[2024-10-31T12:39:59.266+0000] {processor.py:208} INFO - Processing /home/airflow/.local/lib/python3.12/site-packages/airflow/example_dags/example_python_decorator.py took 0.124 seconds
[2024-10-31T12:40:30.230+0000] {processor.py:186} INFO - Started process (PID=344) to work on /home/airflow/.local/lib/python3.12/site-packages/airflow/example_dags/example_python_decorator.py
[2024-10-31T12:40:30.234+0000] {processor.py:914} INFO - Processing file /home/airflow/.local/lib/python3.12/site-packages/airflow/example_dags/example_python_decorator.py for tasks to queue
[2024-10-31T12:40:30.238+0000] {logging_mixin.py:190} INFO - [2024-10-31T12:40:30.238+0000] {dagbag.py:588} INFO - Filling up the DagBag from /home/airflow/.local/lib/python3.12/site-packages/airflow/example_dags/example_python_decorator.py
[2024-10-31T12:40:30.264+0000] {processor.py:925} INFO - DAG(s) 'example_python_decorator' retrieved from /home/airflow/.local/lib/python3.12/site-packages/airflow/example_dags/example_python_decorator.py
[2024-10-31T12:40:30.301+0000] {logging_mixin.py:190} INFO - [2024-10-31T12:40:30.301+0000] {dag.py:3239} INFO - Sync 1 DAGs
[2024-10-31T12:40:30.324+0000] {logging_mixin.py:190} INFO - [2024-10-31T12:40:30.324+0000] {dag.py:4180} INFO - Setting next_dagrun for example_python_decorator to None, run_after=None
[2024-10-31T12:40:30.356+0000] {processor.py:208} INFO - Processing /home/airflow/.local/lib/python3.12/site-packages/airflow/example_dags/example_python_decorator.py took 0.134 seconds
[2024-10-31T12:43:56.235+0000] {processor.py:186} INFO - Started process (PID=406) to work on /home/airflow/.local/lib/python3.12/site-packages/airflow/example_dags/example_python_decorator.py
[2024-10-31T12:43:56.240+0000] {processor.py:914} INFO - Processing file /home/airflow/.local/lib/python3.12/site-packages/airflow/example_dags/example_python_decorator.py for tasks to queue
[2024-10-31T12:43:56.244+0000] {logging_mixin.py:190} INFO - [2024-10-31T12:43:56.244+0000] {dagbag.py:588} INFO - Filling up the DagBag from /home/airflow/.local/lib/python3.12/site-packages/airflow/example_dags/example_python_decorator.py
[2024-10-31T12:43:56.277+0000] {processor.py:925} INFO - DAG(s) 'example_python_decorator' retrieved from /home/airflow/.local/lib/python3.12/site-packages/airflow/example_dags/example_python_decorator.py
[2024-10-31T12:43:56.319+0000] {logging_mixin.py:190} INFO - [2024-10-31T12:43:56.319+0000] {dag.py:3239} INFO - Sync 1 DAGs
[2024-10-31T12:43:56.345+0000] {logging_mixin.py:190} INFO - [2024-10-31T12:43:56.345+0000] {dag.py:4180} INFO - Setting next_dagrun for example_python_decorator to None, run_after=None
[2024-10-31T12:43:56.380+0000] {processor.py:208} INFO - Processing /home/airflow/.local/lib/python3.12/site-packages/airflow/example_dags/example_python_decorator.py took 0.154 seconds
[2024-10-31T12:44:28.369+0000] {processor.py:186} INFO - Started process (PID=467) to work on /home/airflow/.local/lib/python3.12/site-packages/airflow/example_dags/example_python_decorator.py
[2024-10-31T12:44:28.370+0000] {processor.py:914} INFO - Processing file /home/airflow/.local/lib/python3.12/site-packages/airflow/example_dags/example_python_decorator.py for tasks to queue
[2024-10-31T12:44:28.376+0000] {logging_mixin.py:190} INFO - [2024-10-31T12:44:28.376+0000] {dagbag.py:588} INFO - Filling up the DagBag from /home/airflow/.local/lib/python3.12/site-packages/airflow/example_dags/example_python_decorator.py
[2024-10-31T12:44:28.404+0000] {processor.py:925} INFO - DAG(s) 'example_python_decorator' retrieved from /home/airflow/.local/lib/python3.12/site-packages/airflow/example_dags/example_python_decorator.py
[2024-10-31T12:44:28.454+0000] {logging_mixin.py:190} INFO - [2024-10-31T12:44:28.454+0000] {dag.py:3239} INFO - Sync 1 DAGs
[2024-10-31T12:44:28.485+0000] {logging_mixin.py:190} INFO - [2024-10-31T12:44:28.485+0000] {dag.py:4180} INFO - Setting next_dagrun for example_python_decorator to None, run_after=None
[2024-10-31T12:44:28.523+0000] {processor.py:208} INFO - Processing /home/airflow/.local/lib/python3.12/site-packages/airflow/example_dags/example_python_decorator.py took 0.163 seconds
[2024-10-31T12:57:24.891+0000] {processor.py:186} INFO - Started process (PID=74) to work on /home/airflow/.local/lib/python3.12/site-packages/airflow/example_dags/example_python_decorator.py
[2024-10-31T12:57:24.893+0000] {processor.py:914} INFO - Processing file /home/airflow/.local/lib/python3.12/site-packages/airflow/example_dags/example_python_decorator.py for tasks to queue
[2024-10-31T12:57:24.897+0000] {logging_mixin.py:190} INFO - [2024-10-31T12:57:24.897+0000] {dagbag.py:588} INFO - Filling up the DagBag from /home/airflow/.local/lib/python3.12/site-packages/airflow/example_dags/example_python_decorator.py
[2024-10-31T12:57:24.921+0000] {processor.py:925} INFO - DAG(s) 'example_python_decorator' retrieved from /home/airflow/.local/lib/python3.12/site-packages/airflow/example_dags/example_python_decorator.py
[2024-10-31T12:57:25.102+0000] {logging_mixin.py:190} INFO - [2024-10-31T12:57:25.102+0000] {dag.py:3239} INFO - Sync 1 DAGs
[2024-10-31T12:57:25.119+0000] {logging_mixin.py:190} INFO - [2024-10-31T12:57:25.118+0000] {dag.py:4180} INFO - Setting next_dagrun for example_python_decorator to None, run_after=None
[2024-10-31T12:57:25.145+0000] {processor.py:208} INFO - Processing /home/airflow/.local/lib/python3.12/site-packages/airflow/example_dags/example_python_decorator.py took 0.263 seconds
[2024-10-31T12:58:12.227+0000] {processor.py:186} INFO - Started process (PID=136) to work on /home/airflow/.local/lib/python3.12/site-packages/airflow/example_dags/example_python_decorator.py
[2024-10-31T12:58:12.228+0000] {processor.py:914} INFO - Processing file /home/airflow/.local/lib/python3.12/site-packages/airflow/example_dags/example_python_decorator.py for tasks to queue
[2024-10-31T12:58:12.231+0000] {logging_mixin.py:190} INFO - [2024-10-31T12:58:12.231+0000] {dagbag.py:588} INFO - Filling up the DagBag from /home/airflow/.local/lib/python3.12/site-packages/airflow/example_dags/example_python_decorator.py
[2024-10-31T12:58:12.250+0000] {processor.py:925} INFO - DAG(s) 'example_python_decorator' retrieved from /home/airflow/.local/lib/python3.12/site-packages/airflow/example_dags/example_python_decorator.py
[2024-10-31T12:58:12.283+0000] {logging_mixin.py:190} INFO - [2024-10-31T12:58:12.282+0000] {dag.py:3239} INFO - Sync 1 DAGs
[2024-10-31T12:58:12.302+0000] {logging_mixin.py:190} INFO - [2024-10-31T12:58:12.302+0000] {dag.py:4180} INFO - Setting next_dagrun for example_python_decorator to None, run_after=None
[2024-10-31T12:58:12.327+0000] {processor.py:208} INFO - Processing /home/airflow/.local/lib/python3.12/site-packages/airflow/example_dags/example_python_decorator.py took 0.105 seconds
[2024-10-31T12:58:42.746+0000] {processor.py:186} INFO - Started process (PID=198) to work on /home/airflow/.local/lib/python3.12/site-packages/airflow/example_dags/example_python_decorator.py
[2024-10-31T12:58:42.748+0000] {processor.py:914} INFO - Processing file /home/airflow/.local/lib/python3.12/site-packages/airflow/example_dags/example_python_decorator.py for tasks to queue
[2024-10-31T12:58:42.750+0000] {logging_mixin.py:190} INFO - [2024-10-31T12:58:42.750+0000] {dagbag.py:588} INFO - Filling up the DagBag from /home/airflow/.local/lib/python3.12/site-packages/airflow/example_dags/example_python_decorator.py
[2024-10-31T12:58:42.768+0000] {processor.py:925} INFO - DAG(s) 'example_python_decorator' retrieved from /home/airflow/.local/lib/python3.12/site-packages/airflow/example_dags/example_python_decorator.py
[2024-10-31T12:58:42.790+0000] {logging_mixin.py:190} INFO - [2024-10-31T12:58:42.790+0000] {dag.py:3239} INFO - Sync 1 DAGs
[2024-10-31T12:58:42.805+0000] {logging_mixin.py:190} INFO - [2024-10-31T12:58:42.805+0000] {dag.py:4180} INFO - Setting next_dagrun for example_python_decorator to None, run_after=None
[2024-10-31T12:58:42.825+0000] {processor.py:208} INFO - Processing /home/airflow/.local/lib/python3.12/site-packages/airflow/example_dags/example_python_decorator.py took 0.084 seconds
[2024-10-31T12:59:13.255+0000] {processor.py:186} INFO - Started process (PID=260) to work on /home/airflow/.local/lib/python3.12/site-packages/airflow/example_dags/example_python_decorator.py
[2024-10-31T12:59:13.257+0000] {processor.py:914} INFO - Processing file /home/airflow/.local/lib/python3.12/site-packages/airflow/example_dags/example_python_decorator.py for tasks to queue
[2024-10-31T12:59:13.260+0000] {logging_mixin.py:190} INFO - [2024-10-31T12:59:13.260+0000] {dagbag.py:588} INFO - Filling up the DagBag from /home/airflow/.local/lib/python3.12/site-packages/airflow/example_dags/example_python_decorator.py
[2024-10-31T12:59:13.282+0000] {processor.py:925} INFO - DAG(s) 'example_python_decorator' retrieved from /home/airflow/.local/lib/python3.12/site-packages/airflow/example_dags/example_python_decorator.py
[2024-10-31T12:59:13.313+0000] {logging_mixin.py:190} INFO - [2024-10-31T12:59:13.313+0000] {dag.py:3239} INFO - Sync 1 DAGs
[2024-10-31T12:59:13.340+0000] {logging_mixin.py:190} INFO - [2024-10-31T12:59:13.340+0000] {dag.py:4180} INFO - Setting next_dagrun for example_python_decorator to None, run_after=None
[2024-10-31T12:59:13.368+0000] {processor.py:208} INFO - Processing /home/airflow/.local/lib/python3.12/site-packages/airflow/example_dags/example_python_decorator.py took 0.121 seconds
[2024-10-31T13:01:36.371+0000] {processor.py:186} INFO - Started process (PID=322) to work on /home/airflow/.local/lib/python3.12/site-packages/airflow/example_dags/example_python_decorator.py
[2024-10-31T13:01:36.374+0000] {processor.py:914} INFO - Processing file /home/airflow/.local/lib/python3.12/site-packages/airflow/example_dags/example_python_decorator.py for tasks to queue
[2024-10-31T13:01:36.378+0000] {logging_mixin.py:190} INFO - [2024-10-31T13:01:36.377+0000] {dagbag.py:588} INFO - Filling up the DagBag from /home/airflow/.local/lib/python3.12/site-packages/airflow/example_dags/example_python_decorator.py
[2024-10-31T13:01:36.404+0000] {processor.py:925} INFO - DAG(s) 'example_python_decorator' retrieved from /home/airflow/.local/lib/python3.12/site-packages/airflow/example_dags/example_python_decorator.py
[2024-10-31T13:01:36.438+0000] {logging_mixin.py:190} INFO - [2024-10-31T13:01:36.437+0000] {dag.py:3239} INFO - Sync 1 DAGs
[2024-10-31T13:01:36.465+0000] {logging_mixin.py:190} INFO - [2024-10-31T13:01:36.465+0000] {dag.py:4180} INFO - Setting next_dagrun for example_python_decorator to None, run_after=None
[2024-10-31T13:01:36.497+0000] {processor.py:208} INFO - Processing /home/airflow/.local/lib/python3.12/site-packages/airflow/example_dags/example_python_decorator.py took 0.138 seconds
[2024-10-31T13:02:16.976+0000] {processor.py:186} INFO - Started process (PID=390) to work on /home/airflow/.local/lib/python3.12/site-packages/airflow/example_dags/example_python_decorator.py
[2024-10-31T13:02:16.979+0000] {processor.py:914} INFO - Processing file /home/airflow/.local/lib/python3.12/site-packages/airflow/example_dags/example_python_decorator.py for tasks to queue
[2024-10-31T13:02:16.984+0000] {logging_mixin.py:190} INFO - [2024-10-31T13:02:16.983+0000] {dagbag.py:588} INFO - Filling up the DagBag from /home/airflow/.local/lib/python3.12/site-packages/airflow/example_dags/example_python_decorator.py
[2024-10-31T13:02:17.020+0000] {processor.py:925} INFO - DAG(s) 'example_python_decorator' retrieved from /home/airflow/.local/lib/python3.12/site-packages/airflow/example_dags/example_python_decorator.py
[2024-10-31T13:02:17.054+0000] {logging_mixin.py:190} INFO - [2024-10-31T13:02:17.053+0000] {dag.py:3239} INFO - Sync 1 DAGs
[2024-10-31T13:02:17.084+0000] {logging_mixin.py:190} INFO - [2024-10-31T13:02:17.084+0000] {dag.py:4180} INFO - Setting next_dagrun for example_python_decorator to None, run_after=None
[2024-10-31T13:02:17.120+0000] {processor.py:208} INFO - Processing /home/airflow/.local/lib/python3.12/site-packages/airflow/example_dags/example_python_decorator.py took 0.154 seconds
[2024-10-31T13:02:54.356+0000] {processor.py:186} INFO - Started process (PID=453) to work on /home/airflow/.local/lib/python3.12/site-packages/airflow/example_dags/example_python_decorator.py
[2024-10-31T13:02:54.358+0000] {processor.py:914} INFO - Processing file /home/airflow/.local/lib/python3.12/site-packages/airflow/example_dags/example_python_decorator.py for tasks to queue
[2024-10-31T13:02:54.362+0000] {logging_mixin.py:190} INFO - [2024-10-31T13:02:54.362+0000] {dagbag.py:588} INFO - Filling up the DagBag from /home/airflow/.local/lib/python3.12/site-packages/airflow/example_dags/example_python_decorator.py
[2024-10-31T13:02:54.386+0000] {processor.py:925} INFO - DAG(s) 'example_python_decorator' retrieved from /home/airflow/.local/lib/python3.12/site-packages/airflow/example_dags/example_python_decorator.py
[2024-10-31T13:02:54.424+0000] {logging_mixin.py:190} INFO - [2024-10-31T13:02:54.423+0000] {dag.py:3239} INFO - Sync 1 DAGs
[2024-10-31T13:02:54.448+0000] {logging_mixin.py:190} INFO - [2024-10-31T13:02:54.447+0000] {dag.py:4180} INFO - Setting next_dagrun for example_python_decorator to None, run_after=None
[2024-10-31T13:02:54.482+0000] {processor.py:208} INFO - Processing /home/airflow/.local/lib/python3.12/site-packages/airflow/example_dags/example_python_decorator.py took 0.134 seconds
[2024-10-31T13:04:27.965+0000] {processor.py:186} INFO - Started process (PID=519) to work on /home/airflow/.local/lib/python3.12/site-packages/airflow/example_dags/example_python_decorator.py
[2024-10-31T13:04:28.005+0000] {processor.py:914} INFO - Processing file /home/airflow/.local/lib/python3.12/site-packages/airflow/example_dags/example_python_decorator.py for tasks to queue
[2024-10-31T13:04:28.085+0000] {logging_mixin.py:190} INFO - [2024-10-31T13:04:28.070+0000] {dagbag.py:588} INFO - Filling up the DagBag from /home/airflow/.local/lib/python3.12/site-packages/airflow/example_dags/example_python_decorator.py
[2024-10-31T13:04:28.925+0000] {processor.py:925} INFO - DAG(s) 'example_python_decorator' retrieved from /home/airflow/.local/lib/python3.12/site-packages/airflow/example_dags/example_python_decorator.py
[2024-10-31T13:04:30.184+0000] {logging_mixin.py:190} INFO - [2024-10-31T13:04:30.154+0000] {dag.py:3239} INFO - Sync 1 DAGs
[2024-10-31T13:04:30.683+0000] {logging_mixin.py:190} INFO - [2024-10-31T13:04:30.682+0000] {dag.py:4180} INFO - Setting next_dagrun for example_python_decorator to None, run_after=None
[2024-10-31T13:04:30.779+0000] {processor.py:208} INFO - Processing /home/airflow/.local/lib/python3.12/site-packages/airflow/example_dags/example_python_decorator.py took 3.037 seconds
