[2024-10-31T09:57:22.660+0000] {processor.py:186} INFO - Started process (PID=252) to work on /home/airflow/.local/lib/python3.12/site-packages/airflow/example_dags/example_xcom.py
[2024-10-31T09:57:22.686+0000] {processor.py:914} INFO - Processing file /home/airflow/.local/lib/python3.12/site-packages/airflow/example_dags/example_xcom.py for tasks to queue
[2024-10-31T09:57:22.767+0000] {logging_mixin.py:190} INFO - [2024-10-31T09:57:22.749+0000] {dagbag.py:588} INFO - Filling up the DagBag from /home/airflow/.local/lib/python3.12/site-packages/airflow/example_dags/example_xcom.py
[2024-10-31T09:57:23.366+0000] {processor.py:925} INFO - DAG(s) 'example_xcom' retrieved from /home/airflow/.local/lib/python3.12/site-packages/airflow/example_dags/example_xcom.py
[2024-10-31T09:57:27.261+0000] {logging_mixin.py:190} INFO - [2024-10-31T09:57:27.225+0000] {override.py:1900} INFO - Created Permission View: can read on DAG:example_xcom
[2024-10-31T09:57:27.678+0000] {logging_mixin.py:190} INFO - [2024-10-31T09:57:27.648+0000] {override.py:1900} INFO - Created Permission View: can edit on DAG:example_xcom
[2024-10-31T09:57:27.861+0000] {logging_mixin.py:190} INFO - [2024-10-31T09:57:27.858+0000] {override.py:1900} INFO - Created Permission View: can delete on DAG:example_xcom
[2024-10-31T09:57:27.999+0000] {logging_mixin.py:190} INFO - [2024-10-31T09:57:27.996+0000] {override.py:1900} INFO - Created Permission View: can read on DAG Run:example_xcom
[2024-10-31T09:57:28.129+0000] {logging_mixin.py:190} INFO - [2024-10-31T09:57:28.123+0000] {override.py:1900} INFO - Created Permission View: menu access on DAG Run:example_xcom
[2024-10-31T09:57:28.254+0000] {logging_mixin.py:190} INFO - [2024-10-31T09:57:28.251+0000] {override.py:1900} INFO - Created Permission View: can delete on DAG Run:example_xcom
[2024-10-31T09:57:28.367+0000] {logging_mixin.py:190} INFO - [2024-10-31T09:57:28.361+0000] {override.py:1900} INFO - Created Permission View: can create on DAG Run:example_xcom
[2024-10-31T09:57:28.382+0000] {logging_mixin.py:190} INFO - [2024-10-31T09:57:28.375+0000] {dag.py:3239} INFO - Sync 1 DAGs
[2024-10-31T09:57:28.981+0000] {logging_mixin.py:190} INFO - [2024-10-31T09:57:28.948+0000] {dag.py:3262} INFO - Creating ORM DAG for example_xcom
[2024-10-31T09:57:29.538+0000] {logging_mixin.py:190} INFO - [2024-10-31T09:57:29.536+0000] {dag.py:4180} INFO - Setting next_dagrun for example_xcom to 2021-01-01 00:00:00+00:00, run_after=2021-01-01 00:00:00+00:00
[2024-10-31T09:57:30.222+0000] {processor.py:208} INFO - Processing /home/airflow/.local/lib/python3.12/site-packages/airflow/example_dags/example_xcom.py took 7.688 seconds
[2024-10-31T10:01:46.672+0000] {processor.py:186} INFO - Started process (PID=356) to work on /home/airflow/.local/lib/python3.12/site-packages/airflow/example_dags/example_xcom.py
[2024-10-31T10:01:46.689+0000] {processor.py:914} INFO - Processing file /home/airflow/.local/lib/python3.12/site-packages/airflow/example_dags/example_xcom.py for tasks to queue
[2024-10-31T10:01:46.760+0000] {logging_mixin.py:190} INFO - [2024-10-31T10:01:46.738+0000] {dagbag.py:588} INFO - Filling up the DagBag from /home/airflow/.local/lib/python3.12/site-packages/airflow/example_dags/example_xcom.py
[2024-10-31T10:01:47.280+0000] {processor.py:925} INFO - DAG(s) 'example_xcom' retrieved from /home/airflow/.local/lib/python3.12/site-packages/airflow/example_dags/example_xcom.py
[2024-10-31T10:01:47.862+0000] {logging_mixin.py:190} INFO - [2024-10-31T10:01:47.860+0000] {dag.py:3239} INFO - Sync 1 DAGs
[2024-10-31T10:01:48.354+0000] {logging_mixin.py:190} INFO - [2024-10-31T10:01:48.351+0000] {dag.py:4180} INFO - Setting next_dagrun for example_xcom to 2021-01-01 00:00:00+00:00, run_after=2021-01-01 00:00:00+00:00
[2024-10-31T10:01:48.799+0000] {processor.py:208} INFO - Processing /home/airflow/.local/lib/python3.12/site-packages/airflow/example_dags/example_xcom.py took 2.319 seconds
[2024-10-31T10:03:31.086+0000] {processor.py:186} INFO - Started process (PID=418) to work on /home/airflow/.local/lib/python3.12/site-packages/airflow/example_dags/example_xcom.py
[2024-10-31T10:03:31.166+0000] {processor.py:914} INFO - Processing file /home/airflow/.local/lib/python3.12/site-packages/airflow/example_dags/example_xcom.py for tasks to queue
[2024-10-31T10:03:31.280+0000] {logging_mixin.py:190} INFO - [2024-10-31T10:03:31.261+0000] {dagbag.py:588} INFO - Filling up the DagBag from /home/airflow/.local/lib/python3.12/site-packages/airflow/example_dags/example_xcom.py
[2024-10-31T10:03:31.480+0000] {processor.py:925} INFO - DAG(s) 'example_xcom' retrieved from /home/airflow/.local/lib/python3.12/site-packages/airflow/example_dags/example_xcom.py
[2024-10-31T10:03:32.457+0000] {logging_mixin.py:190} INFO - [2024-10-31T10:03:32.454+0000] {dag.py:3239} INFO - Sync 1 DAGs
[2024-10-31T10:03:34.018+0000] {logging_mixin.py:190} INFO - [2024-10-31T10:03:34.015+0000] {dag.py:4180} INFO - Setting next_dagrun for example_xcom to 2021-01-01 00:00:00+00:00, run_after=2021-01-01 00:00:00+00:00
[2024-10-31T10:03:34.716+0000] {processor.py:208} INFO - Processing /home/airflow/.local/lib/python3.12/site-packages/airflow/example_dags/example_xcom.py took 3.810 seconds
[2024-10-31T10:12:56.293+0000] {processor.py:186} INFO - Started process (PID=87) to work on /home/airflow/.local/lib/python3.12/site-packages/airflow/example_dags/example_xcom.py
[2024-10-31T10:12:56.295+0000] {processor.py:914} INFO - Processing file /home/airflow/.local/lib/python3.12/site-packages/airflow/example_dags/example_xcom.py for tasks to queue
[2024-10-31T10:12:56.299+0000] {logging_mixin.py:190} INFO - [2024-10-31T10:12:56.298+0000] {dagbag.py:588} INFO - Filling up the DagBag from /home/airflow/.local/lib/python3.12/site-packages/airflow/example_dags/example_xcom.py
[2024-10-31T10:12:56.321+0000] {processor.py:925} INFO - DAG(s) 'example_xcom' retrieved from /home/airflow/.local/lib/python3.12/site-packages/airflow/example_dags/example_xcom.py
[2024-10-31T10:12:56.396+0000] {logging_mixin.py:190} INFO - [2024-10-31T10:12:56.396+0000] {dag.py:3239} INFO - Sync 1 DAGs
[2024-10-31T10:12:56.454+0000] {logging_mixin.py:190} INFO - [2024-10-31T10:12:56.453+0000] {dag.py:4180} INFO - Setting next_dagrun for example_xcom to 2021-01-01 00:00:00+00:00, run_after=2021-01-01 00:00:00+00:00
[2024-10-31T10:12:56.489+0000] {processor.py:208} INFO - Processing /home/airflow/.local/lib/python3.12/site-packages/airflow/example_dags/example_xcom.py took 0.213 seconds
[2024-10-31T10:13:56.265+0000] {processor.py:186} INFO - Started process (PID=151) to work on /home/airflow/.local/lib/python3.12/site-packages/airflow/example_dags/example_xcom.py
[2024-10-31T10:13:56.267+0000] {processor.py:914} INFO - Processing file /home/airflow/.local/lib/python3.12/site-packages/airflow/example_dags/example_xcom.py for tasks to queue
[2024-10-31T10:13:56.270+0000] {logging_mixin.py:190} INFO - [2024-10-31T10:13:56.269+0000] {dagbag.py:588} INFO - Filling up the DagBag from /home/airflow/.local/lib/python3.12/site-packages/airflow/example_dags/example_xcom.py
[2024-10-31T10:13:56.285+0000] {processor.py:925} INFO - DAG(s) 'example_xcom' retrieved from /home/airflow/.local/lib/python3.12/site-packages/airflow/example_dags/example_xcom.py
[2024-10-31T10:13:56.313+0000] {logging_mixin.py:190} INFO - [2024-10-31T10:13:56.313+0000] {dag.py:3239} INFO - Sync 1 DAGs
[2024-10-31T10:13:56.347+0000] {logging_mixin.py:190} INFO - [2024-10-31T10:13:56.347+0000] {dag.py:4180} INFO - Setting next_dagrun for example_xcom to 2021-01-01 00:00:00+00:00, run_after=2021-01-01 00:00:00+00:00
[2024-10-31T10:13:56.373+0000] {processor.py:208} INFO - Processing /home/airflow/.local/lib/python3.12/site-packages/airflow/example_dags/example_xcom.py took 0.115 seconds
[2024-10-31T10:20:58.988+0000] {processor.py:186} INFO - Started process (PID=212) to work on /home/airflow/.local/lib/python3.12/site-packages/airflow/example_dags/example_xcom.py
[2024-10-31T10:20:59.006+0000] {processor.py:914} INFO - Processing file /home/airflow/.local/lib/python3.12/site-packages/airflow/example_dags/example_xcom.py for tasks to queue
[2024-10-31T10:20:59.042+0000] {logging_mixin.py:190} INFO - [2024-10-31T10:20:59.039+0000] {dagbag.py:588} INFO - Filling up the DagBag from /home/airflow/.local/lib/python3.12/site-packages/airflow/example_dags/example_xcom.py
[2024-10-31T10:20:59.212+0000] {processor.py:925} INFO - DAG(s) 'example_xcom' retrieved from /home/airflow/.local/lib/python3.12/site-packages/airflow/example_dags/example_xcom.py
[2024-10-31T10:20:59.521+0000] {logging_mixin.py:190} INFO - [2024-10-31T10:20:59.518+0000] {dag.py:3239} INFO - Sync 1 DAGs
[2024-10-31T10:21:00.008+0000] {logging_mixin.py:190} INFO - [2024-10-31T10:21:00.005+0000] {dag.py:4180} INFO - Setting next_dagrun for example_xcom to 2021-01-01 00:00:00+00:00, run_after=2021-01-01 00:00:00+00:00
[2024-10-31T10:21:00.370+0000] {processor.py:208} INFO - Processing /home/airflow/.local/lib/python3.12/site-packages/airflow/example_dags/example_xcom.py took 1.445 seconds
[2024-10-31T11:25:26.237+0000] {processor.py:186} INFO - Started process (PID=153) to work on /home/airflow/.local/lib/python3.12/site-packages/airflow/example_dags/example_xcom.py
[2024-10-31T11:25:26.820+0000] {processor.py:914} INFO - Processing file /home/airflow/.local/lib/python3.12/site-packages/airflow/example_dags/example_xcom.py for tasks to queue
[2024-10-31T11:25:28.541+0000] {logging_mixin.py:190} INFO - [2024-10-31T11:25:28.427+0000] {dagbag.py:588} INFO - Filling up the DagBag from /home/airflow/.local/lib/python3.12/site-packages/airflow/example_dags/example_xcom.py
[2024-10-31T11:25:35.301+0000] {processor.py:925} INFO - DAG(s) 'example_xcom' retrieved from /home/airflow/.local/lib/python3.12/site-packages/airflow/example_dags/example_xcom.py
[2024-10-31T11:54:19.097+0000] {processor.py:186} INFO - Started process (PID=202) to work on /home/airflow/.local/lib/python3.12/site-packages/airflow/example_dags/example_xcom.py
[2024-10-31T11:54:19.257+0000] {processor.py:914} INFO - Processing file /home/airflow/.local/lib/python3.12/site-packages/airflow/example_dags/example_xcom.py for tasks to queue
[2024-10-31T11:54:19.392+0000] {logging_mixin.py:190} INFO - [2024-10-31T11:54:19.389+0000] {dagbag.py:588} INFO - Filling up the DagBag from /home/airflow/.local/lib/python3.12/site-packages/airflow/example_dags/example_xcom.py
[2024-10-31T11:54:20.028+0000] {processor.py:925} INFO - DAG(s) 'example_xcom' retrieved from /home/airflow/.local/lib/python3.12/site-packages/airflow/example_dags/example_xcom.py
[2024-10-31T11:54:21.374+0000] {logging_mixin.py:190} INFO - [2024-10-31T11:54:21.339+0000] {dag.py:3239} INFO - Sync 1 DAGs
[2024-10-31T11:54:22.201+0000] {logging_mixin.py:190} INFO - [2024-10-31T11:54:22.192+0000] {dag.py:4180} INFO - Setting next_dagrun for example_xcom to 2021-01-01 00:00:00+00:00, run_after=2021-01-01 00:00:00+00:00
[2024-10-31T11:54:22.933+0000] {processor.py:208} INFO - Processing /home/airflow/.local/lib/python3.12/site-packages/airflow/example_dags/example_xcom.py took 4.058 seconds
