[2024-10-31T09:59:03.648+0000] {processor.py:186} INFO - Started process (PID=280) to work on /home/airflow/.local/lib/python3.12/site-packages/airflow/example_dags/tutorial_objectstorage.py
[2024-10-31T09:59:03.680+0000] {processor.py:914} INFO - Processing file /home/airflow/.local/lib/python3.12/site-packages/airflow/example_dags/tutorial_objectstorage.py for tasks to queue
[2024-10-31T09:59:03.821+0000] {logging_mixin.py:190} INFO - [2024-10-31T09:59:03.799+0000] {dagbag.py:588} INFO - Filling up the DagBag from /home/airflow/.local/lib/python3.12/site-packages/airflow/example_dags/tutorial_objectstorage.py
[2024-10-31T09:59:04.622+0000] {processor.py:925} INFO - DAG(s) 'tutorial_objectstorage' retrieved from /home/airflow/.local/lib/python3.12/site-packages/airflow/example_dags/tutorial_objectstorage.py
[2024-10-31T09:59:07.486+0000] {logging_mixin.py:190} INFO - [2024-10-31T09:59:07.476+0000] {override.py:1900} INFO - Created Permission View: can read on DAG:tutorial_objectstorage
[2024-10-31T09:59:07.719+0000] {logging_mixin.py:190} INFO - [2024-10-31T09:59:07.711+0000] {override.py:1900} INFO - Created Permission View: can edit on DAG:tutorial_objectstorage
[2024-10-31T09:59:07.853+0000] {logging_mixin.py:190} INFO - [2024-10-31T09:59:07.850+0000] {override.py:1900} INFO - Created Permission View: can delete on DAG:tutorial_objectstorage
[2024-10-31T09:59:08.094+0000] {logging_mixin.py:190} INFO - [2024-10-31T09:59:08.077+0000] {override.py:1900} INFO - Created Permission View: can read on DAG Run:tutorial_objectstorage
[2024-10-31T09:59:08.347+0000] {logging_mixin.py:190} INFO - [2024-10-31T09:59:08.344+0000] {override.py:1900} INFO - Created Permission View: menu access on DAG Run:tutorial_objectstorage
[2024-10-31T09:59:08.644+0000] {logging_mixin.py:190} INFO - [2024-10-31T09:59:08.613+0000] {override.py:1900} INFO - Created Permission View: can delete on DAG Run:tutorial_objectstorage
[2024-10-31T09:59:08.876+0000] {logging_mixin.py:190} INFO - [2024-10-31T09:59:08.867+0000] {override.py:1900} INFO - Created Permission View: can create on DAG Run:tutorial_objectstorage
[2024-10-31T09:59:08.946+0000] {logging_mixin.py:190} INFO - [2024-10-31T09:59:08.930+0000] {dag.py:3239} INFO - Sync 1 DAGs
[2024-10-31T09:59:09.779+0000] {logging_mixin.py:190} INFO - [2024-10-31T09:59:09.765+0000] {dag.py:3262} INFO - Creating ORM DAG for tutorial_objectstorage
[2024-10-31T09:59:09.841+0000] {logging_mixin.py:190} INFO - [2024-10-31T09:59:09.838+0000] {dag.py:4180} INFO - Setting next_dagrun for tutorial_objectstorage to None, run_after=None
[2024-10-31T09:59:10.537+0000] {processor.py:208} INFO - Processing /home/airflow/.local/lib/python3.12/site-packages/airflow/example_dags/tutorial_objectstorage.py took 6.977 seconds
[2024-10-31T10:02:06.437+0000] {processor.py:186} INFO - Started process (PID=372) to work on /home/airflow/.local/lib/python3.12/site-packages/airflow/example_dags/tutorial_objectstorage.py
[2024-10-31T10:02:06.461+0000] {processor.py:914} INFO - Processing file /home/airflow/.local/lib/python3.12/site-packages/airflow/example_dags/tutorial_objectstorage.py for tasks to queue
[2024-10-31T10:02:06.537+0000] {logging_mixin.py:190} INFO - [2024-10-31T10:02:06.533+0000] {dagbag.py:588} INFO - Filling up the DagBag from /home/airflow/.local/lib/python3.12/site-packages/airflow/example_dags/tutorial_objectstorage.py
[2024-10-31T10:02:06.707+0000] {processor.py:925} INFO - DAG(s) 'tutorial_objectstorage' retrieved from /home/airflow/.local/lib/python3.12/site-packages/airflow/example_dags/tutorial_objectstorage.py
[2024-10-31T10:02:07.203+0000] {logging_mixin.py:190} INFO - [2024-10-31T10:02:07.201+0000] {dag.py:3239} INFO - Sync 1 DAGs
[2024-10-31T10:02:07.805+0000] {logging_mixin.py:190} INFO - [2024-10-31T10:02:07.803+0000] {dag.py:4180} INFO - Setting next_dagrun for tutorial_objectstorage to None, run_after=None
[2024-10-31T10:02:08.291+0000] {processor.py:208} INFO - Processing /home/airflow/.local/lib/python3.12/site-packages/airflow/example_dags/tutorial_objectstorage.py took 2.004 seconds
[2024-10-31T10:04:28.730+0000] {processor.py:186} INFO - Started process (PID=468) to work on /home/airflow/.local/lib/python3.12/site-packages/airflow/example_dags/tutorial_objectstorage.py
[2024-10-31T10:04:28.761+0000] {processor.py:914} INFO - Processing file /home/airflow/.local/lib/python3.12/site-packages/airflow/example_dags/tutorial_objectstorage.py for tasks to queue
[2024-10-31T10:04:28.811+0000] {logging_mixin.py:190} INFO - [2024-10-31T10:04:28.805+0000] {dagbag.py:588} INFO - Filling up the DagBag from /home/airflow/.local/lib/python3.12/site-packages/airflow/example_dags/tutorial_objectstorage.py
[2024-10-31T10:04:29.015+0000] {processor.py:925} INFO - DAG(s) 'tutorial_objectstorage' retrieved from /home/airflow/.local/lib/python3.12/site-packages/airflow/example_dags/tutorial_objectstorage.py
[2024-10-31T10:04:29.553+0000] {logging_mixin.py:190} INFO - [2024-10-31T10:04:29.550+0000] {dag.py:3239} INFO - Sync 1 DAGs
[2024-10-31T10:04:30.132+0000] {logging_mixin.py:190} INFO - [2024-10-31T10:04:30.127+0000] {dag.py:4180} INFO - Setting next_dagrun for tutorial_objectstorage to None, run_after=None
[2024-10-31T10:04:30.854+0000] {processor.py:208} INFO - Processing /home/airflow/.local/lib/python3.12/site-packages/airflow/example_dags/tutorial_objectstorage.py took 2.255 seconds
[2024-10-31T10:12:57.426+0000] {processor.py:186} INFO - Started process (PID=96) to work on /home/airflow/.local/lib/python3.12/site-packages/airflow/example_dags/tutorial_objectstorage.py
[2024-10-31T10:12:57.428+0000] {processor.py:914} INFO - Processing file /home/airflow/.local/lib/python3.12/site-packages/airflow/example_dags/tutorial_objectstorage.py for tasks to queue
[2024-10-31T10:12:57.430+0000] {logging_mixin.py:190} INFO - [2024-10-31T10:12:57.430+0000] {dagbag.py:588} INFO - Filling up the DagBag from /home/airflow/.local/lib/python3.12/site-packages/airflow/example_dags/tutorial_objectstorage.py
[2024-10-31T10:12:57.441+0000] {processor.py:925} INFO - DAG(s) 'tutorial_objectstorage' retrieved from /home/airflow/.local/lib/python3.12/site-packages/airflow/example_dags/tutorial_objectstorage.py
[2024-10-31T10:12:57.475+0000] {logging_mixin.py:190} INFO - [2024-10-31T10:12:57.474+0000] {dag.py:3239} INFO - Sync 1 DAGs
[2024-10-31T10:12:57.494+0000] {logging_mixin.py:190} INFO - [2024-10-31T10:12:57.493+0000] {dag.py:4180} INFO - Setting next_dagrun for tutorial_objectstorage to None, run_after=None
[2024-10-31T10:12:57.516+0000] {processor.py:208} INFO - Processing /home/airflow/.local/lib/python3.12/site-packages/airflow/example_dags/tutorial_objectstorage.py took 0.098 seconds
[2024-10-31T10:13:57.603+0000] {processor.py:186} INFO - Started process (PID=160) to work on /home/airflow/.local/lib/python3.12/site-packages/airflow/example_dags/tutorial_objectstorage.py
[2024-10-31T10:13:57.606+0000] {processor.py:914} INFO - Processing file /home/airflow/.local/lib/python3.12/site-packages/airflow/example_dags/tutorial_objectstorage.py for tasks to queue
[2024-10-31T10:13:57.608+0000] {logging_mixin.py:190} INFO - [2024-10-31T10:13:57.608+0000] {dagbag.py:588} INFO - Filling up the DagBag from /home/airflow/.local/lib/python3.12/site-packages/airflow/example_dags/tutorial_objectstorage.py
[2024-10-31T10:13:57.628+0000] {processor.py:925} INFO - DAG(s) 'tutorial_objectstorage' retrieved from /home/airflow/.local/lib/python3.12/site-packages/airflow/example_dags/tutorial_objectstorage.py
[2024-10-31T10:13:57.793+0000] {logging_mixin.py:190} INFO - [2024-10-31T10:13:57.785+0000] {dag.py:3239} INFO - Sync 1 DAGs
[2024-10-31T10:13:57.910+0000] {logging_mixin.py:190} INFO - [2024-10-31T10:13:57.898+0000] {dag.py:4180} INFO - Setting next_dagrun for tutorial_objectstorage to None, run_after=None
[2024-10-31T10:13:59.242+0000] {processor.py:208} INFO - Processing /home/airflow/.local/lib/python3.12/site-packages/airflow/example_dags/tutorial_objectstorage.py took 1.647 seconds
[2024-10-31T10:21:11.543+0000] {processor.py:186} INFO - Started process (PID=227) to work on /home/airflow/.local/lib/python3.12/site-packages/airflow/example_dags/tutorial_objectstorage.py
[2024-10-31T10:21:11.599+0000] {processor.py:914} INFO - Processing file /home/airflow/.local/lib/python3.12/site-packages/airflow/example_dags/tutorial_objectstorage.py for tasks to queue
[2024-10-31T10:21:11.644+0000] {logging_mixin.py:190} INFO - [2024-10-31T10:21:11.626+0000] {dagbag.py:588} INFO - Filling up the DagBag from /home/airflow/.local/lib/python3.12/site-packages/airflow/example_dags/tutorial_objectstorage.py
[2024-10-31T10:21:11.868+0000] {processor.py:925} INFO - DAG(s) 'tutorial_objectstorage' retrieved from /home/airflow/.local/lib/python3.12/site-packages/airflow/example_dags/tutorial_objectstorage.py
[2024-10-31T10:21:12.343+0000] {logging_mixin.py:190} INFO - [2024-10-31T10:21:12.332+0000] {dag.py:3239} INFO - Sync 1 DAGs
[2024-10-31T10:21:12.680+0000] {logging_mixin.py:190} INFO - [2024-10-31T10:21:12.675+0000] {dag.py:4180} INFO - Setting next_dagrun for tutorial_objectstorage to None, run_after=None
[2024-10-31T10:21:13.183+0000] {processor.py:208} INFO - Processing /home/airflow/.local/lib/python3.12/site-packages/airflow/example_dags/tutorial_objectstorage.py took 1.836 seconds
[2024-10-31T11:54:45.413+0000] {processor.py:186} INFO - Started process (PID=217) to work on /home/airflow/.local/lib/python3.12/site-packages/airflow/example_dags/tutorial_objectstorage.py
[2024-10-31T11:54:45.469+0000] {processor.py:914} INFO - Processing file /home/airflow/.local/lib/python3.12/site-packages/airflow/example_dags/tutorial_objectstorage.py for tasks to queue
[2024-10-31T11:54:45.551+0000] {logging_mixin.py:190} INFO - [2024-10-31T11:54:45.534+0000] {dagbag.py:588} INFO - Filling up the DagBag from /home/airflow/.local/lib/python3.12/site-packages/airflow/example_dags/tutorial_objectstorage.py
[2024-10-31T11:54:46.088+0000] {processor.py:925} INFO - DAG(s) 'tutorial_objectstorage' retrieved from /home/airflow/.local/lib/python3.12/site-packages/airflow/example_dags/tutorial_objectstorage.py
[2024-10-31T11:54:46.936+0000] {logging_mixin.py:190} INFO - [2024-10-31T11:54:46.923+0000] {dag.py:3239} INFO - Sync 1 DAGs
[2024-10-31T11:54:47.530+0000] {logging_mixin.py:190} INFO - [2024-10-31T11:54:47.528+0000] {dag.py:4180} INFO - Setting next_dagrun for tutorial_objectstorage to None, run_after=None
[2024-10-31T11:54:48.517+0000] {processor.py:208} INFO - Processing /home/airflow/.local/lib/python3.12/site-packages/airflow/example_dags/tutorial_objectstorage.py took 3.453 seconds
